2015-06-26 14:30:47：Main:列“病毒扩展名称”不属于表 。   在 System.Data.DataRow.GetDataColumn(String columnName)
   在 System.Data.DataRow.get_Item(String columnName)
   在 JSCERT.FormMain.GetExcelData() 位置 E:\快盘\Work\JSCERT\JSCERTResolve\JSCERT\FormMain.cs:行号 438
   在 JSCERT.FormMain.button1_Click_1(Object sender, EventArgs e) 位置 E:\快盘\Work\JSCERT\JSCERTResolve\JSCERT\FormMain.cs:行号 1760
   在 System.Windows.Forms.Control.OnClick(EventArgs e)
   在 System.Windows.Forms.Button.OnClick(EventArgs e)
   在 System.Windows.Forms.Button.OnMouseUp(MouseEventArgs mevent)
   在 System.Windows.Forms.Control.WmMouseUp(Message& m, MouseButtons button, Int32 clicks)
   在 System.Windows.Forms.Control.WndProc(Message& m)
   在 System.Windows.Forms.ButtonBase.WndProc(Message& m)
   在 System.Windows.Forms.Button.WndProc(Message& m)
   在 System.Windows.Forms.Control.ControlNativeWindow.OnMessage(Message& m)
   在 System.Windows.Forms.Control.ControlNativeWindow.WndProc(Message& m)
   在 System.Windows.Forms.NativeWindow.DebuggableCallback(IntPtr hWnd, Int32 msg, IntPtr wparam, IntPtr lparam)
   在 System.Windows.Forms.UnsafeNativeMethods.DispatchMessageW(MSG& msg)
   在 System.Windows.Forms.Application.ComponentManager.System.Windows.Forms.UnsafeNativeMethods.IMsoComponentManager.FPushMessageLoop(IntPtr dwComponentID, Int32 reason, Int32 pvLoopData)
   在 System.Windows.Forms.Application.ThreadContext.RunMessageLoopInner(Int32 reason, ApplicationContext context)
   在 System.Windows.Forms.Application.ThreadContext.RunMessageLoop(Int32 reason, ApplicationContext context)
   在 System.Windows.Forms.Application.Run(Form mainForm)
   在 JSCERT.Program.Main() 位置 E:\快盘\Work\JSCERT\JSCERTResolve\JSCERT\Program.cs:行号 83
2015-06-26 14:31:15：Main:列“病毒扩展名称”不属于表 。   在 System.Data.DataRow.GetDataColumn(String columnName)
   在 System.Data.DataRow.get_Item(String columnName)
   在 JSCERT.FormMain.GetExcelData() 位置 E:\快盘\Work\JSCERT\JSCERTResolve\JSCERT\FormMain.cs:行号 438
   在 JSCERT.FormMain.button1_Click_1(Object sender, EventArgs e) 位置 E:\快盘\Work\JSCERT\JSCERTResolve\JSCERT\FormMain.cs:行号 1760
   在 System.Windows.Forms.Control.OnClick(EventArgs e)
   在 System.Windows.Forms.Button.OnClick(EventArgs e)
   在 System.Windows.Forms.Button.OnMouseUp(MouseEventArgs mevent)
   在 System.Windows.Forms.Control.WmMouseUp(Message& m, MouseButtons button, Int32 clicks)
   在 System.Windows.Forms.Control.WndProc(Message& m)
   在 System.Windows.Forms.ButtonBase.WndProc(Message& m)
   在 System.Windows.Forms.Button.WndProc(Message& m)
   在 System.Windows.Forms.Control.ControlNativeWindow.OnMessage(Message& m)
   在 System.Windows.Forms.Control.ControlNativeWindow.WndProc(Message& m)
   在 System.Windows.Forms.NativeWindow.DebuggableCallback(IntPtr hWnd, Int32 msg, IntPtr wparam, IntPtr lparam)
   在 System.Windows.Forms.UnsafeNativeMethods.DispatchMessageW(MSG& msg)
   在 System.Windows.Forms.Application.ComponentManager.System.Windows.Forms.UnsafeNativeMethods.IMsoComponentManager.FPushMessageLoop(IntPtr dwComponentID, Int32 reason, Int32 pvLoopData)
   在 System.Windows.Forms.Application.ThreadContext.RunMessageLoopInner(Int32 reason, ApplicationContext context)
   在 System.Windows.Forms.Application.ThreadContext.RunMessageLoop(Int32 reason, ApplicationContext context)
   在 System.Windows.Forms.Application.Run(Form mainForm)
   在 JSCERT.Program.Main() 位置 E:\快盘\Work\JSCERT\JSCERTResolve\JSCERT\Program.cs:行号 83
2015-06-26 15:01:02：Main:名为“dt_Time”的列已属于此 DataTable。   在 System.Data.DataColumnCollection.RegisterColumnName(String name, DataColumn column, DataTable table)
   在 System.Data.DataColumn.set_ColumnName(String value)
   在 JSCERT.FormMain.GetExcelData() 位置 E:\快盘\Work\JSCERT\JSCERTResolve\JSCERT\FormMain.cs:行号 479
   在 JSCERT.FormMain.button1_Click_1(Object sender, EventArgs e) 位置 E:\快盘\Work\JSCERT\JSCERTResolve\JSCERT\FormMain.cs:行号 1770
   在 System.Windows.Forms.Control.OnClick(EventArgs e)
   在 System.Windows.Forms.Button.OnClick(EventArgs e)
   在 System.Windows.Forms.Button.OnMouseUp(MouseEventArgs mevent)
   在 System.Windows.Forms.Control.WmMouseUp(Message& m, MouseButtons button, Int32 clicks)
   在 System.Windows.Forms.Control.WndProc(Message& m)
   在 System.Windows.Forms.ButtonBase.WndProc(Message& m)
   在 System.Windows.Forms.Button.WndProc(Message& m)
   在 System.Windows.Forms.Control.ControlNativeWindow.OnMessage(Message& m)
   在 System.Windows.Forms.Control.ControlNativeWindow.WndProc(Message& m)
   在 System.Windows.Forms.NativeWindow.DebuggableCallback(IntPtr hWnd, Int32 msg, IntPtr wparam, IntPtr lparam)
   在 System.Windows.Forms.UnsafeNativeMethods.DispatchMessageW(MSG& msg)
   在 System.Windows.Forms.Application.ComponentManager.System.Windows.Forms.UnsafeNativeMethods.IMsoComponentManager.FPushMessageLoop(IntPtr dwComponentID, Int32 reason, Int32 pvLoopData)
   在 System.Windows.Forms.Application.ThreadContext.RunMessageLoopInner(Int32 reason, ApplicationContext context)
   在 System.Windows.Forms.Application.ThreadContext.RunMessageLoop(Int32 reason, ApplicationContext context)
   在 System.Windows.Forms.Application.Run(Form mainForm)
   在 JSCERT.Program.Main() 位置 E:\快盘\Work\JSCERT\JSCERTResolve\JSCERT\Program.cs:行号 83
2015-06-26 15:08:13：Main:名为“dt_Time”的列已属于此 DataTable。   在 System.Data.DataColumnCollection.RegisterColumnName(String name, DataColumn column, DataTable table)
   在 System.Data.DataColumn.set_ColumnName(String value)
   在 JSCERT.FormMain.GetExcelData() 位置 E:\快盘\Work\JSCERT\JSCERTResolve\JSCERT\FormMain.cs:行号 479
   在 JSCERT.FormMain.button1_Click_1(Object sender, EventArgs e) 位置 E:\快盘\Work\JSCERT\JSCERTResolve\JSCERT\FormMain.cs:行号 1772
   在 System.Windows.Forms.Control.OnClick(EventArgs e)
   在 System.Windows.Forms.Button.OnClick(EventArgs e)
   在 System.Windows.Forms.Button.OnMouseUp(MouseEventArgs mevent)
   在 System.Windows.Forms.Control.WmMouseUp(Message& m, MouseButtons button, Int32 clicks)
   在 System.Windows.Forms.Control.WndProc(Message& m)
   在 System.Windows.Forms.ButtonBase.WndProc(Message& m)
   在 System.Windows.Forms.Button.WndProc(Message& m)
   在 System.Windows.Forms.Control.ControlNativeWindow.OnMessage(Message& m)
   在 System.Windows.Forms.Control.ControlNativeWindow.WndProc(Message& m)
   在 System.Windows.Forms.NativeWindow.DebuggableCallback(IntPtr hWnd, Int32 msg, IntPtr wparam, IntPtr lparam)
   在 System.Windows.Forms.UnsafeNativeMethods.DispatchMessageW(MSG& msg)
   在 System.Windows.Forms.Application.ComponentManager.System.Windows.Forms.UnsafeNativeMethods.IMsoComponentManager.FPushMessageLoop(IntPtr dwComponentID, Int32 reason, Int32 pvLoopData)
   在 System.Windows.Forms.Application.ThreadContext.RunMessageLoopInner(Int32 reason, ApplicationContext context)
   在 System.Windows.Forms.Application.ThreadContext.RunMessageLoop(Int32 reason, ApplicationContext context)
   在 System.Windows.Forms.Application.Run(Form mainForm)
   在 JSCERT.Program.Main() 位置 E:\快盘\Work\JSCERT\JSCERTResolve\JSCERT\Program.cs:行号 83
2015-06-26 15:10:48：Main:不支持关键字: “provider”。   在 System.Data.Common.DbConnectionOptions.ParseInternal(Hashtable parsetable, String connectionString, Boolean buildChain, Hashtable synonyms, Boolean firstKey)
   在 System.Data.Common.DbConnectionOptions..ctor(String connectionString, Hashtable synonyms, Boolean useOdbcRules)
   在 System.Data.SqlClient.SqlConnectionString..ctor(String connectionString)
   在 System.Data.SqlClient.SqlConnectionFactory.CreateConnectionOptions(String connectionString, DbConnectionOptions previous)
   在 System.Data.ProviderBase.DbConnectionFactory.GetConnectionPoolGroup(String connectionString, DbConnectionPoolGroupOptions poolOptions, DbConnectionOptions& userConnectionOptions)
   在 System.Data.SqlClient.SqlConnection.ConnectionString_Set(String value)
   在 System.Data.SqlClient.SqlConnection.set_ConnectionString(String value)
   在 System.Data.SqlClient.SqlConnection..ctor(String connectionString)
   在 JSCERT.DAL.m_WebData.DataTableToSQLServer(DataTable dt) 位置 E:\快盘\Work\JSCERT\JSCERTResolve\JSCERT\DR\DAL\m_WebData.cs:行号 204
   在 JSCERT.FormMain.GetExcelData() 位置 E:\快盘\Work\JSCERT\JSCERTResolve\JSCERT\FormMain.cs:行号 482
   在 JSCERT.FormMain.button1_Click_1(Object sender, EventArgs e) 位置 E:\快盘\Work\JSCERT\JSCERTResolve\JSCERT\FormMain.cs:行号 1772
   在 System.Windows.Forms.Control.OnClick(EventArgs e)
   在 System.Windows.Forms.Button.OnClick(EventArgs e)
   在 System.Windows.Forms.Button.OnMouseUp(MouseEventArgs mevent)
   在 System.Windows.Forms.Control.WmMouseUp(Message& m, MouseButtons button, Int32 clicks)
   在 System.Windows.Forms.Control.WndProc(Message& m)
   在 System.Windows.Forms.ButtonBase.WndProc(Message& m)
   在 System.Windows.Forms.Button.WndProc(Message& m)
   在 System.Windows.Forms.Control.ControlNativeWindow.OnMessage(Message& m)
   在 System.Windows.Forms.Control.ControlNativeWindow.WndProc(Message& m)
   在 System.Windows.Forms.NativeWindow.DebuggableCallback(IntPtr hWnd, Int32 msg, IntPtr wparam, IntPtr lparam)
   在 System.Windows.Forms.UnsafeNativeMethods.DispatchMessageW(MSG& msg)
   在 System.Windows.Forms.Application.ComponentManager.System.Windows.Forms.UnsafeNativeMethods.IMsoComponentManager.FPushMessageLoop(IntPtr dwComponentID, Int32 reason, Int32 pvLoopData)
   在 System.Windows.Forms.Application.ThreadContext.RunMessageLoopInner(Int32 reason, ApplicationContext context)
   在 System.Windows.Forms.Application.ThreadContext.RunMessageLoop(Int32 reason, ApplicationContext context)
   在 System.Windows.Forms.Application.Run(Form mainForm)
   在 JSCERT.Program.Main() 位置 E:\快盘\Work\JSCERT\JSCERTResolve\JSCERT\Program.cs:行号 83
2015-06-26 15:45:02：Main:未将对象引用设置到对象的实例。   在 JSCERT.FormMain.GetExcelData() 位置 E:\快盘\Work\JSCERT\JSCERTResolve\JSCERT\FormMain.cs:行号 503
   在 JSCERT.FormMain.button1_Click_1(Object sender, EventArgs e) 位置 E:\快盘\Work\JSCERT\JSCERTResolve\JSCERT\FormMain.cs:行号 1775
   在 System.Windows.Forms.Control.OnClick(EventArgs e)
   在 System.Windows.Forms.Button.OnClick(EventArgs e)
   在 System.Windows.Forms.Button.OnMouseUp(MouseEventArgs mevent)
   在 System.Windows.Forms.Control.WmMouseUp(Message& m, MouseButtons button, Int32 clicks)
   在 System.Windows.Forms.Control.WndProc(Message& m)
   在 System.Windows.Forms.ButtonBase.WndProc(Message& m)
   在 System.Windows.Forms.Button.WndProc(Message& m)
   在 System.Windows.Forms.Control.ControlNativeWindow.OnMessage(Message& m)
   在 System.Windows.Forms.Control.ControlNativeWindow.WndProc(Message& m)
   在 System.Windows.Forms.NativeWindow.DebuggableCallback(IntPtr hWnd, Int32 msg, IntPtr wparam, IntPtr lparam)
   在 System.Windows.Forms.UnsafeNativeMethods.DispatchMessageW(MSG& msg)
   在 System.Windows.Forms.Application.ComponentManager.System.Windows.Forms.UnsafeNativeMethods.IMsoComponentManager.FPushMessageLoop(IntPtr dwComponentID, Int32 reason, Int32 pvLoopData)
   在 System.Windows.Forms.Application.ThreadContext.RunMessageLoopInner(Int32 reason, ApplicationContext context)
   在 System.Windows.Forms.Application.ThreadContext.RunMessageLoop(Int32 reason, ApplicationContext context)
   在 System.Windows.Forms.Application.Run(Form mainForm)
   在 JSCERT.Program.Main() 位置 E:\快盘\Work\JSCERT\JSCERTResolve\JSCERT\Program.cs:行号 83
