2015-07-02 11:35:53：SupesoftPage
将参数值从 String 转换到 Int32 失败。   在 System.Data.OleDb.OleDbParameter.CoerceValue(Object value, NativeDBType destinationType)
   在 System.Data.OleDb.OleDbParameter.BindParameter(Int32 index, Bindings bindings)
   在 System.Data.OleDb.OleDbCommand.CreateAccessor()
   在 System.Data.OleDb.OleDbCommand.InitializeCommand(CommandBehavior behavior, Boolean throwifnotsupported)
   在 System.Data.OleDb.OleDbCommand.ExecuteCommand(CommandBehavior behavior, Object& executeResult)
   在 System.Data.OleDb.OleDbCommand.ExecuteReaderInternal(CommandBehavior behavior, String method)
   在 System.Data.OleDb.OleDbCommand.ExecuteReader(CommandBehavior behavior)
   在 System.Data.OleDb.OleDbCommand.System.Data.IDbCommand.ExecuteReader(CommandBehavior behavior)
   在 System.Data.Common.DbDataAdapter.FillInternal(DataSet dataset, DataTable[] datatables, Int32 startRecord, Int32 maxRecords, String srcTable, IDbCommand command, CommandBehavior behavior)
   在 System.Data.Common.DbDataAdapter.Fill(DataSet dataSet, Int32 startRecord, Int32 maxRecords, String srcTable, IDbCommand command, CommandBehavior behavior)
   在 System.Data.Common.DbDataAdapter.Fill(DataSet dataSet)
   在 Bestway.Windows.Tools.ADODB.OleDbHelper.GetDataSet(String strSql, CommandType commandType, OleDbParameter[] parameters, Int32 timeout) 位置 E:\快盘\Work\JSCERT\JSCERTResolve\OleDBHelper\OleDbHelper.cs:行号 302
2015-07-02 11:36:23：SupesoftPage
将参数值从 String 转换到 Int32 失败。   在 System.Data.OleDb.OleDbParameter.CoerceValue(Object value, NativeDBType destinationType)
   在 System.Data.OleDb.OleDbParameter.BindParameter(Int32 index, Bindings bindings)
   在 System.Data.OleDb.OleDbCommand.CreateAccessor()
   在 System.Data.OleDb.OleDbCommand.InitializeCommand(CommandBehavior behavior, Boolean throwifnotsupported)
   在 System.Data.OleDb.OleDbCommand.ExecuteCommand(CommandBehavior behavior, Object& executeResult)
   在 System.Data.OleDb.OleDbCommand.ExecuteReaderInternal(CommandBehavior behavior, String method)
   在 System.Data.OleDb.OleDbCommand.ExecuteReader(CommandBehavior behavior)
   在 System.Data.OleDb.OleDbCommand.System.Data.IDbCommand.ExecuteReader(CommandBehavior behavior)
   在 System.Data.Common.DbDataAdapter.FillInternal(DataSet dataset, DataTable[] datatables, Int32 startRecord, Int32 maxRecords, String srcTable, IDbCommand command, CommandBehavior behavior)
   在 System.Data.Common.DbDataAdapter.Fill(DataSet dataSet, Int32 startRecord, Int32 maxRecords, String srcTable, IDbCommand command, CommandBehavior behavior)
   在 System.Data.Common.DbDataAdapter.Fill(DataSet dataSet)
   在 Bestway.Windows.Tools.ADODB.OleDbHelper.GetDataSet(String strSql, CommandType commandType, OleDbParameter[] parameters, Int32 timeout) 位置 E:\快盘\Work\JSCERT\JSCERTResolve\OleDBHelper\OleDbHelper.cs:行号 302
2015-07-02 14:25:34：Main:索引超出了数组界限。   在 JSCERT.FormMain.RunProUpdateDept() 位置 E:\快盘\Work\JSCERT\JSCERTResolve\JSCERT\FormMain.cs:行号 1904
   在 JSCERT.FormMain.button2_Click(Object sender, EventArgs e) 位置 E:\快盘\Work\JSCERT\JSCERTResolve\JSCERT\FormMain.cs:行号 1890
   在 System.Windows.Forms.Control.OnClick(EventArgs e)
   在 System.Windows.Forms.Button.OnClick(EventArgs e)
   在 System.Windows.Forms.Button.OnMouseUp(MouseEventArgs mevent)
   在 System.Windows.Forms.Control.WmMouseUp(Message& m, MouseButtons button, Int32 clicks)
   在 System.Windows.Forms.Control.WndProc(Message& m)
   在 System.Windows.Forms.ButtonBase.WndProc(Message& m)
   在 System.Windows.Forms.Button.WndProc(Message& m)
   在 System.Windows.Forms.Control.ControlNativeWindow.OnMessage(Message& m)
   在 System.Windows.Forms.Control.ControlNativeWindow.WndProc(Message& m)
   在 System.Windows.Forms.NativeWindow.DebuggableCallback(IntPtr hWnd, Int32 msg, IntPtr wparam, IntPtr lparam)
   在 System.Windows.Forms.UnsafeNativeMethods.DispatchMessageW(MSG& msg)
   在 System.Windows.Forms.Application.ComponentManager.System.Windows.Forms.UnsafeNativeMethods.IMsoComponentManager.FPushMessageLoop(IntPtr dwComponentID, Int32 reason, Int32 pvLoopData)
   在 System.Windows.Forms.Application.ThreadContext.RunMessageLoopInner(Int32 reason, ApplicationContext context)
   在 System.Windows.Forms.Application.ThreadContext.RunMessageLoop(Int32 reason, ApplicationContext context)
   在 System.Windows.Forms.Application.Run(Form mainForm)
   在 JSCERT.Program.Main() 位置 E:\快盘\Work\JSCERT\JSCERTResolve\JSCERT\Program.cs:行号 83
2015-07-02 14:25:45：Main:索引超出了数组界限。   在 JSCERT.FormMain.RunProUpdateDept() 位置 E:\快盘\Work\JSCERT\JSCERTResolve\JSCERT\FormMain.cs:行号 1904
   在 JSCERT.FormMain.button2_Click(Object sender, EventArgs e) 位置 E:\快盘\Work\JSCERT\JSCERTResolve\JSCERT\FormMain.cs:行号 1890
   在 System.Windows.Forms.Control.OnClick(EventArgs e)
   在 System.Windows.Forms.Button.OnClick(EventArgs e)
   在 System.Windows.Forms.Button.OnMouseUp(MouseEventArgs mevent)
   在 System.Windows.Forms.Control.WmMouseUp(Message& m, MouseButtons button, Int32 clicks)
   在 System.Windows.Forms.Control.WndProc(Message& m)
   在 System.Windows.Forms.ButtonBase.WndProc(Message& m)
   在 System.Windows.Forms.Button.WndProc(Message& m)
   在 System.Windows.Forms.Control.ControlNativeWindow.OnMessage(Message& m)
   在 System.Windows.Forms.Control.ControlNativeWindow.WndProc(Message& m)
   在 System.Windows.Forms.NativeWindow.DebuggableCallback(IntPtr hWnd, Int32 msg, IntPtr wparam, IntPtr lparam)
   在 System.Windows.Forms.UnsafeNativeMethods.DispatchMessageW(MSG& msg)
   在 System.Windows.Forms.Application.ComponentManager.System.Windows.Forms.UnsafeNativeMethods.IMsoComponentManager.FPushMessageLoop(IntPtr dwComponentID, Int32 reason, Int32 pvLoopData)
   在 System.Windows.Forms.Application.ThreadContext.RunMessageLoopInner(Int32 reason, ApplicationContext context)
   在 System.Windows.Forms.Application.ThreadContext.RunMessageLoop(Int32 reason, ApplicationContext context)
   在 System.Windows.Forms.Application.Run(Form mainForm)
   在 JSCERT.Program.Main() 位置 E:\快盘\Work\JSCERT\JSCERTResolve\JSCERT\Program.cs:行号 83
2015-07-02 14:26:25：SupesoftPage
形参 "@TotalRecord" 未声明为 OUTPUT 参数，但传递进来的实参请求输出。   在 System.Data.OleDb.OleDbDataReader.ProcessResults(OleDbHResult hr)
   在 System.Data.OleDb.OleDbDataReader.NextResult()
   在 System.Data.OleDb.OleDbCommand.ExecuteReaderInternal(CommandBehavior behavior, String method)
   在 System.Data.OleDb.OleDbCommand.ExecuteReader(CommandBehavior behavior)
   在 System.Data.OleDb.OleDbCommand.System.Data.IDbCommand.ExecuteReader(CommandBehavior behavior)
   在 System.Data.Common.DbDataAdapter.FillInternal(DataSet dataset, DataTable[] datatables, Int32 startRecord, Int32 maxRecords, String srcTable, IDbCommand command, CommandBehavior behavior)
   在 System.Data.Common.DbDataAdapter.Fill(DataSet dataSet, Int32 startRecord, Int32 maxRecords, String srcTable, IDbCommand command, CommandBehavior behavior)
   在 System.Data.Common.DbDataAdapter.Fill(DataSet dataSet)
   在 Bestway.Windows.Tools.ADODB.OleDbHelper.GetDataSet(String strSql, CommandType commandType, OleDbParameter[] parameters, Int32 timeout) 位置 E:\快盘\Work\JSCERT\JSCERTResolve\OleDBHelper\OleDbHelper.cs:行号 302
2015-07-02 14:26:51：SupesoftPage
形参 "@TotalRecord" 未声明为 OUTPUT 参数，但传递进来的实参请求输出。   在 System.Data.OleDb.OleDbDataReader.ProcessResults(OleDbHResult hr)
   在 System.Data.OleDb.OleDbDataReader.NextResult()
   在 System.Data.OleDb.OleDbCommand.ExecuteReaderInternal(CommandBehavior behavior, String method)
   在 System.Data.OleDb.OleDbCommand.ExecuteReader(CommandBehavior behavior)
   在 System.Data.OleDb.OleDbCommand.System.Data.IDbCommand.ExecuteReader(CommandBehavior behavior)
   在 System.Data.Common.DbDataAdapter.FillInternal(DataSet dataset, DataTable[] datatables, Int32 startRecord, Int32 maxRecords, String srcTable, IDbCommand command, CommandBehavior behavior)
   在 System.Data.Common.DbDataAdapter.Fill(DataSet dataSet, Int32 startRecord, Int32 maxRecords, String srcTable, IDbCommand command, CommandBehavior behavior)
   在 System.Data.Common.DbDataAdapter.Fill(DataSet dataSet)
   在 Bestway.Windows.Tools.ADODB.OleDbHelper.GetDataSet(String strSql, CommandType commandType, OleDbParameter[] parameters, Int32 timeout) 位置 E:\快盘\Work\JSCERT\JSCERTResolve\OleDBHelper\OleDbHelper.cs:行号 302
2015-07-02 14:30:18：SupesoftPage
形参 "@TotalRecord" 未声明为 OUTPUT 参数，但传递进来的实参请求输出。   在 System.Data.OleDb.OleDbDataReader.ProcessResults(OleDbHResult hr)
   在 System.Data.OleDb.OleDbDataReader.NextResult()
   在 System.Data.OleDb.OleDbCommand.ExecuteReaderInternal(CommandBehavior behavior, String method)
   在 System.Data.OleDb.OleDbCommand.ExecuteReader(CommandBehavior behavior)
   在 System.Data.OleDb.OleDbCommand.System.Data.IDbCommand.ExecuteReader(CommandBehavior behavior)
   在 System.Data.Common.DbDataAdapter.FillInternal(DataSet dataset, DataTable[] datatables, Int32 startRecord, Int32 maxRecords, String srcTable, IDbCommand command, CommandBehavior behavior)
   在 System.Data.Common.DbDataAdapter.Fill(DataSet dataSet, Int32 startRecord, Int32 maxRecords, String srcTable, IDbCommand command, CommandBehavior behavior)
   在 System.Data.Common.DbDataAdapter.Fill(DataSet dataSet)
   在 Bestway.Windows.Tools.ADODB.OleDbHelper.GetDataSet(String strSql, CommandType commandType, OleDbParameter[] parameters, Int32 timeout) 位置 E:\快盘\Work\JSCERT\JSCERTResolve\OleDBHelper\OleDbHelper.cs:行号 302
