2015-07-23 09:02:00：已经存在！||关于虚拟机管理组件QEMU存在VENOM（毒液）高危漏洞的情况公告
2015-07-23 09:02:15：列表解析完成！
2015-07-23 09:02:18：文章解析完成！
2015-07-23 09:02:19：已经存在！||国务院要求加快制定网络安全电子商务法
2015-07-23 09:02:20：列表解析完成！
2015-07-23 09:02:20：文章解析完成！
2015-07-23 09:02:21：已经存在！||美国发布指南以确保政府数据安全
2015-07-23 09:02:22：列表解析完成！
2015-07-23 09:02:22：文章解析完成！
2015-07-23 09:02:22：已经存在！||A STEP-BY-STEP APPROACH ON HOW TO SET UP A CS...
2015-07-23 09:02:24：列表解析完成！
2015-07-23 09:02:24：文章解析完成！
2015-07-23 09:02:25：已经存在！||部分相关标准网址
2015-07-23 09:02:26：列表解析完成！
2015-07-23 09:02:26：文章解析完成！
2015-07-23 09:02:29：已经存在！||《中国互联网协会漏洞信息披露和处置自律公约》在京签署
2015-07-23 09:02:29：列表解析完成！
2015-07-23 09:02:29：文章解析完成！
2015-07-23 09:02:32：文章标题抓取成功！||Oracle Siebel Enterprise Siebel UI Framework组件存在未明漏洞（CNVD-2015-04724）的补丁
2015-07-23 09:02:33：文章标题抓取成功！||Oracle Siebel Enterprise Siebel UI Framework组件存在未明漏洞（CNVD-2015-04723）的补丁
2015-07-23 09:02:33：文章标题抓取成功！||Oracle Siebel Enterprise Siebel Core - Server OM Svcs组件存在未明漏洞（CNVD-2015-04725）的补丁
2015-07-23 09:02:33：文章标题抓取成功！||Oracle Siebel Enterprise Siebel Core - Server OM Svcs组件存在未明漏洞（CNVD-2015-04726）的补丁
2015-07-23 09:02:33：文章标题抓取成功！||Oracle PeopleSoft PeopleSoft Enteprise Portal - Interaction Hub组件存在未明漏洞的补丁
2015-07-23 09:02:33：文章标题抓取成功！||Oracle PeopleSoft PeopleSoft Enterprise PeopleTools组件存在未明漏洞（CNVD-2015-04721）的补丁
2015-07-23 09:02:33：文章标题抓取成功！||Oracle PeopleSoft PeopleSoft Enterprise PeopleTools组件存在未明漏洞（CNVD-2015-04719）的补丁
2015-07-23 09:02:33：文章标题抓取成功！||Oracle PeopleSoft PeopleSoft Enterprise PeopleTools组件存在未明漏洞（CNVD-2015-04720）的补丁
2015-07-23 09:02:33：文章标题抓取成功！||Oracle MySQL Server:Security:Firewall组件存在未明漏洞（CNVD-2015-04716）的补丁
2015-07-23 09:02:33：文章标题抓取成功！||Oracle MySQL Server:Security:Privileges组件存在未明漏洞（CNVD-2015-04714）的补丁
2015-07-23 09:02:34：文章标题抓取成功！||Oracle MySQL Server:Security:Privileges组件存在未明漏洞（CNVD-2015-04715）的补丁
2015-07-23 09:02:34：文章标题抓取成功！||Oracle MySQL Server:Security:Firewall组件存在未明漏洞（CNVD-2015-04717）的补丁
2015-07-23 09:02:34：文章标题抓取成功！||Oracle MySQL Server:Security:Firewall组件存在未明漏洞（CNVD-2015-04718）的补丁
2015-07-23 09:02:34：文章标题抓取成功！||Microsoft SQL Server远程代码执行漏洞的补丁
2015-07-23 09:02:34：文章标题抓取成功！||Oracle Sun Systems Products Suite Solaris组件任意代码执行漏洞的补丁
2015-07-23 09:02:34：文章标题抓取成功！||Oracle Database Server RDBMS Support Tools组件存在未明漏洞的补丁
2015-07-23 09:02:34：文章标题抓取成功！||Oracle MySQL Server GIS子组件拒绝服务漏洞的补丁
2015-07-23 09:02:34：文章标题抓取成功！||Oracle Java SE和Java SE Embedded Libraries子组件任意代码执行漏洞的补丁
2015-07-23 09:02:35：文章标题抓取成功！||Oracle Java SE任意代码执行漏洞（CNVD-2015-04678）的补丁
2015-07-23 09:02:35：文章标题抓取成功！||Oracle Java SE/Jrockit/Java SE Embedded拒绝服务漏洞的补丁
2015-07-23 09:02:37：文章标题抓取成功！||Oracle Java SE和Java SE Embedded JMX子组件任意代码执行漏洞的补丁
2015-07-23 09:02:39：文章标题抓取成功！||Oracle Java SE和Java SE Embedded Security子组件拒绝服务漏洞的补丁
2015-07-23 09:02:39：文章标题抓取成功！||Microsoft Excel ASLR绕过漏洞的补丁
2015-07-23 09:02:39：文章标题抓取成功！||Microsoft VBScript拒绝服务漏洞的补丁
2015-07-23 09:02:40：文章标题抓取成功！||Microsoft Excel不受信任搜索路径漏洞的补丁
2015-07-23 09:02:40：文章标题抓取成功！||Microsoft Windows任意代码执行漏洞的补丁
2015-07-23 09:02:40：文章标题抓取成功！||Cisco ASR拒绝服务漏洞（CNVD-2015-04675）的补丁
2015-07-23 09:02:40：文章标题抓取成功！||Microsoft Windows Server不受信任搜索路径漏洞的补丁
2015-07-23 09:02:40：文章标题抓取成功！||Cisco TelePresence TC身份验证绕过漏洞的补丁
2015-07-23 09:02:40：文章标题抓取成功！||Microsoft Windows不受信任搜索路径漏洞的补丁
2015-07-23 09:02:40：文章标题抓取成功！||Cisco Identity Services Engine跨站请求伪造漏洞的补丁
2015-07-23 09:02:40：文章标题抓取成功！||Microsoft Windows Server任意代码执行漏洞的补丁
2015-07-23 09:02:40：文章标题抓取成功！||Microsoft Windows Server权限提升漏洞（CNVD-2015-04667） 的补丁
2015-07-23 09:02:40：文章标题抓取成功！||Microsoft Windows权限提升漏洞（CNVD-2015-04691）的补丁
2015-07-23 09:02:40：文章标题抓取成功！||Microsoft Internet Explorer XSS筛选器绕过漏洞的补丁
