2015-06-18 16:01:02：C:\Users\Jiafu\Desktop\桌面\19\2015年19周员工工作周报（余长林）.xls
2015-06-18 16:01:03：C:\Users\Jiafu\Desktop\桌面\19\2015年第19周工作周报(姚小超).xls
2015-06-18 16:01:03：C:\Users\Jiafu\Desktop\桌面\19\2015年第19周工作周报（李鹏飞-5月）.xls
2015-06-18 16:01:03：C:\Users\Jiafu\Desktop\桌面\19\2015年第19周工作周报（杨亚）.xls
2015-06-18 16:01:03：C:\Users\Jiafu\Desktop\桌面\19\2015年第19周工作周报（王凯）.xls
2015-06-18 16:01:03：C:\Users\Jiafu\Desktop\桌面\19\2015年第19周工作报告（何金奎）.xls
2015-06-18 16:01:03：C:\Users\Jiafu\Desktop\桌面\19\2015年第19周工作报告（吴金建）.xls
2015-06-18 16:01:03：C:\Users\Jiafu\Desktop\桌面\19\2015年第19周工作报告（张树志）.xls
2015-06-18 16:01:03：C:\Users\Jiafu\Desktop\桌面\19\2015年第19周工作报告（杨杰）.xls
2015-06-18 16:01:03：C:\Users\Jiafu\Desktop\桌面\19\2015年第19周工作报告（王兵）.xls
2015-06-18 16:01:03：C:\Users\Jiafu\Desktop\桌面\19\2015年第19周工作报告（王印虹）.xls
2015-06-18 16:01:03：C:\Users\Jiafu\Desktop\桌面\19\2015年第19周工作报告（王文鑫）.xls
2015-06-18 16:01:03：C:\Users\Jiafu\Desktop\桌面\19\2015年第19周工作报告（章虎）.xls
2015-06-18 16:01:03：C:\Users\Jiafu\Desktop\桌面\19\2015年第19周工作报告（邹晓锋）.xls
2015-06-18 16:01:03：C:\Users\Jiafu\Desktop\桌面\19\2015年第19周工作报告（陈柏）.xls
2015-06-18 16:01:03：C:\Users\Jiafu\Desktop\桌面\20\2015年20周员工工作周报（余长林）.xls
2015-06-18 16:01:03：C:\Users\Jiafu\Desktop\桌面\20\2015年第20周工作周报(姚小超).xls
2015-06-18 16:01:03：C:\Users\Jiafu\Desktop\桌面\20\2015年第20周工作周报（李鹏飞-5月）.xls
2015-06-18 16:01:03：C:\Users\Jiafu\Desktop\桌面\20\2015年第20周工作周报（杨亚）.xls
2015-06-18 16:01:03：C:\Users\Jiafu\Desktop\桌面\20\2015年第20周工作周报（王凯）.xls
2015-06-18 16:01:03：C:\Users\Jiafu\Desktop\桌面\20\2015年第20周工作报告（何金奎）.xls
2015-06-18 16:01:04：C:\Users\Jiafu\Desktop\桌面\20\2015年第20周工作报告（吴金建）.xls
2015-06-18 16:01:04：C:\Users\Jiafu\Desktop\桌面\20\2015年第20周工作报告（张树志）.xls
2015-06-18 16:01:04：C:\Users\Jiafu\Desktop\桌面\20\2015年第20周工作报告（杨杰）.xls
2015-06-18 16:01:04：C:\Users\Jiafu\Desktop\桌面\20\2015年第20周工作报告（王兵）.xls
2015-06-18 16:01:04：C:\Users\Jiafu\Desktop\桌面\20\2015年第20周工作报告（王印虹）.xls
2015-06-18 16:01:04：C:\Users\Jiafu\Desktop\桌面\20\2015年第20周工作报告（王文鑫）.xls
2015-06-18 16:01:04：C:\Users\Jiafu\Desktop\桌面\20\2015年第20周工作报告（章虎）.xls
2015-06-18 16:01:04：C:\Users\Jiafu\Desktop\桌面\20\2015年第20周工作报告（邹晓锋）.xls
2015-06-18 16:01:04：C:\Users\Jiafu\Desktop\桌面\20\2015年第20周工作报告（陈柏）.xls
2015-06-18 16:01:04：C:\Users\Jiafu\Desktop\桌面\21\2015年21周员工工作周报（余长林）.xls
2015-06-18 16:01:04：C:\Users\Jiafu\Desktop\桌面\21\2015年第21周工作周报(姚小超).xls
2015-06-18 16:01:04：C:\Users\Jiafu\Desktop\桌面\21\2015年第21周工作周报（李鹏飞-5月）.xls
2015-06-18 16:01:04：C:\Users\Jiafu\Desktop\桌面\21\2015年第21周工作周报（杨亚）.xls
2015-06-18 16:01:04：C:\Users\Jiafu\Desktop\桌面\21\2015年第21周工作周报（王凯）.xls
2015-06-18 16:01:04：C:\Users\Jiafu\Desktop\桌面\21\2015年第21周工作报告（何金奎）.xls
2015-06-18 16:01:04：C:\Users\Jiafu\Desktop\桌面\21\2015年第21周工作报告（张树志）.xls
2015-06-18 16:01:04：C:\Users\Jiafu\Desktop\桌面\21\2015年第21周工作报告（杨杰）.xls
2015-06-18 16:01:04：C:\Users\Jiafu\Desktop\桌面\21\2015年第21周工作报告（王兵）.xls
2015-06-18 16:01:04：C:\Users\Jiafu\Desktop\桌面\21\2015年第21周工作报告（王印虹）.xls
2015-06-18 16:01:04：C:\Users\Jiafu\Desktop\桌面\21\2015年第21周工作报告（王文鑫）.xls
2015-06-18 16:01:04：C:\Users\Jiafu\Desktop\桌面\21\2015年第21周工作报告（章虎）.xls
2015-06-18 16:01:04：C:\Users\Jiafu\Desktop\桌面\21\2015年第21周工作报告（邹晓锋）.xls
2015-06-18 16:01:04：C:\Users\Jiafu\Desktop\桌面\21\2015年第21周工作报告（陈柏）.xls
2015-06-18 16:01:04：C:\Users\Jiafu\Desktop\桌面\22\2015年22周员工工作周报（余长林）.xls
2015-06-18 16:01:04：C:\Users\Jiafu\Desktop\桌面\22\2015年第22周工作周报(姚小超).xls
2015-06-18 16:01:05：C:\Users\Jiafu\Desktop\桌面\22\2015年第22周工作周报（李鹏飞-5月）.xls
2015-06-18 16:01:05：C:\Users\Jiafu\Desktop\桌面\22\2015年第22周工作周报（杨亚）.xls
2015-06-18 16:01:05：C:\Users\Jiafu\Desktop\桌面\22\2015年第22周工作周报（王凯）.xls
2015-06-18 16:01:05：C:\Users\Jiafu\Desktop\桌面\22\2015年第22周工作报告（何金奎）.xls
2015-06-18 16:01:05：C:\Users\Jiafu\Desktop\桌面\22\2015年第22周工作报告（张树志）.xls
2015-06-18 16:01:05：C:\Users\Jiafu\Desktop\桌面\22\2015年第22周工作报告（杨杰）.xls
2015-06-18 16:01:05：C:\Users\Jiafu\Desktop\桌面\22\2015年第22周工作报告（王兵）.xls
2015-06-18 16:01:05：C:\Users\Jiafu\Desktop\桌面\22\2015年第22周工作报告（王印虹）.xls
2015-06-18 16:01:05：C:\Users\Jiafu\Desktop\桌面\22\2015年第22周工作报告（王文鑫）.xls
2015-06-18 16:01:05：C:\Users\Jiafu\Desktop\桌面\22\2015年第22周工作报告（章虎）.xls
2015-06-18 16:01:05：C:\Users\Jiafu\Desktop\桌面\22\2015年第22周工作报告（邹晓锋）.xls
2015-06-18 16:01:05：C:\Users\Jiafu\Desktop\桌面\22\2015年第22周工作报告（陈柏）.xlsx
2015-06-18 16:01:06：C:\Users\Jiafu\Desktop\桌面\23\2015年23周员工工作周报（余长林）.xls
2015-06-18 16:01:06：C:\Users\Jiafu\Desktop\桌面\23\2015年第23周工作周报(姚小超).xls
2015-06-18 16:01:06：C:\Users\Jiafu\Desktop\桌面\23\2015年第23周工作周报（李鹏飞-6月）.xls
2015-06-18 16:01:06：C:\Users\Jiafu\Desktop\桌面\23\2015年第23周工作周报（杨亚）.xls
2015-06-18 16:01:06：C:\Users\Jiafu\Desktop\桌面\23\2015年第23周工作周报（王凯）.xls
2015-06-18 16:01:06：C:\Users\Jiafu\Desktop\桌面\23\2015年第23周工作报告（何金奎）.xls
2015-06-18 16:01:06：C:\Users\Jiafu\Desktop\桌面\23\2015年第23周工作报告（张树志）.xls
2015-06-18 16:01:06：C:\Users\Jiafu\Desktop\桌面\23\2015年第23周工作报告（杨杰）.xls
2015-06-18 16:01:06：C:\Users\Jiafu\Desktop\桌面\23\2015年第23周工作报告（王兵）.xls
2015-06-18 16:01:06：C:\Users\Jiafu\Desktop\桌面\23\2015年第23周工作报告（王印虹）.xls
2015-06-18 16:01:06：C:\Users\Jiafu\Desktop\桌面\23\2015年第23周工作报告（王文鑫）.xls
2015-06-18 16:01:06：C:\Users\Jiafu\Desktop\桌面\23\2015年第23周工作报告（章虎）.xls
2015-06-18 16:01:06：C:\Users\Jiafu\Desktop\桌面\23\2015年第23周工作报告（邹晓锋）.xls
2015-06-18 16:01:06：C:\Users\Jiafu\Desktop\桌面\23\2015年第23周工作报告（陈柏）.xlsx
2015-06-18 16:01:06：C:\Users\Jiafu\Desktop\桌面\24\2015年24周员工工作周报（余长林）.xls
2015-06-18 16:01:06：C:\Users\Jiafu\Desktop\桌面\24\2015年第24周工作周报(姚小超).xls
2015-06-18 16:01:07：C:\Users\Jiafu\Desktop\桌面\24\2015年第24周工作周报（李鹏飞-6月）.xls
2015-06-18 16:01:07：C:\Users\Jiafu\Desktop\桌面\24\2015年第24周工作周报（杨亚）.xls
2015-06-18 16:01:07：C:\Users\Jiafu\Desktop\桌面\24\2015年第24周工作报告（何金奎）.xls
2015-06-18 16:01:07：C:\Users\Jiafu\Desktop\桌面\24\2015年第24周工作报告（张树志）.xls
2015-06-18 16:01:07：C:\Users\Jiafu\Desktop\桌面\24\2015年第24周工作报告（杨杰）.xls
2015-06-18 16:01:07：C:\Users\Jiafu\Desktop\桌面\24\2015年第24周工作报告（王兵）.xls
2015-06-18 16:01:07：C:\Users\Jiafu\Desktop\桌面\24\2015年第24周工作报告（王印虹）.xls
2015-06-18 16:01:07：C:\Users\Jiafu\Desktop\桌面\24\2015年第24周工作报告（王文鑫）.xls
2015-06-18 16:01:07：C:\Users\Jiafu\Desktop\桌面\24\2015年第24周工作报告（章虎）.xls
2015-06-18 16:01:07：C:\Users\Jiafu\Desktop\桌面\24\2015年第24周工作报告（邹晓锋）.xls
2015-06-18 16:01:07：C:\Users\Jiafu\Desktop\桌面\24\2015年第24周工作报告（陈柏）.xlsx
