2015-07-07 14:59:19：已经存在！||关于虚拟机管理组件QEMU存在VENOM（毒液）高危漏洞的情况公告
2015-07-07 14:59:19：列表解析完成！
2015-07-07 14:59:19：文章解析完成！
2015-07-07 14:59:20：已经存在！||A STEP-BY-STEP APPROACH ON HOW TO SET UP A CS...
2015-07-07 14:59:20：列表解析完成！
2015-07-07 14:59:20：文章解析完成！
2015-07-07 14:59:21：已经存在！||部分相关标准网址
2015-07-07 14:59:21：列表解析完成！
2015-07-07 14:59:21：文章解析完成！
2015-07-07 14:59:21：E:\快盘\Work\JSCERT\图表\Excel\僵木蠕在线查询.xlsx
2015-07-07 15:04:27：已经存在！||关于虚拟机管理组件QEMU存在VENOM（毒液）高危漏洞的情况公告
2015-07-07 15:04:27：列表解析完成！
2015-07-07 15:04:27：文章解析完成！
2015-07-07 15:04:27：已经存在！||A STEP-BY-STEP APPROACH ON HOW TO SET UP A CS...
2015-07-07 15:04:28：列表解析完成！
2015-07-07 15:04:28：文章解析完成！
2015-07-07 15:04:29：已经存在！||部分相关标准网址
2015-07-07 15:04:29：列表解析完成！
2015-07-07 15:04:30：文章解析完成！
2015-07-07 15:04:30：E:\快盘\Work\JSCERT\图表\Excel\僵木蠕在线查询.xlsx
2015-07-07 15:05:55：已经存在！||关于虚拟机管理组件QEMU存在VENOM（毒液）高危漏洞的情况公告
2015-07-07 15:05:55：列表解析完成！
2015-07-07 15:05:55：文章解析完成！
2015-07-07 15:05:55：文章标题抓取成功！||A STEP-BY-STEP APPROACH ON HOW TO SET UP A CS...
2015-07-07 15:05:55：文章标题抓取成功！||MP3等消费电子产品成公司网络最大威胁
2015-07-07 15:05:56：文章标题抓取成功！||我国网站实名登记管理系统预计10月完成
2015-07-07 15:05:56：文章标题抓取成功！||反垃圾邮件组织遭到大幅攻击
2015-07-07 15:05:56：文章标题抓取成功！||Websense安全实验室2006年上半年度安全趋势报告
2015-07-07 15:05:56：文章标题抓取成功！||史上破坏力最大的10种计算机病毒排名出炉
2015-07-07 15:05:56：文章标题抓取成功！||2008年底恶意代码数量将翻番
2015-07-07 15:05:56：文章标题抓取成功！||勒索软件（Ransomware）介绍
2015-07-07 15:05:56：文章标题抓取成功！||OpenOffice出现首例病毒？
2015-07-07 15:05:56：文章标题抓取成功！||四成网民密码曾被盗 网络安全很重要
2015-07-07 15:05:56：文章标题抓取成功！||上千位用户求助 “维金”病毒正肆虐
2015-07-07 15:05:56：文章标题抓取成功！||安全攻略：企业内部网络计算机安全技术
2015-07-07 15:05:56：文章标题抓取成功！||安全基础信息安全不可低估的30个细节
2015-07-07 15:05:56：文章标题抓取成功！||VoIP协议安全——无法忽略之痛
2015-07-07 15:05:57：文章标题抓取成功！||网络钓鱼欺诈新骗术 通过电话骗用户资料
2015-07-07 15:05:57：文章标题抓取成功！||信息网络安全世人关注
2015-07-07 15:05:57：文章标题抓取成功！||一种普遍的社会工程学的反思
2015-07-07 15:05:58：文章标题抓取成功！||快速增强路由器安全的十个小技巧
2015-07-07 15:05:58：文章标题抓取成功！||看清楚再点 对URL欺骗说不
2015-07-07 15:05:58：文章标题抓取成功！||关闭Windows XP相关端口保安全
2015-07-07 15:05:58：文章标题抓取成功！||网络服务器的通用及专用的保护方法
2015-07-07 15:05:58：文章标题抓取成功！||网络服务器安全维护技巧
2015-07-07 15:05:58：文章标题抓取成功！||网络入侵证据的收集与分析
2015-07-07 15:05:58：文章标题抓取成功！||拒绝银行账号被“钓鱼”的技巧
2015-07-07 15:05:58：文章标题抓取成功！||IIS vs.Apache: 哪个是安全首选？
2015-07-07 15:05:58：文章标题抓取成功！||网络安全：安全使用IM 软件传递即时消息十大诀窍
2015-07-07 15:05:58：文章标题抓取成功！||信息安全呼唤理论创新
2015-07-07 15:05:58：文章标题抓取成功！||木马病毒检测、清除、防范全攻略
2015-07-07 15:05:58：文章标题抓取成功！||从Melissa到Zotob：Windows蠕虫10年回放
2015-07-07 15:05:58：文章标题抓取成功！||“僵尸”集群施暴网络 黑客军团扫荡互联网
2015-07-07 15:05:59：文章标题抓取成功！||Zotob.a蠕虫防范和清除方法
2015-07-07 15:05:59：文章标题抓取成功！||人是最坚固的防火墙
2015-07-07 15:05:59：文章标题抓取成功！||网络安全的七大误解
2015-07-07 15:05:59：文章标题抓取成功！||实例解析网络钓鱼攻击的幕后
2015-07-07 15:05:59：文章标题抓取成功！||八步阻止恶意软件爆发
2015-07-07 15:05:59：文章标题抓取成功！||网络安全防范体系及设计原则
2015-07-07 15:05:59：文章标题抓取成功！||建立网络安全的主动防御体系
2015-07-07 15:05:59：文章标题抓取成功！||十大Windows服务隐患重重
2015-07-07 15:05:59：文章标题抓取成功！||“僵尸”计算机成为垃圾邮件的主要传播源
2015-07-07 15:06:00：文章标题抓取成功！||网络应用服务安全分析
2015-07-07 15:06:00：文章标题抓取成功！||蜜罐技术解析
2015-07-07 15:06:00：文章标题抓取成功！||“流氓软件”简介
2015-07-07 15:06:00：文章标题抓取成功！||击退bots攻击的五个步骤
2015-07-07 15:06:00：文章标题抓取成功！||五种“网络钓鱼”实例解析及防范
2015-07-07 15:06:00：文章标题抓取成功！||研究报告：网络钓鱼的三种方法
2015-07-07 15:06:00：文章标题抓取成功！||查找与清除线程插入式木马
2015-07-07 15:06:00：文章标题抓取成功！||Win2000Server操作系统安全隐患与防范
2015-07-07 15:06:00：文章标题抓取成功！||回顾过去的五种恶意攻击  预测未来的五种攻击手段
2015-07-07 15:06:00：文章标题抓取成功！||网上安全与电邮安全手册
2015-07-07 15:06:01：文章标题抓取成功！||何谓缓冲区溢出
2015-07-07 15:06:01：文章标题抓取成功！||防御DDOS攻击终极指南
2015-07-07 15:06:01：文章标题抓取成功！||从源头杜绝危害 邮件蠕虫的四招防范技巧
2015-07-07 15:06:01：文章标题抓取成功！||Web网站安全需澄清五个误解
2015-07-07 15:06:01：文章标题抓取成功！||手工清除BKDR_VB.CQ木马(nwlink/ipxsrv木马)方法
2015-07-07 15:06:01：文章标题抓取成功！||计算机用户如何防范JPEG漏洞利用（更新）
2015-07-07 15:06:01：文章标题抓取成功！||常见木马实现技术分析及防范措施
2015-07-07 15:06:01：文章标题抓取成功！||深层病毒防护指南
2015-07-07 15:06:01：文章标题抓取成功！||木马的检测、清除与防范
2015-07-07 15:06:01：文章标题抓取成功！||小知识：如何简单有效的防御垃圾邮件的不请自来?
2015-07-07 15:06:02：文章标题抓取成功！||计算机取证快速入门
2015-07-07 15:06:02：文章标题抓取成功！||安全防范： 面对Ping漏洞的安全须知以及防范措施
2015-07-07 15:06:02：文章标题抓取成功！||提高网页浏览和电子邮件的安全性
2015-07-07 15:06:02：文章标题抓取成功！||详细端口分配表
2015-07-07 15:06:02：文章标题抓取成功！||如何对付即将而来的手机病毒
2015-07-07 15:06:02：文章标题抓取成功！||计算机用户如何防范网页欺诈
2015-07-07 15:06:02：文章标题抓取成功！||源源不绝的病毒散播者—— 可能就是并不知情的你
2015-07-07 15:06:02：文章标题抓取成功！||防范NetBIOS漏洞的攻击
2015-07-07 15:06:02：文章标题抓取成功！||中小型网站如何对付DoS攻击
2015-07-07 15:06:04：文章标题抓取成功！||修改注册表提高Win2000抗拒绝服务攻击能力
2015-07-07 15:06:04：文章标题抓取成功！||如何应对不断出现的病毒变种
2015-07-07 15:06:05：文章标题抓取成功！||你知道么？病毒“偏爱”攻击的六类电脑软件
2015-07-07 15:06:05：文章标题抓取成功！||事件级别说明
2015-07-07 15:06:05：文章标题抓取成功！||计算机用户如何对付“震荡波”蠕虫
2015-07-07 15:06:05：文章标题抓取成功！||配置策略,禁止139/445端口连接
2015-07-07 15:06:05：文章标题抓取成功！||高级Linux安全管理技巧
2015-07-07 15:06:05：文章标题抓取成功！||Windows 2000系统漏洞
2015-07-07 15:06:05：文章标题抓取成功！||Windows 2003安全策略的制定
2015-07-07 15:06:05：文章标题抓取成功！||Windows XP系统漏洞
2015-07-07 15:06:06：文章标题抓取成功！||WIN2000/XP的进程分析
2015-07-07 15:06:06：文章标题抓取成功！||反病毒小提示：防止电脑反复中病毒以及重复感染
2015-07-07 15:06:06：文章标题抓取成功！||运行当中的Linux系统的取证分析
2015-07-07 15:06:06：文章标题抓取成功！||病毒小知识： 教你全面认识计算机病毒以及其特性
2015-07-07 15:06:06：文章标题抓取成功！||安全话题：物理隔离功能以及实现技术分析 [多图
2015-07-07 15:06:06：文章标题抓取成功！||养成良好上网习惯 防止病毒在网络中传播
2015-07-07 15:06:06：文章标题抓取成功！||网络安全对软件开发提出更高要求
2015-07-07 15:06:06：文章标题抓取成功！||IIS 6.0 安全
2015-07-07 15:06:06：文章标题抓取成功！||深入分析计算机网络的安全隐患 全面阐述防御对策
2015-07-07 15:06:06：文章标题抓取成功！||计算机病毒防护基础：安全首先在于“意识”
2015-07-07 15:06:06：文章标题抓取成功！||黑客如何攻击网络 如何针对其攻击行为进行防范？
2015-07-07 15:06:06：文章标题抓取成功！||从网络全局着眼 建立安全的体系防范拒绝服务攻击
2015-07-07 15:06:07：文章标题抓取成功！||经验共享： 轻松使用注册表编辑器　恢复IE浏览器
2015-07-07 15:06:07：文章标题抓取成功！||防范小知识： 教你防御网络游戏外挂木马的全攻略
2015-07-07 15:06:07：文章标题抓取成功！||防范小知识： 教你防御网络游戏外挂木马的全攻略
2015-07-07 15:06:07：文章标题抓取成功！||关于压缩软件WinZip存在安全漏洞的处理建议
2015-07-07 15:06:07：文章标题抓取成功！||关于感染Worm_Mydoom.F的一些建议
2015-07-07 15:06:07：文章标题抓取成功！||如何通过分析Web服务器记录查找黑客攻击的踪迹？
2015-07-07 15:06:07：文章标题抓取成功！||即时信息软件(IM)可能成为新的病毒传播渠道
2015-07-07 15:06:07：文章标题抓取成功！||安全技术： 详解加密技术概念、加密方法以及应用
2015-07-07 15:06:08：文章标题抓取成功！||安全技术： 论使用附加码方法在网络安全中的作用
2015-07-07 15:06:08：文章标题抓取成功！||网页仿冒比垃圾邮件更危险
2015-07-07 15:06:08：文章标题抓取成功！||概述:防火墙技术发展趋势以及选购需注意的十方面
2015-07-07 15:06:08：文章标题抓取成功！||病毒的检查:感染病毒与软、硬件故障的区别与联系
2015-07-07 15:06:08：文章标题抓取成功！||病毒的检查:注册表、系统配置文件、内存等观察法
2015-07-07 15:06:08：文章标题抓取成功！||IE6最新补丁(MS04-004) 出故障 不显示存储的口令
2015-07-07 15:06:08：文章标题抓取成功！||防范垃圾邮件技术
2015-07-07 15:06:09：文章标题抓取成功！||从用户角度探讨病毒： 解析并防范计算机蠕虫病毒
2015-07-07 15:06:09：文章标题抓取成功！||蠕虫病毒传播模式分析
2015-07-07 15:06:09：文章标题抓取成功！||为何安装防病毒软件还会被感染？
2015-07-07 15:06:09：文章标题抓取成功！||应对策略:恶意代码使乱 遭遇IE窗口不停打开
2015-07-07 15:06:09：文章标题抓取成功！||防范计算机病毒11个不可缺少的常识
2015-07-07 15:06:09：文章标题抓取成功！||Linux内核隐患已确定 赶快打上补丁事不宜迟
2015-07-07 15:06:09：文章标题抓取成功！||NewsFactor： 警惕日益猖獗电子邮件勒索诈骗活动
2015-07-07 15:06:09：文章标题抓取成功！||新形式下的网络防毒建议汇总
2015-07-07 15:06:09：文章标题抓取成功！||如何判断“恶意程序”是蠕虫病毒还是木马？
2015-07-07 15:06:10：文章标题抓取成功！||透明的，网桥式和In-Line 防火墙设备
2015-07-07 15:06:10：文章标题抓取成功！||避免导向恶意站点：恶意站点欺骗方法及防范
2015-07-07 15:06:10：文章标题抓取成功！||Windows Server 2003安全七则
2015-07-07 15:06:10：文章标题抓取成功！||七种常见木马的清除方法
2015-07-07 15:06:10：文章标题抓取成功！||数据库安全:保证Oracle数据库安全性的策略和方法
2015-07-07 15:06:10：文章标题抓取成功！||新一代智能防火墙简介和技术特征
2015-07-07 15:06:11：文章标题抓取成功！||新技术:“网络隔离”技术安全要素及发展方向概述
2015-07-07 15:06:11：文章标题抓取成功！||黑客扫描特征及十种最易受攻击端口
2015-07-07 15:06:11：文章标题抓取成功！||安全方案:如何构建和配置安全的Web站点[图
2015-07-07 15:06:11：文章标题抓取成功！||安全分析:病毒传播呈现多样性
2015-07-07 15:06:11：文章标题抓取成功！||对抗网络安全的混合威胁 企业须更新你的防毒策略
2015-07-07 15:06:11：文章标题抓取成功！||防火墙功能指标详解:访问控制、记录和报表功能等
2015-07-07 15:06:11：文章标题抓取成功！||授权管理基础设施PMI技术与应用
2015-07-07 15:06:11：文章标题抓取成功！||PConline:黑客攻防战-计算机网络后门面面观
2015-07-07 15:06:11：文章标题抓取成功！||赛迪网:防患未然 教你防止非法用户侵入七招
2015-07-07 15:06:11：文章标题抓取成功！||赛迪网：安全防护功略必读—防御黑客六步曲
2015-07-07 15:06:12：文章标题抓取成功！||未来可能的五种攻击手段：超级蠕虫、 隐秘攻击等
2015-07-07 15:06:12：文章标题抓取成功！||蠕虫是怎么发作的？ 如何采取有效措施防范蠕虫？
2015-07-07 15:06:12：文章标题抓取成功！||应对Smurf攻击:阻塞Smurf的反弹站点、攻击的源头
2015-07-07 15:06:12：文章标题抓取成功！||公共安全协会： 如何选择合适的“信息安全服务”
2015-07-07 15:06:12：文章标题抓取成功！||缓冲区溢出保护： 编写正确代码、数组边界检查等
2015-07-07 15:06:15：文章标题抓取成功！||公钥基础设施PKI技术与应用发展
2015-07-07 15:06:15：文章标题抓取成功！||阻断恶意病毒攻击"三要素"：隔离.遏制.消灭
2015-07-07 15:06:15：文章标题抓取成功！||Windows XP系统:默认设置需注意7个安全问题
2015-07-07 15:06:15：文章标题抓取成功！||刚杀完毒病毒就不请自来防病毒再感染有窍门
2015-07-07 15:06:15：文章标题抓取成功！||网友经验共享：巧妙设置系统邮件病毒奈我何
2015-07-07 15:06:15：文章标题抓取成功！||安全知识:慎用共享 网络共享打开了危险之门
2015-07-07 15:06:15：文章标题抓取成功！||防范技巧:防止黑客利用TTL值来鉴别操作系统
2015-07-07 15:06:15：文章标题抓取成功！||专家:企业要注意数据信息加密 网络安全监控
2015-07-07 15:06:15：文章标题抓取成功！||杀毒软件的使用　您忽略了这些重要问题吗？
2015-07-07 15:06:15：文章标题抓取成功！||如何面对高水平的破解组织　谈暴力破解应对
2015-07-07 15:06:15：文章标题抓取成功！||安全防范:黑客Web欺骗的工作原理和解决方案
2015-07-07 15:06:16：文章标题抓取成功！||我是否受到了Hacker的攻击？ 解读防火墙记录
2015-07-07 15:06:16：文章标题抓取成功！||病毒传播源--端对端网络 如何构成攻击威胁
2015-07-07 15:06:16：文章标题抓取成功！||以动态的方式应对安全威胁 内网安全9项措施
2015-07-07 15:06:16：文章标题抓取成功！||网络安全常识：缓冲区溢出攻击安全防范体系
2015-07-07 15:06:16：文章标题抓取成功！||Cisco路由器防止DDoS(分布式拒绝服务)攻击
2015-07-07 15:06:16：文章标题抓取成功！||恶意网页病毒十三大症状分析及简单修复方法
2015-07-07 15:06:16：文章标题抓取成功！||也许你正在被人监视！ 别忽略“间谍软件”的威胁
2015-07-07 15:06:17：文章标题抓取成功！||深入浅出谈防火墙:概念、作用、工作方式、体系等
2015-07-07 15:06:17：文章标题抓取成功！||若UNIX或者NT系统被黑客入侵 系统应该如何恢复？
2015-07-07 15:06:17：文章标题抓取成功！||服务器安全问题：防护服务器安全的七个技巧
2015-07-07 15:06:17：文章标题抓取成功！||微软首次发布月度安全警告发现五个安全漏洞
2015-07-07 15:06:17：文章标题抓取成功！||躲避IP分片攻击先了解基于IP分片的攻击方法
2015-07-07 15:06:17：文章标题抓取成功！||专家提醒：防范病毒使用杀毒软件有五大禁忌
2015-07-07 15:06:17：文章标题抓取成功！||抛弃幼稚反病毒观念专家提醒企业防毒五误区
2015-07-07 15:06:17：文章标题抓取成功！||网络与信息安全及其前沿技术
2015-07-07 15:06:17：文章标题抓取成功！||系统漏洞分析:DoS拒绝服务攻击来袭如何应对
2015-07-07 15:06:17：文章标题抓取成功！||蜜罐技术的实现及其优势
2015-07-07 15:06:17：文章标题抓取成功！||蜜罐技术的实现及其优势
2015-07-07 15:06:17：文章标题抓取成功！||全方位堵住Windows 2003的安全隐患
2015-07-07 15:06:18：文章标题抓取成功！||木马防范三绝技-谈木马的“查、堵、杀”
2015-07-07 15:06:18：文章标题抓取成功！||IE漏洞引发针对AOL即时信息传递工具的攻击
2015-07-07 15:06:18：文章标题抓取成功！||XKMS协议介绍及其工作原理
2015-07-07 15:06:18：文章标题抓取成功！||《网络世界》:蠕虫病毒瞄准了端口和服务
2015-07-07 15:06:18：文章标题抓取成功！||IBM今宣布：已经修复DB2 Linux中的安全漏洞
2015-07-07 15:06:18：文章标题抓取成功！||微软的升级E-Mail不要碰　伪装病毒正在蔓延
2015-07-07 15:06:18：文章标题抓取成功！||系统安全技巧：让你知道谁在"偷窥"你的电脑
2015-07-07 15:06:19：文章标题抓取成功！||危险的病毒特洛伊木马(Trojans)
2015-07-07 15:06:19：文章标题抓取成功！||无线局域网的应用与安全
2015-07-07 15:06:19：文章标题抓取成功！||警惕：开放源代码软件中发现两严重安全漏洞
2015-07-07 15:06:19：文章标题抓取成功！||安全专家发现新型代码 可能威胁到Windows
2015-07-07 15:06:19：文章标题抓取成功！||邮件服务器“sendmail”发现严重漏洞
2015-07-07 15:06:19：文章标题抓取成功！||警惕:黑客找到新办法攻击微软RPCSS溢出漏洞
2015-07-07 15:06:19：文章标题抓取成功！||NewsFactor：警惕最厉害的蠕虫病毒发起攻击
2015-07-07 15:06:19：文章标题抓取成功！||DB2数据库中存在缺陷 黑客可控制整个数据库
2015-07-07 15:06:20：文章标题抓取成功！||微软新漏洞可能导致类似冲击波的新病毒出现
2015-07-07 15:06:20：文章标题抓取成功！||防火墙的现状与发展趋势分析
2015-07-07 15:06:20：文章标题抓取成功！||微软补丁十日紧急更新再次提醒用户下载安装
2015-07-07 15:06:20：文章标题抓取成功！||为了系统安全必须关注Windows XP的默认设置
2015-07-07 15:06:20：文章标题抓取成功！||微软3处Windows漏洞 易被冲击波病毒利用
2015-07-07 15:06:20：文章标题抓取成功！||微软Word安全漏洞警告： 宏病毒卷土重来
2015-07-07 15:06:20：文章标题抓取成功！||分析缓冲溢出攻击及安全防范体系
2015-07-07 15:06:20：文章标题抓取成功！||微软发布关于Word软件的重要安全漏洞的更新
2015-07-07 15:06:20：文章标题抓取成功！||美专家称约50%的Windows系统中潜伏着病毒
2015-07-07 15:06:20：文章标题抓取成功！||网络短信漏洞产生原理及防范
2015-07-07 15:06:20：文章标题抓取成功！||分支机构如何选择防火墙？
2015-07-07 15:06:21：文章标题抓取成功！||微软新公布五处安全漏洞VB应用软件中最严重
2015-07-07 15:06:21：文章标题抓取成功！||《商业周刊》:警惕信息时代的互联网瘟疫
2015-07-07 15:06:21：文章标题抓取成功！||Office发现严重安全漏洞黑客可能借此控制PC
2015-07-07 15:06:21：文章标题抓取成功！||探秘Windows Server2003安全性
2015-07-07 15:06:21：文章标题抓取成功！||ASP.NET中如何防范SQL注入式攻击
2015-07-07 15:06:21：文章标题抓取成功！||互联网天生漏洞造成网络信息安全"暗伤"累累
2015-07-07 15:06:22：文章标题抓取成功！||安全措施到位，防病毒简单有效
2015-07-07 15:06:22：文章标题抓取成功！||Netgear路由器警告:漏洞会引发“意外”攻击
2015-07-07 15:06:22：文章标题抓取成功！||蠕虫又有新变种 专家警告911将爆发恐怖病毒
2015-07-07 15:06:22：文章标题抓取成功！||分析:自动更新安全补丁的利与弊
2015-07-07 15:06:22：文章标题抓取成功！||专家:Sobig.F下一代变种随时可能发动新攻击
2015-07-07 15:06:22：文章标题抓取成功！||技术性的定义垃圾邮件--垃圾邮件的十大特征
2015-07-07 15:06:22：文章标题抓取成功！||企业防毒五个误区
2015-07-07 15:06:22：文章标题抓取成功！||Oracle发出警报：9i数据库中存在安全漏洞
2015-07-07 15:06:22：文章标题抓取成功！||Sobig试图创建自动攻击网络 未来可能大爆发
2015-07-07 15:06:22：文章标题抓取成功！||SSL VPN两大弱点介绍
2015-07-07 15:06:22：文章标题抓取成功！||SSO技术简介及其应用
2015-07-07 15:06:22：文章标题抓取成功！||SSL VPN两大弱点介绍
2015-07-07 15:06:24：文章标题抓取成功！||Windows系统信使功能 可能成为最新安全威胁
2015-07-07 15:06:24：文章标题抓取成功！||Windows“MDAC”发现漏洞！尽快安装补丁
2015-07-07 15:06:24：文章标题抓取成功！||Windows第二波危机 DirectX攻击一触即发
2015-07-07 15:06:24：文章标题抓取成功！||SSL VPN和IPSec VPN的区别与互补
2015-07-07 15:06:25：文章标题抓取成功！||恶性`冲击波`病毒清除常见问题一问一答
2015-07-07 15:06:25：文章标题抓取成功！||网络安全取决于单个用户安全意识
2015-07-07 15:06:25：文章标题抓取成功！||让FreeBSD更安全
2015-07-07 15:06:25：文章标题抓取成功！||PHP安全配置
2015-07-07 15:06:25：文章标题抓取成功！||潜伏在Windows默认设置中的陷井
2015-07-07 15:06:25：文章标题抓取成功！||防火墙:合理配置和管理的策略
2015-07-07 15:06:25：文章标题抓取成功！||Web服务中的安全规范
2015-07-07 15:06:25：文章标题抓取成功！||支持部门安全响应小组警告-最新病毒：W32.Blaster.worm
2015-07-07 15:06:25：文章标题抓取成功！||对RPC缺陷的扫描增加 蠕虫病毒迫在眉睫
2015-07-07 15:06:25：文章标题抓取成功！||木马和未授权远程控制软件的关闭
2015-07-07 15:06:25：文章标题抓取成功！||安全专家：蠕虫千变万化　可能导致更大破坏
2015-07-07 15:06:25：文章标题抓取成功！||状态检测工作机制
2015-07-07 15:06:26：文章标题抓取成功！||保护数据库服务器加强数据库安全
2015-07-07 15:06:26：文章标题抓取成功！||专家提醒：上网聊天玩游戏警惕个人资料泄密
2015-07-07 15:06:26：文章标题抓取成功！||路由器防火墙配置命令
2015-07-07 15:06:26：文章标题抓取成功！||调整重心-从IIS到SQL Server数据库安全
2015-07-07 15:06:26：文章标题抓取成功！||防范小黑客攻略
2015-07-07 15:06:26：文章标题抓取成功！||让你的IIS无懈可击
2015-07-07 15:06:26：文章标题抓取成功！||给代码签名的六个步骤
2015-07-07 15:06:26：文章标题抓取成功！||规划和安装 Windows 2000 远程访问 VPN 服务器
2015-07-07 15:06:27：文章标题抓取成功！||被入侵系统恢复指南
2015-07-07 15:06:27：文章标题抓取成功！||Windows又现严重漏洞 设备有可能被完全控制
2015-07-07 15:06:27：文章标题抓取成功！||企业级防火墙的七问七答
2015-07-07 15:06:27：文章标题抓取成功！||流行木马大清除
2015-07-07 15:06:27：文章标题抓取成功！||Apache用户认证方法汇总
2015-07-07 15:06:27：文章标题抓取成功！||嗅探原理与反嗅探技术详解
2015-07-07 15:06:27：文章标题抓取成功！||你的网络有多安全?
2015-07-07 15:06:27：文章标题抓取成功！||嗅探的基本原理
2015-07-07 15:06:28：文章标题抓取成功！||思科警告用户:IOS软件漏洞可能会被黑客攻击
2015-07-07 15:06:28：文章标题抓取成功！||Apache的目录安全措施
2015-07-07 15:06:28：文章标题抓取成功！||专家指出Windows仍存在缺陷 可能被黑客利用
2015-07-07 15:06:28：文章标题抓取成功！||如何用IIS建立高安全性Web服务器
2015-07-07 15:06:28：文章标题抓取成功！||浅谈SQL SERVER数据库口令的脆弱性
2015-07-07 15:06:28：文章标题抓取成功！||保护SUNSolaris系统安全小窍门
2015-07-07 15:06:28：文章标题抓取成功！||MPLS VPN安全释疑
2015-07-07 15:06:28：文章标题抓取成功！||如何监测内存泄漏
2015-07-07 15:06:28：文章标题抓取成功！||正确配置和维护Apache WEB Server安全性
2015-07-07 15:06:28：文章标题抓取成功！||TCP/IP的安全性
2015-07-07 15:06:28：文章标题抓取成功！||多个Sun数据库函数存在缓冲区溢出问题
2015-07-07 15:06:28：文章标题抓取成功！||基于NT/2000建立安全WEB站点的解决方案
2015-07-07 15:06:29：文章标题抓取成功！||与黑客过招如何给自己的网络设防
2015-07-07 15:06:29：文章标题抓取成功！||物理隔离的三大误区
2015-07-07 15:06:29：文章标题抓取成功！||如何防范D.o.S 攻击
2015-07-07 15:06:29：文章标题抓取成功！||DoS(拒绝服务)攻防简明问答
2015-07-07 15:06:29：文章标题抓取成功！||VPN技术比较
2015-07-07 15:06:29：文章标题抓取成功！||MySQL数据库安全配置
2015-07-07 15:06:29：文章标题抓取成功！||防止内部IP地址泄漏的2种方法
2015-07-07 15:06:29：文章标题抓取成功！||SAM的散列存储加密解密算法以及SYSKEY的计算
2015-07-07 15:06:29：文章标题抓取成功！||使用FreeBSD配置基于ADSL的VPN网关＋防火墙
2015-07-07 15:06:30：文章标题抓取成功！||微软Passport密码恢复功能发现安全漏洞
2015-07-07 15:06:30：文章标题抓取成功！||简单病毒在流行,小蠕虫IPCWorm让你防不胜防
2015-07-07 15:06:30：文章标题抓取成功！||国家病毒应急处理中心：谨防CIH 4月26日发作
2015-07-07 15:06:30：文章标题抓取成功！||被动特征探测
2015-07-07 15:06:30：文章标题抓取成功！||三大恶性电脑病毒可能会在04月26日集体发作
2015-07-07 15:06:30：文章标题抓取成功！||企业网络防病毒需求
2015-07-07 15:06:30：文章标题抓取成功！||Win2003部分注册码泄漏 大批量盗版有机可乘
2015-07-07 15:06:30：文章标题抓取成功！||主动防御系统的重要性
2015-07-07 15:06:31：文章标题抓取成功！||Web服务中的安全规范
2015-07-07 15:06:31：文章标题抓取成功！||实例讲解一次性口令鉴别技术
2015-07-07 15:06:31：文章标题抓取成功！||十个常见的网管错误
2015-07-07 15:06:31：文章标题抓取成功！||细述MPLS VPN
2015-07-07 15:06:31：文章标题抓取成功！||遭网络黑客控制!微软Win2000出安全漏洞
2015-07-07 15:06:31：文章标题抓取成功！||用vsftpd架设安全的FTP服务器
2015-07-07 15:06:31：文章标题抓取成功！||加密三剑客SSL、SET和PGP
2015-07-07 15:06:31：文章标题抓取成功！||IBM软件中发现了三个危害严重的安全漏洞
2015-07-07 15:06:31：文章标题抓取成功！||网络安全与信息保密
2015-07-07 15:06:31：文章标题抓取成功！||InvisionBoard ipchat.php远程文件包含漏洞
2015-07-07 15:06:31：文章标题抓取成功！||保证网络安全的认证技术
2015-07-07 15:06:32：文章标题抓取成功！||Oracle数据库安全策略
2015-07-07 15:06:32：文章标题抓取成功！||Windows Me发现“紧急”级安全漏洞！
2015-07-07 15:06:32：文章标题抓取成功！||Windows XP应用技巧四则
2015-07-07 15:06:32：文章标题抓取成功！||建立快速无阻碍网络-局域网故障排除经验
2015-07-07 15:06:32：文章标题抓取成功！||Windows XP SP1的巧妙安装
2015-07-07 15:06:32：文章标题抓取成功！||特洛伊木马借尸还魂 LoveGate入侵多台PC
2015-07-07 15:06:32：文章标题抓取成功！||江民最新截获“超级密码杀手007”病毒
2015-07-07 15:06:32：文章标题抓取成功！||windows日志的保护与伪造
2015-07-07 15:06:32：文章标题抓取成功！||如何对防火墙进行安全配置
2015-07-07 15:06:34：文章标题抓取成功！||网络攻击主要手段一览
2015-07-07 15:06:34：文章标题抓取成功！||破坏力超过爱虫 网上惊现超级格式化病毒
2015-07-07 15:06:34：文章标题抓取成功！||金山毒霸提醒：四大“情人”病毒作恶情人节
2015-07-07 15:06:34：文章标题抓取成功！||病毒“献丑”情人节 硬盘杀手也出新变种
2015-07-07 15:06:34：文章标题抓取成功！||快打补丁！ IE严重漏洞 “交叉域的脆弱性”
2015-07-07 15:06:34：文章标题抓取成功！||Win XP发现重要漏洞　普通用户都可成管理员
2015-07-07 15:06:35：文章标题抓取成功！||加密技巧：用双操作系统进行简单的数据加密
2015-07-07 15:06:35：文章标题抓取成功！||日本微软发现严重漏洞 NT/2000赶快打补丁！
2015-07-07 15:06:35：文章标题抓取成功！||“Sobig”猖獗要小心 金山毒霸提醒用户升级
2015-07-07 15:06:35：文章标题抓取成功！||Windows发现新的安全漏洞 网络系统易受攻击
2015-07-07 15:06:35：文章标题抓取成功！||网络安全方面的专业词汇
2015-07-07 15:06:35：文章标题抓取成功！||黑客伪装自己避开检测常用手段的简要介绍
2015-07-07 15:06:35：文章标题抓取成功！||网络用户警惕！“红色结束符II”死灰复燃
2015-07-07 15:06:35：文章标题抓取成功！||CERT合作中心警告：DHCP软件中存在安全缺陷
2015-07-07 15:06:36：文章标题抓取成功！||SQL Server补丁版本的检查和安装过程中常见问题
2015-07-07 15:06:36：文章标题抓取成功！||今年首例四级恶性病毒　“巨无霸”撒欢做恶
2015-07-07 15:06:36：文章标题抓取成功！||微软软件存在安全缺陷，可能会危及手机安全
2015-07-07 15:06:36：文章标题抓取成功！||蠕虫“太大了”惊现　金山毒霸提醒用户注意
2015-07-07 15:06:36：文章标题抓取成功！||微软新款操作系统Windows XP到底有多安全？
2015-07-07 15:06:36：文章标题抓取成功！||硬盘杀手破坏机制分析　可用kavfix恢复数据
2015-07-07 15:06:36：文章标题抓取成功！||安全：远程、移动用户连接网络安全十大法则
2015-07-07 15:06:36：文章标题抓取成功！||自己解决可恶的病毒 和新欢乐时光说bye-bye
2015-07-07 15:06:36：文章标题抓取成功！||交换机及路由器如何更加安全　教你六大法则
2015-07-07 15:06:36：文章标题抓取成功！||企业邮件安全有何法 800onemail教你八绝招
2015-07-07 15:06:36：文章标题抓取成功！||恶性病毒“硬盘杀手”惊现 破坏力直逼CIH
2015-07-07 15:06:37：文章标题抓取成功！||如何进入安全模式？ windows系统使用小技巧
2015-07-07 15:06:37：文章标题抓取成功！||LAC警告:WinXP下使用无线LAN存安全隐患
2015-07-07 15:06:37：文章标题抓取成功！||Debian安全公告 fetchmail存在远程缓存漏洞
2015-07-07 15:06:37：文章标题抓取成功！||Win XP发现新漏洞 光标指向非法文件便会感染
2015-07-07 15:06:37：文章标题抓取成功！||IE有缺陷，剪贴板不安全
2015-07-07 15:06:37：文章标题抓取成功！||MP3蠕虫病毒利用软件安全漏洞网上兴风作浪
2015-07-07 15:06:37：文章标题抓取成功！||JUNIPER为业界复兴“亮”出MINT模式
2015-07-07 15:06:37：文章标题抓取成功！||微软：6种版本Windows恐将被黑客“接管”
2015-07-07 15:06:37：文章标题抓取成功！||Microsoft VM发现8处安全漏洞
2015-07-07 15:06:37：文章标题抓取成功！||“杀手13”危险病毒今发作 会删除C盘所有内容
2015-07-07 15:06:38：文章标题抓取成功！||UNIX用户注意 IPFilter FTP 代理越界漏洞
2015-07-07 15:06:38：文章标题抓取成功！||免除后患 拒绝录入错误日期的编程方法
2015-07-07 15:06:38：文章标题抓取成功！||金山预警：高危害蠕虫KillOnce本周五大发作
2015-07-07 15:06:38：文章标题抓取成功！||自动清除Windows操作系统的历史文档
2015-07-07 15:06:38：文章标题抓取成功！||病毒防治有效新招 大幅减慢传播感染速度
2015-07-07 15:06:39：文章标题抓取成功！||上网注意安全防范　个人防火墙尽显独特魅力
2015-07-07 15:06:39：文章标题抓取成功！||IE安全漏洞升至“紧急”！可能执行任意程序
2015-07-07 15:06:39：文章标题抓取成功！||Linux惊现不易被引发的数据丢失bug
2015-07-07 15:06:39：文章标题抓取成功！||反跟踪技术
2015-07-07 15:06:39：文章标题抓取成功！||局域网安全(下)
2015-07-07 15:06:39：文章标题抓取成功！||cookie 欺骗
2015-07-07 15:06:39：文章标题抓取成功！||如何使用FreeBSD防火墙保护企业网络
2015-07-07 15:06:39：文章标题抓取成功！||局域网安全(上)
2015-07-07 15:06:39：文章标题抓取成功！||警惕！Sun公司Solaris系统存在安全隐患
2015-07-07 15:06:39：文章标题抓取成功！||丹麦安全公司：微软上周发布的补丁出现漏洞
2015-07-07 15:06:40：文章标题抓取成功！||RealPlayer播放长文件名文件时缓冲溢出漏洞
2015-07-07 15:06:40：文章标题抓取成功！||RealPlayer有RealFlash源装载缓冲溢出漏洞
2015-07-07 15:06:40：文章标题抓取成功！||Windows数据库访问组件 MDAC存在严重漏洞
2015-07-07 15:06:40：文章标题抓取成功！||微软Windows又发现严重安全漏洞
2015-07-07 15:06:40：文章标题抓取成功！||垃圾邮件大阻击
2015-07-07 15:06:40：文章标题抓取成功！||网络防御新理论
2015-07-07 15:06:40：文章标题抓取成功！||IE又有漏洞 黑客可通过某网站清除硬盘数据
2015-07-07 15:06:40：文章标题抓取成功！||TCP/IP的安全性
2015-07-07 15:06:41：文章标题抓取成功！||UNIX用户安全
2015-07-07 15:06:41：文章标题抓取成功！||内外网隔离的是与非
2015-07-07 15:06:41：文章标题抓取成功！||黑客在开放源代码中置入间谍程序
2015-07-07 15:06:41：文章标题抓取成功！||紧急病毒警报：“杀手13”让局域网用户面临重大危险
2015-07-07 15:06:41：文章标题抓取成功！||移动数据须要安全 保证移动数据安全五步骤
2015-07-07 15:06:41：文章标题抓取成功！||VPN技术发展趋势
2015-07-07 15:06:41：文章标题抓取成功！||病毒警报:小心可传播Funlove变种的邮件蠕虫
2015-07-07 15:06:41：文章标题抓取成功！||如何用IIS建立高安全性Web服务器
2015-07-07 15:06:41：文章标题抓取成功！||7种DoS攻击方法简述
2015-07-07 15:06:41：文章标题抓取成功！||打开电子贺卡请勿下载“同意书”
2015-07-07 15:06:41：文章标题抓取成功！||Kerberos有危险的安全缺陷 危及整个网络
2015-07-07 15:06:41：文章标题抓取成功！||Linux环境下黑客常用嗅探器分析
2015-07-07 15:06:42：文章标题抓取成功！||长假之后病毒爆发 开机前注意维护PC安全
2015-07-07 15:06:42：文章标题抓取成功！||产品已漏洞百出 微软连夜发布4个紧急安全警告
2015-07-07 15:06:42：文章标题抓取成功！||微软警告：FrontPage有漏洞危及服务器安全
2015-07-07 15:06:42：文章标题抓取成功！||可组建P2P网络的Slapper蠕虫出现两个新变种
2015-07-07 15:06:42：文章标题抓取成功！||今天“黑色星期五” 小心13只电脑病毒盯上你
2015-07-07 15:06:42：文章标题抓取成功！||病毒警告：“求职信”及变种的连环绝杀
2015-07-07 15:06:42：文章标题抓取成功！||9月6日“求职信”变种病毒KLEZ.H将幽灵重现
2015-07-07 15:06:43：文章标题抓取成功！||你认为你能避开监视吗？
2015-07-07 15:06:44：文章标题抓取成功！||警惕超级蠕虫！
2015-07-07 15:06:44：文章标题抓取成功！||CFO：IT安全领域 谁是真正的敌人?
2015-07-07 15:06:44：文章标题抓取成功！||用户小心“间谍软件” 您的PC可能被一览无余！
2015-07-07 15:06:44：文章标题抓取成功！||黑客盯上即时通讯工具 在线聊天一定小心
2015-07-07 15:06:44：文章标题抓取成功！||帮你把PC变成Xbox?小心上了病毒的当!
2015-07-07 15:06:44：文章标题抓取成功！||分析:短信虽火爆 安全市场为何气候难成
2015-07-07 15:06:44：文章标题抓取成功！||安全专家：摩尔定律增加了计算机系统危险性
2015-07-07 15:06:45：文章标题抓取成功！||手机病毒开始滋生 陌生短信是罪魁祸首？
2015-07-07 15:06:45：文章标题抓取成功！||警告：OpenSSH中可能安放有特洛伊木马
2015-07-07 15:06:45：文章标题抓取成功！||警告Wi-Fi用户，小心受人利用从事盗版活动
2015-07-07 15:06:45：文章标题抓取成功！||综述：网络社会应加强病毒防范
2015-07-07 15:06:45：文章标题抓取成功！||容易忽视的问题，邮件被偷看！
2015-07-07 15:06:45：文章标题抓取成功！||网络恐怖主义成为信息时代新威胁
2015-07-07 15:06:45：文章标题抓取成功！||警惕：使用假冒扩展名的病毒出来作怪
2015-07-07 15:06:45：文章标题抓取成功！||警惕黑客4种常用手段攻击无线局域网
2015-07-07 15:06:45：文章标题抓取成功！||阿帕奇网络服务器软件有重大漏洞
2015-07-07 15:06:45：文章标题抓取成功！||微软警告：拨号连接存在“危险的”安全缺陷
2015-07-07 15:06:45：文章标题抓取成功！||专家警告：小心世界杯热引发病毒大爆发
2015-07-07 15:06:45：文章标题抓取成功！||DHCP存在缺陷 黑客可以控制整个系统
2015-07-07 15:06:46：文章标题抓取成功！||微软警告MSN Messenger中存在安全缺陷
2015-07-07 15:06:46：文章标题抓取成功！||美CERT/CC再次警告：Solaris存在安全漏洞
2015-07-07 15:06:46：文章标题抓取成功！||数据库服务器的安全（1）
2015-07-07 15:06:46：文章标题抓取成功！||数据库服务器的安全（2）
2015-07-07 15:06:46：文章标题抓取成功！||Norton Personal Firewall 2002无法检测到SYN/FIN扫描
2015-07-07 15:06:46：文章标题抓取成功！||安全专家发现Office XP两处漏洞
2015-07-07 15:06:46：文章标题抓取成功！||专家警告：未来六个月将出现攻击SNMP漏洞的病毒
2015-07-07 15:06:47：文章标题抓取成功！||微软“Outlook 2002”存在新安全漏洞
2015-07-07 15:06:47：文章标题抓取成功！||即时信息 黑客的骗局
2015-07-07 15:06:47：文章标题抓取成功！||虚拟专网的加密算法说明
2015-07-07 15:06:47：文章标题抓取成功！||嗅探器
2015-07-07 15:06:47：文章标题抓取成功！||SNMP漏洞威胁网络安全
2015-07-07 15:06:47：文章标题抓取成功！||警惕：电话黑客瞄向手机用户
2015-07-07 15:06:47：文章标题抓取成功！||信息加密技术-实例分析（1）
2015-07-07 15:06:47：文章标题抓取成功！||信息加密技术-实例分析（4）
2015-07-07 15:06:47：文章标题抓取成功！||信息加密技术-实例分析（3）
2015-07-07 15:06:47：文章标题抓取成功！||信息加密技术-实例分析（2）
2015-07-07 15:06:48：文章标题抓取成功！||CERT警告：路由器正成为黑客作恶的载体
2015-07-07 15:06:48：文章标题抓取成功！||第四代防火墙（1）
2015-07-07 15:06:48：文章标题抓取成功！||第四代防火墙（2）
2015-07-07 15:06:48：文章标题抓取成功！||第四代防火墙（3）
2015-07-07 15:06:48：文章标题抓取成功！||VPN技术概述
2015-07-07 15:06:48：文章标题抓取成功！||IE 剪贴板可能泄露用户敏感信息
2015-07-07 15:06:48：文章标题抓取成功！||安全警告：新型病毒可以通过Flash文件传播
2015-07-07 15:06:49：文章标题抓取成功！||黑客能够利用IE在系统上安装“后门”
2015-07-07 15:06:49：文章标题抓取成功！||Win2000 Server安全入门（2）
2015-07-07 15:06:49：文章标题抓取成功！||Win2000 Server安全入门（3）
2015-07-07 15:06:49：文章标题抓取成功！||Win2000 Server安全入门（1）
2015-07-07 15:06:49：文章标题抓取成功！||IBM’s HTTP 服务器泄露脚本源文件
2015-07-07 15:06:49：文章标题抓取成功！||SCO ‘top’ 工具格式化字符串漏洞导致执行攻击者任意代码
2015-07-07 15:06:49：文章标题抓取成功！||Red Hat Linux 7.1 Korean 安装程序使用错误umask()
2015-07-07 15:06:49：文章标题抓取成功！||世纪互联防御DDOS攻击典型方案
2015-07-07 15:06:49：文章标题抓取成功！||盗版Windows XP危及系统安全
2015-07-07 15:06:50：文章标题抓取成功！||Check Point VPN-1 SecuRemote 验证对话框暴露用户名漏洞
2015-07-07 15:06:50：文章标题抓取成功！||WinMySQLadmin 1.1 以明文形式存放 Mysql 密码漏洞
2015-07-07 15:06:50：文章标题抓取成功！||Symantec LiveUpdate 存在多个漏洞
2015-07-07 15:06:50：文章标题抓取成功！||针对Nimda（尼姆达）标本兼治的安全解决方案
2015-07-07 15:06:50：文章标题抓取成功！||Directorymanager 漏洞导致执行远程攻击者任意代码
2015-07-07 15:06:50：文章标题抓取成功！||Windows 2000 IrDA 设备存在拒绝服务漏洞
2015-07-07 15:06:50：文章标题抓取成功！||WinWrapper Professional 暴露系统文件
2015-07-07 15:06:50：文章标题抓取成功！||利用 Qpopper 验证方式漏洞取得用户信息
2015-07-07 15:06:51：文章标题抓取成功！||利用 BSCW 符号连接漏洞读取系统任意文件
2015-07-07 15:06:51：文章标题抓取成功！||tomcat可以暴露系统路径和拒绝服务
2015-07-07 15:06:51：文章标题抓取成功！||“红毒”嚣张 互联网时代亟需设防
2015-07-07 15:06:51：文章标题抓取成功！||公安部提醒：谨防“红色代码ＩＩ”病毒进入计算机信息系统
2015-07-07 15:06:51：文章标题抓取成功！||关于Ramen 包中文件功能描述
2015-07-07 15:06:51：文章标题抓取成功！||Proxomitron Cross-site 脚本执行漏洞
2015-07-07 15:06:51：文章标题抓取成功！||HP VirtualVault MKACCT 权限提升漏洞
2015-07-07 15:06:51：文章标题抓取成功！||Apache Autoindexing模块可能存在后目录索引泄露问题
2015-07-07 15:06:51：文章标题抓取成功！||Unicode bug再变为拒绝服务攻击工具
2015-07-07 15:06:52：文章标题抓取成功！||Norton 2001亦存在严重安全漏洞！
2015-07-07 15:06:52：文章标题抓取成功！||ArGoSoft FTP Server .lnk存在目录遍历漏洞
2015-07-07 15:06:52：文章标题抓取成功！||7月5日严防“陷阱”
2015-07-07 15:06:52：文章标题抓取成功！||让你的IIS无懈可击
2015-07-07 15:06:52：文章标题抓取成功！||BisonFTP通过BDL文件上载可导致目录遍历漏洞
2015-07-07 15:06:52：文章标题抓取成功！||Trend Micro InterScan WebManager HttpSave.dll...
2015-07-07 15:06:52：文章标题抓取成功！||踏入“万花谷” 电脑倒下来！
2015-07-07 15:06:52：文章标题抓取成功！||CISCO IOS HTTP 发现重大安全漏洞
2015-07-07 15:06:52：文章标题抓取成功！||远程攻击者利用 Microsoft LDAP 漏洞能够改变管理员口令
2015-07-07 15:06:52：文章标题抓取成功！||透过不同结构的防火墙放置后门
2015-07-07 15:06:52：文章标题抓取成功！||GazTek HTTP 存在缓冲溢出漏洞
2015-07-07 15:06:54：文章标题抓取成功！||DCShop 存在文件泄露问题
2015-07-07 15:06:54：文章标题抓取成功！||Telnet存在多项安全漏洞
2015-07-07 15:06:54：文章标题抓取成功！||防止E-MAIL 信箱被攻击
2015-07-07 15:06:54：文章标题抓取成功！||网络中的攻击与防卫技术
2015-07-07 15:06:54：文章标题抓取成功！||黑客进行Web欺骗的手段及防预
2015-07-07 15:06:54：文章标题抓取成功！||状态检测工作机制
2015-07-07 15:06:55：文章标题抓取成功！||一种新型的可以自动篡改主页的计算机“蠕虫”病毒
2015-07-07 15:06:55：文章标题抓取成功！||PGP
2015-07-07 15:06:55：文章标题抓取成功！||警惕会计软件中的“后门”
2015-07-07 15:06:55：文章标题抓取成功！||发现针对Linux的蠕虫
2015-07-07 15:06:55：文章标题抓取成功！||动态的入侵检测技术IDS
2015-07-07 15:06:55：文章标题抓取成功！||认证与加密 　　
2015-07-07 15:06:55：文章标题抓取成功！||Linux再响安全警报
2015-07-07 15:06:55：文章标题抓取成功！||防火墙介绍（2）
2015-07-07 15:06:55：文章标题抓取成功！||防火墙介绍（1）
2015-07-07 15:06:55：文章标题抓取成功！||缓冲区溢出
2015-07-07 15:06:55：文章标题抓取成功！||对于黑客之特罗依木马的预防与清除
2015-07-07 15:06:56：文章标题抓取成功！||NSS（网络安全扫描器）
2015-07-07 15:06:56：文章标题抓取成功！||Linux安全守则
2015-07-07 15:06:56：文章标题抓取成功！||WhitSoft SlimServe HTTPD Get 请求导致拒绝服务漏洞
2015-07-07 15:06:56：文章标题抓取成功！||Java Runtime 环境中执行未经认可的命令
2015-07-07 15:06:56：文章标题抓取成功！||Cisco IOS软件SNMP读写ILMI社团字符串漏洞
2015-07-07 15:06:56：文章标题抓取成功！||切勿观看名为公司机密的文档
2015-07-07 15:06:56：文章标题抓取成功！||My Getright的未监督文件下载漏洞
2015-07-07 15:06:56：文章标题抓取成功！||IE泄漏缓存数据路径漏洞
2015-07-07 15:06:56：文章标题抓取成功！||vbs病毒公告
2015-07-07 15:06:56：文章标题抓取成功！||Winzip32中 zipandemail 选项导致内存溢出
2015-07-07 15:06:57：文章标题抓取成功！||调查指出黑客袭击了85%的美国组织
2015-07-07 15:06:57：文章标题抓取成功！||诺顿防电脑病毒软件被发现使用纰漏
2015-07-07 15:06:57：列表解析完成！
2015-07-07 15:06:57：文章内容抓取成功！||A STEP-BY-STEP APPROACH ON HOW TO SET UP A CSIRT 计算机安全应急组织建立指南
2015-07-07 15:06:57：文章内容抓取成功！||MP3等消费电子产品成公司网络最大威胁
2015-07-07 15:06:58：文章内容抓取成功！||我国网站实名登记管理系统预计10月完成
2015-07-07 15:06:58：文章内容抓取成功！||反垃圾邮件组织遭到大幅攻击
2015-07-07 15:06:58：文章内容抓取成功！||Websense安全实验室2006年上半年度安全趋势报告
2015-07-07 15:06:59：文章内容抓取成功！||史上破坏力最大的10种计算机病毒排名出炉
2015-07-07 15:06:59：文章内容抓取成功！||2008年底恶意代码数量将翻番
2015-07-07 15:07:46：文章内容抓取失败！||<!DOCTYPE html PUBLIC "-//W3C//DTD XHTML 1.0 Transitional//EN" "http://www.w3.org/TR/xhtml1/DTD/xhtml1-transitional.dtd">







错误







 













 亲爱的用户：您要浏览的网页暂时无法显示。可能的原因是：1. 该页面的链接地址错误。2. 您收藏夹中保存的信息已经过期。





返回 














2015-07-07 15:07:47：文章内容抓取成功！||OpenOffice出现首例病毒？
2015-07-07 15:07:48：文章内容抓取成功！||四成网民密码曾被盗 网络安全很重要
2015-07-07 15:07:48：文章内容抓取成功！||上千位用户求助 “维金”病毒正肆虐
2015-07-07 15:07:49：文章内容抓取成功！||安全攻略：企业内部网络计算机安全技术
2015-07-07 15:07:49：文章内容抓取成功！||安全基础信息安全不可低估的30个细节
2015-07-07 15:07:49：文章内容抓取成功！||VoIP协议安全——无法忽略之痛
2015-07-07 15:07:50：文章内容抓取成功！||网络钓鱼欺诈新骗术 通过电话骗用户资料
2015-07-07 15:07:50：文章内容抓取成功！||信息网络安全世人关注
2015-07-07 15:07:50：文章内容抓取成功！||一种普遍的社会工程学的反思
2015-07-07 15:07:51：文章内容抓取成功！||快速增强路由器安全的十个小技巧
2015-07-07 15:07:51：文章内容抓取成功！||看清楚再点 对URL欺骗说不
2015-07-07 15:07:51：文章内容抓取成功！||关闭Windows XP相关端口保安全
2015-07-07 15:07:52：文章内容抓取成功！||网络服务器的通用及专用的保护方法
2015-07-07 15:07:52：文章内容抓取成功！||网络服务器安全维护技巧
2015-07-07 15:07:54：文章内容抓取成功！||网络入侵证据的收集与分析
2015-07-07 15:07:54：文章内容抓取成功！||拒绝银行账号被“钓鱼”的技巧
2015-07-07 15:07:55：文章内容抓取成功！||IIS vs.Apache: 哪个是安全首选？
2015-07-07 15:07:55：文章内容抓取成功！||网络安全：安全使用IM 软件传递即时消息十大诀窍
2015-07-07 15:07:56：文章内容抓取成功！||信息安全呼唤理论创新
2015-07-07 15:07:56：文章内容抓取成功！||木马病毒检测、清除、防范全攻略
2015-07-07 15:07:57：文章内容抓取成功！||从Melissa到Zotob：Windows蠕虫10年回放
2015-07-07 15:07:57：文章内容抓取成功！||“僵尸”集群施暴网络 黑客军团扫荡互联网
2015-07-07 15:07:57：文章内容抓取成功！||Zotob.a蠕虫防范和清除方法
2015-07-07 15:07:58：文章内容抓取成功！||人是最坚固的防火墙
2015-07-07 15:07:58：文章内容抓取成功！||网络安全的七大误解
2015-07-07 15:07:59：文章内容抓取成功！||实例解析网络钓鱼攻击的幕后
2015-07-07 15:07:59：文章内容抓取成功！||八步阻止恶意软件爆发
2015-07-07 15:08:00：文章内容抓取成功！||网络安全防范体系及设计原则
2015-07-07 15:08:00：文章内容抓取成功！||建立网络安全的主动防御体系
2015-07-07 15:08:00：文章内容抓取成功！||十大Windows服务隐患重重
2015-07-07 15:08:01：文章内容抓取成功！||“僵尸”计算机成为垃圾邮件的主要传播源
2015-07-07 15:08:01：文章内容抓取成功！||网络应用服务安全分析
2015-07-07 15:08:01：文章内容抓取成功！||蜜罐技术解析
2015-07-07 15:08:02：文章内容抓取成功！||“流氓软件”简介
2015-07-07 15:08:02：文章内容抓取成功！||击退bots攻击的五个步骤
2015-07-07 15:08:04：文章内容抓取成功！||五种“网络钓鱼”实例解析及防范
2015-07-07 15:08:04：文章内容抓取成功！||研究报告：网络钓鱼的三种方法
2015-07-07 15:08:05：文章内容抓取成功！||查找与清除线程插入式木马
2015-07-07 15:08:05：文章内容抓取成功！||Win2000Server操作系统安全隐患与防范
2015-07-07 15:08:06：文章内容抓取成功！||回顾过去的五种恶意攻击  预测未来的五种攻击手段
2015-07-07 15:08:06：文章内容抓取成功！||网上安全与电邮安全手册
2015-07-07 15:08:07：文章内容抓取成功！||何谓缓冲区溢出
2015-07-07 15:08:07：文章内容抓取成功！||防御DDOS攻击终极指南
2015-07-07 15:08:07：文章内容抓取成功！||从源头杜绝危害 邮件蠕虫的四招防范技巧
2015-07-07 15:08:08：文章内容抓取成功！||Web网站安全需澄清五个误解
2015-07-07 15:08:08：文章内容抓取成功！||手工清除BKDR_VB.CQ木马(nwlink/ipxsrv木马)方法
2015-07-07 15:08:08：文章内容抓取成功！||计算机用户如何防范JPEG漏洞利用（更新）
2015-07-07 15:08:09：文章内容抓取成功！||常见木马实现技术分析及防范措施
2015-07-07 15:08:09：文章内容抓取成功！||深层病毒防护指南
2015-07-07 15:08:10：文章内容抓取成功！||木马的检测、清除与防范
2015-07-07 15:08:10：文章内容抓取成功！||小知识：如何简单有效的防御垃圾邮件的不请自来?
2015-07-07 15:08:10：文章内容抓取成功！||计算机取证快速入门
2015-07-07 15:08:11：文章内容抓取成功！||安全防范： 面对Ping漏洞的安全须知以及防范措施
2015-07-07 15:08:11：文章内容抓取成功！||提高网页浏览和电子邮件的安全性
2015-07-07 15:08:12：文章内容抓取成功！||详细端口分配表
2015-07-07 15:08:30：文章内容抓取成功！||如何对付即将而来的手机病毒
2015-07-07 15:08:31：文章内容抓取成功！||计算机用户如何防范网页欺诈
2015-07-07 15:08:31：文章内容抓取成功！||源源不绝的病毒散播者—— 可能就是并不知情的你
2015-07-07 15:08:32：文章内容抓取成功！||防范NetBIOS漏洞的攻击
2015-07-07 15:08:32：文章内容抓取成功！||中小型网站如何对付DoS攻击
2015-07-07 15:08:34：文章内容抓取成功！||修改注册表提高Win2000抗拒绝服务攻击能力
2015-07-07 15:08:34：文章内容抓取成功！||如何应对不断出现的病毒变种
2015-07-07 15:08:35：文章内容抓取成功！||你知道么？病毒“偏爱”攻击的六类电脑软件
2015-07-07 15:08:35：文章内容抓取成功！||事件级别说明
2015-07-07 15:08:36：文章内容抓取成功！||计算机用户如何对付“震荡波”蠕虫
2015-07-07 15:08:36：文章内容抓取成功！||配置策略,禁止139/445端口连接
2015-07-07 15:08:37：文章内容抓取成功！||高级Linux安全管理技巧
2015-07-07 15:08:37：文章内容抓取成功！||Windows 2000系统漏洞
2015-07-07 15:08:38：文章内容抓取成功！||Windows 2003安全策略的制定
2015-07-07 15:08:38：文章内容抓取成功！||Windows XP系统漏洞
2015-07-07 15:08:39：文章内容抓取成功！||WIN2000/XP的进程分析
2015-07-07 15:08:39：文章内容抓取成功！||反病毒小提示：防止电脑反复中病毒以及重复感染
2015-07-07 15:08:40：文章内容抓取成功！||运行当中的Linux系统的取证分析
2015-07-07 15:08:40：文章内容抓取成功！||病毒小知识： 教你全面认识计算机病毒以及其特性
2015-07-07 15:08:40：文章内容抓取成功！||安全话题：物理隔离功能以及实现技术分析 [多图]
2015-07-07 15:08:41：文章内容抓取成功！||养成良好上网习惯 防止病毒在网络中传播
2015-07-07 15:08:41：文章内容抓取成功！||网络安全对软件开发提出更高要求
2015-07-07 15:08:42：文章内容抓取成功！||IIS 6.0 安全
2015-07-07 15:08:42：文章内容抓取成功！||深入分析计算机网络的安全隐患 全面阐述防御对策
2015-07-07 15:08:44：文章内容抓取成功！||计算机病毒防护基础：安全首先在于“意识”
2015-07-07 15:08:45：文章内容抓取成功！||黑客如何攻击网络 如何针对其攻击行为进行防范？
2015-07-07 15:08:45：文章内容抓取成功！||从网络全局着眼 建立安全的体系防范拒绝服务攻击
2015-07-07 15:08:45：文章内容抓取成功！||经验共享： 轻松使用注册表编辑器　恢复IE浏览器
2015-07-07 15:08:46：文章内容抓取成功！||防范小知识： 教你防御网络游戏外挂木马的全攻略
2015-07-07 15:08:46：文章内容抓取成功！||防范小知识： 教你防御网络游戏外挂木马的全攻略
2015-07-07 15:08:46：文章内容抓取成功！||关于压缩软件WinZip存在安全漏洞的处理建议
2015-07-07 15:08:47：文章内容抓取成功！||关于感染Worm_Mydoom.F的一些建议
2015-07-07 15:08:47：文章内容抓取成功！||如何通过分析Web服务器记录查找黑客攻击的踪迹？
2015-07-07 15:08:48：文章内容抓取成功！||即时信息软件(IM)可能成为新的病毒传播渠道
2015-07-07 15:08:48：文章内容抓取成功！||安全技术： 详解加密技术概念、加密方法以及应用
2015-07-07 15:08:49：文章内容抓取成功！||安全技术： 论使用附加码方法在网络安全中的作用
2015-07-07 15:08:50：文章内容抓取成功！||网页仿冒比垃圾邮件更危险
2015-07-07 15:08:51：文章内容抓取成功！||概述:防火墙技术发展趋势以及选购需注意的十方面
2015-07-07 15:08:51：文章内容抓取成功！||病毒的检查:感染病毒与软、硬件故障的区别与联系
2015-07-07 15:08:52：文章内容抓取成功！||病毒的检查:注册表、系统配置文件、内存等观察法
2015-07-07 15:08:52：文章内容抓取成功！||IE6最新补丁(MS04-004) 出故障 不显示存储的口令
2015-07-07 15:08:54：文章内容抓取成功！||防范垃圾邮件技术
2015-07-07 15:08:55：文章内容抓取成功！||从用户角度探讨病毒： 解析并防范计算机蠕虫病毒
2015-07-07 15:08:55：文章内容抓取成功！||蠕虫病毒传播模式分析
2015-07-07 15:08:55：文章内容抓取成功！||为何安装防病毒软件还会被感染？
2015-07-07 15:08:56：文章内容抓取成功！||应对策略:恶意代码使乱 遭遇IE窗口不停打开
2015-07-07 15:08:56：文章内容抓取成功！||防范计算机病毒11个不可缺少的常识
2015-07-07 15:08:56：文章内容抓取成功！||Linux内核隐患已确定 赶快打上补丁事不宜迟
2015-07-07 15:08:57：文章内容抓取成功！||NewsFactor： 警惕日益猖獗电子邮件勒索诈骗活动
2015-07-07 15:08:57：文章内容抓取成功！||新形式下的网络防毒建议汇总
2015-07-07 15:08:59：文章内容抓取成功！||如何判断“恶意程序”是蠕虫病毒还是木马？
2015-07-07 15:08:59：文章内容抓取成功！||透明的，网桥式和In-Line 防火墙设备
2015-07-07 15:09:00：文章内容抓取成功！||避免导向恶意站点：恶意站点欺骗方法及防范
2015-07-07 15:09:00：文章内容抓取失败！||<!DOCTYPE html PUBLIC "-//W3C//DTD XHTML 1.0 Transitional//EN" "http://www.w3.org/TR/xhtml1/DTD/xhtml1-transitional.dtd">







错误







 













 亲爱的用户：您要浏览的网页暂时无法显示。可能的原因是：1. 该页面的链接地址错误。2. 您收藏夹中保存的信息已经过期。





返回 














2015-07-07 15:09:01：文章内容抓取成功！||七种常见木马的清除方法
2015-07-07 15:09:01：文章内容抓取成功！||数据库安全:保证Oracle数据库安全性的策略和方法
2015-07-07 15:09:02：文章内容抓取成功！||新一代智能防火墙简介和技术特征
2015-07-07 15:09:02：文章内容抓取成功！||新技术:“网络隔离”技术安全要素及发展方向概述
2015-07-07 15:09:04：文章内容抓取成功！||黑客扫描特征及十种最易受攻击端口
2015-07-07 15:09:04：文章内容抓取失败！||<!DOCTYPE html PUBLIC "-//W3C//DTD XHTML 1.0 Transitional//EN" "http://www.w3.org/TR/xhtml1/DTD/xhtml1-transitional.dtd">







错误







 













 亲爱的用户：您要浏览的网页暂时无法显示。可能的原因是：1. 该页面的链接地址错误。2. 您收藏夹中保存的信息已经过期。





返回 














2015-07-07 15:09:05：文章内容抓取成功！||安全分析:病毒传播呈现多样性
2015-07-07 15:09:05：文章内容抓取成功！||对抗网络安全的混合威胁 企业须更新你的防毒策略
2015-07-07 15:09:05：文章内容抓取成功！||防火墙功能指标详解:访问控制、记录和报表功能等
2015-07-07 15:09:06：文章内容抓取成功！||授权管理基础设施PMI技术与应用
2015-07-07 15:09:07：文章内容抓取成功！||PConline:黑客攻防战-计算机网络后门面面观
2015-07-07 15:09:07：文章内容抓取成功！||赛迪网:防患未然 教你防止非法用户侵入七招
2015-07-07 15:09:07：文章内容抓取成功！||赛迪网：安全防护功略必读—防御黑客六步曲
2015-07-07 15:09:08：文章内容抓取成功！||未来可能的五种攻击手段：超级蠕虫、 隐秘攻击等
2015-07-07 15:09:08：文章内容抓取成功！||蠕虫是怎么发作的？ 如何采取有效措施防范蠕虫？
2015-07-07 15:09:09：文章内容抓取成功！||应对Smurf攻击:阻塞Smurf的反弹站点、攻击的源头
2015-07-07 15:09:10：文章内容抓取成功！||公共安全协会： 如何选择合适的“信息安全服务”
2015-07-07 15:09:10：文章内容抓取成功！||缓冲区溢出保护： 编写正确代码、数组边界检查等
2015-07-07 15:09:10：文章内容抓取成功！||公钥基础设施PKI技术与应用发展
2015-07-07 15:09:11：文章内容抓取成功！||阻断恶意病毒攻击"三要素"：隔离.遏制.消灭
2015-07-07 15:09:11：文章内容抓取成功！||Windows XP系统:默认设置需注意7个安全问题
2015-07-07 15:09:12：文章内容抓取成功！||刚杀完毒病毒就不请自来防病毒再感染有窍门
2015-07-07 15:09:12：文章内容抓取成功！||网友经验共享：巧妙设置系统邮件病毒奈我何
2015-07-07 15:09:14：文章内容抓取成功！||安全知识:慎用共享 网络共享打开了危险之门
2015-07-07 15:09:14：文章内容抓取成功！||防范技巧:防止黑客利用TTL值来鉴别操作系统
2015-07-07 15:09:14：文章内容抓取成功！||专家:企业要注意数据信息加密 网络安全监控
2015-07-07 15:09:15：文章内容抓取成功！||杀毒软件的使用　您忽略了这些重要问题吗？
2015-07-07 15:09:15：文章内容抓取成功！||如何面对高水平的破解组织　谈暴力破解应对
2015-07-07 15:09:16：文章内容抓取成功！||安全防范:黑客Web欺骗的工作原理和解决方案
2015-07-07 15:09:17：文章内容抓取成功！||我是否受到了Hacker的攻击？ 解读防火墙记录
2015-07-07 15:09:17：文章内容抓取成功！||病毒传播源--端对端网络 如何构成攻击威胁
2015-07-07 15:09:18：文章内容抓取成功！||以动态的方式应对安全威胁 内网安全9项措施
2015-07-07 15:09:18：文章内容抓取成功！||网络安全常识：缓冲区溢出攻击安全防范体系
2015-07-07 15:09:18：文章内容抓取成功！||Cisco路由器防止DDoS(分布式拒绝服务)攻击
2015-07-07 15:09:19：文章内容抓取成功！||恶意网页病毒十三大症状分析及简单修复方法
2015-07-07 15:09:19：文章内容抓取成功！||也许你正在被人监视！ 别忽略“间谍软件”的威胁
2015-07-07 15:09:20：文章内容抓取成功！||深入浅出谈防火墙:概念、作用、工作方式、体系等
2015-07-07 15:09:20：文章内容抓取成功！||若UNIX或者NT系统被黑客入侵 系统应该如何恢复？
2015-07-07 15:09:21：文章内容抓取成功！||服务器安全问题：防护服务器安全的七个技巧
2015-07-07 15:09:21：文章内容抓取成功！||微软首次发布月度安全警告发现五个安全漏洞
2015-07-07 15:09:21：文章内容抓取成功！||躲避IP分片攻击先了解基于IP分片的攻击方法
2015-07-07 15:09:22：文章内容抓取成功！||专家提醒：防范病毒使用杀毒软件有五大禁忌
2015-07-07 15:09:22：文章内容抓取成功！||抛弃幼稚反病毒观念专家提醒企业防毒五误区
2015-07-07 15:09:22：文章内容抓取成功！||网络与信息安全及其前沿技术
2015-07-07 15:09:24：文章内容抓取成功！||系统漏洞分析:DoS拒绝服务攻击来袭如何应对
2015-07-07 15:09:24：文章内容抓取成功！||蜜罐技术的实现及其优势
2015-07-07 15:09:25：文章内容抓取成功！||蜜罐技术的实现及其优势
2015-07-07 15:09:25：文章内容抓取成功！||全方位堵住Windows 2003的安全隐患
2015-07-07 15:09:26：文章内容抓取成功！||木马防范三绝技-谈木马的“查、堵、杀”
2015-07-07 15:09:26：文章内容抓取成功！||IE漏洞引发针对AOL即时信息传递工具的攻击
2015-07-07 15:09:27：文章内容抓取成功！||XKMS协议介绍及其工作原理
2015-07-07 15:09:27：文章内容抓取成功！||《网络世界》:蠕虫病毒瞄准了端口和服务
2015-07-07 15:09:27：文章内容抓取成功！||IBM今宣布：已经修复DB2 Linux中的安全漏洞
2015-07-07 15:09:28：文章内容抓取成功！||微软的升级E-Mail不要碰　伪装病毒正在蔓延
2015-07-07 15:09:28：文章内容抓取成功！||系统安全技巧：让你知道谁在"偷窥"你的电脑
2015-07-07 15:09:29：文章内容抓取成功！||危险的病毒特洛伊木马(Trojans)
2015-07-07 15:09:29：文章内容抓取成功！||无线局域网的应用与安全
2015-07-07 15:09:30：文章内容抓取成功！||警惕：开放源代码软件中发现两严重安全漏洞
2015-07-07 15:09:30：文章内容抓取成功！||安全专家发现新型代码 可能威胁到Windows
2015-07-07 15:09:30：文章内容抓取成功！||邮件服务器“sendmail”发现严重漏洞
2015-07-07 15:09:30：文章内容抓取成功！||警惕:黑客找到新办法攻击微软RPCSS溢出漏洞
2015-07-07 15:09:31：文章内容抓取成功！||NewsFactor：警惕最厉害的蠕虫病毒发起攻击
2015-07-07 15:09:31：文章内容抓取成功！||DB2数据库中存在缺陷 黑客可控制整个数据库
2015-07-07 15:09:31：文章内容抓取成功！||微软新漏洞可能导致类似冲击波的新病毒出现
2015-07-07 15:09:32：文章内容抓取成功！||防火墙的现状与发展趋势分析
2015-07-07 15:09:32：文章内容抓取成功！||微软补丁十日紧急更新再次提醒用户下载安装
2015-07-07 15:09:34：文章内容抓取成功！||为了系统安全必须关注Windows XP的默认设置
2015-07-07 15:09:34：文章内容抓取成功！||微软3处Windows漏洞 易被冲击波病毒利用
2015-07-07 15:09:35：文章内容抓取成功！||微软Word安全漏洞警告： 宏病毒卷土重来
2015-07-07 15:09:35：文章内容抓取成功！||分析缓冲溢出攻击及安全防范体系
2015-07-07 15:09:35：文章内容抓取成功！||微软发布关于Word软件的重要安全漏洞的更新
2015-07-07 15:09:36：文章内容抓取成功！||美专家称约50%的Windows系统中潜伏着病毒
2015-07-07 15:09:36：文章内容抓取成功！||网络短信漏洞产生原理及防范
2015-07-07 15:09:36：文章内容抓取成功！||分支机构如何选择防火墙？
2015-07-07 15:09:36：文章内容抓取成功！||微软新公布五处安全漏洞VB应用软件中最严重
2015-07-07 15:09:37：文章内容抓取成功！||《商业周刊》:警惕信息时代的互联网瘟疫
2015-07-07 15:09:37：文章内容抓取成功！||Office发现严重安全漏洞黑客可能借此控制PC
2015-07-07 15:09:38：文章内容抓取成功！||探秘Windows Server2003安全性
2015-07-07 15:09:38：文章内容抓取成功！||ASP.NET中如何防范SQL注入式攻击
2015-07-07 15:09:38：文章内容抓取成功！||互联网天生漏洞造成网络信息安全"暗伤"累累
2015-07-07 15:09:39：文章内容抓取成功！||安全措施到位，防病毒简单有效
2015-07-07 15:09:39：文章内容抓取成功！||Netgear路由器警告:漏洞会引发“意外”攻击
2015-07-07 15:09:39：文章内容抓取成功！||蠕虫又有新变种 专家警告911将爆发恐怖病毒
2015-07-07 15:09:40：文章内容抓取成功！||分析:自动更新安全补丁的利与弊
2015-07-07 15:09:40：文章内容抓取成功！||专家:Sobig.F下一代变种随时可能发动新攻击
2015-07-07 15:09:40：文章内容抓取成功！||技术性的定义垃圾邮件--垃圾邮件的十大特征
2015-07-07 15:09:41：文章内容抓取成功！||企业防毒五个误区
2015-07-07 15:09:41：文章内容抓取成功！||Oracle发出警报：9i数据库中存在安全漏洞
2015-07-07 15:09:41：文章内容抓取成功！||Sobig试图创建自动攻击网络 未来可能大爆发
2015-07-07 15:09:42：文章内容抓取成功！||SSL VPN两大弱点介绍
2015-07-07 15:09:42：文章内容抓取成功！||SSO技术简介及其应用
2015-07-07 15:09:42：文章内容抓取成功！||SSL VPN两大弱点介绍
2015-07-07 15:09:42：文章内容抓取成功！||Windows系统信使功能 可能成为最新安全威胁
2015-07-07 15:09:44：文章内容抓取成功！||Windows“MDAC”发现漏洞！尽快安装补丁
2015-07-07 15:09:45：文章内容抓取成功！||Windows第二波危机 DirectX攻击一触即发
2015-07-07 15:09:45：文章内容抓取成功！||SSL VPN和IPSec VPN的区别与互补
2015-07-07 15:09:46：文章内容抓取成功！||恶性`冲击波`病毒清除常见问题一问一答
2015-07-07 15:09:46：文章内容抓取成功！||网络安全取决于单个用户安全意识
2015-07-07 15:09:46：文章内容抓取成功！||让FreeBSD更安全
2015-07-07 15:09:47：文章内容抓取失败！||<!DOCTYPE html PUBLIC "-//W3C//DTD XHTML 1.0 Transitional//EN" "http://www.w3.org/TR/xhtml1/DTD/xhtml1-transitional.dtd">







错误







 













 亲爱的用户：您要浏览的网页暂时无法显示。可能的原因是：1. 该页面的链接地址错误。2. 您收藏夹中保存的信息已经过期。





返回 














2015-07-07 15:09:47：文章内容抓取成功！||潜伏在Windows默认设置中的陷井
2015-07-07 15:09:48：文章内容抓取成功！||防火墙:合理配置和管理的策略
2015-07-07 15:09:48：文章内容抓取成功！||Web服务中的安全规范
2015-07-07 15:09:49：文章内容抓取成功！||支持部门安全响应小组警告-最新病毒：W32.Blaster.worm
2015-07-07 15:09:49：文章内容抓取成功！||对RPC缺陷的扫描增加 蠕虫病毒迫在眉睫
2015-07-07 15:09:49：文章内容抓取成功！||木马和未授权远程控制软件的关闭
2015-07-07 15:09:50：文章内容抓取成功！||安全专家：蠕虫千变万化　可能导致更大破坏
2015-07-07 15:09:50：文章内容抓取成功！||状态检测工作机制
2015-07-07 15:09:50：文章内容抓取成功！||保护数据库服务器加强数据库安全
2015-07-07 15:09:51：文章内容抓取成功！||专家提醒：上网聊天玩游戏警惕个人资料泄密
2015-07-07 15:09:51：文章内容抓取成功！||路由器防火墙配置命令
2015-07-07 15:09:52：文章内容抓取成功！||调整重心-从IIS到SQL Server数据库安全
2015-07-07 15:09:52：文章内容抓取成功！||防范小黑客攻略
2015-07-07 15:09:52：文章内容抓取成功！||让你的IIS无懈可击
2015-07-07 15:09:56：文章内容抓取成功！||给代码签名的六个步骤
2015-07-07 15:09:56：文章内容抓取成功！||规划和安装 Windows 2000 远程访问 VPN 服务器
2015-07-07 15:09:57：文章内容抓取成功！||被入侵系统恢复指南
2015-07-07 15:09:57：文章内容抓取成功！||Windows又现严重漏洞 设备有可能被完全控制
2015-07-07 15:09:58：文章内容抓取成功！||企业级防火墙的七问七答
2015-07-07 15:09:58：文章内容抓取成功！||流行木马大清除
2015-07-07 15:09:58：文章内容抓取成功！||Apache用户认证方法汇总
2015-07-07 15:09:59：文章内容抓取成功！||嗅探原理与反嗅探技术详解
2015-07-07 15:09:59：文章内容抓取成功！||你的网络有多安全?
2015-07-07 15:10:00：文章内容抓取成功！||嗅探的基本原理
2015-07-07 15:10:00：文章内容抓取成功！||思科警告用户:IOS软件漏洞可能会被黑客攻击
2015-07-07 15:10:00：文章内容抓取成功！||Apache的目录安全措施
2015-07-07 15:10:01：文章内容抓取成功！||专家指出Windows仍存在缺陷 可能被黑客利用
2015-07-07 15:10:01：文章内容抓取成功！||如何用IIS建立高安全性Web服务器
2015-07-07 15:10:02：文章内容抓取成功！||浅谈SQL SERVER数据库口令的脆弱性
2015-07-07 15:10:02：文章内容抓取成功！||保护SUNSolaris系统安全小窍门
2015-07-07 15:10:02：文章内容抓取成功！||MPLS VPN安全释疑
2015-07-07 15:10:04：文章内容抓取成功！||如何监测内存泄漏
2015-07-07 15:10:04：文章内容抓取成功！||正确配置和维护Apache WEB Server安全性
2015-07-07 15:10:05：文章内容抓取成功！||TCP/IP的安全性
2015-07-07 15:10:05：文章内容抓取成功！||多个Sun数据库函数存在缓冲区溢出问题
2015-07-07 15:10:06：文章内容抓取成功！||基于NT/2000建立安全WEB站点的解决方案
2015-07-07 15:10:06：文章内容抓取成功！||与黑客过招如何给自己的网络设防
2015-07-07 15:10:06：文章内容抓取成功！||物理隔离的三大误区
2015-07-07 15:10:07：文章内容抓取成功！||如何防范D.o.S 攻击
2015-07-07 15:10:07：文章内容抓取成功！||DoS(拒绝服务)攻防简明问答
2015-07-07 15:10:08：文章内容抓取成功！||VPN技术比较
2015-07-07 15:10:08：文章内容抓取成功！||MySQL数据库安全配置
2015-07-07 15:10:09：文章内容抓取成功！||防止内部IP地址泄漏的2种方法
2015-07-07 15:10:10：文章内容抓取失败！||<!DOCTYPE html PUBLIC "-//W3C//DTD XHTML 1.0 Transitional//EN" "http://www.w3.org/TR/xhtml1/DTD/xhtml1-transitional.dtd">







错误







 













 亲爱的用户：您要浏览的网页暂时无法显示。可能的原因是：1. 该页面的链接地址错误。2. 您收藏夹中保存的信息已经过期。





返回 














2015-07-07 15:10:10：文章内容抓取成功！||使用FreeBSD配置基于ADSL的VPN网关＋防火墙
2015-07-07 15:10:11：文章内容抓取成功！||微软Passport密码恢复功能发现安全漏洞
2015-07-07 15:10:11：文章内容抓取成功！||简单病毒在流行,小蠕虫IPCWorm让你防不胜防
2015-07-07 15:10:11：文章内容抓取成功！||国家病毒应急处理中心：谨防CIH 4月26日发作
2015-07-07 15:10:12：文章内容抓取成功！||被动特征探测
2015-07-07 15:10:12：文章内容抓取成功！||三大恶性电脑病毒可能会在04月26日集体发作
2015-07-07 15:10:14：文章内容抓取成功！||企业网络防病毒需求
2015-07-07 15:10:15：文章内容抓取成功！||Win2003部分注册码泄漏 大批量盗版有机可乘
2015-07-07 15:10:15：文章内容抓取成功！||主动防御系统的重要性
2015-07-07 15:10:16：文章内容抓取成功！||Web服务中的安全规范
2015-07-07 15:10:16：文章内容抓取成功！||实例讲解一次性口令鉴别技术
2015-07-07 15:10:17：文章内容抓取成功！||十个常见的网管错误
2015-07-07 15:10:17：文章内容抓取成功！||细述MPLS VPN
2015-07-07 15:10:17：文章内容抓取成功！||遭网络黑客控制!微软Win2000出安全漏洞
2015-07-07 15:10:18：文章内容抓取成功！||用vsftpd架设安全的FTP服务器
2015-07-07 15:10:18：文章内容抓取成功！||加密三剑客SSL、SET和PGP
2015-07-07 15:10:18：文章内容抓取成功！||IBM软件中发现了三个危害严重的安全漏洞
2015-07-07 15:10:19：文章内容抓取成功！||网络安全与信息保密
2015-07-07 15:10:19：文章内容抓取成功！||InvisionBoard ipchat.php远程文件包含漏洞
2015-07-07 15:10:19：文章内容抓取成功！||保证网络安全的认证技术
2015-07-07 15:10:20：文章内容抓取成功！||Oracle数据库安全策略
2015-07-07 15:10:20：文章内容抓取成功！||Windows Me发现“紧急”级安全漏洞！
2015-07-07 15:10:20：文章内容抓取成功！||Windows XP应用技巧四则
2015-07-07 15:10:21：文章内容抓取成功！||建立快速无阻碍网络-局域网故障排除经验
2015-07-07 15:10:21：文章内容抓取成功！||Windows XP SP1的巧妙安装
2015-07-07 15:10:21：文章内容抓取成功！||特洛伊木马借尸还魂 LoveGate入侵多台PC
2015-07-07 15:10:21：文章内容抓取成功！||江民最新截获“超级密码杀手007”病毒
2015-07-07 15:10:22：文章内容抓取成功！||windows日志的保护与伪造
2015-07-07 15:10:22：文章内容抓取成功！||如何对防火墙进行安全配置
2015-07-07 15:10:22：文章内容抓取成功！||网络攻击主要手段一览
2015-07-07 15:10:24：文章内容抓取成功！||破坏力超过爱虫 网上惊现超级格式化病毒
2015-07-07 15:10:24：文章内容抓取成功！||金山毒霸提醒：四大“情人”病毒作恶情人节
2015-07-07 15:10:25：文章内容抓取成功！||病毒“献丑”情人节 硬盘杀手也出新变种
2015-07-07 15:10:25：文章内容抓取成功！||快打补丁！ IE严重漏洞 “交叉域的脆弱性”
2015-07-07 15:10:25：文章内容抓取成功！||Win XP发现重要漏洞　普通用户都可成管理员
2015-07-07 15:10:26：文章内容抓取成功！||加密技巧：用双操作系统进行简单的数据加密
2015-07-07 15:10:26：文章内容抓取成功！||日本微软发现严重漏洞 NT/2000赶快打补丁！
2015-07-07 15:10:26：文章内容抓取成功！||“Sobig”猖獗要小心 金山毒霸提醒用户升级
2015-07-07 15:10:26：文章内容抓取成功！||Windows发现新的安全漏洞 网络系统易受攻击
2015-07-07 15:10:27：文章内容抓取成功！||网络安全方面的专业词汇
2015-07-07 15:10:27：文章内容抓取成功！||黑客伪装自己避开检测常用手段的简要介绍
2015-07-07 15:10:28：文章内容抓取成功！||网络用户警惕！“红色结束符II”死灰复燃
2015-07-07 15:10:28：文章内容抓取成功！||CERT合作中心警告：DHCP软件中存在安全缺陷
2015-07-07 15:10:28：文章内容抓取成功！||SQL Server补丁版本的检查和安装过程中常见问题
2015-07-07 15:10:29：文章内容抓取成功！||今年首例四级恶性病毒　“巨无霸”撒欢做恶
2015-07-07 15:10:29：文章内容抓取成功！||微软软件存在安全缺陷，可能会危及手机安全
2015-07-07 15:10:29：文章内容抓取成功！||蠕虫“太大了”惊现　金山毒霸提醒用户注意
2015-07-07 15:10:29：文章内容抓取成功！||微软新款操作系统Windows XP到底有多安全？
2015-07-07 15:10:30：文章内容抓取成功！||硬盘杀手破坏机制分析　可用kavfix恢复数据
2015-07-07 15:10:30：文章内容抓取成功！||安全：远程、移动用户连接网络安全十大法则
2015-07-07 15:10:30：文章内容抓取成功！||自己解决可恶的病毒 和新欢乐时光说bye-bye
2015-07-07 15:10:31：文章内容抓取成功！||交换机及路由器如何更加安全　教你六大法则
2015-07-07 15:10:31：文章内容抓取成功！||企业邮件安全有何法 800onemail教你八绝招
2015-07-07 15:10:32：文章内容抓取成功！||恶性病毒“硬盘杀手”惊现 破坏力直逼CIH
2015-07-07 15:10:32：文章内容抓取成功！||如何进入安全模式？ windows系统使用小技巧
2015-07-07 15:10:32：文章内容抓取成功！||LAC警告:WinXP下使用无线LAN存安全隐患
2015-07-07 15:10:34：文章内容抓取成功！||Debian安全公告 fetchmail存在远程缓存漏洞
2015-07-07 15:10:34：文章内容抓取成功！||Win XP发现新漏洞 光标指向非法文件便会感染
2015-07-07 15:10:35：文章内容抓取成功！||IE有缺陷，剪贴板不安全
2015-07-07 15:10:35：文章内容抓取成功！||MP3蠕虫病毒利用软件安全漏洞网上兴风作浪
2015-07-07 15:10:35：文章内容抓取成功！||JUNIPER为业界复兴“亮”出MINT模式
2015-07-07 15:10:36：文章内容抓取成功！||微软：6种版本Windows恐将被黑客“接管”
2015-07-07 15:10:36：文章内容抓取成功！||Microsoft VM发现8处安全漏洞
2015-07-07 15:10:36：文章内容抓取成功！||“杀手13”危险病毒今发作 会删除C盘所有内容
2015-07-07 15:10:37：文章内容抓取成功！||UNIX用户注意 IPFilter FTP 代理越界漏洞
2015-07-07 15:10:37：文章内容抓取成功！||免除后患 拒绝录入错误日期的编程方法
2015-07-07 15:10:37：文章内容抓取成功！||金山预警：高危害蠕虫KillOnce本周五大发作
2015-07-07 15:10:38：文章内容抓取成功！||自动清除Windows操作系统的历史文档
2015-07-07 15:10:38：文章内容抓取成功！||病毒防治有效新招 大幅减慢传播感染速度
2015-07-07 15:10:38：文章内容抓取成功！||上网注意安全防范　个人防火墙尽显独特魅力
2015-07-07 15:10:39：文章内容抓取成功！||IE安全漏洞升至“紧急”！可能执行任意程序
2015-07-07 15:10:39：文章内容抓取成功！||Linux惊现不易被引发的数据丢失bug
2015-07-07 15:10:39：文章内容抓取成功！||反跟踪技术
2015-07-07 15:10:40：文章内容抓取成功！||局域网安全(下)
2015-07-07 15:10:40：文章内容抓取成功！||cookie 欺骗
2015-07-07 15:10:41：文章内容抓取成功！||如何使用FreeBSD防火墙保护企业网络
2015-07-07 15:10:41：文章内容抓取成功！||局域网安全(上)
2015-07-07 15:10:41：文章内容抓取成功！||警惕！Sun公司Solaris系统存在安全隐患
2015-07-07 15:10:42：文章内容抓取成功！||丹麦安全公司：微软上周发布的补丁出现漏洞
2015-07-07 15:10:42：文章内容抓取成功！||RealPlayer播放长文件名文件时缓冲溢出漏洞
2015-07-07 15:10:42：文章内容抓取成功！||RealPlayer有RealFlash源装载缓冲溢出漏洞
2015-07-07 15:10:44：文章内容抓取成功！||Windows数据库访问组件 MDAC存在严重漏洞
2015-07-07 15:10:44：文章内容抓取成功！||微软Windows又发现严重安全漏洞
2015-07-07 15:10:45：文章内容抓取成功！||垃圾邮件大阻击
2015-07-07 15:10:45：文章内容抓取成功！||网络防御新理论
2015-07-07 15:10:45：文章内容抓取成功！||IE又有漏洞 黑客可通过某网站清除硬盘数据
2015-07-07 15:10:46：文章内容抓取成功！||TCP/IP的安全性
2015-07-07 15:10:46：文章内容抓取成功！||UNIX用户安全
2015-07-07 15:10:47：文章内容抓取成功！||内外网隔离的是与非
2015-07-07 15:10:47：文章内容抓取成功！||黑客在开放源代码中置入间谍程序
2015-07-07 15:10:48：文章内容抓取成功！||紧急病毒警报：“杀手13”让局域网用户面临重大危险
2015-07-07 15:10:48：文章内容抓取成功！||移动数据须要安全 保证移动数据安全五步骤
2015-07-07 15:10:48：文章内容抓取成功！||VPN技术发展趋势
2015-07-07 15:10:49：文章内容抓取成功！||病毒警报:小心可传播Funlove变种的邮件蠕虫
2015-07-07 15:10:49：文章内容抓取成功！||如何用IIS建立高安全性Web服务器
2015-07-07 15:10:49：文章内容抓取成功！||7种DoS攻击方法简述
2015-07-07 15:10:50：文章内容抓取成功！||打开电子贺卡请勿下载“同意书”
2015-07-07 15:10:50：文章内容抓取成功！||Kerberos有危险的安全缺陷 危及整个网络
2015-07-07 15:10:50：文章内容抓取失败！||<!DOCTYPE html PUBLIC "-//W3C//DTD XHTML 1.0 Transitional//EN" "http://www.w3.org/TR/xhtml1/DTD/xhtml1-transitional.dtd">







错误







 













 亲爱的用户：您要浏览的网页暂时无法显示。可能的原因是：1. 该页面的链接地址错误。2. 您收藏夹中保存的信息已经过期。





返回 














2015-07-07 15:10:51：文章内容抓取成功！||长假之后病毒爆发 开机前注意维护PC安全
2015-07-07 15:10:51：文章内容抓取成功！||产品已漏洞百出 微软连夜发布4个紧急安全警告
2015-07-07 15:10:52：文章内容抓取成功！||微软警告：FrontPage有漏洞危及服务器安全
2015-07-07 15:10:52：文章内容抓取成功！||可组建P2P网络的Slapper蠕虫出现两个新变种
2015-07-07 15:10:52：文章内容抓取成功！||今天“黑色星期五” 小心13只电脑病毒盯上你
2015-07-07 15:10:54：文章内容抓取成功！||病毒警告：“求职信”及变种的连环绝杀
2015-07-07 15:10:55：文章内容抓取成功！||9月6日“求职信”变种病毒KLEZ.H将幽灵重现
2015-07-07 15:10:56：文章内容抓取成功！||你认为你能避开监视吗？
2015-07-07 15:10:56：文章内容抓取成功！||警惕超级蠕虫！
2015-07-07 15:10:57：文章内容抓取成功！||CFO：IT安全领域 谁是真正的敌人?
2015-07-07 15:10:57：文章内容抓取成功！||用户小心“间谍软件” 您的PC可能被一览无余！
2015-07-07 15:10:57：文章内容抓取成功！||黑客盯上即时通讯工具 在线聊天一定小心
2015-07-07 15:10:58：文章内容抓取成功！||帮你把PC变成Xbox?小心上了病毒的当!
2015-07-07 15:10:58：文章内容抓取成功！||分析:短信虽火爆 安全市场为何气候难成
2015-07-07 15:10:58：文章内容抓取成功！||安全专家：摩尔定律增加了计算机系统危险性
2015-07-07 15:10:59：文章内容抓取成功！||手机病毒开始滋生 陌生短信是罪魁祸首？
2015-07-07 15:10:59：文章内容抓取成功！||警告：OpenSSH中可能安放有特洛伊木马
2015-07-07 15:10:59：文章内容抓取成功！||警告Wi-Fi用户，小心受人利用从事盗版活动
2015-07-07 15:11:00：文章内容抓取成功！||综述：网络社会应加强病毒防范
2015-07-07 15:11:00：文章内容抓取成功！||容易忽视的问题，邮件被偷看！
2015-07-07 15:11:01：文章内容抓取成功！||网络恐怖主义成为信息时代新威胁
2015-07-07 15:11:01：文章内容抓取成功！||警惕：使用假冒扩展名的病毒出来作怪
2015-07-07 15:11:01：文章内容抓取成功！||警惕黑客4种常用手段攻击无线局域网
2015-07-07 15:11:01：文章内容抓取成功！||阿帕奇网络服务器软件有重大漏洞
2015-07-07 15:11:02：文章内容抓取成功！||微软警告：拨号连接存在“危险的”安全缺陷
2015-07-07 15:11:02：文章内容抓取成功！||专家警告：小心世界杯热引发病毒大爆发
2015-07-07 15:11:04：文章内容抓取成功！||DHCP存在缺陷 黑客可以控制整个系统
2015-07-07 15:11:04：文章内容抓取成功！||微软警告MSN Messenger中存在安全缺陷
2015-07-07 15:11:05：文章内容抓取成功！||美CERT/CC再次警告：Solaris存在安全漏洞
2015-07-07 15:11:05：文章内容抓取成功！||数据库服务器的安全（1）
2015-07-07 15:11:06：文章内容抓取成功！||数据库服务器的安全（2）
2015-07-07 15:11:06：文章内容抓取成功！||Norton Personal Firewall 2002无法检测到SYN/FIN扫描
2015-07-07 15:11:06：文章内容抓取成功！||安全专家发现Office XP两处漏洞
2015-07-07 15:11:09：文章内容抓取成功！||专家警告：未来六个月将出现攻击SNMP漏洞的病毒
2015-07-07 15:11:09：文章内容抓取成功！||微软“Outlook 2002”存在新安全漏洞
2015-07-07 15:11:09：文章内容抓取成功！||即时信息 黑客的骗局
2015-07-07 15:11:10：文章内容抓取成功！||虚拟专网的加密算法说明
2015-07-07 15:11:10：文章内容抓取成功！||嗅探器
2015-07-07 15:11:11：文章内容抓取成功！||SNMP漏洞威胁网络安全
2015-07-07 15:11:11：文章内容抓取成功！||警惕：电话黑客瞄向手机用户
2015-07-07 15:11:12：文章内容抓取成功！||信息加密技术-实例分析（1）
2015-07-07 15:11:12：文章内容抓取成功！||信息加密技术-实例分析（4）
2015-07-07 15:11:14：文章内容抓取成功！||信息加密技术-实例分析（3）
2015-07-07 15:11:15：文章内容抓取成功！||信息加密技术-实例分析（2）
2015-07-07 15:11:15：文章内容抓取成功！||CERT警告：路由器正成为黑客作恶的载体
2015-07-07 15:11:15：文章内容抓取成功！||第四代防火墙（1）
2015-07-07 15:11:16：文章内容抓取成功！||第四代防火墙（2）
2015-07-07 15:11:16：文章内容抓取成功！||第四代防火墙（3）
2015-07-07 15:11:16：文章内容抓取成功！||VPN技术概述
2015-07-07 15:11:17：文章内容抓取成功！||IE 剪贴板可能泄露用户敏感信息
2015-07-07 15:11:17：文章内容抓取成功！||安全警告：新型病毒可以通过Flash文件传播
2015-07-07 15:11:17：文章内容抓取成功！||黑客能够利用IE在系统上安装“后门”
2015-07-07 15:11:18：文章内容抓取成功！||Win2000 Server安全入门（2）
2015-07-07 15:11:18：文章内容抓取成功！||Win2000 Server安全入门（3）
2015-07-07 15:11:20：文章内容抓取成功！||Win2000 Server安全入门（1）
2015-07-07 15:11:21：文章内容抓取成功！||IBM’s HTTP 服务器泄露脚本源文件
2015-07-07 15:11:21：文章内容抓取成功！||SCO ‘top’ 工具格式化字符串漏洞导致执行攻击者任意代码
2015-07-07 15:11:21：文章内容抓取成功！||Red Hat Linux 7.1 Korean 安装程序使用错误umask()
2015-07-07 15:11:22：文章内容抓取成功！||世纪互联防御DDOS攻击典型方案
2015-07-07 15:11:22：文章内容抓取成功！||盗版Windows XP危及系统安全
2015-07-07 15:11:22：文章内容抓取成功！||Check Point VPN-1 SecuRemote 验证对话框暴露用户名漏洞
2015-07-07 15:11:23：文章内容抓取成功！||WinMySQLadmin 1.1 以明文形式存放 Mysql 密码漏洞
2015-07-07 15:11:24：文章内容抓取成功！||Symantec LiveUpdate 存在多个漏洞
2015-07-07 15:11:25：文章内容抓取成功！||针对Nimda（尼姆达）标本兼治的安全解决方案
2015-07-07 15:11:25：文章内容抓取成功！||Directorymanager 漏洞导致执行远程攻击者任意代码
2015-07-07 15:11:25：文章内容抓取成功！||Windows 2000 IrDA 设备存在拒绝服务漏洞
2015-07-07 15:11:26：文章内容抓取成功！||WinWrapper Professional 暴露系统文件
2015-07-07 15:11:26：文章内容抓取成功！||利用 Qpopper 验证方式漏洞取得用户信息
2015-07-07 15:11:26：文章内容抓取成功！||利用 BSCW 符号连接漏洞读取系统任意文件
2015-07-07 15:11:27：文章内容抓取成功！||tomcat可以暴露系统路径和拒绝服务
2015-07-07 15:11:27：文章内容抓取成功！||“红毒”嚣张 互联网时代亟需设防
2015-07-07 15:11:28：文章内容抓取成功！||公安部提醒：谨防“红色代码ＩＩ”病毒进入计算机信息系统
2015-07-07 15:11:29：文章内容抓取成功！||关于Ramen 包中文件功能描述
2015-07-07 15:11:29：文章内容抓取成功！||Proxomitron Cross-site 脚本执行漏洞
2015-07-07 15:11:30：文章内容抓取成功！||HP VirtualVault MKACCT 权限提升漏洞
2015-07-07 15:11:30：文章内容抓取成功！||Apache Autoindexing模块可能存在后目录索引泄露问题
2015-07-07 15:11:31：文章内容抓取成功！||Unicode bug再变为拒绝服务攻击工具
2015-07-07 15:11:31：文章内容抓取成功！||Norton 2001亦存在严重安全漏洞！
2015-07-07 15:11:32：文章内容抓取成功！||ArGoSoft FTP Server .lnk存在目录遍历漏洞
2015-07-07 15:11:32：文章内容抓取成功！||7月5日严防“陷阱”
2015-07-07 15:11:34：文章内容抓取成功！||让你的IIS无懈可击
2015-07-07 15:11:34：文章内容抓取成功！||BisonFTP通过BDL文件上载可导致目录遍历漏洞
2015-07-07 15:11:34：文章内容抓取成功！||Trend Micro InterScan WebManager HttpSave.dll存在缓冲溢
2015-07-07 15:11:35：文章内容抓取成功！||踏入“万花谷” 电脑倒下来！
2015-07-07 15:11:35：文章内容抓取成功！||CISCO IOS HTTP 发现重大安全漏洞
2015-07-07 15:11:36：文章内容抓取成功！||远程攻击者利用 Microsoft LDAP 漏洞能够改变管理员口令
2015-07-07 15:11:36：文章内容抓取成功！||透过不同结构的防火墙放置后门
2015-07-07 15:11:37：文章内容抓取成功！||GazTek HTTP 存在缓冲溢出漏洞
2015-07-07 15:11:37：文章内容抓取成功！||DCShop 存在文件泄露问题
2015-07-07 15:11:37：文章内容抓取成功！||Telnet存在多项安全漏洞
2015-07-07 15:11:38：文章内容抓取成功！||防止E-MAIL 信箱被攻击
2015-07-07 15:11:38：文章内容抓取成功！||网络中的攻击与防卫技术
2015-07-07 15:11:39：文章内容抓取成功！||黑客进行Web欺骗的手段及防预
2015-07-07 15:11:39：文章内容抓取成功！||状态检测工作机制
2015-07-07 15:11:39：文章内容抓取成功！||一种新型的可以自动篡改主页的计算机“蠕虫”病毒
2015-07-07 15:11:40：文章内容抓取成功！||PGP
2015-07-07 15:11:40：文章内容抓取成功！||警惕会计软件中的“后门”
2015-07-07 15:11:40：文章内容抓取成功！||发现针对Linux的蠕虫
2015-07-07 15:11:41：文章内容抓取成功！||动态的入侵检测技术IDS
2015-07-07 15:11:41：文章内容抓取成功！||认证与加密 　　
2015-07-07 15:11:42：文章内容抓取成功！||Linux再响安全警报
2015-07-07 15:11:42：文章内容抓取成功！||防火墙介绍（2）
2015-07-07 15:11:42：文章内容抓取成功！||防火墙介绍（1）
2015-07-07 15:11:44：文章内容抓取成功！||缓冲区溢出
2015-07-07 15:11:44：文章内容抓取成功！||对于黑客之特罗依木马的预防与清除
2015-07-07 15:11:45：文章内容抓取成功！||NSS（网络安全扫描器）
2015-07-07 15:11:46：文章内容抓取成功！||Linux安全守则
2015-07-07 15:11:46：文章内容抓取成功！||WhitSoft SlimServe HTTPD Get 请求导致拒绝服务漏洞
2015-07-07 15:11:46：文章内容抓取成功！||Java Runtime 环境中执行未经认可的命令
2015-07-07 15:11:47：文章内容抓取成功！||Cisco IOS软件SNMP读写ILMI社团字符串漏洞
2015-07-07 15:11:47：文章内容抓取成功！||切勿观看名为公司机密的文档
2015-07-07 15:11:47：文章内容抓取成功！||My Getright的未监督文件下载漏洞
2015-07-07 15:11:48：文章内容抓取成功！||IE泄漏缓存数据路径漏洞
2015-07-07 15:11:48：文章内容抓取成功！||vbs病毒公告
2015-07-07 15:11:49：文章内容抓取成功！||Winzip32中 zipandemail 选项导致内存溢出
2015-07-07 15:11:49：文章内容抓取成功！||调查指出黑客袭击了85%的美国组织
2015-07-07 15:11:49：文章内容抓取成功！||诺顿防电脑病毒软件被发现使用纰漏
2015-07-07 15:11:50：文章解析完成！
2015-07-07 15:11:51：文章标题抓取成功！||部分相关标准网址
2015-07-07 15:11:51：文章标题抓取成功！||中国互联网络域名管理办法
2015-07-07 15:11:51：文章标题抓取成功！||中华人民共和国计算机信息系统安全保护条例
2015-07-07 15:11:51：文章标题抓取成功！||中国互联网络域名管理办法
2015-07-07 15:11:51：文章标题抓取成功！||涉及国家秘密的计算机信息系统集成资质管理办法（试行）
2015-07-07 15:11:51：文章标题抓取成功！||互联网等信息网络传播视听节目管理办法
2015-07-07 15:11:51：文章标题抓取成功！||互联网医疗卫生信息服务管理办法
2015-07-07 15:11:51：文章标题抓取成功！||网站名称注册管理暂行办法实施细则
2015-07-07 15:11:51：文章标题抓取成功！||关于审理扰乱电信市场管理秩序案件具体应用法律若干问题的解释
2015-07-07 15:11:51：文章标题抓取成功！||最高人民检察院、公安部关于印发最高人民法院、最高人民检察院、公安部、司法部、新闻出版署关于...
2015-07-07 15:11:51：文章标题抓取成功！||关于互联网中文域名管理的通告
2015-07-07 15:11:51：文章标题抓取成功！||涉及国家秘密的通信、办公自动化和计算机信息系统审批暂行办法
2015-07-07 15:11:52：文章标题抓取成功！||有线广播电视传输覆盖网安全管理办法
2015-07-07 15:11:52：文章标题抓取成功！||互联网药品信息服务管理暂行规定
2015-07-07 15:11:52：文章标题抓取成功！||网站名称注册管理暂行办法
2015-07-07 15:11:52：文章标题抓取成功！||中国教育和科研计算机网管理办法（试行）
2015-07-07 15:11:52：文章标题抓取成功！||非经营性互联网信息服务备案管理办法
2015-07-07 15:11:52：文章标题抓取成功！||教育网站和网校暂行管理办法
2015-07-07 15:11:52：文章标题抓取成功！||关于加强通过信息网络向公众传播广播电影电视类节目管理的通告
2015-07-07 15:11:54：文章标题抓取成功！||网上银行业务管理暂行办法
2015-07-07 15:11:54：文章标题抓取成功！||关于对利用电子邮件发送商业信息的行为进行规范的通告
2015-07-07 15:11:54：文章标题抓取成功！||关于审理涉及计算机网络域名民事纠纷案件适用法律若干问题的解释
2015-07-07 15:11:55：文章标题抓取成功！||最高人民法院关于审理涉及计算机网络著作权纠纷案件适用法律若干问题的解释
2015-07-07 15:11:55：文章标题抓取成功！||互联网IP地址备案管理办法
2015-07-07 15:11:55：文章标题抓取成功！||高等学校计算机网络电子公告服务管理规定
2015-07-07 15:11:55：文章标题抓取成功！||关于加强影视播放机构和互联网等信息网络播放DV片管理的通知
2015-07-07 15:11:55：文章标题抓取成功！||网上证券委托暂行管理办法
2015-07-07 15:11:55：文章标题抓取成功！||北京市互联网站从事登载新闻业务审批及管理工作程序
2015-07-07 15:11:55：文章标题抓取成功！||关于审理涉及计算机网络著作权纠纷案件适用法律若干问题的解释
2015-07-07 15:11:55：文章标题抓取成功！||最高人民法院关于审理涉及计算机网络域名民事纠纷案件适用法律若干问题的解释
2015-07-07 15:11:56：文章标题抓取成功！||国际通信设施建设管理规定
2015-07-07 15:11:56：文章标题抓取成功！||电子认证服务管理办法
2015-07-07 15:11:56：文章标题抓取成功！||文化部关于音像制品网上经营活动有关问题的通知
2015-07-07 15:11:56：文章标题抓取成功！||互联网等信息网络传播视听节目管理办法
2015-07-07 15:11:56：文章标题抓取成功！||国家密码管理委员会办公室公告
2015-07-07 15:11:56：文章标题抓取成功！||司法鉴定机构登记管理办法
2015-07-07 15:11:56：文章标题抓取成功！||北京市网络广告管理暂行办法
2015-07-07 15:11:56：文章标题抓取成功！||最高人民法院关于执行《中华人民共和国行政诉讼法》若干问题的解释
2015-07-07 15:11:57：文章标题抓取成功！||互联网电子邮件服务管理办法
2015-07-07 15:11:57：文章标题抓取成功！||互联网文化管理暂行规定
2015-07-07 15:11:57：文章标题抓取成功！||司法鉴定人管理办法
2015-07-07 15:11:57：文章标题抓取成功！||国家行政机关公文处理办法
2015-07-07 15:11:57：文章标题抓取成功！||最高人民法院、最高人民检察院关于刑事诉讼法实施中若干问题的规定
2015-07-07 15:11:57：文章标题抓取成功！||最高人民法院、最高人民检察院、公安部、国家安全部关于取保候审若干问题的规定
2015-07-07 15:11:57：文章标题抓取成功！||互联网新闻信息服务管理规定
2015-07-07 15:11:57：文章标题抓取成功！||商用密码科研管理规定
2015-07-07 15:11:58：文章标题抓取成功！||铁路计算机信息网络国际联网保密管理暂行规定
2015-07-07 15:11:58：文章标题抓取成功！||计算机信息网络国际联网出入口信道管理办法
2015-07-07 15:11:58：文章标题抓取成功！||互联网站从事登载新闻业务管理暂行规定
2015-07-07 15:11:58：文章标题抓取成功！||文化部关于加强网络文化市场管理的通知
2015-07-07 15:11:58：文章标题抓取成功！||文化部关于加强互联网上网服务营业场所连锁经营管理的通知
2015-07-07 15:11:58：文章标题抓取成功！||电子认证服务密码管理办法
2015-07-07 15:11:58：文章标题抓取成功！||关于对利用计算机信息系统从事违法违纪活动的处理办法（试行）
2015-07-07 15:11:58：文章标题抓取成功！||中国金桥信息网公众多媒体信息服务管理办法
2015-07-07 15:11:58：文章标题抓取成功！||最高人民法院关于民事、行政诉讼中司法赔偿若干问题的解释
2015-07-07 15:11:58：文章标题抓取成功！||计算机信息系统集成资质管理办法（试行）
2015-07-07 15:11:59：文章标题抓取成功！||计算机信息系统保密管理暂行规定
2015-07-07 15:11:59：文章标题抓取成功！||互联网出版管理暂行规定
2015-07-07 15:11:59：文章标题抓取成功！||商用密码产品销售管理规定
2015-07-07 15:11:59：文章标题抓取成功！||经营性网站备案登记管理暂行办法
2015-07-07 15:11:59：文章标题抓取成功！||中国公众多媒体通信管理办法
2015-07-07 15:11:59：文章标题抓取成功！||最高人民法院关于行政诉讼证据若干问题的规定
2015-07-07 15:12:00：文章标题抓取成功！||科学技术保密规定
2015-07-07 15:12:00：文章标题抓取成功！||电子出版物管理规定
2015-07-07 15:12:00：文章标题抓取成功！||商用密码产品生产管理规定
2015-07-07 15:12:00：文章标题抓取成功！||铁路计算机信息系统安全保护办法
2015-07-07 15:12:00：文章标题抓取成功！||中国公用计算机互联网国际联网管理办法
2015-07-07 15:12:00：文章标题抓取成功！||最高人民法院、最高人民检察院、公安部关于盗窃罪数额认定标准问题的规定
2015-07-07 15:12:00：文章标题抓取成功！||计算机信息系统国际联网保密管理规定
2015-07-07 15:12:00：文章标题抓取成功！||认证培训机构管理办法
2015-07-07 15:12:00：文章标题抓取成功！||经营性网站备案登记管理暂行办法实施细则
2015-07-07 15:12:00：文章标题抓取成功！||最高人民法院关于适用财产刑若干问题的规定
2015-07-07 15:12:01：文章标题抓取成功！||信息系统工程监理暂行规定
2015-07-07 15:12:01：文章标题抓取成功！||互联网著作权行政保护办法
2015-07-07 15:12:01：文章标题抓取成功！||认证咨询机构管理办法
2015-07-07 15:12:01：文章标题抓取成功！||专用网与公用网联网的暂行规定
2015-07-07 15:12:01：文章标题抓取成功！||最高人民检察院、公安部关于适用刑事强制措施有关问题的规定
2015-07-07 15:12:01：文章标题抓取成功！||互联网信息服务管理办法
2015-07-07 15:12:01：文章标题抓取成功！||通信行政处罚程序规定
2015-07-07 15:12:01：文章标题抓取成功！||商用密码管理条例
2015-07-07 15:12:01：文章标题抓取成功！||计算机软件保护条例
2015-07-07 15:12:01：文章标题抓取成功！||电信业务经营许可证管理办法
2015-07-07 15:12:02：文章标题抓取成功！||信息网络传播权保护条例
2015-07-07 15:12:02：文章标题抓取成功！||国际通信出入口局管理办法
2015-07-07 15:12:02：文章标题抓取成功！||关于对与国际联网的计算机信息系统进行备案工作的通知
2015-07-07 15:12:02：文章标题抓取成功！||计算机信息系统安全专用产品检测和销售许可证管理办法
2015-07-07 15:12:02：文章标题抓取成功！||中华人民共和国计算机信息网络国际联网管理暂行规定
2015-07-07 15:12:02：文章标题抓取成功！||计算机病毒防治管理办法
2015-07-07 15:12:02：文章标题抓取成功！||中华人民共和国电子签名法
2015-07-07 15:12:02：文章标题抓取成功！||互联网安全保护技术措施规定
2015-07-07 15:12:02：文章标题抓取成功！||软件产品管理办法
2015-07-07 15:12:04：文章标题抓取成功！||互联网电子公告服务管理规定
2015-07-07 15:12:04：文章标题抓取成功！||公用电信网间互联管理规定
2015-07-07 15:12:04：文章标题抓取成功！||通信工程质量监督管理规定
2015-07-07 15:12:04：列表解析完成！
2015-07-07 15:12:05：文章内容抓取成功！||部分相关标准网址
2015-07-07 15:12:06：文章内容抓取成功！||中国互联网络域名管理办法
2015-07-07 15:12:06：文章内容抓取成功！||中华人民共和国计算机信息系统安全保护条例
2015-07-07 15:12:07：文章内容抓取成功！||中国互联网络域名管理办法
2015-07-07 15:12:07：文章内容抓取成功！||涉及国家秘密的计算机信息系统集成资质管理办法（试行）
2015-07-07 15:12:08：文章内容抓取成功！||互联网等信息网络传播视听节目管理办法
2015-07-07 15:12:08：文章内容抓取成功！||互联网医疗卫生信息服务管理办法
2015-07-07 15:12:08：文章内容抓取成功！||网站名称注册管理暂行办法实施细则
2015-07-07 15:12:09：文章内容抓取成功！||关于审理扰乱电信市场管理秩序案件具体应用法律若干问题的解释
2015-07-07 15:12:09：文章内容抓取成功！||最高人民检察院、公安部关于印发最高人民法院、最高人民检察院、公安部、司法部、新闻出版署关于公安部光盘生产源鉴定中心行使行政、司法鉴定权有关问题的通知
2015-07-07 15:12:09：文章内容抓取成功！||关于互联网中文域名管理的通告
2015-07-07 15:12:10：文章内容抓取成功！||涉及国家秘密的通信、办公自动化和计算机信息系统审批暂行办法
2015-07-07 15:12:10：文章内容抓取成功！||有线广播电视传输覆盖网安全管理办法
2015-07-07 15:12:10：文章内容抓取成功！||互联网药品信息服务管理暂行规定
2015-07-07 15:12:11：文章内容抓取成功！||网站名称注册管理暂行办法
2015-07-07 15:12:11：文章内容抓取成功！||中国教育和科研计算机网管理办法（试行）
2015-07-07 15:12:11：文章内容抓取成功！||非经营性互联网信息服务备案管理办法
2015-07-07 15:12:12：文章内容抓取成功！||教育网站和网校暂行管理办法
2015-07-07 15:12:12：文章内容抓取成功！||关于加强通过信息网络向公众传播广播电影电视类节目管理的通告
2015-07-07 15:12:12：文章内容抓取成功！||网上银行业务管理暂行办法
2015-07-07 15:12:14：文章内容抓取成功！||关于对利用电子邮件发送商业信息的行为进行规范的通告
2015-07-07 15:12:14：文章内容抓取成功！||关于审理涉及计算机网络域名民事纠纷案件适用法律若干问题的解释
2015-07-07 15:12:15：文章内容抓取成功！||最高人民法院关于审理涉及计算机网络著作权纠纷案件适用法律若干问题的解释
2015-07-07 15:12:15：文章内容抓取成功！||互联网IP地址备案管理办法
2015-07-07 15:12:15：文章内容抓取成功！||高等学校计算机网络电子公告服务管理规定
2015-07-07 15:12:16：文章内容抓取成功！||关于加强影视播放机构和互联网等信息网络播放DV片管理的通知
2015-07-07 15:12:16：文章内容抓取成功！||网上证券委托暂行管理办法
2015-07-07 15:12:17：文章内容抓取成功！||北京市互联网站从事登载新闻业务审批及管理工作程序
2015-07-07 15:12:17：文章内容抓取成功！||关于审理涉及计算机网络著作权纠纷案件适用法律若干问题的解释
2015-07-07 15:12:17：文章内容抓取成功！||最高人民法院关于审理涉及计算机网络域名民事纠纷案件适用法律若干问题的解释
2015-07-07 15:12:18：文章内容抓取成功！||国际通信设施建设管理规定
2015-07-07 15:12:18：文章内容抓取成功！||电子认证服务管理办法
2015-07-07 15:12:19：文章内容抓取成功！||文化部关于音像制品网上经营活动有关问题的通知
2015-07-07 15:12:19：文章内容抓取成功！||互联网等信息网络传播视听节目管理办法
2015-07-07 15:12:20：文章内容抓取成功！||国家密码管理委员会办公室公告
2015-07-07 15:12:21：文章内容抓取成功！||司法鉴定机构登记管理办法
2015-07-07 15:12:21：文章内容抓取成功！||北京市网络广告管理暂行办法
2015-07-07 15:12:22：文章内容抓取成功！||最高人民法院关于执行《中华人民共和国行政诉讼法》若干问题的解释
2015-07-07 15:12:24：文章内容抓取成功！||互联网电子邮件服务管理办法
2015-07-07 15:12:25：文章内容抓取成功！||互联网文化管理暂行规定
2015-07-07 15:12:25：文章内容抓取成功！||司法鉴定人管理办法
2015-07-07 15:12:26：文章内容抓取成功！||国家行政机关公文处理办法
2015-07-07 15:12:26：文章内容抓取成功！||最高人民法院、最高人民检察院关于刑事诉讼法实施中若干问题的规定
2015-07-07 15:12:27：文章内容抓取成功！||最高人民法院、最高人民检察院、公安部、国家安全部关于取保候审若干问题的规定
2015-07-07 15:12:27：文章内容抓取成功！||互联网新闻信息服务管理规定
2015-07-07 15:12:28：文章内容抓取成功！||商用密码科研管理规定
2015-07-07 15:12:28：文章内容抓取成功！||铁路计算机信息网络国际联网保密管理暂行规定
2015-07-07 15:12:28：文章内容抓取成功！||计算机信息网络国际联网出入口信道管理办法
2015-07-07 15:12:29：文章内容抓取成功！||互联网站从事登载新闻业务管理暂行规定
2015-07-07 15:12:29：文章内容抓取成功！||文化部关于加强网络文化市场管理的通知
2015-07-07 15:12:30：文章内容抓取成功！||文化部关于加强互联网上网服务营业场所连锁经营管理的通知
2015-07-07 15:12:30：文章内容抓取成功！||电子认证服务密码管理办法
2015-07-07 15:12:31：文章内容抓取成功！||关于对利用计算机信息系统从事违法违纪活动的处理办法（试行）
2015-07-07 15:12:31：文章内容抓取成功！||中国金桥信息网公众多媒体信息服务管理办法
2015-07-07 15:12:32：文章内容抓取成功！||最高人民法院关于民事、行政诉讼中司法赔偿若干问题的解释
2015-07-07 15:12:32：文章内容抓取成功！||计算机信息系统集成资质管理办法（试行）
2015-07-07 15:12:34：文章内容抓取成功！||计算机信息系统保密管理暂行规定
2015-07-07 15:12:35：文章内容抓取成功！||互联网出版管理暂行规定
2015-07-07 15:12:35：文章内容抓取成功！||商用密码产品销售管理规定
2015-07-07 15:12:35：文章内容抓取成功！||经营性网站备案登记管理暂行办法
2015-07-07 15:12:36：文章内容抓取成功！||中国公众多媒体通信管理办法
2015-07-07 15:12:37：文章内容抓取成功！||最高人民法院关于行政诉讼证据若干问题的规定
2015-07-07 15:12:37：文章内容抓取成功！||科学技术保密规定
2015-07-07 15:12:38：文章内容抓取成功！||电子出版物管理规定
2015-07-07 15:12:38：文章内容抓取成功！||商用密码产品生产管理规定
2015-07-07 15:12:39：文章内容抓取成功！||铁路计算机信息系统安全保护办法
2015-07-07 15:12:39：文章内容抓取成功！||中国公用计算机互联网国际联网管理办法
2015-07-07 15:12:39：文章内容抓取成功！||最高人民法院、最高人民检察院、公安部关于盗窃罪数额认定标准问题的规定
2015-07-07 15:12:40：文章内容抓取成功！||计算机信息系统国际联网保密管理规定
2015-07-07 15:12:40：文章内容抓取成功！||认证培训机构管理办法
2015-07-07 15:12:41：文章内容抓取成功！||经营性网站备案登记管理暂行办法实施细则
2015-07-07 15:12:41：文章内容抓取成功！||最高人民法院关于适用财产刑若干问题的规定
2015-07-07 15:12:42：文章内容抓取成功！||信息系统工程监理暂行规定
2015-07-07 15:12:42：文章内容抓取成功！||互联网著作权行政保护办法
2015-07-07 15:12:42：文章内容抓取成功！||认证咨询机构管理办法
2015-07-07 15:12:44：文章内容抓取成功！||专用网与公用网联网的暂行规定
2015-07-07 15:12:45：文章内容抓取成功！||最高人民检察院、公安部关于适用刑事强制措施有关问题的规定
2015-07-07 15:12:45：文章内容抓取成功！||互联网信息服务管理办法
2015-07-07 15:12:46：文章内容抓取成功！||通信行政处罚程序规定
2015-07-07 15:12:46：文章内容抓取成功！||商用密码管理条例
2015-07-07 15:12:47：文章内容抓取成功！||计算机软件保护条例
2015-07-07 15:12:47：文章内容抓取成功！||电信业务经营许可证管理办法
2015-07-07 15:12:48：文章内容抓取成功！||信息网络传播权保护条例
2015-07-07 15:12:48：文章内容抓取成功！||国际通信出入口局管理办法
2015-07-07 15:12:49：文章内容抓取成功！||关于对与国际联网的计算机信息系统进行备案工作的通知
2015-07-07 15:12:49：文章内容抓取成功！||计算机信息系统安全专用产品检测和销售许可证管理办法
2015-07-07 15:12:50：文章内容抓取成功！||中华人民共和国计算机信息网络国际联网管理暂行规定
2015-07-07 15:12:50：文章内容抓取成功！||计算机病毒防治管理办法
2015-07-07 15:12:51：文章内容抓取成功！||中华人民共和国电子签名法
2015-07-07 15:12:51：文章内容抓取成功！||互联网安全保护技术措施规定
2015-07-07 15:12:51：文章内容抓取成功！||软件产品管理办法
2015-07-07 15:12:52：文章内容抓取成功！||互联网电子公告服务管理规定
2015-07-07 15:12:52：文章内容抓取成功！||公用电信网间互联管理规定
2015-07-07 15:12:54：文章内容抓取成功！||通信工程质量监督管理规定
2015-07-07 15:12:54：文章解析完成！
2015-07-07 15:12:54：E:\快盘\Work\JSCERT\图表\Excel\僵木蠕在线查询.xlsx
2015-07-07 15:16:41：60秒后开始抓取
2015-07-07 15:17:42：已经存在！||关于虚拟机管理组件QEMU存在VENOM（毒液）高危漏洞的情况公告
2015-07-07 15:17:42：列表解析完成！
2015-07-07 15:17:42：文章解析完成！
2015-07-07 15:17:42：已经存在！||A STEP-BY-STEP APPROACH ON HOW TO SET UP A CS...
2015-07-07 15:17:42：列表解析完成！
2015-07-07 15:17:44：文章内容抓取失败！||<!DOCTYPE html PUBLIC "-//W3C//DTD XHTML 1.0 Transitional//EN" "http://www.w3.org/TR/xhtml1/DTD/xhtml1-transitional.dtd">







错误







 













 亲爱的用户：您要浏览的网页暂时无法显示。可能的原因是：1. 该页面的链接地址错误。2. 您收藏夹中保存的信息已经过期。





返回 














2015-07-07 15:17:44：文章内容抓取失败！||<!DOCTYPE html PUBLIC "-//W3C//DTD XHTML 1.0 Transitional//EN" "http://www.w3.org/TR/xhtml1/DTD/xhtml1-transitional.dtd">







错误







 













 亲爱的用户：您要浏览的网页暂时无法显示。可能的原因是：1. 该页面的链接地址错误。2. 您收藏夹中保存的信息已经过期。





返回 














2015-07-07 15:17:45：文章内容抓取失败！||<!DOCTYPE html PUBLIC "-//W3C//DTD XHTML 1.0 Transitional//EN" "http://www.w3.org/TR/xhtml1/DTD/xhtml1-transitional.dtd">







错误







 













 亲爱的用户：您要浏览的网页暂时无法显示。可能的原因是：1. 该页面的链接地址错误。2. 您收藏夹中保存的信息已经过期。





返回 














2015-07-07 15:17:45：文章内容抓取失败！||<!DOCTYPE html PUBLIC "-//W3C//DTD XHTML 1.0 Transitional//EN" "http://www.w3.org/TR/xhtml1/DTD/xhtml1-transitional.dtd">







错误







 













 亲爱的用户：您要浏览的网页暂时无法显示。可能的原因是：1. 该页面的链接地址错误。2. 您收藏夹中保存的信息已经过期。





返回 














2015-07-07 15:17:45：文章内容抓取失败！||<!DOCTYPE html PUBLIC "-//W3C//DTD XHTML 1.0 Transitional//EN" "http://www.w3.org/TR/xhtml1/DTD/xhtml1-transitional.dtd">







错误







 













 亲爱的用户：您要浏览的网页暂时无法显示。可能的原因是：1. 该页面的链接地址错误。2. 您收藏夹中保存的信息已经过期。





返回 














2015-07-07 15:17:45：文章内容抓取失败！||<!DOCTYPE html PUBLIC "-//W3C//DTD XHTML 1.0 Transitional//EN" "http://www.w3.org/TR/xhtml1/DTD/xhtml1-transitional.dtd">







错误







 













 亲爱的用户：您要浏览的网页暂时无法显示。可能的原因是：1. 该页面的链接地址错误。2. 您收藏夹中保存的信息已经过期。





返回 














2015-07-07 15:17:45：文章解析完成！
2015-07-07 15:17:46：已经存在！||部分相关标准网址
2015-07-07 15:17:46：列表解析完成！
2015-07-07 15:17:46：文章解析完成！
2015-07-07 15:17:46：E:\快盘\Work\JSCERT\图表\Excel\僵木蠕在线查询.xlsx
