-----------------------------------------------------------------------
时间:2014-07-24 15:12:01,390
级别:FATAL
描述:无法找到表 0。
System.IndexOutOfRangeException: 无法找到表 0。
   在 System.Data.DataTableCollection.get_Item(Int32 index)
   在 BW.MMS.DAL.ReportDAL.GetDataByDept(Int32 type, DateTime date) 位置 E:\01 北路\01 项目\BS项目\01 煤矿计量管理系统\主版本\源代码\BW.MMS\BW.MMS.DAL\ReportDAL.cs:行号 349
   在 BW.MMS.BLL.ReportBLL.GetDataByDept(Int32 type, DateTime date) 位置 E:\01 北路\01 项目\BS项目\01 煤矿计量管理系统\主版本\源代码\BW.MMS\BW.MMS.BLL\ReportBLL.cs:行号 106
   在 BW.MMS.Web.Controllers.RealTime.SensorDataRealTimeController.GetProductionByDept() 位置 E:\01 北路\01 项目\BS项目\01 煤矿计量管理系统\主版本\源代码\BW.MMS\BW.MMS.Web\Controllers\RealTime\SensorDataRealTimeController.cs:行号 84
   在 lambda_method(Closure , ControllerBase , Object[] )
   在 System.Web.Mvc.ActionMethodDispatcher.Execute(ControllerBase controller, Object[] parameters)
   在 System.Web.Mvc.ReflectedActionDescriptor.Execute(ControllerContext controllerContext, IDictionary`2 parameters)
   在 System.Web.Mvc.ControllerActionInvoker.InvokeActionMethod(ControllerContext controllerContext, ActionDescriptor actionDescriptor, IDictionary`2 parameters)
   在 System.Web.Mvc.Async.AsyncControllerActionInvoker.InvokeSynchronousActionMethod(ControllerContext controllerContext, ActionDescriptor actionDescriptor, IDictionary`2 parameters)
   在 System.Web.Mvc.Async.AsyncControllerActionInvoker.<>c__DisplayClass42.<BeginInvokeSynchronousActionMethod>b__41()
   在 System.Web.Mvc.Async.AsyncResultWrapper.<>c__DisplayClass8`1.<BeginSynchronous>b__7(IAsyncResult _)
   在 System.Web.Mvc.Async.AsyncResultWrapper.WrappedAsyncResult`1.End()
   在 System.Web.Mvc.Async.AsyncResultWrapper.End[TResult](IAsyncResult asyncResult, Object tag)
   在 System.Web.Mvc.Async.AsyncControllerActionInvoker.EndInvokeActionMethod(IAsyncResult asyncResult)
   在 System.Web.Mvc.Async.AsyncControllerActionInvoker.<>c__DisplayClass37.<>c__DisplayClass39.<BeginInvokeActionMethodWithFilters>b__33()
   在 System.Web.Mvc.Async.AsyncControllerActionInvoker.<>c__DisplayClass4f.<InvokeActionMethodFilterAsynchronously>b__49()
   在 System.Web.Mvc.Async.AsyncControllerActionInvoker.<>c__DisplayClass37.<BeginInvokeActionMethodWithFilters>b__36(IAsyncResult asyncResult)
   在 System.Web.Mvc.Async.AsyncResultWrapper.WrappedAsyncResult`1.End()
   在 System.Web.Mvc.Async.AsyncResultWrapper.End[TResult](IAsyncResult asyncResult, Object tag)
   在 System.Web.Mvc.Async.AsyncControllerActionInvoker.EndInvokeActionMethodWithFilters(IAsyncResult asyncResult)
   在 System.Web.Mvc.Async.AsyncControllerActionInvoker.<>c__DisplayClass25.<>c__DisplayClass2a.<BeginInvokeAction>b__20()
   在 System.Web.Mvc.Async.AsyncControllerActionInvoker.<>c__DisplayClass25.<BeginInvokeAction>b__22(IAsyncResult asyncResult)
-----------------------------------------------------------------------
时间:2014-07-24 15:34:46,609
级别:FATAL
描述:将 float 转换为数据类型 numeric 时出现算术溢出错误。
将 float 转换为数据类型 numeric 时出现算术溢出错误。
将 float 转换为数据类型 numeric 时出现算术溢出错误。
将 float 转换为数据类型 numeric 时出现算术溢出错误。
将 float 转换为数据类型 numeric 时出现算术溢出错误。
将 float 转换为数据类型 numeric 时出现算术溢出错误。
System.Data.SqlClient.SqlException (0x80131904): 将 float 转换为数据类型 numeric 时出现算术溢出错误。
将 float 转换为数据类型 numeric 时出现算术溢出错误。
将 float 转换为数据类型 numeric 时出现算术溢出错误。
将 float 转换为数据类型 numeric 时出现算术溢出错误。
将 float 转换为数据类型 numeric 时出现算术溢出错误。
将 float 转换为数据类型 numeric 时出现算术溢出错误。
   在 BW.MMS.DBUtility.DbHelperSQL.RunProcedure(String storedProcName, IDataParameter[] parameters, String tableName, Int32 Times) 位置 E:\01 北路\01 项目\BS项目\01 煤矿计量管理系统\主版本\源代码\BW.MMS\BW.MMS.DBUtility\DbHelperSQL.cs:行号 963
   在 BW.MMS.DAL.ReportDAL.GetExpendCompareRealAndPlan(String dtDate) 位置 E:\01 北路\01 项目\BS项目\01 煤矿计量管理系统\主版本\源代码\BW.MMS\BW.MMS.DAL\ReportDAL.cs:行号 62
   在 BW.MMS.BLL.ReportBLL.GetExpendCompareRealAndPlan(String dtDate) 位置 E:\01 北路\01 项目\BS项目\01 煤矿计量管理系统\主版本\源代码\BW.MMS\BW.MMS.BLL\ReportBLL.cs:行号 54
   在 BW.MMS.Web.Controllers.EfficiencyAppraisals.ExpendCompareRealAndPlanController.GetCompareRealAndPlan() 位置 E:\01 北路\01 项目\BS项目\01 煤矿计量管理系统\主版本\源代码\BW.MMS\BW.MMS.Web\Controllers\EfficiencyAppraisals\ExpendCompareRealAndPlanController.cs:行号 81
   在 lambda_method(Closure , ControllerBase , Object[] )
   在 System.Web.Mvc.ActionMethodDispatcher.Execute(ControllerBase controller, Object[] parameters)
   在 System.Web.Mvc.ReflectedActionDescriptor.Execute(ControllerContext controllerContext, IDictionary`2 parameters)
   在 System.Web.Mvc.ControllerActionInvoker.InvokeActionMethod(ControllerContext controllerContext, ActionDescriptor actionDescriptor, IDictionary`2 parameters)
   在 System.Web.Mvc.Async.AsyncControllerActionInvoker.InvokeSynchronousActionMethod(ControllerContext controllerContext, ActionDescriptor actionDescriptor, IDictionary`2 parameters)
   在 System.Web.Mvc.Async.AsyncControllerActionInvoker.<>c__DisplayClass42.<BeginInvokeSynchronousActionMethod>b__41()
   在 System.Web.Mvc.Async.AsyncResultWrapper.<>c__DisplayClass8`1.<BeginSynchronous>b__7(IAsyncResult _)
   在 System.Web.Mvc.Async.AsyncResultWrapper.WrappedAsyncResult`1.End()
   在 System.Web.Mvc.Async.AsyncResultWrapper.End[TResult](IAsyncResult asyncResult, Object tag)
   在 System.Web.Mvc.Async.AsyncControllerActionInvoker.EndInvokeActionMethod(IAsyncResult asyncResult)
   在 System.Web.Mvc.Async.AsyncControllerActionInvoker.<>c__DisplayClass37.<>c__DisplayClass39.<BeginInvokeActionMethodWithFilters>b__33()
   在 System.Web.Mvc.Async.AsyncControllerActionInvoker.<>c__DisplayClass4f.<InvokeActionMethodFilterAsynchronously>b__49()
   在 System.Web.Mvc.Async.AsyncControllerActionInvoker.<>c__DisplayClass37.<BeginInvokeActionMethodWithFilters>b__36(IAsyncResult asyncResult)
   在 System.Web.Mvc.Async.AsyncResultWrapper.WrappedAsyncResult`1.End()
   在 System.Web.Mvc.Async.AsyncResultWrapper.End[TResult](IAsyncResult asyncResult, Object tag)
   在 System.Web.Mvc.Async.AsyncControllerActionInvoker.EndInvokeActionMethodWithFilters(IAsyncResult asyncResult)
   在 System.Web.Mvc.Async.AsyncControllerActionInvoker.<>c__DisplayClass25.<>c__DisplayClass2a.<BeginInvokeAction>b__20()
   在 System.Web.Mvc.Async.AsyncControllerActionInvoker.<>c__DisplayClass25.<BeginInvokeAction>b__22(IAsyncResult asyncResult)
