-----------------------------------------------------------------------
时间:2015-09-23 09:16:35,071
级别:ERROR
描述:Socket错误：由于目标计算机积极拒绝，无法连接。 127.0.0.1:11235
-----------------------------------------------------------------------
时间:2015-09-23 09:26:35,032
级别:ERROR
描述:Socket错误：由于目标计算机积极拒绝，无法连接。 127.0.0.1:11235
-----------------------------------------------------------------------
时间:2015-09-23 09:27:32,841
级别:FATAL
描述:字符串 'CN_INFfrom #TEMPle group by RecordMonth ORDER BY RecordMonth' 后的引号不完整。
'CN_INFfrom #TEMPle group by RecordMonth ORDER BY RecordMonth' 附近有语法错误。
System.Data.SqlClient.SqlException (0x80131904): 字符串 'CN_INFfrom #TEMPle group by RecordMonth ORDER BY RecordMonth' 后的引号不完整。
'CN_INFfrom #TEMPle group by RecordMonth ORDER BY RecordMonth' 附近有语法错误。
   在 BW.MMS.DBUtility.DbHelperSQLGH_LOG.RunProcedure(String storedProcName, IDataParameter[] parameters, String tableName, Int32 Times) 位置 H:\SVNData\BW.MMS\BW.MMS\BW.MMS.DBUtility\DbHelperSQLGH_LOG.cs:行号 963
   在 BW.MMS.DAL.HistoryRecord.GetYearReport(String startDate, String endDate) 位置 H:\SVNData\BW.MMS\BW.MMS\BW.MMS.DAL\HistoryRecord.cs:行号 452
   在 BW.MMS.BLL.HistoryRecord.GetYearReport(String startDate, String endDate) 位置 H:\SVNData\BW.MMS\BW.MMS\BW.MMS.BLL\HistoryRecord.cs:行号 175
   在 BW.MMS.Web.Controllers.YearReportController.GetGridList() 位置 H:\SVNData\BW.MMS\BW.MMS\BW.MMS.Web\Controllers\YearReportController.cs:行号 61
   在 lambda_method(Closure , ControllerBase , Object[] )
   在 System.Web.Mvc.ActionMethodDispatcher.Execute(ControllerBase controller, Object[] parameters)
   在 System.Web.Mvc.ReflectedActionDescriptor.Execute(ControllerContext controllerContext, IDictionary`2 parameters)
   在 System.Web.Mvc.ControllerActionInvoker.InvokeActionMethod(ControllerContext controllerContext, ActionDescriptor actionDescriptor, IDictionary`2 parameters)
   在 System.Web.Mvc.Async.AsyncControllerActionInvoker.InvokeSynchronousActionMethod(ControllerContext controllerContext, ActionDescriptor actionDescriptor, IDictionary`2 parameters)
   在 System.Web.Mvc.Async.AsyncControllerActionInvoker.<>c__DisplayClass42.<BeginInvokeSynchronousActionMethod>b__41()
   在 System.Web.Mvc.Async.AsyncResultWrapper.<>c__DisplayClass8`1.<BeginSynchronous>b__7(IAsyncResult _)
   在 System.Web.Mvc.Async.AsyncResultWrapper.WrappedAsyncResult`1.End()
   在 System.Web.Mvc.Async.AsyncResultWrapper.End[TResult](IAsyncResult asyncResult, Object tag)
   在 System.Web.Mvc.Async.AsyncControllerActionInvoker.EndInvokeActionMethod(IAsyncResult asyncResult)
   在 System.Web.Mvc.Async.AsyncControllerActionInvoker.<>c__DisplayClass37.<>c__DisplayClass39.<BeginInvokeActionMethodWithFilters>b__33()
   在 System.Web.Mvc.Async.AsyncControllerActionInvoker.<>c__DisplayClass4f.<InvokeActionMethodFilterAsynchronously>b__49()
   在 System.Web.Mvc.Async.AsyncControllerActionInvoker.<>c__DisplayClass37.<BeginInvokeActionMethodWithFilters>b__36(IAsyncResult asyncResult)
   在 System.Web.Mvc.Async.AsyncResultWrapper.WrappedAsyncResult`1.End()
   在 System.Web.Mvc.Async.AsyncResultWrapper.End[TResult](IAsyncResult asyncResult, Object tag)
   在 System.Web.Mvc.Async.AsyncControllerActionInvoker.EndInvokeActionMethodWithFilters(IAsyncResult asyncResult)
   在 System.Web.Mvc.Async.AsyncControllerActionInvoker.<>c__DisplayClass25.<>c__DisplayClass2a.<BeginInvokeAction>b__20()
   在 System.Web.Mvc.Async.AsyncControllerActionInvoker.<>c__DisplayClass25.<BeginInvokeAction>b__22(IAsyncResult asyncResult)
ClientConnectionId:f7f3a1bf-a6d8-428b-9ee1-adf96fbd5684
-----------------------------------------------------------------------
时间:2015-09-23 09:45:04,810
级别:FATAL
描述:字符串 'CN_INFfrom #TEMPle group by RecordMonth ORDER BY RecordMonth' 后的引号不完整。
'CN_INFfrom #TEMPle group by RecordMonth ORDER BY RecordMonth' 附近有语法错误。
System.Data.SqlClient.SqlException (0x80131904): 字符串 'CN_INFfrom #TEMPle group by RecordMonth ORDER BY RecordMonth' 后的引号不完整。
'CN_INFfrom #TEMPle group by RecordMonth ORDER BY RecordMonth' 附近有语法错误。
   在 BW.MMS.DBUtility.DbHelperSQLGH_LOG.RunProcedure(String storedProcName, IDataParameter[] parameters, String tableName, Int32 Times) 位置 H:\SVNData\BW.MMS\BW.MMS\BW.MMS.DBUtility\DbHelperSQLGH_LOG.cs:行号 963
   在 BW.MMS.DAL.HistoryRecord.GetYearReport(String startDate, String endDate) 位置 H:\SVNData\BW.MMS\BW.MMS\BW.MMS.DAL\HistoryRecord.cs:行号 452
   在 BW.MMS.BLL.HistoryRecord.GetYearReport(String startDate, String endDate) 位置 H:\SVNData\BW.MMS\BW.MMS\BW.MMS.BLL\HistoryRecord.cs:行号 175
   在 BW.MMS.Web.Controllers.YearReportController.GetGridList() 位置 H:\SVNData\BW.MMS\BW.MMS\BW.MMS.Web\Controllers\YearReportController.cs:行号 61
   在 lambda_method(Closure , ControllerBase , Object[] )
   在 System.Web.Mvc.ActionMethodDispatcher.Execute(ControllerBase controller, Object[] parameters)
   在 System.Web.Mvc.ReflectedActionDescriptor.Execute(ControllerContext controllerContext, IDictionary`2 parameters)
   在 System.Web.Mvc.ControllerActionInvoker.InvokeActionMethod(ControllerContext controllerContext, ActionDescriptor actionDescriptor, IDictionary`2 parameters)
   在 System.Web.Mvc.Async.AsyncControllerActionInvoker.InvokeSynchronousActionMethod(ControllerContext controllerContext, ActionDescriptor actionDescriptor, IDictionary`2 parameters)
   在 System.Web.Mvc.Async.AsyncControllerActionInvoker.<>c__DisplayClass42.<BeginInvokeSynchronousActionMethod>b__41()
   在 System.Web.Mvc.Async.AsyncResultWrapper.<>c__DisplayClass8`1.<BeginSynchronous>b__7(IAsyncResult _)
   在 System.Web.Mvc.Async.AsyncResultWrapper.WrappedAsyncResult`1.End()
   在 System.Web.Mvc.Async.AsyncResultWrapper.End[TResult](IAsyncResult asyncResult, Object tag)
   在 System.Web.Mvc.Async.AsyncControllerActionInvoker.EndInvokeActionMethod(IAsyncResult asyncResult)
   在 System.Web.Mvc.Async.AsyncControllerActionInvoker.<>c__DisplayClass37.<>c__DisplayClass39.<BeginInvokeActionMethodWithFilters>b__33()
   在 System.Web.Mvc.Async.AsyncControllerActionInvoker.<>c__DisplayClass4f.<InvokeActionMethodFilterAsynchronously>b__49()
   在 System.Web.Mvc.Async.AsyncControllerActionInvoker.<>c__DisplayClass37.<BeginInvokeActionMethodWithFilters>b__36(IAsyncResult asyncResult)
   在 System.Web.Mvc.Async.AsyncResultWrapper.WrappedAsyncResult`1.End()
   在 System.Web.Mvc.Async.AsyncResultWrapper.End[TResult](IAsyncResult asyncResult, Object tag)
   在 System.Web.Mvc.Async.AsyncControllerActionInvoker.EndInvokeActionMethodWithFilters(IAsyncResult asyncResult)
   在 System.Web.Mvc.Async.AsyncControllerActionInvoker.<>c__DisplayClass25.<>c__DisplayClass2a.<BeginInvokeAction>b__20()
   在 System.Web.Mvc.Async.AsyncControllerActionInvoker.<>c__DisplayClass25.<BeginInvokeAction>b__22(IAsyncResult asyncResult)
ClientConnectionId:f7f3a1bf-a6d8-428b-9ee1-adf96fbd5684
-----------------------------------------------------------------------
时间:2015-09-23 09:45:06,831
级别:ERROR
描述:Socket错误：由于目标计算机积极拒绝，无法连接。 127.0.0.1:11235
-----------------------------------------------------------------------
时间:2015-09-23 09:46:05,803
级别:WARN
描述:重新连接Socket服务
-----------------------------------------------------------------------
时间:2015-09-23 09:47:05,815
级别:WARN
描述:重新连接Socket服务
-----------------------------------------------------------------------
时间:2015-09-23 09:48:05,827
级别:WARN
描述:重新连接Socket服务
-----------------------------------------------------------------------
时间:2015-09-23 09:49:05,844
级别:WARN
描述:重新连接Socket服务
-----------------------------------------------------------------------
时间:2015-09-23 09:50:05,854
级别:WARN
描述:重新连接Socket服务
-----------------------------------------------------------------------
时间:2015-09-23 09:51:05,868
级别:WARN
描述:重新连接Socket服务
-----------------------------------------------------------------------
时间:2015-09-23 09:52:05,882
级别:WARN
描述:重新连接Socket服务
-----------------------------------------------------------------------
时间:2015-09-23 09:53:05,895
级别:WARN
描述:重新连接Socket服务
-----------------------------------------------------------------------
时间:2015-09-23 09:54:05,909
级别:WARN
描述:重新连接Socket服务
-----------------------------------------------------------------------
时间:2015-09-23 09:55:05,923
级别:WARN
描述:重新连接Socket服务
-----------------------------------------------------------------------
时间:2015-09-23 09:56:05,937
级别:WARN
描述:重新连接Socket服务
-----------------------------------------------------------------------
时间:2015-09-23 09:57:06,233
级别:WARN
描述:重新连接Socket服务
-----------------------------------------------------------------------
时间:2015-09-23 09:58:06,245
级别:WARN
描述:重新连接Socket服务
-----------------------------------------------------------------------
时间:2015-09-23 09:59:06,258
级别:WARN
描述:重新连接Socket服务
-----------------------------------------------------------------------
时间:2015-09-23 10:00:06,272
级别:WARN
描述:重新连接Socket服务
-----------------------------------------------------------------------
时间:2015-09-23 10:01:06,286
级别:WARN
描述:重新连接Socket服务
-----------------------------------------------------------------------
时间:2015-09-23 10:01:52,536
级别:ERROR
描述:Socket错误：由于目标计算机积极拒绝，无法连接。 127.0.0.1:11235
-----------------------------------------------------------------------
时间:2015-09-23 10:02:06,298
级别:WARN
描述:重新连接Socket服务
-----------------------------------------------------------------------
时间:2015-09-23 10:03:06,313
级别:WARN
描述:重新连接Socket服务
-----------------------------------------------------------------------
时间:2015-09-23 10:04:06,326
级别:WARN
描述:重新连接Socket服务
-----------------------------------------------------------------------
时间:2015-09-23 10:05:06,339
级别:WARN
描述:重新连接Socket服务
-----------------------------------------------------------------------
时间:2015-09-23 10:06:06,354
级别:WARN
描述:重新连接Socket服务
-----------------------------------------------------------------------
时间:2015-09-23 10:07:06,366
级别:WARN
描述:重新连接Socket服务
-----------------------------------------------------------------------
时间:2015-09-23 10:08:06,380
级别:WARN
描述:重新连接Socket服务
-----------------------------------------------------------------------
时间:2015-09-23 10:09:06,394
级别:WARN
描述:重新连接Socket服务
-----------------------------------------------------------------------
时间:2015-09-23 10:09:56,674
级别:ERROR
描述:Socket错误：由于目标计算机积极拒绝，无法连接。 127.0.0.1:11235
-----------------------------------------------------------------------
时间:2015-09-23 10:12:20,771
级别:ERROR
描述:Socket错误：由于目标计算机积极拒绝，无法连接。 127.0.0.1:11235
-----------------------------------------------------------------------
时间:2015-09-23 10:13:58,247
级别:ERROR
描述:Socket错误：由于目标计算机积极拒绝，无法连接。 127.0.0.1:11235
-----------------------------------------------------------------------
时间:2015-09-23 10:23:38,531
级别:ERROR
描述:Socket错误：由于目标计算机积极拒绝，无法连接。 127.0.0.1:11235
-----------------------------------------------------------------------
时间:2015-09-23 10:25:35,195
级别:FATAL
描述:该字符串未被识别为有效的 DateTime。
System.FormatException: 该字符串未被识别为有效的 DateTime。
   在 System.DateTimeParse.Parse(String s, DateTimeFormatInfo dtfi, DateTimeStyles styles)
   在 System.DateTime.Parse(String s)
   在 BW.MMS.Web.Controllers.YoyChartController.getSeries() 位置 H:\SVNData\BW.MMS\BW.MMS\BW.MMS.Web\Controllers\YoyChartController.cs:行号 113
   在 lambda_method(Closure , ControllerBase , Object[] )
   在 System.Web.Mvc.ActionMethodDispatcher.Execute(ControllerBase controller, Object[] parameters)
   在 System.Web.Mvc.ReflectedActionDescriptor.Execute(ControllerContext controllerContext, IDictionary`2 parameters)
   在 System.Web.Mvc.ControllerActionInvoker.InvokeActionMethod(ControllerContext controllerContext, ActionDescriptor actionDescriptor, IDictionary`2 parameters)
   在 System.Web.Mvc.Async.AsyncControllerActionInvoker.InvokeSynchronousActionMethod(ControllerContext controllerContext, ActionDescriptor actionDescriptor, IDictionary`2 parameters)
   在 System.Web.Mvc.Async.AsyncControllerActionInvoker.<>c__DisplayClass42.<BeginInvokeSynchronousActionMethod>b__41()
   在 System.Web.Mvc.Async.AsyncResultWrapper.<>c__DisplayClass8`1.<BeginSynchronous>b__7(IAsyncResult _)
   在 System.Web.Mvc.Async.AsyncResultWrapper.WrappedAsyncResult`1.End()
   在 System.Web.Mvc.Async.AsyncResultWrapper.End[TResult](IAsyncResult asyncResult, Object tag)
   在 System.Web.Mvc.Async.AsyncControllerActionInvoker.EndInvokeActionMethod(IAsyncResult asyncResult)
   在 System.Web.Mvc.Async.AsyncControllerActionInvoker.<>c__DisplayClass37.<>c__DisplayClass39.<BeginInvokeActionMethodWithFilters>b__33()
   在 System.Web.Mvc.Async.AsyncControllerActionInvoker.<>c__DisplayClass4f.<InvokeActionMethodFilterAsynchronously>b__49()
   在 System.Web.Mvc.Async.AsyncControllerActionInvoker.<>c__DisplayClass37.<BeginInvokeActionMethodWithFilters>b__36(IAsyncResult asyncResult)
   在 System.Web.Mvc.Async.AsyncResultWrapper.WrappedAsyncResult`1.End()
   在 System.Web.Mvc.Async.AsyncResultWrapper.End[TResult](IAsyncResult asyncResult, Object tag)
   在 System.Web.Mvc.Async.AsyncControllerActionInvoker.EndInvokeActionMethodWithFilters(IAsyncResult asyncResult)
   在 System.Web.Mvc.Async.AsyncControllerActionInvoker.<>c__DisplayClass25.<>c__DisplayClass2a.<BeginInvokeAction>b__20()
   在 System.Web.Mvc.Async.AsyncControllerActionInvoker.<>c__DisplayClass25.<BeginInvokeAction>b__22(IAsyncResult asyncResult)
-----------------------------------------------------------------------
时间:2015-09-23 10:25:52,658
级别:FATAL
描述:该字符串未被识别为有效的 DateTime。
System.FormatException: 该字符串未被识别为有效的 DateTime。
   在 System.DateTimeParse.Parse(String s, DateTimeFormatInfo dtfi, DateTimeStyles styles)
   在 System.DateTime.Parse(String s)
   在 BW.MMS.Web.Controllers.YoyChartController.getSeries() 位置 H:\SVNData\BW.MMS\BW.MMS\BW.MMS.Web\Controllers\YoyChartController.cs:行号 113
   在 lambda_method(Closure , ControllerBase , Object[] )
   在 System.Web.Mvc.ActionMethodDispatcher.Execute(ControllerBase controller, Object[] parameters)
   在 System.Web.Mvc.ReflectedActionDescriptor.Execute(ControllerContext controllerContext, IDictionary`2 parameters)
   在 System.Web.Mvc.ControllerActionInvoker.InvokeActionMethod(ControllerContext controllerContext, ActionDescriptor actionDescriptor, IDictionary`2 parameters)
   在 System.Web.Mvc.Async.AsyncControllerActionInvoker.InvokeSynchronousActionMethod(ControllerContext controllerContext, ActionDescriptor actionDescriptor, IDictionary`2 parameters)
   在 System.Web.Mvc.Async.AsyncControllerActionInvoker.<>c__DisplayClass42.<BeginInvokeSynchronousActionMethod>b__41()
   在 System.Web.Mvc.Async.AsyncResultWrapper.<>c__DisplayClass8`1.<BeginSynchronous>b__7(IAsyncResult _)
   在 System.Web.Mvc.Async.AsyncResultWrapper.WrappedAsyncResult`1.End()
   在 System.Web.Mvc.Async.AsyncResultWrapper.End[TResult](IAsyncResult asyncResult, Object tag)
   在 System.Web.Mvc.Async.AsyncControllerActionInvoker.EndInvokeActionMethod(IAsyncResult asyncResult)
   在 System.Web.Mvc.Async.AsyncControllerActionInvoker.<>c__DisplayClass37.<>c__DisplayClass39.<BeginInvokeActionMethodWithFilters>b__33()
   在 System.Web.Mvc.Async.AsyncControllerActionInvoker.<>c__DisplayClass4f.<InvokeActionMethodFilterAsynchronously>b__49()
   在 System.Web.Mvc.Async.AsyncControllerActionInvoker.<>c__DisplayClass37.<BeginInvokeActionMethodWithFilters>b__36(IAsyncResult asyncResult)
   在 System.Web.Mvc.Async.AsyncResultWrapper.WrappedAsyncResult`1.End()
   在 System.Web.Mvc.Async.AsyncResultWrapper.End[TResult](IAsyncResult asyncResult, Object tag)
   在 System.Web.Mvc.Async.AsyncControllerActionInvoker.EndInvokeActionMethodWithFilters(IAsyncResult asyncResult)
   在 System.Web.Mvc.Async.AsyncControllerActionInvoker.<>c__DisplayClass25.<>c__DisplayClass2a.<BeginInvokeAction>b__20()
   在 System.Web.Mvc.Async.AsyncControllerActionInvoker.<>c__DisplayClass25.<BeginInvokeAction>b__22(IAsyncResult asyncResult)
-----------------------------------------------------------------------
时间:2015-09-23 10:27:35,078
级别:WARN
描述:重新连接Socket服务
-----------------------------------------------------------------------
时间:2015-09-23 10:29:33,446
级别:WARN
描述:重新连接Socket服务
-----------------------------------------------------------------------
时间:2015-09-23 10:30:33,448
级别:WARN
描述:重新连接Socket服务
-----------------------------------------------------------------------
时间:2015-09-23 10:31:33,462
级别:WARN
描述:重新连接Socket服务
-----------------------------------------------------------------------
时间:2015-09-23 10:32:33,476
级别:WARN
描述:重新连接Socket服务
-----------------------------------------------------------------------
时间:2015-09-23 10:33:19,463
级别:ERROR
描述:Socket错误：由于目标计算机积极拒绝，无法连接。 127.0.0.1:11235
-----------------------------------------------------------------------
时间:2015-09-23 14:08:25,200
级别:WARN
描述:重新连接Socket服务
-----------------------------------------------------------------------
时间:2015-09-23 14:08:26,212
级别:ERROR
描述:Socket错误：由于目标计算机积极拒绝，无法连接。 127.0.0.1:11235
-----------------------------------------------------------------------
时间:2015-09-23 14:09:25,207
级别:WARN
描述:重新连接Socket服务
-----------------------------------------------------------------------
时间:2015-09-23 14:10:25,222
级别:WARN
描述:重新连接Socket服务
-----------------------------------------------------------------------
时间:2015-09-23 14:11:25,236
级别:WARN
描述:重新连接Socket服务
-----------------------------------------------------------------------
时间:2015-09-23 14:12:25,248
级别:WARN
描述:重新连接Socket服务
-----------------------------------------------------------------------
时间:2015-09-23 14:13:25,262
级别:WARN
描述:重新连接Socket服务
-----------------------------------------------------------------------
时间:2015-09-23 14:14:25,275
级别:WARN
描述:重新连接Socket服务
-----------------------------------------------------------------------
时间:2015-09-23 14:15:25,289
级别:WARN
描述:重新连接Socket服务
-----------------------------------------------------------------------
时间:2015-09-23 14:16:25,302
级别:WARN
描述:重新连接Socket服务
-----------------------------------------------------------------------
时间:2015-09-23 14:17:25,317
级别:WARN
描述:重新连接Socket服务
-----------------------------------------------------------------------
时间:2015-09-23 14:18:25,330
级别:WARN
描述:重新连接Socket服务
-----------------------------------------------------------------------
时间:2015-09-23 14:19:25,345
级别:WARN
描述:重新连接Socket服务
-----------------------------------------------------------------------
时间:2015-09-23 14:20:25,356
级别:WARN
描述:重新连接Socket服务
-----------------------------------------------------------------------
时间:2015-09-23 14:21:25,370
级别:WARN
描述:重新连接Socket服务
-----------------------------------------------------------------------
时间:2015-09-23 14:22:25,384
级别:WARN
描述:重新连接Socket服务
-----------------------------------------------------------------------
时间:2015-09-23 14:23:25,398
级别:WARN
描述:重新连接Socket服务
-----------------------------------------------------------------------
时间:2015-09-23 14:24:25,411
级别:WARN
描述:重新连接Socket服务
-----------------------------------------------------------------------
时间:2015-09-23 14:25:08,043
级别:ERROR
描述:Socket错误：由于目标计算机积极拒绝，无法连接。 127.0.0.1:11235
-----------------------------------------------------------------------
时间:2015-09-23 14:25:25,424
级别:WARN
描述:重新连接Socket服务
-----------------------------------------------------------------------
时间:2015-09-23 14:26:25,439
级别:WARN
描述:重新连接Socket服务
-----------------------------------------------------------------------
时间:2015-09-23 14:27:25,451
级别:WARN
描述:重新连接Socket服务
-----------------------------------------------------------------------
时间:2015-09-23 14:28:25,467
级别:WARN
描述:重新连接Socket服务
-----------------------------------------------------------------------
时间:2015-09-23 14:29:25,479
级别:WARN
描述:重新连接Socket服务
-----------------------------------------------------------------------
时间:2015-09-23 14:30:25,493
级别:WARN
描述:重新连接Socket服务
-----------------------------------------------------------------------
时间:2015-09-23 14:31:25,506
级别:WARN
描述:重新连接Socket服务
-----------------------------------------------------------------------
时间:2015-09-23 14:32:25,519
级别:WARN
描述:重新连接Socket服务
-----------------------------------------------------------------------
时间:2015-09-23 14:33:25,533
级别:WARN
描述:重新连接Socket服务
-----------------------------------------------------------------------
时间:2015-09-23 14:34:25,547
级别:WARN
描述:重新连接Socket服务
-----------------------------------------------------------------------
时间:2015-09-23 14:35:25,562
级别:WARN
描述:重新连接Socket服务
-----------------------------------------------------------------------
时间:2015-09-23 14:36:25,575
级别:WARN
描述:重新连接Socket服务
-----------------------------------------------------------------------
时间:2015-09-23 14:37:25,588
级别:WARN
描述:重新连接Socket服务
-----------------------------------------------------------------------
时间:2015-09-23 14:38:25,602
级别:WARN
描述:重新连接Socket服务
-----------------------------------------------------------------------
时间:2015-09-23 14:39:25,614
级别:WARN
描述:重新连接Socket服务
-----------------------------------------------------------------------
时间:2015-09-23 14:40:25,628
级别:WARN
描述:重新连接Socket服务
-----------------------------------------------------------------------
时间:2015-09-23 14:41:25,642
级别:WARN
描述:重新连接Socket服务
-----------------------------------------------------------------------
时间:2015-09-23 14:41:48,139
级别:ERROR
描述:Socket错误：由于目标计算机积极拒绝，无法连接。 127.0.0.1:11235
-----------------------------------------------------------------------
时间:2015-09-23 14:42:25,657
级别:WARN
描述:重新连接Socket服务
-----------------------------------------------------------------------
时间:2015-09-23 14:43:25,669
级别:WARN
描述:重新连接Socket服务
-----------------------------------------------------------------------
时间:2015-09-23 14:44:25,682
级别:WARN
描述:重新连接Socket服务
-----------------------------------------------------------------------
时间:2015-09-23 14:45:25,697
级别:WARN
描述:重新连接Socket服务
-----------------------------------------------------------------------
时间:2015-09-23 14:46:25,709
级别:WARN
描述:重新连接Socket服务
-----------------------------------------------------------------------
时间:2015-09-23 14:47:25,724
级别:WARN
描述:重新连接Socket服务
-----------------------------------------------------------------------
时间:2015-09-23 14:48:25,738
级别:WARN
描述:重新连接Socket服务
-----------------------------------------------------------------------
时间:2015-09-23 14:49:25,752
级别:WARN
描述:重新连接Socket服务
-----------------------------------------------------------------------
时间:2015-09-23 14:50:25,764
级别:WARN
描述:重新连接Socket服务
-----------------------------------------------------------------------
时间:2015-09-23 14:51:25,777
级别:WARN
描述:重新连接Socket服务
-----------------------------------------------------------------------
时间:2015-09-23 14:52:25,792
级别:WARN
描述:重新连接Socket服务
-----------------------------------------------------------------------
时间:2015-09-23 14:53:25,804
级别:WARN
描述:重新连接Socket服务
-----------------------------------------------------------------------
时间:2015-09-23 14:54:25,820
级别:WARN
描述:重新连接Socket服务
-----------------------------------------------------------------------
时间:2015-09-23 14:55:25,832
级别:WARN
描述:重新连接Socket服务
-----------------------------------------------------------------------
时间:2015-09-23 14:56:25,847
级别:WARN
描述:重新连接Socket服务
-----------------------------------------------------------------------
时间:2015-09-23 14:57:25,860
级别:WARN
描述:重新连接Socket服务
-----------------------------------------------------------------------
时间:2015-09-23 14:58:25,873
级别:WARN
描述:重新连接Socket服务
-----------------------------------------------------------------------
时间:2015-09-23 14:58:29,389
级别:ERROR
描述:Socket错误：由于目标计算机积极拒绝，无法连接。 127.0.0.1:11235
-----------------------------------------------------------------------
时间:2015-09-23 14:59:25,886
级别:WARN
描述:重新连接Socket服务
-----------------------------------------------------------------------
时间:2015-09-23 15:00:25,900
级别:WARN
描述:重新连接Socket服务
-----------------------------------------------------------------------
时间:2015-09-23 15:01:25,915
级别:WARN
描述:重新连接Socket服务
-----------------------------------------------------------------------
时间:2015-09-23 15:02:25,928
级别:WARN
描述:重新连接Socket服务
-----------------------------------------------------------------------
时间:2015-09-23 15:03:25,942
级别:WARN
描述:重新连接Socket服务
-----------------------------------------------------------------------
时间:2015-09-23 15:04:25,955
级别:WARN
描述:重新连接Socket服务
-----------------------------------------------------------------------
时间:2015-09-23 15:05:25,968
级别:WARN
描述:重新连接Socket服务
-----------------------------------------------------------------------
时间:2015-09-23 15:06:25,982
级别:WARN
描述:重新连接Socket服务
-----------------------------------------------------------------------
时间:2015-09-23 15:07:25,995
级别:WARN
描述:重新连接Socket服务
-----------------------------------------------------------------------
时间:2015-09-23 15:08:26,009
级别:WARN
描述:重新连接Socket服务
-----------------------------------------------------------------------
时间:2015-09-23 15:09:26,022
级别:WARN
描述:重新连接Socket服务
-----------------------------------------------------------------------
时间:2015-09-23 15:10:26,036
级别:WARN
描述:重新连接Socket服务
-----------------------------------------------------------------------
时间:2015-09-23 15:11:26,049
级别:WARN
描述:重新连接Socket服务
-----------------------------------------------------------------------
时间:2015-09-23 15:12:26,064
级别:WARN
描述:重新连接Socket服务
-----------------------------------------------------------------------
时间:2015-09-23 15:13:26,077
级别:WARN
描述:重新连接Socket服务
-----------------------------------------------------------------------
时间:2015-09-23 15:14:26,090
级别:WARN
描述:重新连接Socket服务
-----------------------------------------------------------------------
时间:2015-09-23 15:15:11,281
级别:ERROR
描述:Socket错误：由于目标计算机积极拒绝，无法连接。 127.0.0.1:11235
-----------------------------------------------------------------------
时间:2015-09-23 15:15:26,105
级别:WARN
描述:重新连接Socket服务
-----------------------------------------------------------------------
时间:2015-09-23 15:16:26,117
级别:WARN
描述:重新连接Socket服务
-----------------------------------------------------------------------
时间:2015-09-23 15:17:26,132
级别:WARN
描述:重新连接Socket服务
-----------------------------------------------------------------------
时间:2015-09-23 15:18:26,145
级别:WARN
描述:重新连接Socket服务
-----------------------------------------------------------------------
时间:2015-09-23 15:19:26,158
级别:WARN
描述:重新连接Socket服务
-----------------------------------------------------------------------
时间:2015-09-23 15:20:26,172
级别:WARN
描述:重新连接Socket服务
-----------------------------------------------------------------------
时间:2015-09-23 15:21:26,190
级别:WARN
描述:重新连接Socket服务
-----------------------------------------------------------------------
时间:2015-09-23 15:22:26,200
级别:WARN
描述:重新连接Socket服务
-----------------------------------------------------------------------
时间:2015-09-23 15:23:26,212
级别:WARN
描述:重新连接Socket服务
-----------------------------------------------------------------------
时间:2015-09-23 15:24:26,227
级别:WARN
描述:重新连接Socket服务
-----------------------------------------------------------------------
时间:2015-09-23 15:25:26,240
级别:WARN
描述:重新连接Socket服务
-----------------------------------------------------------------------
时间:2015-09-23 15:26:26,254
级别:WARN
描述:重新连接Socket服务
-----------------------------------------------------------------------
时间:2015-09-23 15:27:26,267
级别:WARN
描述:重新连接Socket服务
-----------------------------------------------------------------------
时间:2015-09-23 15:28:26,280
级别:WARN
描述:重新连接Socket服务
-----------------------------------------------------------------------
时间:2015-09-23 15:29:26,295
级别:WARN
描述:重新连接Socket服务
-----------------------------------------------------------------------
时间:2015-09-23 15:30:26,308
级别:WARN
描述:重新连接Socket服务
-----------------------------------------------------------------------
时间:2015-09-23 15:31:26,322
级别:WARN
描述:重新连接Socket服务
-----------------------------------------------------------------------
时间:2015-09-23 15:31:51,629
级别:ERROR
描述:Socket错误：由于目标计算机积极拒绝，无法连接。 127.0.0.1:11235
-----------------------------------------------------------------------
时间:2015-09-23 15:32:26,335
级别:WARN
描述:重新连接Socket服务
-----------------------------------------------------------------------
时间:2015-09-23 15:33:26,348
级别:WARN
描述:重新连接Socket服务
-----------------------------------------------------------------------
时间:2015-09-23 15:34:26,363
级别:WARN
描述:重新连接Socket服务
-----------------------------------------------------------------------
时间:2015-09-23 15:35:26,375
级别:WARN
描述:重新连接Socket服务
-----------------------------------------------------------------------
时间:2015-09-23 15:36:26,389
级别:WARN
描述:重新连接Socket服务
-----------------------------------------------------------------------
时间:2015-09-23 15:37:26,403
级别:WARN
描述:重新连接Socket服务
-----------------------------------------------------------------------
时间:2015-09-23 15:38:26,416
级别:WARN
描述:重新连接Socket服务
-----------------------------------------------------------------------
时间:2015-09-23 15:39:26,430
级别:WARN
描述:重新连接Socket服务
-----------------------------------------------------------------------
时间:2015-09-23 15:40:26,445
级别:WARN
描述:重新连接Socket服务
-----------------------------------------------------------------------
时间:2015-09-23 15:41:26,457
级别:WARN
描述:重新连接Socket服务
-----------------------------------------------------------------------
时间:2015-09-23 15:42:26,472
级别:WARN
描述:重新连接Socket服务
-----------------------------------------------------------------------
时间:2015-09-23 15:43:26,485
级别:WARN
描述:重新连接Socket服务
-----------------------------------------------------------------------
时间:2015-09-23 15:44:26,497
级别:WARN
描述:重新连接Socket服务
-----------------------------------------------------------------------
时间:2015-09-23 15:45:26,512
级别:WARN
描述:重新连接Socket服务
-----------------------------------------------------------------------
时间:2015-09-23 15:46:26,524
级别:WARN
描述:重新连接Socket服务
-----------------------------------------------------------------------
时间:2015-09-23 15:47:26,539
级别:WARN
描述:重新连接Socket服务
-----------------------------------------------------------------------
时间:2015-09-23 15:48:26,553
级别:WARN
描述:重新连接Socket服务
-----------------------------------------------------------------------
时间:2015-09-23 15:48:32,873
级别:ERROR
描述:Socket错误：由于目标计算机积极拒绝，无法连接。 127.0.0.1:11235
-----------------------------------------------------------------------
时间:2015-09-23 15:49:26,566
级别:WARN
描述:重新连接Socket服务
-----------------------------------------------------------------------
时间:2015-09-23 15:50:26,580
级别:WARN
描述:重新连接Socket服务
-----------------------------------------------------------------------
时间:2015-09-23 15:51:26,593
级别:WARN
描述:重新连接Socket服务
-----------------------------------------------------------------------
时间:2015-09-23 15:52:26,607
级别:WARN
描述:重新连接Socket服务
-----------------------------------------------------------------------
时间:2015-09-23 15:53:26,619
级别:WARN
描述:重新连接Socket服务
-----------------------------------------------------------------------
时间:2015-09-23 15:54:26,635
级别:WARN
描述:重新连接Socket服务
-----------------------------------------------------------------------
时间:2015-09-23 15:55:26,648
级别:WARN
描述:重新连接Socket服务
-----------------------------------------------------------------------
时间:2015-09-23 15:56:26,662
级别:WARN
描述:重新连接Socket服务
-----------------------------------------------------------------------
时间:2015-09-23 15:57:26,675
级别:WARN
描述:重新连接Socket服务
-----------------------------------------------------------------------
时间:2015-09-23 15:58:26,687
级别:WARN
描述:重新连接Socket服务
-----------------------------------------------------------------------
时间:2015-09-23 15:59:26,702
级别:WARN
描述:重新连接Socket服务
-----------------------------------------------------------------------
时间:2015-09-23 16:00:26,715
级别:WARN
描述:重新连接Socket服务
-----------------------------------------------------------------------
时间:2015-09-23 16:01:26,730
级别:WARN
描述:重新连接Socket服务
-----------------------------------------------------------------------
时间:2015-09-23 16:02:26,742
级别:WARN
描述:重新连接Socket服务
-----------------------------------------------------------------------
时间:2015-09-23 16:03:26,756
级别:WARN
描述:重新连接Socket服务
-----------------------------------------------------------------------
时间:2015-09-23 16:04:26,770
级别:WARN
描述:重新连接Socket服务
-----------------------------------------------------------------------
时间:2015-09-23 16:05:14,863
级别:ERROR
描述:Socket错误：由于目标计算机积极拒绝，无法连接。 127.0.0.1:11235
-----------------------------------------------------------------------
时间:2015-09-23 16:05:26,782
级别:WARN
描述:重新连接Socket服务
-----------------------------------------------------------------------
时间:2015-09-23 16:06:26,797
级别:WARN
描述:重新连接Socket服务
-----------------------------------------------------------------------
时间:2015-09-23 16:07:26,811
级别:WARN
描述:重新连接Socket服务
-----------------------------------------------------------------------
时间:2015-09-23 16:08:26,825
级别:WARN
描述:重新连接Socket服务
-----------------------------------------------------------------------
时间:2015-09-23 16:09:26,837
级别:WARN
描述:重新连接Socket服务
-----------------------------------------------------------------------
时间:2015-09-23 16:10:26,851
级别:WARN
描述:重新连接Socket服务
-----------------------------------------------------------------------
时间:2015-09-23 16:11:26,865
级别:WARN
描述:重新连接Socket服务
-----------------------------------------------------------------------
时间:2015-09-23 16:12:26,879
级别:WARN
描述:重新连接Socket服务
-----------------------------------------------------------------------
时间:2015-09-23 16:13:26,892
级别:WARN
描述:重新连接Socket服务
-----------------------------------------------------------------------
时间:2015-09-23 16:14:26,905
级别:WARN
描述:重新连接Socket服务
-----------------------------------------------------------------------
时间:2015-09-23 16:15:26,919
级别:WARN
描述:重新连接Socket服务
-----------------------------------------------------------------------
时间:2015-09-23 16:16:26,933
级别:WARN
描述:重新连接Socket服务
-----------------------------------------------------------------------
时间:2015-09-23 16:17:26,946
级别:WARN
描述:重新连接Socket服务
-----------------------------------------------------------------------
时间:2015-09-23 16:18:26,960
级别:WARN
描述:重新连接Socket服务
-----------------------------------------------------------------------
时间:2015-09-23 16:19:26,975
级别:WARN
描述:重新连接Socket服务
-----------------------------------------------------------------------
时间:2015-09-23 16:20:26,987
级别:WARN
描述:重新连接Socket服务
-----------------------------------------------------------------------
时间:2015-09-23 16:21:27,000
级别:WARN
描述:重新连接Socket服务
-----------------------------------------------------------------------
时间:2015-09-23 16:21:55,435
级别:ERROR
描述:Socket错误：由于目标计算机积极拒绝，无法连接。 127.0.0.1:11235
-----------------------------------------------------------------------
时间:2015-09-23 16:22:27,014
级别:WARN
描述:重新连接Socket服务
-----------------------------------------------------------------------
时间:2015-09-23 16:23:27,028
级别:WARN
描述:重新连接Socket服务
-----------------------------------------------------------------------
时间:2015-09-23 16:24:27,042
级别:WARN
描述:重新连接Socket服务
-----------------------------------------------------------------------
时间:2015-09-23 16:25:27,054
级别:WARN
描述:重新连接Socket服务
-----------------------------------------------------------------------
时间:2015-09-23 16:26:27,069
级别:WARN
描述:重新连接Socket服务
-----------------------------------------------------------------------
时间:2015-09-23 16:27:27,083
级别:WARN
描述:重新连接Socket服务
-----------------------------------------------------------------------
时间:2015-09-23 16:28:27,095
级别:WARN
描述:重新连接Socket服务
-----------------------------------------------------------------------
时间:2015-09-23 16:29:27,110
级别:WARN
描述:重新连接Socket服务
-----------------------------------------------------------------------
时间:2015-09-23 16:30:27,122
级别:WARN
描述:重新连接Socket服务
-----------------------------------------------------------------------
时间:2015-09-23 16:31:27,136
级别:WARN
描述:重新连接Socket服务
-----------------------------------------------------------------------
时间:2015-09-23 16:32:27,149
级别:WARN
描述:重新连接Socket服务
-----------------------------------------------------------------------
时间:2015-09-23 16:33:27,165
级别:WARN
描述:重新连接Socket服务
-----------------------------------------------------------------------
时间:2015-09-23 16:34:27,178
级别:WARN
描述:重新连接Socket服务
-----------------------------------------------------------------------
时间:2015-09-23 16:35:27,190
级别:WARN
描述:重新连接Socket服务
-----------------------------------------------------------------------
时间:2015-09-23 16:36:27,204
级别:WARN
描述:重新连接Socket服务
-----------------------------------------------------------------------
时间:2015-09-23 16:37:27,218
级别:WARN
描述:重新连接Socket服务
-----------------------------------------------------------------------
时间:2015-09-23 16:38:27,231
级别:WARN
描述:重新连接Socket服务
-----------------------------------------------------------------------
时间:2015-09-23 16:38:37,024
级别:ERROR
描述:Socket错误：由于目标计算机积极拒绝，无法连接。 127.0.0.1:11235
-----------------------------------------------------------------------
时间:2015-09-23 16:39:27,245
级别:WARN
描述:重新连接Socket服务
-----------------------------------------------------------------------
时间:2015-09-23 16:40:27,260
级别:WARN
描述:重新连接Socket服务
-----------------------------------------------------------------------
时间:2015-09-23 16:41:27,274
级别:WARN
描述:重新连接Socket服务
-----------------------------------------------------------------------
时间:2015-09-23 16:42:27,286
级别:WARN
描述:重新连接Socket服务
-----------------------------------------------------------------------
时间:2015-09-23 16:43:27,300
级别:WARN
描述:重新连接Socket服务
-----------------------------------------------------------------------
时间:2015-09-23 16:44:27,313
级别:WARN
描述:重新连接Socket服务
-----------------------------------------------------------------------
时间:2015-09-23 16:45:27,326
级别:WARN
描述:重新连接Socket服务
-----------------------------------------------------------------------
时间:2015-09-23 16:46:27,340
级别:WARN
描述:重新连接Socket服务
-----------------------------------------------------------------------
时间:2015-09-23 16:47:27,354
级别:WARN
描述:重新连接Socket服务
-----------------------------------------------------------------------
时间:2015-09-23 16:48:27,367
级别:WARN
描述:重新连接Socket服务
-----------------------------------------------------------------------
时间:2015-09-23 16:49:27,381
级别:WARN
描述:重新连接Socket服务
-----------------------------------------------------------------------
时间:2015-09-23 16:50:27,395
级别:WARN
描述:重新连接Socket服务
-----------------------------------------------------------------------
时间:2015-09-23 16:51:27,407
级别:WARN
描述:重新连接Socket服务
-----------------------------------------------------------------------
时间:2015-09-23 16:52:27,421
级别:WARN
描述:重新连接Socket服务
-----------------------------------------------------------------------
时间:2015-09-23 16:53:27,435
级别:WARN
描述:重新连接Socket服务
-----------------------------------------------------------------------
时间:2015-09-23 16:54:27,449
级别:WARN
描述:重新连接Socket服务
-----------------------------------------------------------------------
时间:2015-09-23 16:55:17,040
级别:ERROR
描述:Socket错误：由于目标计算机积极拒绝，无法连接。 127.0.0.1:11235
-----------------------------------------------------------------------
时间:2015-09-23 16:55:27,462
级别:WARN
描述:重新连接Socket服务
-----------------------------------------------------------------------
时间:2015-09-23 16:56:27,477
级别:WARN
描述:重新连接Socket服务
-----------------------------------------------------------------------
时间:2015-09-23 16:57:27,490
级别:WARN
描述:重新连接Socket服务
-----------------------------------------------------------------------
时间:2015-09-23 16:58:27,502
级别:WARN
描述:重新连接Socket服务
-----------------------------------------------------------------------
时间:2015-09-23 16:59:27,518
级别:WARN
描述:重新连接Socket服务
-----------------------------------------------------------------------
时间:2015-09-23 17:00:27,530
级别:WARN
描述:重新连接Socket服务
-----------------------------------------------------------------------
时间:2015-09-23 17:01:27,544
级别:WARN
描述:重新连接Socket服务
-----------------------------------------------------------------------
时间:2015-09-23 17:02:27,558
级别:WARN
描述:重新连接Socket服务
-----------------------------------------------------------------------
时间:2015-09-23 17:03:27,572
级别:WARN
描述:重新连接Socket服务
-----------------------------------------------------------------------
时间:2015-09-23 17:04:27,585
级别:WARN
描述:重新连接Socket服务
-----------------------------------------------------------------------
时间:2015-09-23 17:05:27,597
级别:WARN
描述:重新连接Socket服务
-----------------------------------------------------------------------
时间:2015-09-23 17:11:56,325
级别:WARN
描述:重新连接Socket服务
-----------------------------------------------------------------------
时间:2015-09-23 17:11:57,351
级别:ERROR
描述:Socket错误：由于目标计算机积极拒绝，无法连接。 127.0.0.1:11235
-----------------------------------------------------------------------
时间:2015-09-23 17:28:36,662
级别:WARN
描述:重新连接Socket服务
-----------------------------------------------------------------------
时间:2015-09-23 17:28:37,698
级别:ERROR
描述:Socket错误：由于目标计算机积极拒绝，无法连接。 127.0.0.1:11235
-----------------------------------------------------------------------
时间:2015-09-23 17:45:17,725
级别:WARN
描述:重新连接Socket服务
-----------------------------------------------------------------------
时间:2015-09-23 17:45:18,743
级别:ERROR
描述:Socket错误：由于目标计算机积极拒绝，无法连接。 127.0.0.1:11235
-----------------------------------------------------------------------
时间:2015-09-23 18:01:58,619
级别:WARN
描述:重新连接Socket服务
-----------------------------------------------------------------------
时间:2015-09-23 18:01:59,650
级别:ERROR
描述:Socket错误：由于目标计算机积极拒绝，无法连接。 127.0.0.1:11235
