-----------------------------------------------------------------------
时间:2015-10-15 13:21:17,330
级别:ERROR
描述:Socket错误：由于目标计算机积极拒绝，无法连接。 127.0.0.1:11235
-----------------------------------------------------------------------
时间:2015-10-15 13:24:56,363
级别:ERROR
描述:Socket错误：由于目标计算机积极拒绝，无法连接。 127.0.0.1:11235
-----------------------------------------------------------------------
时间:2015-10-15 13:42:35,454
级别:WARN
描述:重新连接Socket服务
-----------------------------------------------------------------------
时间:2015-10-15 13:42:36,455
级别:ERROR
描述:Socket错误：由于目标计算机积极拒绝，无法连接。 127.0.0.1:11235
-----------------------------------------------------------------------
时间:2015-10-15 13:43:35,467
级别:WARN
描述:重新连接Socket服务
-----------------------------------------------------------------------
时间:2015-10-15 13:44:35,481
级别:WARN
描述:重新连接Socket服务
-----------------------------------------------------------------------
时间:2015-10-15 13:45:35,495
级别:WARN
描述:重新连接Socket服务
-----------------------------------------------------------------------
时间:2015-10-15 13:46:35,507
级别:WARN
描述:重新连接Socket服务
-----------------------------------------------------------------------
时间:2015-10-15 13:47:35,521
级别:WARN
描述:重新连接Socket服务
-----------------------------------------------------------------------
时间:2015-10-15 13:48:35,535
级别:WARN
描述:重新连接Socket服务
-----------------------------------------------------------------------
时间:2015-10-15 13:49:35,548
级别:WARN
描述:重新连接Socket服务
-----------------------------------------------------------------------
时间:2015-10-15 13:50:35,563
级别:WARN
描述:重新连接Socket服务
-----------------------------------------------------------------------
时间:2015-10-15 13:51:35,575
级别:WARN
描述:重新连接Socket服务
-----------------------------------------------------------------------
时间:2015-10-15 13:52:35,590
级别:WARN
描述:重新连接Socket服务
-----------------------------------------------------------------------
时间:2015-10-15 13:53:35,602
级别:WARN
描述:重新连接Socket服务
-----------------------------------------------------------------------
时间:2015-10-15 13:54:35,617
级别:WARN
描述:重新连接Socket服务
-----------------------------------------------------------------------
时间:2015-10-15 13:55:35,630
级别:WARN
描述:重新连接Socket服务
-----------------------------------------------------------------------
时间:2015-10-15 13:56:35,644
级别:WARN
描述:重新连接Socket服务
-----------------------------------------------------------------------
时间:2015-10-15 13:57:35,658
级别:WARN
描述:重新连接Socket服务
-----------------------------------------------------------------------
时间:2015-10-15 13:58:35,671
级别:WARN
描述:重新连接Socket服务
-----------------------------------------------------------------------
时间:2015-10-15 13:59:17,978
级别:ERROR
描述:Socket错误：由于目标计算机积极拒绝，无法连接。 127.0.0.1:11235
-----------------------------------------------------------------------
时间:2015-10-15 13:59:35,684
级别:WARN
描述:重新连接Socket服务
-----------------------------------------------------------------------
时间:2015-10-15 14:00:35,698
级别:WARN
描述:重新连接Socket服务
-----------------------------------------------------------------------
时间:2015-10-15 14:01:35,712
级别:WARN
描述:重新连接Socket服务
-----------------------------------------------------------------------
时间:2015-10-15 14:02:35,725
级别:WARN
描述:重新连接Socket服务
-----------------------------------------------------------------------
时间:2015-10-15 14:03:35,739
级别:WARN
描述:重新连接Socket服务
-----------------------------------------------------------------------
时间:2015-10-15 14:04:35,752
级别:WARN
描述:重新连接Socket服务
-----------------------------------------------------------------------
时间:2015-10-15 14:05:35,766
级别:WARN
描述:重新连接Socket服务
-----------------------------------------------------------------------
时间:2015-10-15 14:06:35,780
级别:WARN
描述:重新连接Socket服务
-----------------------------------------------------------------------
时间:2015-10-15 14:07:35,793
级别:WARN
描述:重新连接Socket服务
-----------------------------------------------------------------------
时间:2015-10-15 14:08:35,807
级别:WARN
描述:重新连接Socket服务
-----------------------------------------------------------------------
时间:2015-10-15 14:09:35,820
级别:WARN
描述:重新连接Socket服务
-----------------------------------------------------------------------
时间:2015-10-15 14:10:35,834
级别:WARN
描述:重新连接Socket服务
-----------------------------------------------------------------------
时间:2015-10-15 14:11:35,848
级别:WARN
描述:重新连接Socket服务
-----------------------------------------------------------------------
时间:2015-10-15 14:12:35,860
级别:WARN
描述:重新连接Socket服务
-----------------------------------------------------------------------
时间:2015-10-15 14:13:35,876
级别:WARN
描述:重新连接Socket服务
-----------------------------------------------------------------------
时间:2015-10-15 14:14:35,888
级别:WARN
描述:重新连接Socket服务
-----------------------------------------------------------------------
时间:2015-10-15 14:15:35,903
级别:WARN
描述:重新连接Socket服务
-----------------------------------------------------------------------
时间:2015-10-15 14:15:59,273
级别:ERROR
描述:Socket错误：由于目标计算机积极拒绝，无法连接。 127.0.0.1:11235
-----------------------------------------------------------------------
时间:2015-10-15 14:16:35,915
级别:WARN
描述:重新连接Socket服务
-----------------------------------------------------------------------
时间:2015-10-15 14:17:35,929
级别:WARN
描述:重新连接Socket服务
-----------------------------------------------------------------------
时间:2015-10-15 14:18:35,942
级别:WARN
描述:重新连接Socket服务
-----------------------------------------------------------------------
时间:2015-10-15 14:19:35,956
级别:WARN
描述:重新连接Socket服务
-----------------------------------------------------------------------
时间:2015-10-15 14:20:35,970
级别:WARN
描述:重新连接Socket服务
-----------------------------------------------------------------------
时间:2015-10-15 14:21:35,983
级别:WARN
描述:重新连接Socket服务
-----------------------------------------------------------------------
时间:2015-10-15 14:22:35,997
级别:WARN
描述:重新连接Socket服务
-----------------------------------------------------------------------
时间:2015-10-15 14:23:36,011
级别:WARN
描述:重新连接Socket服务
-----------------------------------------------------------------------
时间:2015-10-15 14:24:36,024
级别:WARN
描述:重新连接Socket服务
-----------------------------------------------------------------------
时间:2015-10-15 14:25:36,042
级别:WARN
描述:重新连接Socket服务
-----------------------------------------------------------------------
时间:2015-10-15 14:26:36,051
级别:WARN
描述:重新连接Socket服务
-----------------------------------------------------------------------
时间:2015-10-15 14:27:36,065
级别:WARN
描述:重新连接Socket服务
-----------------------------------------------------------------------
时间:2015-10-15 14:28:36,078
级别:WARN
描述:重新连接Socket服务
-----------------------------------------------------------------------
时间:2015-10-15 14:29:36,094
级别:WARN
描述:重新连接Socket服务
-----------------------------------------------------------------------
时间:2015-10-15 14:30:36,109
级别:WARN
描述:重新连接Socket服务
-----------------------------------------------------------------------
时间:2015-10-15 14:31:36,124
级别:WARN
描述:重新连接Socket服务
-----------------------------------------------------------------------
时间:2015-10-15 14:32:36,157
级别:WARN
描述:重新连接Socket服务
-----------------------------------------------------------------------
时间:2015-10-15 14:32:40,041
级别:ERROR
描述:Socket错误：由于目标计算机积极拒绝，无法连接。 127.0.0.1:11235
-----------------------------------------------------------------------
时间:2015-10-15 14:33:36,163
级别:WARN
描述:重新连接Socket服务
-----------------------------------------------------------------------
时间:2015-10-15 14:34:36,208
级别:WARN
描述:重新连接Socket服务
-----------------------------------------------------------------------
时间:2015-10-15 14:35:36,252
级别:WARN
描述:重新连接Socket服务
-----------------------------------------------------------------------
时间:2015-10-15 14:36:36,266
级别:WARN
描述:重新连接Socket服务
-----------------------------------------------------------------------
时间:2015-10-15 14:37:36,278
级别:WARN
描述:重新连接Socket服务
-----------------------------------------------------------------------
时间:2015-10-15 14:38:36,292
级别:WARN
描述:重新连接Socket服务
