-----------------------------------------------------------------------
时间:2015-09-16 16:59:53,300
级别:ERROR
描述:Socket错误：由于目标计算机积极拒绝，无法连接。 127.0.0.1:11235
-----------------------------------------------------------------------
时间:2015-09-16 17:00:48,383
级别:FATAL
描述:过程或函数 'MonthReport' 需要参数 '@end_date'，但未提供该参数。
System.Data.SqlClient.SqlException (0x80131904): 过程或函数 'MonthReport' 需要参数 '@end_date'，但未提供该参数。
   在 BW.MMS.DBUtility.DbHelperSQLGH_LOG.RunProcedure(String storedProcName, IDataParameter[] parameters, String tableName, Int32 Times) 位置 C:\Users\Administrator\Desktop\源代码\BW.MMS\BW.MMS.DBUtility\DbHelperSQLGH_LOG.cs:行号 963
   在 BW.MMS.DAL.HistoryRecord.GetMonthReport(String startDate, String endDate) 位置 C:\Users\Administrator\Desktop\源代码\BW.MMS\BW.MMS.DAL\HistoryRecord.cs:行号 433
   在 BW.MMS.BLL.HistoryRecord.GetMonthReport(String startDate, String endDate) 位置 C:\Users\Administrator\Desktop\源代码\BW.MMS\BW.MMS.BLL\HistoryRecord.cs:行号 161
   在 BW.MMS.Web.Controllers.MonthReportController.GetGridList() 位置 C:\Users\Administrator\Desktop\源代码\BW.MMS\BW.MMS.Web\Controllers\MonthReportController.cs:行号 66
   在 lambda_method(Closure , ControllerBase , Object[] )
   在 System.Web.Mvc.ActionMethodDispatcher.Execute(ControllerBase controller, Object[] parameters)
   在 System.Web.Mvc.ReflectedActionDescriptor.Execute(ControllerContext controllerContext, IDictionary`2 parameters)
   在 System.Web.Mvc.ControllerActionInvoker.InvokeActionMethod(ControllerContext controllerContext, ActionDescriptor actionDescriptor, IDictionary`2 parameters)
   在 System.Web.Mvc.Async.AsyncControllerActionInvoker.<>c__DisplayClass42.<BeginInvokeSynchronousActionMethod>b__41()
   在 System.Web.Mvc.Async.AsyncResultWrapper.<>c__DisplayClass8`1.<BeginSynchronous>b__7(IAsyncResult _)
   在 System.Web.Mvc.Async.AsyncResultWrapper.WrappedAsyncResult`1.End()
   在 System.Web.Mvc.Async.AsyncControllerActionInvoker.EndInvokeActionMethod(IAsyncResult asyncResult)
   在 System.Web.Mvc.Async.AsyncControllerActionInvoker.<>c__DisplayClass37.<>c__DisplayClass39.<BeginInvokeActionMethodWithFilters>b__33()
   在 System.Web.Mvc.Async.AsyncControllerActionInvoker.<>c__DisplayClass4f.<InvokeActionMethodFilterAsynchronously>b__49()
   在 System.Web.Mvc.Async.AsyncControllerActionInvoker.<>c__DisplayClass37.<BeginInvokeActionMethodWithFilters>b__36(IAsyncResult asyncResult)
   在 System.Web.Mvc.Async.AsyncResultWrapper.WrappedAsyncResult`1.End()
   在 System.Web.Mvc.Async.AsyncControllerActionInvoker.EndInvokeActionMethodWithFilters(IAsyncResult asyncResult)
   在 System.Web.Mvc.Async.AsyncControllerActionInvoker.<>c__DisplayClass25.<>c__DisplayClass2a.<BeginInvokeAction>b__20()
   在 System.Web.Mvc.Async.AsyncControllerActionInvoker.<>c__DisplayClass25.<BeginInvokeAction>b__22(IAsyncResult asyncResult)
-----------------------------------------------------------------------
时间:2015-09-16 17:01:41,750
级别:ERROR
描述:Socket错误：由于目标计算机积极拒绝，无法连接。 127.0.0.1:11235
-----------------------------------------------------------------------
时间:2015-09-16 17:12:50,675
级别:ERROR
描述:Socket错误：由于目标计算机积极拒绝，无法连接。 127.0.0.1:11235
-----------------------------------------------------------------------
时间:2015-09-16 17:18:55,203
级别:ERROR
描述:Socket错误：由于目标计算机积极拒绝，无法连接。 127.0.0.1:11235
-----------------------------------------------------------------------
时间:2015-09-16 17:33:51,456
级别:ERROR
描述:Socket错误：由于目标计算机积极拒绝，无法连接。 127.0.0.1:11235
-----------------------------------------------------------------------
时间:2015-09-16 17:51:31,210
级别:WARN
描述:重新连接Socket服务
-----------------------------------------------------------------------
时间:2015-09-16 17:51:32,225
级别:ERROR
描述:Socket错误：由于目标计算机积极拒绝，无法连接。 127.0.0.1:11235
-----------------------------------------------------------------------
时间:2015-09-16 17:52:31,221
级别:WARN
描述:重新连接Socket服务
-----------------------------------------------------------------------
时间:2015-09-16 17:53:31,236
级别:WARN
描述:重新连接Socket服务
-----------------------------------------------------------------------
时间:2015-09-16 17:54:31,249
级别:WARN
描述:重新连接Socket服务
-----------------------------------------------------------------------
时间:2015-09-16 17:55:31,263
级别:WARN
描述:重新连接Socket服务
-----------------------------------------------------------------------
时间:2015-09-16 17:56:31,276
级别:WARN
描述:重新连接Socket服务
-----------------------------------------------------------------------
时间:2015-09-16 17:57:31,289
级别:WARN
描述:重新连接Socket服务
-----------------------------------------------------------------------
时间:2015-09-16 17:58:31,303
级别:WARN
描述:重新连接Socket服务
-----------------------------------------------------------------------
时间:2015-09-16 17:59:31,316
级别:WARN
描述:重新连接Socket服务
