-----------------------------------------------------------------------
时间:2015-09-22 08:42:44,516
级别:ERROR
描述:Socket错误：由于目标计算机积极拒绝，无法连接。 127.0.0.1:11235
-----------------------------------------------------------------------
时间:2015-09-22 09:11:14,878
级别:ERROR
描述:Socket错误：由于目标计算机积极拒绝，无法连接。 127.0.0.1:11235
-----------------------------------------------------------------------
时间:2015-09-22 09:23:46,450
级别:ERROR
描述:Socket错误：由于目标计算机积极拒绝，无法连接。 127.0.0.1:11235
-----------------------------------------------------------------------
时间:2015-09-22 09:41:27,099
级别:WARN
描述:重新连接Socket服务
-----------------------------------------------------------------------
时间:2015-09-22 09:41:28,112
级别:ERROR
描述:Socket错误：由于目标计算机积极拒绝，无法连接。 127.0.0.1:11235
-----------------------------------------------------------------------
时间:2015-09-22 09:42:27,111
级别:WARN
描述:重新连接Socket服务
-----------------------------------------------------------------------
时间:2015-09-22 09:43:27,124
级别:WARN
描述:重新连接Socket服务
-----------------------------------------------------------------------
时间:2015-09-22 09:44:27,138
级别:WARN
描述:重新连接Socket服务
-----------------------------------------------------------------------
时间:2015-09-22 09:45:27,152
级别:WARN
描述:重新连接Socket服务
-----------------------------------------------------------------------
时间:2015-09-22 09:46:27,165
级别:WARN
描述:重新连接Socket服务
-----------------------------------------------------------------------
时间:2015-09-22 09:47:27,180
级别:WARN
描述:重新连接Socket服务
-----------------------------------------------------------------------
时间:2015-09-22 09:48:27,192
级别:WARN
描述:重新连接Socket服务
-----------------------------------------------------------------------
时间:2015-09-22 09:49:33,510
级别:WARN
描述:重新连接Socket服务
-----------------------------------------------------------------------
时间:2015-09-22 09:50:27,220
级别:WARN
描述:重新连接Socket服务
-----------------------------------------------------------------------
时间:2015-09-22 09:51:27,233
级别:WARN
描述:重新连接Socket服务
-----------------------------------------------------------------------
时间:2015-09-22 09:52:48,796
级别:WARN
描述:重新连接Socket服务
-----------------------------------------------------------------------
时间:2015-09-22 09:53:27,260
级别:WARN
描述:重新连接Socket服务
-----------------------------------------------------------------------
时间:2015-09-22 09:54:27,274
级别:WARN
描述:重新连接Socket服务
-----------------------------------------------------------------------
时间:2015-09-22 09:55:27,288
级别:WARN
描述:重新连接Socket服务
-----------------------------------------------------------------------
时间:2015-09-22 09:55:43,614
级别:ERROR
描述:Socket错误：由于目标计算机积极拒绝，无法连接。 127.0.0.1:11235
-----------------------------------------------------------------------
时间:2015-09-22 10:12:23,601
级别:ERROR
描述:Socket错误：由于目标计算机积极拒绝，无法连接。 127.0.0.1:11235
-----------------------------------------------------------------------
时间:2015-09-22 10:13:22,587
级别:WARN
描述:重新连接Socket服务
-----------------------------------------------------------------------
时间:2015-09-22 10:14:22,601
级别:WARN
描述:重新连接Socket服务
-----------------------------------------------------------------------
时间:2015-09-22 10:15:22,613
级别:WARN
描述:重新连接Socket服务
-----------------------------------------------------------------------
时间:2015-09-22 10:16:22,627
级别:WARN
描述:重新连接Socket服务
-----------------------------------------------------------------------
时间:2015-09-22 10:17:22,640
级别:WARN
描述:重新连接Socket服务
-----------------------------------------------------------------------
时间:2015-09-22 10:18:22,656
级别:WARN
描述:重新连接Socket服务
-----------------------------------------------------------------------
时间:2015-09-22 10:19:22,668
级别:WARN
描述:重新连接Socket服务
-----------------------------------------------------------------------
时间:2015-09-22 10:20:22,683
级别:WARN
描述:重新连接Socket服务
-----------------------------------------------------------------------
时间:2015-09-22 10:21:22,695
级别:WARN
描述:重新连接Socket服务
-----------------------------------------------------------------------
时间:2015-09-22 10:22:22,709
级别:WARN
描述:重新连接Socket服务
-----------------------------------------------------------------------
时间:2015-09-22 10:23:22,729
级别:WARN
描述:重新连接Socket服务
-----------------------------------------------------------------------
时间:2015-09-22 10:24:22,735
级别:WARN
描述:重新连接Socket服务
-----------------------------------------------------------------------
时间:2015-09-22 10:25:22,750
级别:WARN
描述:重新连接Socket服务
-----------------------------------------------------------------------
时间:2015-09-22 10:26:22,763
级别:WARN
描述:重新连接Socket服务
-----------------------------------------------------------------------
时间:2015-09-22 10:27:22,777
级别:WARN
描述:重新连接Socket服务
-----------------------------------------------------------------------
时间:2015-09-22 10:28:22,791
级别:WARN
描述:重新连接Socket服务
-----------------------------------------------------------------------
时间:2015-09-22 11:29:46,537
级别:ERROR
描述:Socket错误：由于目标计算机积极拒绝，无法连接。 127.0.0.1:11235
-----------------------------------------------------------------------
时间:2015-09-22 12:18:28,503
级别:ERROR
描述:Socket错误：由于目标计算机积极拒绝，无法连接。 127.0.0.1:11235
-----------------------------------------------------------------------
时间:2015-09-22 12:18:59,333
级别:FATAL
描述:无法找到表 0。
System.IndexOutOfRangeException: 无法找到表 0。
   在 System.Data.DataTableCollection.get_Item(Int32 index)
   在 BW.MMS.BLL.m_DeptBLL.GetModelList(String strWhere) 位置 H:\SVNData\BW.MMS\BW.MMS\BW.MMS.BLL\m_DeptBLL.cs:行号 101
   在 BW.MMS.Web.Controllers.BasicInfo.DeptController.GetDeptItem() 位置 H:\SVNData\BW.MMS\BW.MMS\BW.MMS.Web\Controllers\BasicInfo\DeptController.cs:行号 78
   在 lambda_method(Closure , ControllerBase , Object[] )
   在 System.Web.Mvc.ActionMethodDispatcher.Execute(ControllerBase controller, Object[] parameters)
   在 System.Web.Mvc.ReflectedActionDescriptor.Execute(ControllerContext controllerContext, IDictionary`2 parameters)
   在 System.Web.Mvc.ControllerActionInvoker.InvokeActionMethod(ControllerContext controllerContext, ActionDescriptor actionDescriptor, IDictionary`2 parameters)
   在 System.Web.Mvc.Async.AsyncControllerActionInvoker.<>c__DisplayClass42.<BeginInvokeSynchronousActionMethod>b__41()
   在 System.Web.Mvc.Async.AsyncResultWrapper.<>c__DisplayClass8`1.<BeginSynchronous>b__7(IAsyncResult _)
   在 System.Web.Mvc.Async.AsyncResultWrapper.WrappedAsyncResult`1.End()
   在 System.Web.Mvc.Async.AsyncControllerActionInvoker.EndInvokeActionMethod(IAsyncResult asyncResult)
   在 System.Web.Mvc.Async.AsyncControllerActionInvoker.<>c__DisplayClass37.<>c__DisplayClass39.<BeginInvokeActionMethodWithFilters>b__33()
   在 System.Web.Mvc.Async.AsyncControllerActionInvoker.<>c__DisplayClass4f.<InvokeActionMethodFilterAsynchronously>b__49()
   在 System.Web.Mvc.Async.AsyncControllerActionInvoker.<>c__DisplayClass37.<BeginInvokeActionMethodWithFilters>b__36(IAsyncResult asyncResult)
   在 System.Web.Mvc.Async.AsyncResultWrapper.WrappedAsyncResult`1.End()
   在 System.Web.Mvc.Async.AsyncControllerActionInvoker.EndInvokeActionMethodWithFilters(IAsyncResult asyncResult)
   在 System.Web.Mvc.Async.AsyncControllerActionInvoker.<>c__DisplayClass25.<>c__DisplayClass2a.<BeginInvokeAction>b__20()
   在 System.Web.Mvc.Async.AsyncControllerActionInvoker.<>c__DisplayClass25.<BeginInvokeAction>b__22(IAsyncResult asyncResult)
-----------------------------------------------------------------------
时间:2015-09-22 12:19:07,982
级别:FATAL
描述:无法找到表 0。
System.IndexOutOfRangeException: 无法找到表 0。
   在 System.Data.DataTableCollection.get_Item(Int32 index)
   在 BW.MMS.BLL.m_DeptBLL.GetModelList(String strWhere) 位置 H:\SVNData\BW.MMS\BW.MMS\BW.MMS.BLL\m_DeptBLL.cs:行号 101
   在 BW.MMS.Web.Controllers.BasicInfo.DeptController.GetDeptItem() 位置 H:\SVNData\BW.MMS\BW.MMS\BW.MMS.Web\Controllers\BasicInfo\DeptController.cs:行号 78
   在 lambda_method(Closure , ControllerBase , Object[] )
   在 System.Web.Mvc.ActionMethodDispatcher.Execute(ControllerBase controller, Object[] parameters)
   在 System.Web.Mvc.ReflectedActionDescriptor.Execute(ControllerContext controllerContext, IDictionary`2 parameters)
   在 System.Web.Mvc.ControllerActionInvoker.InvokeActionMethod(ControllerContext controllerContext, ActionDescriptor actionDescriptor, IDictionary`2 parameters)
   在 System.Web.Mvc.Async.AsyncControllerActionInvoker.<>c__DisplayClass42.<BeginInvokeSynchronousActionMethod>b__41()
   在 System.Web.Mvc.Async.AsyncResultWrapper.<>c__DisplayClass8`1.<BeginSynchronous>b__7(IAsyncResult _)
   在 System.Web.Mvc.Async.AsyncResultWrapper.WrappedAsyncResult`1.End()
   在 System.Web.Mvc.Async.AsyncControllerActionInvoker.EndInvokeActionMethod(IAsyncResult asyncResult)
   在 System.Web.Mvc.Async.AsyncControllerActionInvoker.<>c__DisplayClass37.<>c__DisplayClass39.<BeginInvokeActionMethodWithFilters>b__33()
   在 System.Web.Mvc.Async.AsyncControllerActionInvoker.<>c__DisplayClass4f.<InvokeActionMethodFilterAsynchronously>b__49()
   在 System.Web.Mvc.Async.AsyncControllerActionInvoker.<>c__DisplayClass37.<BeginInvokeActionMethodWithFilters>b__36(IAsyncResult asyncResult)
   在 System.Web.Mvc.Async.AsyncResultWrapper.WrappedAsyncResult`1.End()
   在 System.Web.Mvc.Async.AsyncControllerActionInvoker.EndInvokeActionMethodWithFilters(IAsyncResult asyncResult)
   在 System.Web.Mvc.Async.AsyncControllerActionInvoker.<>c__DisplayClass25.<>c__DisplayClass2a.<BeginInvokeAction>b__20()
   在 System.Web.Mvc.Async.AsyncControllerActionInvoker.<>c__DisplayClass25.<BeginInvokeAction>b__22(IAsyncResult asyncResult)
-----------------------------------------------------------------------
时间:2015-09-22 12:19:32,452
级别:FATAL
描述:无法找到表 0。
System.IndexOutOfRangeException: 无法找到表 0。
   在 System.Data.DataTableCollection.get_Item(Int32 index)
   在 BW.MMS.BLL.m_DeptBLL.GetModelList(String strWhere) 位置 H:\SVNData\BW.MMS\BW.MMS\BW.MMS.BLL\m_DeptBLL.cs:行号 101
   在 BW.MMS.Web.Controllers.BasicInfo.DeptController.GetDeptItem() 位置 H:\SVNData\BW.MMS\BW.MMS\BW.MMS.Web\Controllers\BasicInfo\DeptController.cs:行号 78
   在 lambda_method(Closure , ControllerBase , Object[] )
   在 System.Web.Mvc.ActionMethodDispatcher.Execute(ControllerBase controller, Object[] parameters)
   在 System.Web.Mvc.ReflectedActionDescriptor.Execute(ControllerContext controllerContext, IDictionary`2 parameters)
   在 System.Web.Mvc.ControllerActionInvoker.InvokeActionMethod(ControllerContext controllerContext, ActionDescriptor actionDescriptor, IDictionary`2 parameters)
   在 System.Web.Mvc.Async.AsyncControllerActionInvoker.<>c__DisplayClass42.<BeginInvokeSynchronousActionMethod>b__41()
   在 System.Web.Mvc.Async.AsyncResultWrapper.<>c__DisplayClass8`1.<BeginSynchronous>b__7(IAsyncResult _)
   在 System.Web.Mvc.Async.AsyncResultWrapper.WrappedAsyncResult`1.End()
   在 System.Web.Mvc.Async.AsyncControllerActionInvoker.EndInvokeActionMethod(IAsyncResult asyncResult)
   在 System.Web.Mvc.Async.AsyncControllerActionInvoker.<>c__DisplayClass37.<>c__DisplayClass39.<BeginInvokeActionMethodWithFilters>b__33()
   在 System.Web.Mvc.Async.AsyncControllerActionInvoker.<>c__DisplayClass4f.<InvokeActionMethodFilterAsynchronously>b__49()
   在 System.Web.Mvc.Async.AsyncControllerActionInvoker.<>c__DisplayClass37.<BeginInvokeActionMethodWithFilters>b__36(IAsyncResult asyncResult)
   在 System.Web.Mvc.Async.AsyncResultWrapper.WrappedAsyncResult`1.End()
   在 System.Web.Mvc.Async.AsyncControllerActionInvoker.EndInvokeActionMethodWithFilters(IAsyncResult asyncResult)
   在 System.Web.Mvc.Async.AsyncControllerActionInvoker.<>c__DisplayClass25.<>c__DisplayClass2a.<BeginInvokeAction>b__20()
   在 System.Web.Mvc.Async.AsyncControllerActionInvoker.<>c__DisplayClass25.<BeginInvokeAction>b__22(IAsyncResult asyncResult)
-----------------------------------------------------------------------
时间:2015-09-22 12:19:34,457
级别:FATAL
描述:为过程或函数 p_DailyReport 指定了过多的参数。
System.Data.SqlClient.SqlException (0x80131904): 为过程或函数 p_DailyReport 指定了过多的参数。
   在 BW.MMS.DBUtility.DbHelperSQL.RunProcedure(String storedProcName, IDataParameter[] parameters, String tableName, Int32 Times) 位置 H:\SVNData\BW.MMS\BW.MMS\BW.MMS.DBUtility\DbHelperSQL.cs:行号 963
   在 BW.MMS.DAL.ReportDAL.GetDailyReport(DateTime beginDate, DateTime endDate, Int32 type, String deptparam) 位置 H:\SVNData\BW.MMS\BW.MMS\BW.MMS.DAL\ReportDAL.cs:行号 29
   在 BW.MMS.BLL.ReportBLL.GetDailyReport(DateTime beginDate, DateTime endDate, Int32 type, String deptparam) 位置 H:\SVNData\BW.MMS\BW.MMS\BW.MMS.BLL\ReportBLL.cs:行号 19
   在 BW.MMS.Web.Controllers.StatisticalAnalysis.DailyReportController.GetDailyReport() 位置 H:\SVNData\BW.MMS\BW.MMS\BW.MMS.Web\Controllers\StatisticalAnalysis\DailyReportController.cs:行号 178
   在 lambda_method(Closure , ControllerBase , Object[] )
   在 System.Web.Mvc.ActionMethodDispatcher.Execute(ControllerBase controller, Object[] parameters)
   在 System.Web.Mvc.ReflectedActionDescriptor.Execute(ControllerContext controllerContext, IDictionary`2 parameters)
   在 System.Web.Mvc.ControllerActionInvoker.InvokeActionMethod(ControllerContext controllerContext, ActionDescriptor actionDescriptor, IDictionary`2 parameters)
   在 System.Web.Mvc.Async.AsyncControllerActionInvoker.<>c__DisplayClass42.<BeginInvokeSynchronousActionMethod>b__41()
   在 System.Web.Mvc.Async.AsyncResultWrapper.<>c__DisplayClass8`1.<BeginSynchronous>b__7(IAsyncResult _)
   在 System.Web.Mvc.Async.AsyncResultWrapper.WrappedAsyncResult`1.End()
   在 System.Web.Mvc.Async.AsyncControllerActionInvoker.EndInvokeActionMethod(IAsyncResult asyncResult)
   在 System.Web.Mvc.Async.AsyncControllerActionInvoker.<>c__DisplayClass37.<>c__DisplayClass39.<BeginInvokeActionMethodWithFilters>b__33()
   在 System.Web.Mvc.Async.AsyncControllerActionInvoker.<>c__DisplayClass4f.<InvokeActionMethodFilterAsynchronously>b__49()
   在 System.Web.Mvc.Async.AsyncControllerActionInvoker.<>c__DisplayClass37.<BeginInvokeActionMethodWithFilters>b__36(IAsyncResult asyncResult)
   在 System.Web.Mvc.Async.AsyncResultWrapper.WrappedAsyncResult`1.End()
   在 System.Web.Mvc.Async.AsyncControllerActionInvoker.EndInvokeActionMethodWithFilters(IAsyncResult asyncResult)
   在 System.Web.Mvc.Async.AsyncControllerActionInvoker.<>c__DisplayClass25.<>c__DisplayClass2a.<BeginInvokeAction>b__20()
   在 System.Web.Mvc.Async.AsyncControllerActionInvoker.<>c__DisplayClass25.<BeginInvokeAction>b__22(IAsyncResult asyncResult)
-----------------------------------------------------------------------
时间:2015-09-22 12:19:39,814
级别:FATAL
描述:无法找到表 0。
System.IndexOutOfRangeException: 无法找到表 0。
   在 System.Data.DataTableCollection.get_Item(Int32 index)
   在 BW.MMS.BLL.m_DeptBLL.GetModelList(String strWhere) 位置 H:\SVNData\BW.MMS\BW.MMS\BW.MMS.BLL\m_DeptBLL.cs:行号 101
   在 BW.MMS.Web.Controllers.BasicInfo.DeptController.GetDeptItem() 位置 H:\SVNData\BW.MMS\BW.MMS\BW.MMS.Web\Controllers\BasicInfo\DeptController.cs:行号 78
   在 lambda_method(Closure , ControllerBase , Object[] )
   在 System.Web.Mvc.ActionMethodDispatcher.Execute(ControllerBase controller, Object[] parameters)
   在 System.Web.Mvc.ReflectedActionDescriptor.Execute(ControllerContext controllerContext, IDictionary`2 parameters)
   在 System.Web.Mvc.ControllerActionInvoker.InvokeActionMethod(ControllerContext controllerContext, ActionDescriptor actionDescriptor, IDictionary`2 parameters)
   在 System.Web.Mvc.Async.AsyncControllerActionInvoker.<>c__DisplayClass42.<BeginInvokeSynchronousActionMethod>b__41()
   在 System.Web.Mvc.Async.AsyncResultWrapper.<>c__DisplayClass8`1.<BeginSynchronous>b__7(IAsyncResult _)
   在 System.Web.Mvc.Async.AsyncResultWrapper.WrappedAsyncResult`1.End()
   在 System.Web.Mvc.Async.AsyncControllerActionInvoker.EndInvokeActionMethod(IAsyncResult asyncResult)
   在 System.Web.Mvc.Async.AsyncControllerActionInvoker.<>c__DisplayClass37.<>c__DisplayClass39.<BeginInvokeActionMethodWithFilters>b__33()
   在 System.Web.Mvc.Async.AsyncControllerActionInvoker.<>c__DisplayClass4f.<InvokeActionMethodFilterAsynchronously>b__49()
   在 System.Web.Mvc.Async.AsyncControllerActionInvoker.<>c__DisplayClass37.<BeginInvokeActionMethodWithFilters>b__36(IAsyncResult asyncResult)
   在 System.Web.Mvc.Async.AsyncResultWrapper.WrappedAsyncResult`1.End()
   在 System.Web.Mvc.Async.AsyncControllerActionInvoker.EndInvokeActionMethodWithFilters(IAsyncResult asyncResult)
   在 System.Web.Mvc.Async.AsyncControllerActionInvoker.<>c__DisplayClass25.<>c__DisplayClass2a.<BeginInvokeAction>b__20()
   在 System.Web.Mvc.Async.AsyncControllerActionInvoker.<>c__DisplayClass25.<BeginInvokeAction>b__22(IAsyncResult asyncResult)
-----------------------------------------------------------------------
时间:2015-09-22 13:18:35,659
级别:ERROR
描述:Socket错误：由于目标计算机积极拒绝，无法连接。 127.0.0.1:11235
-----------------------------------------------------------------------
时间:2015-09-22 13:36:15,423
级别:WARN
描述:重新连接Socket服务
-----------------------------------------------------------------------
时间:2015-09-22 13:36:16,435
级别:ERROR
描述:Socket错误：由于目标计算机积极拒绝，无法连接。 127.0.0.1:11235
-----------------------------------------------------------------------
时间:2015-09-22 13:37:15,435
级别:WARN
描述:重新连接Socket服务
-----------------------------------------------------------------------
时间:2015-09-22 13:38:15,450
级别:WARN
描述:重新连接Socket服务
-----------------------------------------------------------------------
时间:2015-09-22 13:39:15,464
级别:WARN
描述:重新连接Socket服务
-----------------------------------------------------------------------
时间:2015-09-22 13:40:15,478
级别:WARN
描述:重新连接Socket服务
-----------------------------------------------------------------------
时间:2015-09-22 13:41:15,491
级别:WARN
描述:重新连接Socket服务
-----------------------------------------------------------------------
时间:2015-09-22 13:42:15,505
级别:WARN
描述:重新连接Socket服务
-----------------------------------------------------------------------
时间:2015-09-22 13:43:15,518
级别:WARN
描述:重新连接Socket服务
-----------------------------------------------------------------------
时间:2015-09-22 13:44:15,531
级别:WARN
描述:重新连接Socket服务
-----------------------------------------------------------------------
时间:2015-09-22 13:44:47,505
级别:ERROR
描述:Socket错误：由于目标计算机积极拒绝，无法连接。 127.0.0.1:11235
-----------------------------------------------------------------------
时间:2015-09-22 14:44:06,480
级别:ERROR
描述:Socket错误：由于目标计算机积极拒绝，无法连接。 127.0.0.1:11235
-----------------------------------------------------------------------
时间:2015-09-22 17:00:36,333
级别:ERROR
描述:Socket错误：由于目标计算机积极拒绝，无法连接。 127.0.0.1:11235
