-----------------------------------------------------------------------
时间:2015-09-23 10:32:37,657
级别:WARN
描述:重新连接Socket服务
-----------------------------------------------------------------------
时间:2015-09-23 10:35:37,698
级别:WARN
描述:重新连接Socket服务
-----------------------------------------------------------------------
时间:2015-09-23 10:36:37,711
级别:WARN
描述:重新连接Socket服务
-----------------------------------------------------------------------
时间:2015-09-23 10:37:37,725
级别:WARN
描述:重新连接Socket服务
-----------------------------------------------------------------------
时间:2015-09-23 10:38:37,739
级别:WARN
描述:重新连接Socket服务
-----------------------------------------------------------------------
时间:2015-09-23 10:39:37,751
级别:WARN
描述:重新连接Socket服务
-----------------------------------------------------------------------
时间:2015-09-23 10:40:37,767
级别:WARN
描述:重新连接Socket服务
-----------------------------------------------------------------------
时间:2015-09-23 10:41:37,780
级别:WARN
描述:重新连接Socket服务
-----------------------------------------------------------------------
时间:2015-09-23 10:42:37,792
级别:WARN
描述:重新连接Socket服务
-----------------------------------------------------------------------
时间:2015-09-23 10:43:37,806
级别:WARN
描述:重新连接Socket服务
-----------------------------------------------------------------------
时间:2015-09-23 10:44:37,819
级别:WARN
描述:重新连接Socket服务
-----------------------------------------------------------------------
时间:2015-09-23 10:45:37,833
级别:WARN
描述:重新连接Socket服务
-----------------------------------------------------------------------
时间:2015-09-23 10:46:37,850
级别:WARN
描述:重新连接Socket服务
-----------------------------------------------------------------------
时间:2015-09-23 14:07:25,183
级别:WARN
描述:重新连接Socket服务
-----------------------------------------------------------------------
时间:2015-09-23 14:07:25,266
级别:ERROR
描述:Socket错误：由于目标计算机积极拒绝，无法连接。 127.0.0.1:11235
