-----------------------------------------------------------------------
时间:2015-09-05 09:54:09,763
级别:FATAL
描述:无法找到表 0。
System.IndexOutOfRangeException: 无法找到表 0。
   在 System.Data.DataTableCollection.get_Item(Int32 index)
   在 BW.MMS.DAL.ReportDAL.GetDataByDept(Int32 type, DateTime date) 位置 C:\Users\JiafuYuanTP\Desktop\BW_MMS\源代码\BW.MMS\BW.MMS.DAL\ReportDAL.cs:行号 476
   在 BW.MMS.BLL.ReportBLL.GetDataByDept(Int32 type, DateTime date) 位置 C:\Users\JiafuYuanTP\Desktop\BW_MMS\源代码\BW.MMS\BW.MMS.BLL\ReportBLL.cs:行号 122
   在 BW.MMS.Web.Controllers.RealTime.SensorDataRealTimeController.GetWindByDept() 位置 C:\Users\JiafuYuanTP\Desktop\BW_MMS\源代码\BW.MMS\BW.MMS.Web\Controllers\RealTime\SensorDataRealTimeController.cs:行号 63
   在 lambda_method(Closure , ControllerBase , Object[] )
   在 System.Web.Mvc.ActionMethodDispatcher.Execute(ControllerBase controller, Object[] parameters)
   在 System.Web.Mvc.ReflectedActionDescriptor.Execute(ControllerContext controllerContext, IDictionary`2 parameters)
   在 System.Web.Mvc.ControllerActionInvoker.InvokeActionMethod(ControllerContext controllerContext, ActionDescriptor actionDescriptor, IDictionary`2 parameters)
   在 System.Web.Mvc.Async.AsyncControllerActionInvoker.<>c__DisplayClass42.<BeginInvokeSynchronousActionMethod>b__41()
   在 System.Web.Mvc.Async.AsyncResultWrapper.<>c__DisplayClass8`1.<BeginSynchronous>b__7(IAsyncResult _)
   在 System.Web.Mvc.Async.AsyncResultWrapper.WrappedAsyncResult`1.End()
   在 System.Web.Mvc.Async.AsyncControllerActionInvoker.EndInvokeActionMethod(IAsyncResult asyncResult)
   在 System.Web.Mvc.Async.AsyncControllerActionInvoker.<>c__DisplayClass37.<>c__DisplayClass39.<BeginInvokeActionMethodWithFilters>b__33()
   在 System.Web.Mvc.Async.AsyncControllerActionInvoker.<>c__DisplayClass4f.<InvokeActionMethodFilterAsynchronously>b__49()
   在 System.Web.Mvc.Async.AsyncControllerActionInvoker.<>c__DisplayClass37.<BeginInvokeActionMethodWithFilters>b__36(IAsyncResult asyncResult)
   在 System.Web.Mvc.Async.AsyncResultWrapper.WrappedAsyncResult`1.End()
   在 System.Web.Mvc.Async.AsyncControllerActionInvoker.EndInvokeActionMethodWithFilters(IAsyncResult asyncResult)
   在 System.Web.Mvc.Async.AsyncControllerActionInvoker.<>c__DisplayClass25.<>c__DisplayClass2a.<BeginInvokeAction>b__20()
   在 System.Web.Mvc.Async.AsyncControllerActionInvoker.<>c__DisplayClass25.<BeginInvokeAction>b__22(IAsyncResult asyncResult)
-----------------------------------------------------------------------
时间:2015-09-05 09:54:09,788
级别:FATAL
描述:无法找到表 0。
System.IndexOutOfRangeException: 无法找到表 0。
   在 System.Data.DataTableCollection.get_Item(Int32 index)
   在 BW.MMS.DAL.ReportDAL.GetDataByDept(Int32 type, DateTime date) 位置 C:\Users\JiafuYuanTP\Desktop\BW_MMS\源代码\BW.MMS\BW.MMS.DAL\ReportDAL.cs:行号 476
   在 BW.MMS.BLL.ReportBLL.GetDataByDept(Int32 type, DateTime date) 位置 C:\Users\JiafuYuanTP\Desktop\BW_MMS\源代码\BW.MMS\BW.MMS.BLL\ReportBLL.cs:行号 122
   在 BW.MMS.Web.Controllers.RealTime.SensorDataRealTimeController.GetWaterByDept() 位置 C:\Users\JiafuYuanTP\Desktop\BW_MMS\源代码\BW.MMS\BW.MMS.Web\Controllers\RealTime\SensorDataRealTimeController.cs:行号 70
   在 lambda_method(Closure , ControllerBase , Object[] )
   在 System.Web.Mvc.ActionMethodDispatcher.Execute(ControllerBase controller, Object[] parameters)
   在 System.Web.Mvc.ReflectedActionDescriptor.Execute(ControllerContext controllerContext, IDictionary`2 parameters)
   在 System.Web.Mvc.ControllerActionInvoker.InvokeActionMethod(ControllerContext controllerContext, ActionDescriptor actionDescriptor, IDictionary`2 parameters)
   在 System.Web.Mvc.Async.AsyncControllerActionInvoker.<>c__DisplayClass42.<BeginInvokeSynchronousActionMethod>b__41()
   在 System.Web.Mvc.Async.AsyncResultWrapper.<>c__DisplayClass8`1.<BeginSynchronous>b__7(IAsyncResult _)
   在 System.Web.Mvc.Async.AsyncResultWrapper.WrappedAsyncResult`1.End()
   在 System.Web.Mvc.Async.AsyncControllerActionInvoker.EndInvokeActionMethod(IAsyncResult asyncResult)
   在 System.Web.Mvc.Async.AsyncControllerActionInvoker.<>c__DisplayClass37.<>c__DisplayClass39.<BeginInvokeActionMethodWithFilters>b__33()
   在 System.Web.Mvc.Async.AsyncControllerActionInvoker.<>c__DisplayClass4f.<InvokeActionMethodFilterAsynchronously>b__49()
   在 System.Web.Mvc.Async.AsyncControllerActionInvoker.<>c__DisplayClass37.<BeginInvokeActionMethodWithFilters>b__36(IAsyncResult asyncResult)
   在 System.Web.Mvc.Async.AsyncResultWrapper.WrappedAsyncResult`1.End()
   在 System.Web.Mvc.Async.AsyncControllerActionInvoker.EndInvokeActionMethodWithFilters(IAsyncResult asyncResult)
   在 System.Web.Mvc.Async.AsyncControllerActionInvoker.<>c__DisplayClass25.<>c__DisplayClass2a.<BeginInvokeAction>b__20()
   在 System.Web.Mvc.Async.AsyncControllerActionInvoker.<>c__DisplayClass25.<BeginInvokeAction>b__22(IAsyncResult asyncResult)
-----------------------------------------------------------------------
时间:2015-09-05 09:54:09,802
级别:FATAL
描述:无法找到表 0。
System.IndexOutOfRangeException: 无法找到表 0。
   在 System.Data.DataTableCollection.get_Item(Int32 index)
   在 BW.MMS.DAL.ReportDAL.GetDataByDept(Int32 type, DateTime date) 位置 C:\Users\JiafuYuanTP\Desktop\BW_MMS\源代码\BW.MMS\BW.MMS.DAL\ReportDAL.cs:行号 476
   在 BW.MMS.BLL.ReportBLL.GetDataByDept(Int32 type, DateTime date) 位置 C:\Users\JiafuYuanTP\Desktop\BW_MMS\源代码\BW.MMS\BW.MMS.BLL\ReportBLL.cs:行号 122
   在 BW.MMS.Web.Controllers.RealTime.SensorDataRealTimeController.GetPowerByDept() 位置 C:\Users\JiafuYuanTP\Desktop\BW_MMS\源代码\BW.MMS\BW.MMS.Web\Controllers\RealTime\SensorDataRealTimeController.cs:行号 77
   在 lambda_method(Closure , ControllerBase , Object[] )
   在 System.Web.Mvc.ActionMethodDispatcher.Execute(ControllerBase controller, Object[] parameters)
   在 System.Web.Mvc.ReflectedActionDescriptor.Execute(ControllerContext controllerContext, IDictionary`2 parameters)
   在 System.Web.Mvc.ControllerActionInvoker.InvokeActionMethod(ControllerContext controllerContext, ActionDescriptor actionDescriptor, IDictionary`2 parameters)
   在 System.Web.Mvc.Async.AsyncControllerActionInvoker.<>c__DisplayClass42.<BeginInvokeSynchronousActionMethod>b__41()
   在 System.Web.Mvc.Async.AsyncResultWrapper.<>c__DisplayClass8`1.<BeginSynchronous>b__7(IAsyncResult _)
   在 System.Web.Mvc.Async.AsyncResultWrapper.WrappedAsyncResult`1.End()
   在 System.Web.Mvc.Async.AsyncControllerActionInvoker.EndInvokeActionMethod(IAsyncResult asyncResult)
   在 System.Web.Mvc.Async.AsyncControllerActionInvoker.<>c__DisplayClass37.<>c__DisplayClass39.<BeginInvokeActionMethodWithFilters>b__33()
   在 System.Web.Mvc.Async.AsyncControllerActionInvoker.<>c__DisplayClass4f.<InvokeActionMethodFilterAsynchronously>b__49()
   在 System.Web.Mvc.Async.AsyncControllerActionInvoker.<>c__DisplayClass37.<BeginInvokeActionMethodWithFilters>b__36(IAsyncResult asyncResult)
   在 System.Web.Mvc.Async.AsyncResultWrapper.WrappedAsyncResult`1.End()
   在 System.Web.Mvc.Async.AsyncControllerActionInvoker.EndInvokeActionMethodWithFilters(IAsyncResult asyncResult)
   在 System.Web.Mvc.Async.AsyncControllerActionInvoker.<>c__DisplayClass25.<>c__DisplayClass2a.<BeginInvokeAction>b__20()
   在 System.Web.Mvc.Async.AsyncControllerActionInvoker.<>c__DisplayClass25.<BeginInvokeAction>b__22(IAsyncResult asyncResult)
-----------------------------------------------------------------------
时间:2015-09-05 09:54:09,812
级别:FATAL
描述:无法找到表 0。
System.IndexOutOfRangeException: 无法找到表 0。
   在 System.Data.DataTableCollection.get_Item(Int32 index)
   在 BW.MMS.DAL.ReportDAL.GetDataByDept(Int32 type, DateTime date) 位置 C:\Users\JiafuYuanTP\Desktop\BW_MMS\源代码\BW.MMS\BW.MMS.DAL\ReportDAL.cs:行号 476
   在 BW.MMS.BLL.ReportBLL.GetDataByDept(Int32 type, DateTime date) 位置 C:\Users\JiafuYuanTP\Desktop\BW_MMS\源代码\BW.MMS\BW.MMS.BLL\ReportBLL.cs:行号 122
   在 BW.MMS.Web.Controllers.RealTime.SensorDataRealTimeController.GetProductionByDept() 位置 C:\Users\JiafuYuanTP\Desktop\BW_MMS\源代码\BW.MMS\BW.MMS.Web\Controllers\RealTime\SensorDataRealTimeController.cs:行号 84
   在 lambda_method(Closure , ControllerBase , Object[] )
   在 System.Web.Mvc.ActionMethodDispatcher.Execute(ControllerBase controller, Object[] parameters)
   在 System.Web.Mvc.ReflectedActionDescriptor.Execute(ControllerContext controllerContext, IDictionary`2 parameters)
   在 System.Web.Mvc.ControllerActionInvoker.InvokeActionMethod(ControllerContext controllerContext, ActionDescriptor actionDescriptor, IDictionary`2 parameters)
   在 System.Web.Mvc.Async.AsyncControllerActionInvoker.<>c__DisplayClass42.<BeginInvokeSynchronousActionMethod>b__41()
   在 System.Web.Mvc.Async.AsyncResultWrapper.<>c__DisplayClass8`1.<BeginSynchronous>b__7(IAsyncResult _)
   在 System.Web.Mvc.Async.AsyncResultWrapper.WrappedAsyncResult`1.End()
   在 System.Web.Mvc.Async.AsyncControllerActionInvoker.EndInvokeActionMethod(IAsyncResult asyncResult)
   在 System.Web.Mvc.Async.AsyncControllerActionInvoker.<>c__DisplayClass37.<>c__DisplayClass39.<BeginInvokeActionMethodWithFilters>b__33()
   在 System.Web.Mvc.Async.AsyncControllerActionInvoker.<>c__DisplayClass4f.<InvokeActionMethodFilterAsynchronously>b__49()
   在 System.Web.Mvc.Async.AsyncControllerActionInvoker.<>c__DisplayClass37.<BeginInvokeActionMethodWithFilters>b__36(IAsyncResult asyncResult)
   在 System.Web.Mvc.Async.AsyncResultWrapper.WrappedAsyncResult`1.End()
   在 System.Web.Mvc.Async.AsyncControllerActionInvoker.EndInvokeActionMethodWithFilters(IAsyncResult asyncResult)
   在 System.Web.Mvc.Async.AsyncControllerActionInvoker.<>c__DisplayClass25.<>c__DisplayClass2a.<BeginInvokeAction>b__20()
   在 System.Web.Mvc.Async.AsyncControllerActionInvoker.<>c__DisplayClass25.<BeginInvokeAction>b__22(IAsyncResult asyncResult)
-----------------------------------------------------------------------
时间:2015-09-05 09:54:11,228
级别:ERROR
描述:Socket错误：由于目标计算机积极拒绝，无法连接。 127.0.0.1:11235
-----------------------------------------------------------------------
时间:2015-09-05 10:11:59,942
级别:ERROR
描述:Socket错误：由于目标计算机积极拒绝，无法连接。 127.0.0.1:11235
-----------------------------------------------------------------------
时间:2015-09-05 11:09:41,642
级别:ERROR
描述:Socket错误：由于目标计算机积极拒绝，无法连接。 127.0.0.1:11235
-----------------------------------------------------------------------
时间:2015-09-05 11:27:25,236
级别:ERROR
描述:Socket错误：由于目标计算机积极拒绝，无法连接。 127.0.0.1:11235
-----------------------------------------------------------------------
时间:2015-09-05 11:38:32,373
级别:ERROR
描述:Socket错误：由于目标计算机积极拒绝，无法连接。 127.0.0.1:11235
-----------------------------------------------------------------------
时间:2015-09-05 12:17:09,466
级别:ERROR
描述:Socket错误：由于目标计算机积极拒绝，无法连接。 127.0.0.1:11235
-----------------------------------------------------------------------
时间:2015-09-05 12:20:43,616
级别:ERROR
描述:Socket错误：由于目标计算机积极拒绝，无法连接。 127.0.0.1:11235
-----------------------------------------------------------------------
时间:2015-09-05 14:20:19,021
级别:ERROR
描述:Socket错误：由于目标计算机积极拒绝，无法连接。 127.0.0.1:11235
-----------------------------------------------------------------------
时间:2015-09-05 14:55:16,395
级别:WARN
描述:重新连接Socket服务
-----------------------------------------------------------------------
时间:2015-09-05 14:56:16,410
级别:WARN
描述:重新连接Socket服务
-----------------------------------------------------------------------
时间:2015-09-05 14:57:16,422
级别:WARN
描述:重新连接Socket服务
-----------------------------------------------------------------------
时间:2015-09-05 14:58:57,477
级别:WARN
描述:重新连接Socket服务
-----------------------------------------------------------------------
时间:2015-09-05 14:59:57,477
级别:WARN
描述:重新连接Socket服务
-----------------------------------------------------------------------
时间:2015-09-05 15:00:57,491
级别:WARN
描述:重新连接Socket服务
-----------------------------------------------------------------------
时间:2015-09-05 15:01:57,506
级别:WARN
描述:重新连接Socket服务
-----------------------------------------------------------------------
时间:2015-09-05 15:03:00,504
级别:WARN
描述:重新连接Socket服务
-----------------------------------------------------------------------
时间:2015-09-05 15:26:41,320
级别:WARN
描述:重新连接Socket服务
-----------------------------------------------------------------------
时间:2015-09-05 15:27:41,322
级别:WARN
描述:重新连接Socket服务
-----------------------------------------------------------------------
时间:2015-09-05 15:28:41,336
级别:WARN
描述:重新连接Socket服务
-----------------------------------------------------------------------
时间:2015-09-05 15:29:41,349
级别:WARN
描述:重新连接Socket服务
-----------------------------------------------------------------------
时间:2015-09-05 15:30:41,363
级别:WARN
描述:重新连接Socket服务
-----------------------------------------------------------------------
时间:2015-09-05 15:31:41,375
级别:WARN
描述:重新连接Socket服务
-----------------------------------------------------------------------
时间:2015-09-05 15:41:40,529
级别:ERROR
描述:Socket错误：由于目标计算机积极拒绝，无法连接。 127.0.0.1:11235
-----------------------------------------------------------------------
时间:2015-09-05 18:04:51,322
级别:ERROR
描述:Socket错误：由于目标计算机积极拒绝，无法连接。 127.0.0.1:11235
-----------------------------------------------------------------------
时间:2015-09-05 18:59:13,567
级别:ERROR
描述:Socket错误：由于目标计算机积极拒绝，无法连接。 127.0.0.1:11235
-----------------------------------------------------------------------
时间:2015-09-05 19:19:18,050
级别:ERROR
描述:Socket错误：由于目标计算机积极拒绝，无法连接。 127.0.0.1:11235
-----------------------------------------------------------------------
时间:2015-09-05 19:44:04,061
级别:ERROR
描述:Socket错误：由于目标计算机积极拒绝，无法连接。 127.0.0.1:11235
-----------------------------------------------------------------------
时间:2015-09-05 19:56:41,717
级别:WARN
描述:重新连接Socket服务
-----------------------------------------------------------------------
时间:2015-09-05 20:52:34,796
级别:ERROR
描述:Socket错误：由于目标计算机积极拒绝，无法连接。 127.0.0.1:11235
-----------------------------------------------------------------------
时间:2015-09-05 20:59:37,074
级别:ERROR
描述:Socket错误：由于目标计算机积极拒绝，无法连接。 127.0.0.1:11235
