-----------------------------------------------------------------------
时间:2015-09-17 10:08:53,985
级别:ERROR
描述:Socket错误：由于目标计算机积极拒绝，无法连接。 127.0.0.1:11235
-----------------------------------------------------------------------
时间:2015-09-17 10:09:23,566
级别:FATAL
描述:未将对象引用设置到对象的实例。
System.NullReferenceException: 未将对象引用设置到对象的实例。
   在 BW.MMS.Web.Controllers.YearReportController.GetGridList() 位置 C:\Users\Administrator\Desktop\源代码\BW.MMS\BW.MMS.Web\Controllers\YearReportController.cs:行号 58
   在 lambda_method(Closure , ControllerBase , Object[] )
   在 System.Web.Mvc.ActionMethodDispatcher.Execute(ControllerBase controller, Object[] parameters)
   在 System.Web.Mvc.ReflectedActionDescriptor.Execute(ControllerContext controllerContext, IDictionary`2 parameters)
   在 System.Web.Mvc.ControllerActionInvoker.InvokeActionMethod(ControllerContext controllerContext, ActionDescriptor actionDescriptor, IDictionary`2 parameters)
   在 System.Web.Mvc.Async.AsyncControllerActionInvoker.<>c__DisplayClass42.<BeginInvokeSynchronousActionMethod>b__41()
   在 System.Web.Mvc.Async.AsyncResultWrapper.<>c__DisplayClass8`1.<BeginSynchronous>b__7(IAsyncResult _)
   在 System.Web.Mvc.Async.AsyncResultWrapper.WrappedAsyncResult`1.End()
   在 System.Web.Mvc.Async.AsyncControllerActionInvoker.EndInvokeActionMethod(IAsyncResult asyncResult)
   在 System.Web.Mvc.Async.AsyncControllerActionInvoker.<>c__DisplayClass37.<>c__DisplayClass39.<BeginInvokeActionMethodWithFilters>b__33()
   在 System.Web.Mvc.Async.AsyncControllerActionInvoker.<>c__DisplayClass4f.<InvokeActionMethodFilterAsynchronously>b__49()
   在 System.Web.Mvc.Async.AsyncControllerActionInvoker.<>c__DisplayClass37.<BeginInvokeActionMethodWithFilters>b__36(IAsyncResult asyncResult)
   在 System.Web.Mvc.Async.AsyncResultWrapper.WrappedAsyncResult`1.End()
   在 System.Web.Mvc.Async.AsyncControllerActionInvoker.EndInvokeActionMethodWithFilters(IAsyncResult asyncResult)
   在 System.Web.Mvc.Async.AsyncControllerActionInvoker.<>c__DisplayClass25.<>c__DisplayClass2a.<BeginInvokeAction>b__20()
   在 System.Web.Mvc.Async.AsyncControllerActionInvoker.<>c__DisplayClass25.<BeginInvokeAction>b__22(IAsyncResult asyncResult)
-----------------------------------------------------------------------
时间:2015-09-17 10:10:09,208
级别:ERROR
描述:Socket错误：由于目标计算机积极拒绝，无法连接。 127.0.0.1:11235
-----------------------------------------------------------------------
时间:2015-09-17 10:11:08,790
级别:FATAL
描述:该字符串未被识别为有效的 DateTime。
System.FormatException: 该字符串未被识别为有效的 DateTime。
   在 System.DateTimeParse.Parse(String s, DateTimeFormatInfo dtfi, DateTimeStyles styles)
   在 System.DateTime.Parse(String s)
   在 BW.MMS.Web.Controllers.YearReportController.GetGridList() 位置 C:\Users\Administrator\Desktop\源代码\BW.MMS\BW.MMS.Web\Controllers\YearReportController.cs:行号 58
   在 lambda_method(Closure , ControllerBase , Object[] )
   在 System.Web.Mvc.ActionMethodDispatcher.Execute(ControllerBase controller, Object[] parameters)
   在 System.Web.Mvc.ReflectedActionDescriptor.Execute(ControllerContext controllerContext, IDictionary`2 parameters)
   在 System.Web.Mvc.ControllerActionInvoker.InvokeActionMethod(ControllerContext controllerContext, ActionDescriptor actionDescriptor, IDictionary`2 parameters)
   在 System.Web.Mvc.Async.AsyncControllerActionInvoker.<>c__DisplayClass42.<BeginInvokeSynchronousActionMethod>b__41()
   在 System.Web.Mvc.Async.AsyncResultWrapper.<>c__DisplayClass8`1.<BeginSynchronous>b__7(IAsyncResult _)
   在 System.Web.Mvc.Async.AsyncResultWrapper.WrappedAsyncResult`1.End()
   在 System.Web.Mvc.Async.AsyncControllerActionInvoker.EndInvokeActionMethod(IAsyncResult asyncResult)
   在 System.Web.Mvc.Async.AsyncControllerActionInvoker.<>c__DisplayClass37.<>c__DisplayClass39.<BeginInvokeActionMethodWithFilters>b__33()
   在 System.Web.Mvc.Async.AsyncControllerActionInvoker.<>c__DisplayClass4f.<InvokeActionMethodFilterAsynchronously>b__49()
   在 System.Web.Mvc.Async.AsyncControllerActionInvoker.<>c__DisplayClass37.<BeginInvokeActionMethodWithFilters>b__36(IAsyncResult asyncResult)
   在 System.Web.Mvc.Async.AsyncResultWrapper.WrappedAsyncResult`1.End()
   在 System.Web.Mvc.Async.AsyncControllerActionInvoker.EndInvokeActionMethodWithFilters(IAsyncResult asyncResult)
   在 System.Web.Mvc.Async.AsyncControllerActionInvoker.<>c__DisplayClass25.<>c__DisplayClass2a.<BeginInvokeAction>b__20()
   在 System.Web.Mvc.Async.AsyncControllerActionInvoker.<>c__DisplayClass25.<BeginInvokeAction>b__22(IAsyncResult asyncResult)
-----------------------------------------------------------------------
时间:2015-09-17 10:13:35,402
级别:ERROR
描述:Socket错误：由于目标计算机积极拒绝，无法连接。 127.0.0.1:11235
-----------------------------------------------------------------------
时间:2015-09-17 10:31:15,754
级别:WARN
描述:重新连接Socket服务
-----------------------------------------------------------------------
时间:2015-09-17 10:31:16,767
级别:ERROR
描述:Socket错误：由于目标计算机积极拒绝，无法连接。 127.0.0.1:11235
-----------------------------------------------------------------------
时间:2015-09-17 10:32:15,766
级别:WARN
描述:重新连接Socket服务
-----------------------------------------------------------------------
时间:2015-09-17 10:33:15,780
级别:WARN
描述:重新连接Socket服务
-----------------------------------------------------------------------
时间:2015-09-17 10:34:15,794
级别:WARN
描述:重新连接Socket服务
-----------------------------------------------------------------------
时间:2015-09-17 10:35:15,807
级别:WARN
描述:重新连接Socket服务
-----------------------------------------------------------------------
时间:2015-09-17 10:36:15,820
级别:WARN
描述:重新连接Socket服务
-----------------------------------------------------------------------
时间:2015-09-17 10:37:15,835
级别:WARN
描述:重新连接Socket服务
-----------------------------------------------------------------------
时间:2015-09-17 10:38:15,848
级别:WARN
描述:重新连接Socket服务
-----------------------------------------------------------------------
时间:2015-09-17 10:39:15,862
级别:WARN
描述:重新连接Socket服务
-----------------------------------------------------------------------
时间:2015-09-17 10:40:15,874
级别:WARN
描述:重新连接Socket服务
-----------------------------------------------------------------------
时间:2015-09-17 10:41:15,888
级别:WARN
描述:重新连接Socket服务
-----------------------------------------------------------------------
时间:2015-09-17 10:42:15,901
级别:WARN
描述:重新连接Socket服务
-----------------------------------------------------------------------
时间:2015-09-17 10:43:15,916
级别:WARN
描述:重新连接Socket服务
-----------------------------------------------------------------------
时间:2015-09-17 10:44:15,930
级别:WARN
描述:重新连接Socket服务
-----------------------------------------------------------------------
时间:2015-09-17 10:45:15,944
级别:WARN
描述:重新连接Socket服务
-----------------------------------------------------------------------
时间:2015-09-17 10:46:15,957
级别:WARN
描述:重新连接Socket服务
-----------------------------------------------------------------------
时间:2015-09-17 10:47:15,970
级别:WARN
描述:重新连接Socket服务
-----------------------------------------------------------------------
时间:2015-09-17 10:47:58,623
级别:ERROR
描述:Socket错误：由于目标计算机积极拒绝，无法连接。 127.0.0.1:11235
-----------------------------------------------------------------------
时间:2015-09-17 10:48:15,983
级别:WARN
描述:重新连接Socket服务
-----------------------------------------------------------------------
时间:2015-09-17 10:49:15,997
级别:WARN
描述:重新连接Socket服务
-----------------------------------------------------------------------
时间:2015-09-17 10:50:16,012
级别:WARN
描述:重新连接Socket服务
-----------------------------------------------------------------------
时间:2015-09-17 10:51:16,025
级别:WARN
描述:重新连接Socket服务
-----------------------------------------------------------------------
时间:2015-09-17 10:52:16,039
级别:WARN
描述:重新连接Socket服务
-----------------------------------------------------------------------
时间:2015-09-17 10:53:16,051
级别:WARN
描述:重新连接Socket服务
-----------------------------------------------------------------------
时间:2015-09-17 10:54:16,064
级别:WARN
描述:重新连接Socket服务
-----------------------------------------------------------------------
时间:2015-09-17 10:55:16,078
级别:WARN
描述:重新连接Socket服务
-----------------------------------------------------------------------
时间:2015-09-17 10:56:16,091
级别:WARN
描述:重新连接Socket服务
-----------------------------------------------------------------------
时间:2015-09-17 10:57:16,106
级别:WARN
描述:重新连接Socket服务
-----------------------------------------------------------------------
时间:2015-09-17 10:58:16,119
级别:WARN
描述:重新连接Socket服务
-----------------------------------------------------------------------
时间:2015-09-17 10:59:16,133
级别:WARN
描述:重新连接Socket服务
-----------------------------------------------------------------------
时间:2015-09-17 11:00:16,147
级别:WARN
描述:重新连接Socket服务
-----------------------------------------------------------------------
时间:2015-09-17 11:01:16,159
级别:WARN
描述:重新连接Socket服务
-----------------------------------------------------------------------
时间:2015-09-17 11:02:16,174
级别:WARN
描述:重新连接Socket服务
