-----------------------------------------------------------------------
时间:2015-09-22 08:43:44,418
级别:ERROR
描述:Socket错误：由于目标计算机积极拒绝，无法连接。 127.0.0.1:11235
-----------------------------------------------------------------------
时间:2015-09-22 08:46:30,824
级别:ERROR
描述:Socket错误：由于目标计算机积极拒绝，无法连接。 127.0.0.1:11235
-----------------------------------------------------------------------
时间:2015-09-22 08:48:11,335
级别:ERROR
描述:Socket错误：由于目标计算机积极拒绝，无法连接。 127.0.0.1:11235
-----------------------------------------------------------------------
时间:2015-09-22 08:51:50,011
级别:ERROR
描述:Socket错误：由于目标计算机积极拒绝，无法连接。 127.0.0.1:11235
-----------------------------------------------------------------------
时间:2015-09-22 08:54:05,665
级别:ERROR
描述:Socket错误：由于目标计算机积极拒绝，无法连接。 127.0.0.1:11235
-----------------------------------------------------------------------
时间:2015-09-22 08:56:27,825
级别:ERROR
描述:Socket错误：由于目标计算机积极拒绝，无法连接。 127.0.0.1:11235
-----------------------------------------------------------------------
时间:2015-09-22 09:17:18,106
级别:ERROR
描述:Socket错误：由于目标计算机积极拒绝，无法连接。 127.0.0.1:11235
-----------------------------------------------------------------------
时间:2015-09-22 09:20:17,213
级别:ERROR
描述:Socket错误：由于目标计算机积极拒绝，无法连接。 127.0.0.1:11235
-----------------------------------------------------------------------
时间:2015-09-22 10:08:43,787
级别:ERROR
描述:Socket错误：由于目标计算机积极拒绝，无法连接。 127.0.0.1:11235
-----------------------------------------------------------------------
时间:2015-09-22 10:16:15,631
级别:ERROR
描述:Socket错误：由于目标计算机积极拒绝，无法连接。 127.0.0.1:11235
-----------------------------------------------------------------------
时间:2015-09-22 10:16:58,444
级别:ERROR
描述:Socket错误：由于目标计算机积极拒绝，无法连接。 127.0.0.1:11235
-----------------------------------------------------------------------
时间:2015-09-22 10:28:38,638
级别:ERROR
描述:Socket错误：由于目标计算机积极拒绝，无法连接。 127.0.0.1:11235
-----------------------------------------------------------------------
时间:2015-09-22 10:29:34,261
级别:ERROR
描述:Socket错误：由于目标计算机积极拒绝，无法连接。 127.0.0.1:11235
-----------------------------------------------------------------------
时间:2015-09-22 10:39:15,364
级别:ERROR
描述:Socket错误：由于目标计算机积极拒绝，无法连接。 127.0.0.1:11235
-----------------------------------------------------------------------
时间:2015-09-22 10:56:54,809
级别:WARN
描述:重新连接Socket服务
-----------------------------------------------------------------------
时间:2015-09-22 10:56:55,821
级别:ERROR
描述:Socket错误：由于目标计算机积极拒绝，无法连接。 127.0.0.1:11235
-----------------------------------------------------------------------
时间:2015-09-22 10:57:54,821
级别:WARN
描述:重新连接Socket服务
-----------------------------------------------------------------------
时间:2015-09-22 10:58:54,836
级别:WARN
描述:重新连接Socket服务
-----------------------------------------------------------------------
时间:2015-09-22 10:59:54,849
级别:WARN
描述:重新连接Socket服务
-----------------------------------------------------------------------
时间:2015-09-22 11:00:54,862
级别:WARN
描述:重新连接Socket服务
-----------------------------------------------------------------------
时间:2015-09-22 11:01:54,875
级别:WARN
描述:重新连接Socket服务
-----------------------------------------------------------------------
时间:2015-09-22 11:02:54,888
级别:WARN
描述:重新连接Socket服务
-----------------------------------------------------------------------
时间:2015-09-22 11:03:54,903
级别:WARN
描述:重新连接Socket服务
-----------------------------------------------------------------------
时间:2015-09-22 11:04:54,917
级别:WARN
描述:重新连接Socket服务
-----------------------------------------------------------------------
时间:2015-09-22 11:05:54,930
级别:WARN
描述:重新连接Socket服务
-----------------------------------------------------------------------
时间:2015-09-22 11:06:54,944
级别:WARN
描述:重新连接Socket服务
-----------------------------------------------------------------------
时间:2015-09-22 11:07:54,957
级别:WARN
描述:重新连接Socket服务
-----------------------------------------------------------------------
时间:2015-09-22 11:08:54,971
级别:WARN
描述:重新连接Socket服务
-----------------------------------------------------------------------
时间:2015-09-22 11:09:54,985
级别:WARN
描述:重新连接Socket服务
-----------------------------------------------------------------------
时间:2015-09-22 11:19:09,678
级别:WARN
描述:重新连接Socket服务
-----------------------------------------------------------------------
时间:2015-09-22 11:19:18,330
级别:ERROR
描述:Socket错误：由于目标计算机积极拒绝，无法连接。 127.0.0.1:11235
-----------------------------------------------------------------------
时间:2015-09-22 11:20:09,534
级别:WARN
描述:重新连接Socket服务
-----------------------------------------------------------------------
时间:2015-09-22 11:21:09,549
级别:WARN
描述:重新连接Socket服务
-----------------------------------------------------------------------
时间:2015-09-22 11:22:09,562
级别:WARN
描述:重新连接Socket服务
-----------------------------------------------------------------------
时间:2015-09-22 11:23:09,576
级别:WARN
描述:重新连接Socket服务
-----------------------------------------------------------------------
时间:2015-09-22 11:24:09,590
级别:WARN
描述:重新连接Socket服务
-----------------------------------------------------------------------
时间:2015-09-22 11:25:09,603
级别:WARN
描述:重新连接Socket服务
-----------------------------------------------------------------------
时间:2015-09-22 11:26:09,617
级别:WARN
描述:重新连接Socket服务
-----------------------------------------------------------------------
时间:2015-09-22 11:27:09,630
级别:WARN
描述:重新连接Socket服务
-----------------------------------------------------------------------
时间:2015-09-22 11:28:09,644
级别:WARN
描述:重新连接Socket服务
-----------------------------------------------------------------------
时间:2015-09-22 11:29:09,658
级别:WARN
描述:重新连接Socket服务
-----------------------------------------------------------------------
时间:2015-09-22 11:34:18,266
级别:ERROR
描述:Socket错误：由于目标计算机积极拒绝，无法连接。 127.0.0.1:11235
-----------------------------------------------------------------------
时间:2015-09-22 11:36:33,255
级别:ERROR
描述:Socket错误：由于目标计算机积极拒绝，无法连接。 127.0.0.1:11235
-----------------------------------------------------------------------
时间:2015-09-22 11:54:13,632
级别:WARN
描述:重新连接Socket服务
-----------------------------------------------------------------------
时间:2015-09-22 11:54:14,646
级别:ERROR
描述:Socket错误：由于目标计算机积极拒绝，无法连接。 127.0.0.1:11235
-----------------------------------------------------------------------
时间:2015-09-22 11:55:13,645
级别:WARN
描述:重新连接Socket服务
-----------------------------------------------------------------------
时间:2015-09-22 11:56:13,659
级别:WARN
描述:重新连接Socket服务
-----------------------------------------------------------------------
时间:2015-09-22 11:57:13,673
级别:WARN
描述:重新连接Socket服务
-----------------------------------------------------------------------
时间:2015-09-22 11:58:13,686
级别:WARN
描述:重新连接Socket服务
-----------------------------------------------------------------------
时间:2015-09-22 11:59:13,699
级别:WARN
描述:重新连接Socket服务
-----------------------------------------------------------------------
时间:2015-09-22 12:00:13,712
级别:WARN
描述:重新连接Socket服务
-----------------------------------------------------------------------
时间:2015-09-22 12:01:13,727
级别:WARN
描述:重新连接Socket服务
-----------------------------------------------------------------------
时间:2015-09-22 12:02:13,740
级别:WARN
描述:重新连接Socket服务
-----------------------------------------------------------------------
时间:2015-09-22 12:03:13,754
级别:WARN
描述:重新连接Socket服务
-----------------------------------------------------------------------
时间:2015-09-22 12:04:13,767
级别:WARN
描述:重新连接Socket服务
-----------------------------------------------------------------------
时间:2015-09-22 12:05:13,782
级别:WARN
描述:重新连接Socket服务
-----------------------------------------------------------------------
时间:2015-09-22 12:06:13,795
级别:WARN
描述:重新连接Socket服务
-----------------------------------------------------------------------
时间:2015-09-22 12:07:13,808
级别:WARN
描述:重新连接Socket服务
-----------------------------------------------------------------------
时间:2015-09-22 12:08:13,821
级别:WARN
描述:重新连接Socket服务
-----------------------------------------------------------------------
时间:2015-09-22 12:09:13,835
级别:WARN
描述:重新连接Socket服务
-----------------------------------------------------------------------
时间:2015-09-22 12:10:13,850
级别:WARN
描述:重新连接Socket服务
-----------------------------------------------------------------------
时间:2015-09-22 12:10:55,153
级别:ERROR
描述:Socket错误：由于目标计算机积极拒绝，无法连接。 127.0.0.1:11235
-----------------------------------------------------------------------
时间:2015-09-22 12:11:13,863
级别:WARN
描述:重新连接Socket服务
-----------------------------------------------------------------------
时间:2015-09-22 12:12:13,877
级别:WARN
描述:重新连接Socket服务
-----------------------------------------------------------------------
时间:2015-09-22 12:13:13,892
级别:WARN
描述:重新连接Socket服务
-----------------------------------------------------------------------
时间:2015-09-22 12:14:13,904
级别:WARN
描述:重新连接Socket服务
-----------------------------------------------------------------------
时间:2015-09-22 12:15:13,916
级别:WARN
描述:重新连接Socket服务
-----------------------------------------------------------------------
时间:2015-09-22 12:16:13,930
级别:WARN
描述:重新连接Socket服务
-----------------------------------------------------------------------
时间:2015-09-22 12:17:13,945
级别:WARN
描述:重新连接Socket服务
-----------------------------------------------------------------------
时间:2015-09-22 12:18:13,958
级别:WARN
描述:重新连接Socket服务
-----------------------------------------------------------------------
时间:2015-09-22 13:53:33,757
级别:ERROR
描述:Socket错误：由于目标计算机积极拒绝，无法连接。 127.0.0.1:11235
-----------------------------------------------------------------------
时间:2015-09-22 13:59:16,492
级别:ERROR
描述:Socket错误：由于目标计算机积极拒绝，无法连接。 127.0.0.1:11235
-----------------------------------------------------------------------
时间:2015-09-22 14:00:18,126
级别:ERROR
描述:Socket错误：由于目标计算机积极拒绝，无法连接。 127.0.0.1:11235
-----------------------------------------------------------------------
时间:2015-09-22 14:06:42,145
级别:ERROR
描述:Socket错误：由于目标计算机积极拒绝，无法连接。 127.0.0.1:11235
-----------------------------------------------------------------------
时间:2015-09-22 14:24:22,909
级别:WARN
描述:重新连接Socket服务
-----------------------------------------------------------------------
时间:2015-09-22 14:24:23,921
级别:ERROR
描述:Socket错误：由于目标计算机积极拒绝，无法连接。 127.0.0.1:11235
-----------------------------------------------------------------------
时间:2015-09-22 14:25:22,922
级别:WARN
描述:重新连接Socket服务
-----------------------------------------------------------------------
时间:2015-09-22 14:26:22,935
级别:WARN
描述:重新连接Socket服务
-----------------------------------------------------------------------
时间:2015-09-22 14:27:22,948
级别:WARN
描述:重新连接Socket服务
-----------------------------------------------------------------------
时间:2015-09-22 14:28:22,967
级别:WARN
描述:重新连接Socket服务
-----------------------------------------------------------------------
时间:2015-09-22 14:29:22,975
级别:WARN
描述:重新连接Socket服务
-----------------------------------------------------------------------
时间:2015-09-22 14:30:22,990
级别:WARN
描述:重新连接Socket服务
-----------------------------------------------------------------------
时间:2015-09-22 14:31:23,002
级别:WARN
描述:重新连接Socket服务
-----------------------------------------------------------------------
时间:2015-09-22 14:32:23,017
级别:WARN
描述:重新连接Socket服务
-----------------------------------------------------------------------
时间:2015-09-22 14:33:23,029
级别:WARN
描述:重新连接Socket服务
-----------------------------------------------------------------------
时间:2015-09-22 14:34:23,043
级别:WARN
描述:重新连接Socket服务
-----------------------------------------------------------------------
时间:2015-09-22 14:35:23,058
级别:WARN
描述:重新连接Socket服务
-----------------------------------------------------------------------
时间:2015-09-22 14:36:23,070
级别:WARN
描述:重新连接Socket服务
-----------------------------------------------------------------------
时间:2015-09-22 14:37:23,086
级别:WARN
描述:重新连接Socket服务
-----------------------------------------------------------------------
时间:2015-09-22 14:38:23,097
级别:WARN
描述:重新连接Socket服务
-----------------------------------------------------------------------
时间:2015-09-22 14:39:23,111
级别:WARN
描述:重新连接Socket服务
-----------------------------------------------------------------------
时间:2015-09-22 14:40:23,126
级别:WARN
描述:重新连接Socket服务
-----------------------------------------------------------------------
时间:2015-09-22 14:41:05,657
级别:ERROR
描述:Socket错误：由于目标计算机积极拒绝，无法连接。 127.0.0.1:11235
-----------------------------------------------------------------------
时间:2015-09-22 14:41:23,139
级别:WARN
描述:重新连接Socket服务
-----------------------------------------------------------------------
时间:2015-09-22 14:42:23,152
级别:WARN
描述:重新连接Socket服务
-----------------------------------------------------------------------
时间:2015-09-22 14:43:23,166
级别:WARN
描述:重新连接Socket服务
-----------------------------------------------------------------------
时间:2015-09-22 17:02:38,361
级别:ERROR
描述:Socket错误：由于目标计算机积极拒绝，无法连接。 127.0.0.1:11235
-----------------------------------------------------------------------
时间:2015-09-22 17:14:53,268
级别:ERROR
描述:Socket错误：由于目标计算机积极拒绝，无法连接。 127.0.0.1:11235
-----------------------------------------------------------------------
时间:2015-09-22 17:15:28,878
级别:FATAL
描述:列名 'RecordMonth' 无效。
列名 'RecordMontfrom' 无效。
列名 'RecordMonth' 无效。
System.Data.SqlClient.SqlException (0x80131904): 列名 'RecordMonth' 无效。
列名 'RecordMontfrom' 无效。
列名 'RecordMonth' 无效。
   在 BW.MMS.DBUtility.DbHelperSQLGH_LOG.RunProcedure(String storedProcName, IDataParameter[] parameters, String tableName, Int32 Times) 位置 H:\SVNData\BW.MMS\BW.MMS\BW.MMS.DBUtility\DbHelperSQLGH_LOG.cs:行号 963
   在 BW.MMS.DAL.HistoryRecord.GetYearReport(String startDate, String endDate) 位置 H:\SVNData\BW.MMS\BW.MMS\BW.MMS.DAL\HistoryRecord.cs:行号 452
   在 BW.MMS.BLL.HistoryRecord.GetYearReport(String startDate, String endDate) 位置 H:\SVNData\BW.MMS\BW.MMS\BW.MMS.BLL\HistoryRecord.cs:行号 175
   在 BW.MMS.Web.Controllers.ChainChartController.getSeries() 位置 H:\SVNData\BW.MMS\BW.MMS\BW.MMS.Web\Controllers\ChainChartController.cs:行号 130
   在 lambda_method(Closure , ControllerBase , Object[] )
   在 System.Web.Mvc.ActionMethodDispatcher.Execute(ControllerBase controller, Object[] parameters)
   在 System.Web.Mvc.ReflectedActionDescriptor.Execute(ControllerContext controllerContext, IDictionary`2 parameters)
   在 System.Web.Mvc.ControllerActionInvoker.InvokeActionMethod(ControllerContext controllerContext, ActionDescriptor actionDescriptor, IDictionary`2 parameters)
   在 System.Web.Mvc.Async.AsyncControllerActionInvoker.InvokeSynchronousActionMethod(ControllerContext controllerContext, ActionDescriptor actionDescriptor, IDictionary`2 parameters)
   在 System.Web.Mvc.Async.AsyncControllerActionInvoker.<>c__DisplayClass42.<BeginInvokeSynchronousActionMethod>b__41()
   在 System.Web.Mvc.Async.AsyncResultWrapper.<>c__DisplayClass8`1.<BeginSynchronous>b__7(IAsyncResult _)
   在 System.Web.Mvc.Async.AsyncResultWrapper.WrappedAsyncResult`1.End()
   在 System.Web.Mvc.Async.AsyncResultWrapper.End[TResult](IAsyncResult asyncResult, Object tag)
   在 System.Web.Mvc.Async.AsyncControllerActionInvoker.EndInvokeActionMethod(IAsyncResult asyncResult)
   在 System.Web.Mvc.Async.AsyncControllerActionInvoker.<>c__DisplayClass37.<>c__DisplayClass39.<BeginInvokeActionMethodWithFilters>b__33()
   在 System.Web.Mvc.Async.AsyncControllerActionInvoker.<>c__DisplayClass4f.<InvokeActionMethodFilterAsynchronously>b__49()
   在 System.Web.Mvc.Async.AsyncControllerActionInvoker.<>c__DisplayClass37.<BeginInvokeActionMethodWithFilters>b__36(IAsyncResult asyncResult)
   在 System.Web.Mvc.Async.AsyncResultWrapper.WrappedAsyncResult`1.End()
   在 System.Web.Mvc.Async.AsyncResultWrapper.End[TResult](IAsyncResult asyncResult, Object tag)
   在 System.Web.Mvc.Async.AsyncControllerActionInvoker.EndInvokeActionMethodWithFilters(IAsyncResult asyncResult)
   在 System.Web.Mvc.Async.AsyncControllerActionInvoker.<>c__DisplayClass25.<>c__DisplayClass2a.<BeginInvokeAction>b__20()
   在 System.Web.Mvc.Async.AsyncControllerActionInvoker.<>c__DisplayClass25.<BeginInvokeAction>b__22(IAsyncResult asyncResult)
ClientConnectionId:d985a719-11fc-4ff7-992d-ab1327b3941f
-----------------------------------------------------------------------
时间:2015-09-22 17:16:24,029
级别:FATAL
描述:列名 'RecordMonth' 无效。
列名 'RecordMontfrom' 无效。
列名 'RecordMonth' 无效。
System.Data.SqlClient.SqlException (0x80131904): 列名 'RecordMonth' 无效。
列名 'RecordMontfrom' 无效。
列名 'RecordMonth' 无效。
   在 BW.MMS.DBUtility.DbHelperSQLGH_LOG.RunProcedure(String storedProcName, IDataParameter[] parameters, String tableName, Int32 Times) 位置 H:\SVNData\BW.MMS\BW.MMS\BW.MMS.DBUtility\DbHelperSQLGH_LOG.cs:行号 963
   在 BW.MMS.DAL.HistoryRecord.GetYearReport(String startDate, String endDate) 位置 H:\SVNData\BW.MMS\BW.MMS\BW.MMS.DAL\HistoryRecord.cs:行号 452
   在 BW.MMS.BLL.HistoryRecord.GetYearReport(String startDate, String endDate) 位置 H:\SVNData\BW.MMS\BW.MMS\BW.MMS.BLL\HistoryRecord.cs:行号 175
   在 BW.MMS.Web.Controllers.ChainChartController.getSeries() 位置 H:\SVNData\BW.MMS\BW.MMS\BW.MMS.Web\Controllers\ChainChartController.cs:行号 130
   在 lambda_method(Closure , ControllerBase , Object[] )
   在 System.Web.Mvc.ActionMethodDispatcher.Execute(ControllerBase controller, Object[] parameters)
   在 System.Web.Mvc.ReflectedActionDescriptor.Execute(ControllerContext controllerContext, IDictionary`2 parameters)
   在 System.Web.Mvc.ControllerActionInvoker.InvokeActionMethod(ControllerContext controllerContext, ActionDescriptor actionDescriptor, IDictionary`2 parameters)
   在 System.Web.Mvc.Async.AsyncControllerActionInvoker.InvokeSynchronousActionMethod(ControllerContext controllerContext, ActionDescriptor actionDescriptor, IDictionary`2 parameters)
   在 System.Web.Mvc.Async.AsyncControllerActionInvoker.<>c__DisplayClass42.<BeginInvokeSynchronousActionMethod>b__41()
   在 System.Web.Mvc.Async.AsyncResultWrapper.<>c__DisplayClass8`1.<BeginSynchronous>b__7(IAsyncResult _)
   在 System.Web.Mvc.Async.AsyncResultWrapper.WrappedAsyncResult`1.End()
   在 System.Web.Mvc.Async.AsyncResultWrapper.End[TResult](IAsyncResult asyncResult, Object tag)
   在 System.Web.Mvc.Async.AsyncControllerActionInvoker.EndInvokeActionMethod(IAsyncResult asyncResult)
   在 System.Web.Mvc.Async.AsyncControllerActionInvoker.<>c__DisplayClass37.<>c__DisplayClass39.<BeginInvokeActionMethodWithFilters>b__33()
   在 System.Web.Mvc.Async.AsyncControllerActionInvoker.<>c__DisplayClass4f.<InvokeActionMethodFilterAsynchronously>b__49()
   在 System.Web.Mvc.Async.AsyncControllerActionInvoker.<>c__DisplayClass37.<BeginInvokeActionMethodWithFilters>b__36(IAsyncResult asyncResult)
   在 System.Web.Mvc.Async.AsyncResultWrapper.WrappedAsyncResult`1.End()
   在 System.Web.Mvc.Async.AsyncResultWrapper.End[TResult](IAsyncResult asyncResult, Object tag)
   在 System.Web.Mvc.Async.AsyncControllerActionInvoker.EndInvokeActionMethodWithFilters(IAsyncResult asyncResult)
   在 System.Web.Mvc.Async.AsyncControllerActionInvoker.<>c__DisplayClass25.<>c__DisplayClass2a.<BeginInvokeAction>b__20()
   在 System.Web.Mvc.Async.AsyncControllerActionInvoker.<>c__DisplayClass25.<BeginInvokeAction>b__22(IAsyncResult asyncResult)
ClientConnectionId:d985a719-11fc-4ff7-992d-ab1327b3941f
-----------------------------------------------------------------------
时间:2015-09-22 17:22:24,447
级别:FATAL
描述:无法找到表 0。
System.IndexOutOfRangeException: 无法找到表 0。
   在 System.Data.DataTableCollection.get_Item(Int32 index)
   在 BW.MMS.Web.Controllers.ChainChartController.getSeries() 位置 H:\SVNData\BW.MMS\BW.MMS\BW.MMS.Web\Controllers\ChainChartController.cs:行号 130
   在 lambda_method(Closure , ControllerBase , Object[] )
   在 System.Web.Mvc.ActionMethodDispatcher.Execute(ControllerBase controller, Object[] parameters)
   在 System.Web.Mvc.ReflectedActionDescriptor.Execute(ControllerContext controllerContext, IDictionary`2 parameters)
   在 System.Web.Mvc.ControllerActionInvoker.InvokeActionMethod(ControllerContext controllerContext, ActionDescriptor actionDescriptor, IDictionary`2 parameters)
   在 System.Web.Mvc.Async.AsyncControllerActionInvoker.InvokeSynchronousActionMethod(ControllerContext controllerContext, ActionDescriptor actionDescriptor, IDictionary`2 parameters)
   在 System.Web.Mvc.Async.AsyncControllerActionInvoker.<>c__DisplayClass42.<BeginInvokeSynchronousActionMethod>b__41()
   在 System.Web.Mvc.Async.AsyncResultWrapper.<>c__DisplayClass8`1.<BeginSynchronous>b__7(IAsyncResult _)
   在 System.Web.Mvc.Async.AsyncResultWrapper.WrappedAsyncResult`1.End()
   在 System.Web.Mvc.Async.AsyncResultWrapper.End[TResult](IAsyncResult asyncResult, Object tag)
   在 System.Web.Mvc.Async.AsyncControllerActionInvoker.EndInvokeActionMethod(IAsyncResult asyncResult)
   在 System.Web.Mvc.Async.AsyncControllerActionInvoker.<>c__DisplayClass37.<>c__DisplayClass39.<BeginInvokeActionMethodWithFilters>b__33()
   在 System.Web.Mvc.Async.AsyncControllerActionInvoker.<>c__DisplayClass4f.<InvokeActionMethodFilterAsynchronously>b__49()
   在 System.Web.Mvc.Async.AsyncControllerActionInvoker.<>c__DisplayClass37.<BeginInvokeActionMethodWithFilters>b__36(IAsyncResult asyncResult)
   在 System.Web.Mvc.Async.AsyncResultWrapper.WrappedAsyncResult`1.End()
   在 System.Web.Mvc.Async.AsyncResultWrapper.End[TResult](IAsyncResult asyncResult, Object tag)
   在 System.Web.Mvc.Async.AsyncControllerActionInvoker.EndInvokeActionMethodWithFilters(IAsyncResult asyncResult)
   在 System.Web.Mvc.Async.AsyncControllerActionInvoker.<>c__DisplayClass25.<>c__DisplayClass2a.<BeginInvokeAction>b__20()
   在 System.Web.Mvc.Async.AsyncControllerActionInvoker.<>c__DisplayClass25.<BeginInvokeAction>b__22(IAsyncResult asyncResult)
-----------------------------------------------------------------------
时间:2015-09-22 17:27:40,015
级别:ERROR
描述:Socket错误：由于目标计算机积极拒绝，无法连接。 127.0.0.1:11235
-----------------------------------------------------------------------
时间:2015-09-22 17:38:09,326
级别:ERROR
描述:Socket错误：由于目标计算机积极拒绝，无法连接。 127.0.0.1:11235
-----------------------------------------------------------------------
时间:2015-09-22 17:38:36,634
级别:FATAL
描述:列“NuoFangSensorControl1.”不属于表 table。
System.ArgumentException: 列“NuoFangSensorControl1.”不属于表 table。
   在 System.Data.DataRow.GetDataColumn(String columnName)
   在 System.Data.DataRow.get_Item(String columnName)
   在 BW.MMS.Web.Controllers.YoyChartController.getSeries() 位置 H:\SVNData\BW.MMS\BW.MMS\BW.MMS.Web\Controllers\YoyChartController.cs:行号 123
   在 lambda_method(Closure , ControllerBase , Object[] )
   在 System.Web.Mvc.ActionMethodDispatcher.Execute(ControllerBase controller, Object[] parameters)
   在 System.Web.Mvc.ReflectedActionDescriptor.Execute(ControllerContext controllerContext, IDictionary`2 parameters)
   在 System.Web.Mvc.ControllerActionInvoker.InvokeActionMethod(ControllerContext controllerContext, ActionDescriptor actionDescriptor, IDictionary`2 parameters)
   在 System.Web.Mvc.Async.AsyncControllerActionInvoker.InvokeSynchronousActionMethod(ControllerContext controllerContext, ActionDescriptor actionDescriptor, IDictionary`2 parameters)
   在 System.Web.Mvc.Async.AsyncControllerActionInvoker.<>c__DisplayClass42.<BeginInvokeSynchronousActionMethod>b__41()
   在 System.Web.Mvc.Async.AsyncResultWrapper.<>c__DisplayClass8`1.<BeginSynchronous>b__7(IAsyncResult _)
   在 System.Web.Mvc.Async.AsyncResultWrapper.WrappedAsyncResult`1.End()
   在 System.Web.Mvc.Async.AsyncResultWrapper.End[TResult](IAsyncResult asyncResult, Object tag)
   在 System.Web.Mvc.Async.AsyncControllerActionInvoker.EndInvokeActionMethod(IAsyncResult asyncResult)
   在 System.Web.Mvc.Async.AsyncControllerActionInvoker.<>c__DisplayClass37.<>c__DisplayClass39.<BeginInvokeActionMethodWithFilters>b__33()
   在 System.Web.Mvc.Async.AsyncControllerActionInvoker.<>c__DisplayClass4f.<InvokeActionMethodFilterAsynchronously>b__49()
   在 System.Web.Mvc.Async.AsyncControllerActionInvoker.<>c__DisplayClass37.<BeginInvokeActionMethodWithFilters>b__36(IAsyncResult asyncResult)
   在 System.Web.Mvc.Async.AsyncResultWrapper.WrappedAsyncResult`1.End()
   在 System.Web.Mvc.Async.AsyncResultWrapper.End[TResult](IAsyncResult asyncResult, Object tag)
   在 System.Web.Mvc.Async.AsyncControllerActionInvoker.EndInvokeActionMethodWithFilters(IAsyncResult asyncResult)
   在 System.Web.Mvc.Async.AsyncControllerActionInvoker.<>c__DisplayClass25.<>c__DisplayClass2a.<BeginInvokeAction>b__20()
   在 System.Web.Mvc.Async.AsyncControllerActionInvoker.<>c__DisplayClass25.<BeginInvokeAction>b__22(IAsyncResult asyncResult)
-----------------------------------------------------------------------
时间:2015-09-22 17:39:59,463
级别:ERROR
描述:Socket错误：由于目标计算机积极拒绝，无法连接。 127.0.0.1:11235
-----------------------------------------------------------------------
时间:2015-09-22 17:40:10,562
级别:FATAL
描述:列“NuoFangSensorControl1.”不属于表 table。
System.ArgumentException: 列“NuoFangSensorControl1.”不属于表 table。
   在 System.Data.DataRow.GetDataColumn(String columnName)
   在 System.Data.DataRow.get_Item(String columnName)
   在 BW.MMS.Web.Controllers.YoyChartController.getSeries() 位置 H:\SVNData\BW.MMS\BW.MMS\BW.MMS.Web\Controllers\YoyChartController.cs:行号 128
   在 lambda_method(Closure , ControllerBase , Object[] )
   在 System.Web.Mvc.ActionMethodDispatcher.Execute(ControllerBase controller, Object[] parameters)
   在 System.Web.Mvc.ReflectedActionDescriptor.Execute(ControllerContext controllerContext, IDictionary`2 parameters)
   在 System.Web.Mvc.ControllerActionInvoker.InvokeActionMethod(ControllerContext controllerContext, ActionDescriptor actionDescriptor, IDictionary`2 parameters)
   在 System.Web.Mvc.Async.AsyncControllerActionInvoker.InvokeSynchronousActionMethod(ControllerContext controllerContext, ActionDescriptor actionDescriptor, IDictionary`2 parameters)
   在 System.Web.Mvc.Async.AsyncControllerActionInvoker.<>c__DisplayClass42.<BeginInvokeSynchronousActionMethod>b__41()
   在 System.Web.Mvc.Async.AsyncResultWrapper.<>c__DisplayClass8`1.<BeginSynchronous>b__7(IAsyncResult _)
   在 System.Web.Mvc.Async.AsyncResultWrapper.WrappedAsyncResult`1.End()
   在 System.Web.Mvc.Async.AsyncResultWrapper.End[TResult](IAsyncResult asyncResult, Object tag)
   在 System.Web.Mvc.Async.AsyncControllerActionInvoker.EndInvokeActionMethod(IAsyncResult asyncResult)
   在 System.Web.Mvc.Async.AsyncControllerActionInvoker.<>c__DisplayClass37.<>c__DisplayClass39.<BeginInvokeActionMethodWithFilters>b__33()
   在 System.Web.Mvc.Async.AsyncControllerActionInvoker.<>c__DisplayClass4f.<InvokeActionMethodFilterAsynchronously>b__49()
   在 System.Web.Mvc.Async.AsyncControllerActionInvoker.<>c__DisplayClass37.<BeginInvokeActionMethodWithFilters>b__36(IAsyncResult asyncResult)
   在 System.Web.Mvc.Async.AsyncResultWrapper.WrappedAsyncResult`1.End()
   在 System.Web.Mvc.Async.AsyncResultWrapper.End[TResult](IAsyncResult asyncResult, Object tag)
   在 System.Web.Mvc.Async.AsyncControllerActionInvoker.EndInvokeActionMethodWithFilters(IAsyncResult asyncResult)
   在 System.Web.Mvc.Async.AsyncControllerActionInvoker.<>c__DisplayClass25.<>c__DisplayClass2a.<BeginInvokeAction>b__20()
   在 System.Web.Mvc.Async.AsyncControllerActionInvoker.<>c__DisplayClass25.<BeginInvokeAction>b__22(IAsyncResult asyncResult)
-----------------------------------------------------------------------
时间:2015-09-22 17:41:00,434
级别:ERROR
描述:Socket错误：由于目标计算机积极拒绝，无法连接。 127.0.0.1:11235
-----------------------------------------------------------------------
时间:2015-09-22 17:56:22,977
级别:ERROR
描述:Socket错误：由于目标计算机积极拒绝，无法连接。 127.0.0.1:11235
