-----------------------------------------------------------------------
时间:2015-08-28 16:03:41,693
级别:ERROR
描述:Socket错误：由于目标计算机积极拒绝，无法连接。 127.0.0.1:11235
-----------------------------------------------------------------------
时间:2015-08-28 16:21:20,716
级别:WARN
描述:重新连接Socket服务
-----------------------------------------------------------------------
时间:2015-08-28 16:21:21,754
级别:ERROR
描述:Socket错误：由于目标计算机积极拒绝，无法连接。 127.0.0.1:11235
-----------------------------------------------------------------------
时间:2015-08-28 16:22:20,723
级别:WARN
描述:重新连接Socket服务
-----------------------------------------------------------------------
时间:2015-08-28 16:23:20,735
级别:WARN
描述:重新连接Socket服务
-----------------------------------------------------------------------
时间:2015-08-28 16:24:20,749
级别:WARN
描述:重新连接Socket服务
-----------------------------------------------------------------------
时间:2015-08-28 16:25:20,762
级别:WARN
描述:重新连接Socket服务
-----------------------------------------------------------------------
时间:2015-08-28 16:26:20,776
级别:WARN
描述:重新连接Socket服务
-----------------------------------------------------------------------
时间:2015-08-28 16:27:20,790
级别:WARN
描述:重新连接Socket服务
-----------------------------------------------------------------------
时间:2015-08-28 16:28:20,804
级别:WARN
描述:重新连接Socket服务
-----------------------------------------------------------------------
时间:2015-08-28 16:29:20,817
级别:WARN
描述:重新连接Socket服务
-----------------------------------------------------------------------
时间:2015-08-28 16:30:20,830
级别:WARN
描述:重新连接Socket服务
-----------------------------------------------------------------------
时间:2015-08-28 16:31:20,844
级别:WARN
描述:重新连接Socket服务
-----------------------------------------------------------------------
时间:2015-08-28 16:32:20,857
级别:WARN
描述:重新连接Socket服务
-----------------------------------------------------------------------
时间:2015-08-28 16:33:20,871
级别:WARN
描述:重新连接Socket服务
-----------------------------------------------------------------------
时间:2015-08-28 16:34:20,886
级别:WARN
描述:重新连接Socket服务
-----------------------------------------------------------------------
时间:2015-08-28 16:35:20,903
级别:WARN
描述:重新连接Socket服务
