-----------------------------------------------------------------------
时间:2015-09-24 13:51:44,452
级别:ERROR
描述:Socket错误：由于目标计算机积极拒绝，无法连接。 127.0.0.1:11235
-----------------------------------------------------------------------
时间:2015-09-24 16:32:11,577
级别:ERROR
描述:Socket错误：由于目标计算机积极拒绝，无法连接。 127.0.0.1:11235
-----------------------------------------------------------------------
时间:2015-09-24 16:49:50,953
级别:WARN
描述:重新连接Socket服务
-----------------------------------------------------------------------
时间:2015-09-24 16:49:51,970
级别:ERROR
描述:Socket错误：由于目标计算机积极拒绝，无法连接。 127.0.0.1:11235
-----------------------------------------------------------------------
时间:2015-09-24 16:50:50,947
级别:WARN
描述:重新连接Socket服务
-----------------------------------------------------------------------
时间:2015-09-24 16:51:50,961
级别:WARN
描述:重新连接Socket服务
-----------------------------------------------------------------------
时间:2015-09-24 16:52:50,974
级别:WARN
描述:重新连接Socket服务
-----------------------------------------------------------------------
时间:2015-09-24 16:53:50,988
级别:WARN
描述:重新连接Socket服务
-----------------------------------------------------------------------
时间:2015-09-24 16:54:51,001
级别:WARN
描述:重新连接Socket服务
-----------------------------------------------------------------------
时间:2015-09-24 16:55:51,015
级别:WARN
描述:重新连接Socket服务
-----------------------------------------------------------------------
时间:2015-09-24 16:56:51,028
级别:WARN
描述:重新连接Socket服务
-----------------------------------------------------------------------
时间:2015-09-24 16:57:51,041
级别:WARN
描述:重新连接Socket服务
-----------------------------------------------------------------------
时间:2015-09-24 16:58:51,056
级别:WARN
描述:重新连接Socket服务
-----------------------------------------------------------------------
时间:2015-09-24 16:59:51,069
级别:WARN
描述:重新连接Socket服务
-----------------------------------------------------------------------
时间:2015-09-24 17:00:51,084
级别:WARN
描述:重新连接Socket服务
-----------------------------------------------------------------------
时间:2015-09-24 17:01:51,096
级别:WARN
描述:重新连接Socket服务
-----------------------------------------------------------------------
时间:2015-09-24 17:02:51,111
级别:WARN
描述:重新连接Socket服务
-----------------------------------------------------------------------
时间:2015-09-24 17:03:51,123
级别:WARN
描述:重新连接Socket服务
-----------------------------------------------------------------------
时间:2015-09-24 17:04:51,137
级别:WARN
描述:重新连接Socket服务
-----------------------------------------------------------------------
时间:2015-09-24 17:05:51,151
级别:WARN
描述:重新连接Socket服务
-----------------------------------------------------------------------
时间:2015-09-24 17:06:32,155
级别:ERROR
描述:Socket错误：由于目标计算机积极拒绝，无法连接。 127.0.0.1:11235
-----------------------------------------------------------------------
时间:2015-09-24 17:06:51,164
级别:WARN
描述:重新连接Socket服务
-----------------------------------------------------------------------
时间:2015-09-24 17:07:51,178
级别:WARN
描述:重新连接Socket服务
-----------------------------------------------------------------------
时间:2015-09-24 17:08:51,191
级别:WARN
描述:重新连接Socket服务
-----------------------------------------------------------------------
时间:2015-09-24 17:09:51,206
级别:WARN
描述:重新连接Socket服务
-----------------------------------------------------------------------
时间:2015-09-24 17:10:51,219
级别:WARN
描述:重新连接Socket服务
-----------------------------------------------------------------------
时间:2015-09-24 17:11:51,233
级别:WARN
描述:重新连接Socket服务
-----------------------------------------------------------------------
时间:2015-09-24 17:12:23,530
级别:ERROR
描述:Socket错误：由于目标计算机积极拒绝，无法连接。 127.0.0.1:11235
