-----------------------------------------------------------------------
时间:2015-09-15 10:08:52,559
级别:WARN
描述:重新连接Socket服务
-----------------------------------------------------------------------
时间:2015-09-15 10:09:52,571
级别:WARN
描述:重新连接Socket服务
-----------------------------------------------------------------------
时间:2015-09-15 10:10:52,585
级别:WARN
描述:重新连接Socket服务
-----------------------------------------------------------------------
时间:2015-09-15 10:11:52,598
级别:WARN
描述:重新连接Socket服务
-----------------------------------------------------------------------
时间:2015-09-15 10:12:52,614
级别:WARN
描述:重新连接Socket服务
-----------------------------------------------------------------------
时间:2015-09-15 10:13:52,630
级别:WARN
描述:重新连接Socket服务
-----------------------------------------------------------------------
时间:2015-09-15 10:14:52,638
级别:WARN
描述:重新连接Socket服务
-----------------------------------------------------------------------
时间:2015-09-15 10:15:52,652
级别:WARN
描述:重新连接Socket服务
-----------------------------------------------------------------------
时间:2015-09-15 10:16:52,669
级别:WARN
描述:重新连接Socket服务
-----------------------------------------------------------------------
时间:2015-09-15 10:17:52,679
级别:WARN
描述:重新连接Socket服务
-----------------------------------------------------------------------
时间:2015-09-15 10:18:52,693
级别:WARN
描述:重新连接Socket服务
-----------------------------------------------------------------------
时间:2015-09-15 10:19:52,707
级别:WARN
描述:重新连接Socket服务
-----------------------------------------------------------------------
时间:2015-09-15 10:20:52,720
级别:WARN
描述:重新连接Socket服务
-----------------------------------------------------------------------
时间:2015-09-15 10:21:52,733
级别:WARN
描述:重新连接Socket服务
-----------------------------------------------------------------------
时间:2015-09-15 10:22:52,747
级别:WARN
描述:重新连接Socket服务
-----------------------------------------------------------------------
时间:2015-09-15 10:23:52,761
级别:WARN
描述:重新连接Socket服务
-----------------------------------------------------------------------
时间:2015-09-15 11:04:38,695
级别:ERROR
描述:Socket错误：由于目标计算机积极拒绝，无法连接。 127.0.0.1:11235
-----------------------------------------------------------------------
时间:2015-09-15 11:04:38,696
级别:WARN
描述:重新连接Socket服务
-----------------------------------------------------------------------
时间:2015-09-15 15:51:38,090
级别:WARN
描述:重新连接Socket服务
-----------------------------------------------------------------------
时间:2015-09-15 15:51:38,125
级别:WARN
描述:重新连接Socket服务
-----------------------------------------------------------------------
时间:2015-09-15 16:18:14,965
级别:WARN
描述:重新连接Socket服务
-----------------------------------------------------------------------
时间:2015-09-15 16:19:14,978
级别:WARN
描述:重新连接Socket服务
-----------------------------------------------------------------------
时间:2015-09-15 17:11:06,435
级别:WARN
描述:重新连接Socket服务
-----------------------------------------------------------------------
时间:2015-09-15 17:12:06,431
级别:WARN
描述:重新连接Socket服务
-----------------------------------------------------------------------
时间:2015-09-15 17:13:06,445
级别:WARN
描述:重新连接Socket服务
