-----------------------------------------------------------------------
时间:2015-10-09 09:23:17,392
级别:ERROR
描述:Socket错误：由于目标计算机积极拒绝，无法连接。 127.0.0.1:11235
-----------------------------------------------------------------------
时间:2015-10-09 09:40:56,594
级别:WARN
描述:重新连接Socket服务
-----------------------------------------------------------------------
时间:2015-10-09 09:40:57,594
级别:ERROR
描述:Socket错误：由于目标计算机积极拒绝，无法连接。 127.0.0.1:11235
-----------------------------------------------------------------------
时间:2015-10-09 09:41:56,592
级别:WARN
描述:重新连接Socket服务
-----------------------------------------------------------------------
时间:2015-10-09 09:42:56,607
级别:WARN
描述:重新连接Socket服务
-----------------------------------------------------------------------
时间:2015-10-09 09:43:56,620
级别:WARN
描述:重新连接Socket服务
-----------------------------------------------------------------------
时间:2015-10-09 09:44:56,633
级别:WARN
描述:重新连接Socket服务
-----------------------------------------------------------------------
时间:2015-10-09 09:45:56,646
级别:WARN
描述:重新连接Socket服务
-----------------------------------------------------------------------
时间:2015-10-09 09:46:56,660
级别:WARN
描述:重新连接Socket服务
-----------------------------------------------------------------------
时间:2015-10-09 09:47:56,674
级别:WARN
描述:重新连接Socket服务
-----------------------------------------------------------------------
时间:2015-10-09 09:48:56,687
级别:WARN
描述:重新连接Socket服务
-----------------------------------------------------------------------
时间:2015-10-09 09:49:56,701
级别:WARN
描述:重新连接Socket服务
-----------------------------------------------------------------------
时间:2015-10-09 09:50:56,714
级别:WARN
描述:重新连接Socket服务
-----------------------------------------------------------------------
时间:2015-10-09 09:51:56,728
级别:WARN
描述:重新连接Socket服务
-----------------------------------------------------------------------
时间:2015-10-09 09:52:56,743
级别:WARN
描述:重新连接Socket服务
-----------------------------------------------------------------------
时间:2015-10-09 09:53:56,755
级别:WARN
描述:重新连接Socket服务
-----------------------------------------------------------------------
时间:2015-10-09 09:54:56,769
级别:WARN
描述:重新连接Socket服务
-----------------------------------------------------------------------
时间:2015-10-09 09:55:56,782
级别:WARN
描述:重新连接Socket服务
-----------------------------------------------------------------------
时间:2015-10-09 09:56:56,797
级别:WARN
描述:重新连接Socket服务
-----------------------------------------------------------------------
时间:2015-10-09 09:57:38,274
级别:ERROR
描述:Socket错误：由于目标计算机积极拒绝，无法连接。 127.0.0.1:11235
-----------------------------------------------------------------------
时间:2015-10-09 09:57:56,810
级别:WARN
描述:重新连接Socket服务
-----------------------------------------------------------------------
时间:2015-10-09 09:58:56,823
级别:WARN
描述:重新连接Socket服务
-----------------------------------------------------------------------
时间:2015-10-09 09:59:56,837
级别:WARN
描述:重新连接Socket服务
-----------------------------------------------------------------------
时间:2015-10-09 10:00:56,850
级别:WARN
描述:重新连接Socket服务
-----------------------------------------------------------------------
时间:2015-10-09 10:01:56,865
级别:WARN
描述:重新连接Socket服务
-----------------------------------------------------------------------
时间:2015-10-09 10:02:56,877
级别:WARN
描述:重新连接Socket服务
-----------------------------------------------------------------------
时间:2015-10-09 10:03:56,891
级别:WARN
描述:重新连接Socket服务
-----------------------------------------------------------------------
时间:2015-10-09 10:04:56,905
级别:WARN
描述:重新连接Socket服务
-----------------------------------------------------------------------
时间:2015-10-09 10:05:56,920
级别:WARN
描述:重新连接Socket服务
-----------------------------------------------------------------------
时间:2015-10-09 10:06:56,932
级别:WARN
描述:重新连接Socket服务
-----------------------------------------------------------------------
时间:2015-10-09 10:07:56,945
级别:WARN
描述:重新连接Socket服务
-----------------------------------------------------------------------
时间:2015-10-09 10:08:56,960
级别:WARN
描述:重新连接Socket服务
-----------------------------------------------------------------------
时间:2015-10-09 10:09:56,972
级别:WARN
描述:重新连接Socket服务
-----------------------------------------------------------------------
时间:2015-10-09 10:10:56,987
级别:WARN
描述:重新连接Socket服务
-----------------------------------------------------------------------
时间:2015-10-09 10:11:57,000
级别:WARN
描述:重新连接Socket服务
-----------------------------------------------------------------------
时间:2015-10-09 10:12:57,015
级别:WARN
描述:重新连接Socket服务
-----------------------------------------------------------------------
时间:2015-10-09 10:13:57,027
级别:WARN
描述:重新连接Socket服务
-----------------------------------------------------------------------
时间:2015-10-09 10:14:18,525
级别:ERROR
描述:Socket错误：由于目标计算机积极拒绝，无法连接。 127.0.0.1:11235
-----------------------------------------------------------------------
时间:2015-10-09 10:14:57,041
级别:WARN
描述:重新连接Socket服务
-----------------------------------------------------------------------
时间:2015-10-09 10:15:57,054
级别:WARN
描述:重新连接Socket服务
-----------------------------------------------------------------------
时间:2015-10-09 10:16:57,067
级别:WARN
描述:重新连接Socket服务
-----------------------------------------------------------------------
时间:2015-10-09 10:17:57,081
级别:WARN
描述:重新连接Socket服务
-----------------------------------------------------------------------
时间:2015-10-09 10:18:57,096
级别:WARN
描述:重新连接Socket服务
-----------------------------------------------------------------------
时间:2015-10-09 10:19:57,109
级别:WARN
描述:重新连接Socket服务
-----------------------------------------------------------------------
时间:2015-10-09 10:20:57,124
级别:WARN
描述:重新连接Socket服务
-----------------------------------------------------------------------
时间:2015-10-09 10:21:57,136
级别:WARN
描述:重新连接Socket服务
-----------------------------------------------------------------------
时间:2015-10-09 10:22:57,149
级别:WARN
描述:重新连接Socket服务
-----------------------------------------------------------------------
时间:2015-10-09 10:23:57,163
级别:WARN
描述:重新连接Socket服务
-----------------------------------------------------------------------
时间:2015-10-09 10:24:57,177
级别:WARN
描述:重新连接Socket服务
-----------------------------------------------------------------------
时间:2015-10-09 10:25:57,190
级别:WARN
描述:重新连接Socket服务
-----------------------------------------------------------------------
时间:2015-10-09 10:26:57,204
级别:WARN
描述:重新连接Socket服务
-----------------------------------------------------------------------
时间:2015-10-09 10:27:57,218
级别:WARN
描述:重新连接Socket服务
-----------------------------------------------------------------------
时间:2015-10-09 10:28:57,232
级别:WARN
描述:重新连接Socket服务
-----------------------------------------------------------------------
时间:2015-10-09 10:29:57,245
级别:WARN
描述:重新连接Socket服务
-----------------------------------------------------------------------
时间:2015-10-09 10:30:57,258
级别:WARN
描述:重新连接Socket服务
-----------------------------------------------------------------------
时间:2015-10-09 10:30:58,840
级别:ERROR
描述:Socket错误：由于目标计算机积极拒绝，无法连接。 127.0.0.1:11235
-----------------------------------------------------------------------
时间:2015-10-09 10:31:57,272
级别:WARN
描述:重新连接Socket服务
-----------------------------------------------------------------------
时间:2015-10-09 10:32:57,285
级别:WARN
描述:重新连接Socket服务
-----------------------------------------------------------------------
时间:2015-10-09 10:33:57,300
级别:WARN
描述:重新连接Socket服务
-----------------------------------------------------------------------
时间:2015-10-09 10:34:57,313
级别:WARN
描述:重新连接Socket服务
-----------------------------------------------------------------------
时间:2015-10-09 10:35:57,327
级别:WARN
描述:重新连接Socket服务
-----------------------------------------------------------------------
时间:2015-10-09 10:36:57,340
级别:WARN
描述:重新连接Socket服务
-----------------------------------------------------------------------
时间:2015-10-09 10:37:57,352
级别:WARN
描述:重新连接Socket服务
-----------------------------------------------------------------------
时间:2015-10-09 10:38:57,367
级别:WARN
描述:重新连接Socket服务
-----------------------------------------------------------------------
时间:2015-10-09 10:39:57,380
级别:WARN
描述:重新连接Socket服务
-----------------------------------------------------------------------
时间:2015-10-09 10:40:57,394
级别:WARN
描述:重新连接Socket服务
-----------------------------------------------------------------------
时间:2015-10-09 10:41:57,407
级别:WARN
描述:重新连接Socket服务
-----------------------------------------------------------------------
时间:2015-10-09 10:42:57,421
级别:WARN
描述:重新连接Socket服务
-----------------------------------------------------------------------
时间:2015-10-09 10:43:57,434
级别:WARN
描述:重新连接Socket服务
-----------------------------------------------------------------------
时间:2015-10-09 10:44:57,448
级别:WARN
描述:重新连接Socket服务
-----------------------------------------------------------------------
时间:2015-10-09 10:45:57,462
级别:WARN
描述:重新连接Socket服务
-----------------------------------------------------------------------
时间:2015-10-09 10:46:57,475
级别:WARN
描述:重新连接Socket服务
-----------------------------------------------------------------------
时间:2015-10-09 10:47:39,040
级别:ERROR
描述:Socket错误：由于目标计算机积极拒绝，无法连接。 127.0.0.1:11235
-----------------------------------------------------------------------
时间:2015-10-09 10:47:57,489
级别:WARN
描述:重新连接Socket服务
-----------------------------------------------------------------------
时间:2015-10-09 10:48:57,502
级别:WARN
描述:重新连接Socket服务
-----------------------------------------------------------------------
时间:2015-10-09 10:49:57,516
级别:WARN
描述:重新连接Socket服务
-----------------------------------------------------------------------
时间:2015-10-09 10:50:57,530
级别:WARN
描述:重新连接Socket服务
-----------------------------------------------------------------------
时间:2015-10-09 10:51:57,543
级别:WARN
描述:重新连接Socket服务
-----------------------------------------------------------------------
时间:2015-10-09 10:52:57,558
级别:WARN
描述:重新连接Socket服务
-----------------------------------------------------------------------
时间:2015-10-09 10:53:57,571
级别:WARN
描述:重新连接Socket服务
-----------------------------------------------------------------------
时间:2015-10-09 10:54:57,584
级别:WARN
描述:重新连接Socket服务
-----------------------------------------------------------------------
时间:2015-10-09 10:55:57,598
级别:WARN
描述:重新连接Socket服务
-----------------------------------------------------------------------
时间:2015-10-09 10:56:57,612
级别:WARN
描述:重新连接Socket服务
-----------------------------------------------------------------------
时间:2015-10-09 10:57:57,624
级别:WARN
描述:重新连接Socket服务
-----------------------------------------------------------------------
时间:2015-10-09 10:58:57,638
级别:WARN
描述:重新连接Socket服务
-----------------------------------------------------------------------
时间:2015-10-09 10:59:57,652
级别:WARN
描述:重新连接Socket服务
-----------------------------------------------------------------------
时间:2015-10-09 11:00:57,665
级别:WARN
描述:重新连接Socket服务
-----------------------------------------------------------------------
时间:2015-10-09 11:01:57,680
级别:WARN
描述:重新连接Socket服务
-----------------------------------------------------------------------
时间:2015-10-09 11:02:57,693
级别:WARN
描述:重新连接Socket服务
-----------------------------------------------------------------------
时间:2015-10-09 11:03:57,707
级别:WARN
描述:重新连接Socket服务
-----------------------------------------------------------------------
时间:2015-10-09 11:04:19,141
级别:ERROR
描述:Socket错误：由于目标计算机积极拒绝，无法连接。 127.0.0.1:11235
-----------------------------------------------------------------------
时间:2015-10-09 11:04:57,721
级别:WARN
描述:重新连接Socket服务
-----------------------------------------------------------------------
时间:2015-10-09 11:05:57,734
级别:WARN
描述:重新连接Socket服务
-----------------------------------------------------------------------
时间:2015-10-09 11:06:57,747
级别:WARN
描述:重新连接Socket服务
-----------------------------------------------------------------------
时间:2015-10-09 11:07:57,761
级别:WARN
描述:重新连接Socket服务
-----------------------------------------------------------------------
时间:2015-10-09 11:08:57,775
级别:WARN
描述:重新连接Socket服务
-----------------------------------------------------------------------
时间:2015-10-09 11:09:57,788
级别:WARN
描述:重新连接Socket服务
-----------------------------------------------------------------------
时间:2015-10-09 11:10:57,801
级别:WARN
描述:重新连接Socket服务
-----------------------------------------------------------------------
时间:2015-10-09 11:11:57,816
级别:WARN
描述:重新连接Socket服务
-----------------------------------------------------------------------
时间:2015-10-09 11:12:57,830
级别:WARN
描述:重新连接Socket服务
-----------------------------------------------------------------------
时间:2015-10-09 11:13:57,842
级别:WARN
描述:重新连接Socket服务
-----------------------------------------------------------------------
时间:2015-10-09 11:14:57,856
级别:WARN
描述:重新连接Socket服务
-----------------------------------------------------------------------
时间:2015-10-09 11:15:57,869
级别:WARN
描述:重新连接Socket服务
-----------------------------------------------------------------------
时间:2015-10-09 11:16:57,883
级别:WARN
描述:重新连接Socket服务
-----------------------------------------------------------------------
时间:2015-10-09 11:17:57,897
级别:WARN
描述:重新连接Socket服务
-----------------------------------------------------------------------
时间:2015-10-09 11:18:57,910
级别:WARN
描述:重新连接Socket服务
-----------------------------------------------------------------------
时间:2015-10-09 11:19:57,924
级别:WARN
描述:重新连接Socket服务
-----------------------------------------------------------------------
时间:2015-10-09 11:20:57,937
级别:WARN
描述:重新连接Socket服务
-----------------------------------------------------------------------
时间:2015-10-09 11:20:59,325
级别:ERROR
描述:Socket错误：由于目标计算机积极拒绝，无法连接。 127.0.0.1:11235
-----------------------------------------------------------------------
时间:2015-10-09 11:21:57,950
级别:WARN
描述:重新连接Socket服务
-----------------------------------------------------------------------
时间:2015-10-09 11:22:57,965
级别:WARN
描述:重新连接Socket服务
-----------------------------------------------------------------------
时间:2015-10-09 11:23:57,978
级别:WARN
描述:重新连接Socket服务
-----------------------------------------------------------------------
时间:2015-10-09 11:24:57,993
级别:WARN
描述:重新连接Socket服务
-----------------------------------------------------------------------
时间:2015-10-09 11:25:58,006
级别:WARN
描述:重新连接Socket服务
-----------------------------------------------------------------------
时间:2015-10-09 11:26:58,019
级别:WARN
描述:重新连接Socket服务
-----------------------------------------------------------------------
时间:2015-10-09 11:27:58,033
级别:WARN
描述:重新连接Socket服务
-----------------------------------------------------------------------
时间:2015-10-09 11:28:58,046
级别:WARN
描述:重新连接Socket服务
-----------------------------------------------------------------------
时间:2015-10-09 11:29:58,059
级别:WARN
描述:重新连接Socket服务
-----------------------------------------------------------------------
时间:2015-10-09 11:30:58,072
级别:WARN
描述:重新连接Socket服务
-----------------------------------------------------------------------
时间:2015-10-09 11:31:58,087
级别:WARN
描述:重新连接Socket服务
-----------------------------------------------------------------------
时间:2015-10-09 11:32:58,100
级别:WARN
描述:重新连接Socket服务
-----------------------------------------------------------------------
时间:2015-10-09 11:33:58,115
级别:WARN
描述:重新连接Socket服务
-----------------------------------------------------------------------
时间:2015-10-09 11:34:58,128
级别:WARN
描述:重新连接Socket服务
-----------------------------------------------------------------------
时间:2015-10-09 11:35:58,140
级别:WARN
描述:重新连接Socket服务
-----------------------------------------------------------------------
时间:2015-10-09 11:36:58,154
级别:WARN
描述:重新连接Socket服务
-----------------------------------------------------------------------
时间:2015-10-09 11:37:39,416
级别:ERROR
描述:Socket错误：由于目标计算机积极拒绝，无法连接。 127.0.0.1:11235
-----------------------------------------------------------------------
时间:2015-10-09 11:37:58,168
级别:WARN
描述:重新连接Socket服务
-----------------------------------------------------------------------
时间:2015-10-09 11:38:58,183
级别:WARN
描述:重新连接Socket服务
-----------------------------------------------------------------------
时间:2015-10-09 11:39:58,196
级别:WARN
描述:重新连接Socket服务
-----------------------------------------------------------------------
时间:2015-10-09 11:40:58,209
级别:WARN
描述:重新连接Socket服务
-----------------------------------------------------------------------
时间:2015-10-09 11:41:58,222
级别:WARN
描述:重新连接Socket服务
-----------------------------------------------------------------------
时间:2015-10-09 11:42:58,236
级别:WARN
描述:重新连接Socket服务
-----------------------------------------------------------------------
时间:2015-10-09 11:43:58,250
级别:WARN
描述:重新连接Socket服务
-----------------------------------------------------------------------
时间:2015-10-09 11:44:58,263
级别:WARN
描述:重新连接Socket服务
-----------------------------------------------------------------------
时间:2015-10-09 11:45:58,278
级别:WARN
描述:重新连接Socket服务
-----------------------------------------------------------------------
时间:2015-10-09 11:46:58,290
级别:WARN
描述:重新连接Socket服务
-----------------------------------------------------------------------
时间:2015-10-09 11:47:58,304
级别:WARN
描述:重新连接Socket服务
-----------------------------------------------------------------------
时间:2015-10-09 11:48:58,318
级别:WARN
描述:重新连接Socket服务
-----------------------------------------------------------------------
时间:2015-10-09 11:49:58,331
级别:WARN
描述:重新连接Socket服务
-----------------------------------------------------------------------
时间:2015-10-09 11:50:58,345
级别:WARN
描述:重新连接Socket服务
-----------------------------------------------------------------------
时间:2015-10-09 11:51:58,358
级别:WARN
描述:重新连接Socket服务
-----------------------------------------------------------------------
时间:2015-10-09 11:52:58,373
级别:WARN
描述:重新连接Socket服务
-----------------------------------------------------------------------
时间:2015-10-09 11:53:58,386
级别:WARN
描述:重新连接Socket服务
-----------------------------------------------------------------------
时间:2015-10-09 11:54:19,701
级别:ERROR
描述:Socket错误：由于目标计算机积极拒绝，无法连接。 127.0.0.1:11235
-----------------------------------------------------------------------
时间:2015-10-09 11:54:58,400
级别:WARN
描述:重新连接Socket服务
-----------------------------------------------------------------------
时间:2015-10-09 11:55:58,412
级别:WARN
描述:重新连接Socket服务
-----------------------------------------------------------------------
时间:2015-10-09 11:56:58,427
级别:WARN
描述:重新连接Socket服务
-----------------------------------------------------------------------
时间:2015-10-09 11:57:58,441
级别:WARN
描述:重新连接Socket服务
-----------------------------------------------------------------------
时间:2015-10-09 11:58:58,453
级别:WARN
描述:重新连接Socket服务
-----------------------------------------------------------------------
时间:2015-10-09 11:59:58,467
级别:WARN
描述:重新连接Socket服务
-----------------------------------------------------------------------
时间:2015-10-09 13:29:17,538
级别:WARN
描述:重新连接Socket服务
-----------------------------------------------------------------------
时间:2015-10-09 13:29:26,818
级别:ERROR
描述:Socket错误：由于目标计算机积极拒绝，无法连接。 127.0.0.1:11235
-----------------------------------------------------------------------
时间:2015-10-09 13:30:17,553
级别:WARN
描述:重新连接Socket服务
-----------------------------------------------------------------------
时间:2015-10-09 13:31:17,566
级别:WARN
描述:重新连接Socket服务
-----------------------------------------------------------------------
时间:2015-10-09 13:32:17,580
级别:WARN
描述:重新连接Socket服务
-----------------------------------------------------------------------
时间:2015-10-09 13:33:17,593
级别:WARN
描述:重新连接Socket服务
-----------------------------------------------------------------------
时间:2015-10-09 13:34:17,607
级别:WARN
描述:重新连接Socket服务
-----------------------------------------------------------------------
时间:2015-10-09 13:35:17,619
级别:WARN
描述:重新连接Socket服务
-----------------------------------------------------------------------
时间:2015-10-09 13:36:17,634
级别:WARN
描述:重新连接Socket服务
-----------------------------------------------------------------------
时间:2015-10-09 13:37:17,647
级别:WARN
描述:重新连接Socket服务
-----------------------------------------------------------------------
时间:2015-10-09 13:38:17,661
级别:WARN
描述:重新连接Socket服务
-----------------------------------------------------------------------
时间:2015-10-09 13:39:17,675
级别:WARN
描述:重新连接Socket服务
-----------------------------------------------------------------------
时间:2015-10-09 13:40:17,687
级别:WARN
描述:重新连接Socket服务
-----------------------------------------------------------------------
时间:2015-10-09 13:41:17,702
级别:WARN
描述:重新连接Socket服务
-----------------------------------------------------------------------
时间:2015-10-09 13:42:17,714
级别:WARN
描述:重新连接Socket服务
-----------------------------------------------------------------------
时间:2015-10-09 13:43:17,730
级别:WARN
描述:重新连接Socket服务
-----------------------------------------------------------------------
时间:2015-10-09 13:44:17,743
级别:WARN
描述:重新连接Socket服务
-----------------------------------------------------------------------
时间:2015-10-09 13:45:17,756
级别:WARN
描述:重新连接Socket服务
-----------------------------------------------------------------------
时间:2015-10-09 13:46:08,718
级别:ERROR
描述:Socket错误：由于目标计算机积极拒绝，无法连接。 127.0.0.1:11235
-----------------------------------------------------------------------
时间:2015-10-09 13:46:17,770
级别:WARN
描述:重新连接Socket服务
-----------------------------------------------------------------------
时间:2015-10-09 13:47:17,782
级别:WARN
描述:重新连接Socket服务
-----------------------------------------------------------------------
时间:2015-10-09 13:48:17,796
级别:WARN
描述:重新连接Socket服务
-----------------------------------------------------------------------
时间:2015-10-09 13:49:17,809
级别:WARN
描述:重新连接Socket服务
-----------------------------------------------------------------------
时间:2015-10-09 13:50:17,824
级别:WARN
描述:重新连接Socket服务
-----------------------------------------------------------------------
时间:2015-10-09 13:51:17,838
级别:WARN
描述:重新连接Socket服务
-----------------------------------------------------------------------
时间:2015-10-09 13:52:17,850
级别:WARN
描述:重新连接Socket服务
-----------------------------------------------------------------------
时间:2015-10-09 13:53:17,865
级别:WARN
描述:重新连接Socket服务
-----------------------------------------------------------------------
时间:2015-10-09 13:54:17,877
级别:WARN
描述:重新连接Socket服务
-----------------------------------------------------------------------
时间:2015-10-09 13:55:17,891
级别:WARN
描述:重新连接Socket服务
-----------------------------------------------------------------------
时间:2015-10-09 13:56:17,905
级别:WARN
描述:重新连接Socket服务
-----------------------------------------------------------------------
时间:2015-10-09 13:57:17,920
级别:WARN
描述:重新连接Socket服务
-----------------------------------------------------------------------
时间:2015-10-09 13:58:17,932
级别:WARN
描述:重新连接Socket服务
-----------------------------------------------------------------------
时间:2015-10-09 13:59:17,946
级别:WARN
描述:重新连接Socket服务
-----------------------------------------------------------------------
时间:2015-10-09 14:00:17,959
级别:WARN
描述:重新连接Socket服务
-----------------------------------------------------------------------
时间:2015-10-09 14:01:17,973
级别:WARN
描述:重新连接Socket服务
-----------------------------------------------------------------------
时间:2015-10-09 14:02:17,986
级别:WARN
描述:重新连接Socket服务
-----------------------------------------------------------------------
时间:2015-10-09 14:02:50,592
级别:ERROR
描述:Socket错误：由于目标计算机积极拒绝，无法连接。 127.0.0.1:11235
-----------------------------------------------------------------------
时间:2015-10-09 14:03:18,000
级别:WARN
描述:重新连接Socket服务
-----------------------------------------------------------------------
时间:2015-10-09 14:04:18,015
级别:WARN
描述:重新连接Socket服务
-----------------------------------------------------------------------
时间:2015-10-09 14:05:18,028
级别:WARN
描述:重新连接Socket服务
-----------------------------------------------------------------------
时间:2015-10-09 14:06:18,042
级别:WARN
描述:重新连接Socket服务
-----------------------------------------------------------------------
时间:2015-10-09 14:07:18,055
级别:WARN
描述:重新连接Socket服务
-----------------------------------------------------------------------
时间:2015-10-09 14:08:18,068
级别:WARN
描述:重新连接Socket服务
-----------------------------------------------------------------------
时间:2015-10-09 14:09:18,082
级别:WARN
描述:重新连接Socket服务
-----------------------------------------------------------------------
时间:2015-10-09 14:10:18,095
级别:WARN
描述:重新连接Socket服务
-----------------------------------------------------------------------
时间:2015-10-09 14:11:18,110
级别:WARN
描述:重新连接Socket服务
-----------------------------------------------------------------------
时间:2015-10-09 14:12:18,122
级别:WARN
描述:重新连接Socket服务
-----------------------------------------------------------------------
时间:2015-10-09 14:13:18,136
级别:WARN
描述:重新连接Socket服务
-----------------------------------------------------------------------
时间:2015-10-09 14:14:18,149
级别:WARN
描述:重新连接Socket服务
-----------------------------------------------------------------------
时间:2015-10-09 14:15:18,162
级别:WARN
描述:重新连接Socket服务
-----------------------------------------------------------------------
时间:2015-10-09 14:16:18,178
级别:WARN
描述:重新连接Socket服务
-----------------------------------------------------------------------
时间:2015-10-09 14:17:18,191
级别:WARN
描述:重新连接Socket服务
-----------------------------------------------------------------------
时间:2015-10-09 14:18:18,204
级别:WARN
描述:重新连接Socket服务
-----------------------------------------------------------------------
时间:2015-10-09 14:19:18,217
级别:WARN
描述:重新连接Socket服务
-----------------------------------------------------------------------
时间:2015-10-09 14:19:30,621
级别:ERROR
描述:Socket错误：由于目标计算机积极拒绝，无法连接。 127.0.0.1:11235
-----------------------------------------------------------------------
时间:2015-10-09 14:20:18,231
级别:WARN
描述:重新连接Socket服务
-----------------------------------------------------------------------
时间:2015-10-09 14:21:18,244
级别:WARN
描述:重新连接Socket服务
-----------------------------------------------------------------------
时间:2015-10-09 14:22:18,257
级别:WARN
描述:重新连接Socket服务
-----------------------------------------------------------------------
时间:2015-10-09 14:23:18,272
级别:WARN
描述:重新连接Socket服务
-----------------------------------------------------------------------
时间:2015-10-09 14:24:18,285
级别:WARN
描述:重新连接Socket服务
-----------------------------------------------------------------------
时间:2015-10-09 14:25:18,299
级别:WARN
描述:重新连接Socket服务
-----------------------------------------------------------------------
时间:2015-10-09 14:26:18,313
级别:WARN
描述:重新连接Socket服务
-----------------------------------------------------------------------
时间:2015-10-09 14:27:18,326
级别:WARN
描述:重新连接Socket服务
-----------------------------------------------------------------------
时间:2015-10-09 14:28:18,340
级别:WARN
描述:重新连接Socket服务
-----------------------------------------------------------------------
时间:2015-10-09 14:29:18,354
级别:WARN
描述:重新连接Socket服务
-----------------------------------------------------------------------
时间:2015-10-09 14:30:18,367
级别:WARN
描述:重新连接Socket服务
-----------------------------------------------------------------------
时间:2015-10-09 14:31:18,380
级别:WARN
描述:重新连接Socket服务
-----------------------------------------------------------------------
时间:2015-10-09 14:32:18,394
级别:WARN
描述:重新连接Socket服务
