-----------------------------------------------------------------------
时间:2015-09-23 09:46:05,817
级别:WARN
描述:重新连接Socket服务
-----------------------------------------------------------------------
时间:2015-09-23 09:47:05,829
级别:WARN
描述:重新连接Socket服务
-----------------------------------------------------------------------
时间:2015-09-23 09:48:05,843
级别:WARN
描述:重新连接Socket服务
-----------------------------------------------------------------------
时间:2015-09-23 09:49:05,889
级别:WARN
描述:重新连接Socket服务
-----------------------------------------------------------------------
时间:2015-09-23 09:50:05,901
级别:WARN
描述:重新连接Socket服务
-----------------------------------------------------------------------
时间:2015-09-23 09:51:05,916
级别:WARN
描述:重新连接Socket服务
-----------------------------------------------------------------------
时间:2015-09-23 09:52:05,929
级别:WARN
描述:重新连接Socket服务
-----------------------------------------------------------------------
时间:2015-09-23 09:53:06,598
级别:WARN
描述:重新连接Socket服务
-----------------------------------------------------------------------
时间:2015-09-23 09:54:06,611
级别:WARN
描述:重新连接Socket服务
-----------------------------------------------------------------------
时间:2015-09-23 09:55:06,626
级别:WARN
描述:重新连接Socket服务
-----------------------------------------------------------------------
时间:2015-09-23 09:56:06,638
级别:WARN
描述:重新连接Socket服务
-----------------------------------------------------------------------
时间:2015-09-23 09:57:06,651
级别:WARN
描述:重新连接Socket服务
-----------------------------------------------------------------------
时间:2015-09-23 09:58:06,666
级别:WARN
描述:重新连接Socket服务
-----------------------------------------------------------------------
时间:2015-09-23 09:59:06,826
级别:WARN
描述:重新连接Socket服务
-----------------------------------------------------------------------
时间:2015-09-23 10:00:06,832
级别:WARN
描述:重新连接Socket服务
-----------------------------------------------------------------------
时间:2015-09-23 10:01:06,846
级别:WARN
描述:重新连接Socket服务
-----------------------------------------------------------------------
时间:2015-09-23 10:15:06,476
级别:WARN
描述:重新连接Socket服务
-----------------------------------------------------------------------
时间:2015-09-23 10:16:06,489
级别:WARN
描述:重新连接Socket服务
-----------------------------------------------------------------------
时间:2015-09-23 10:17:06,502
级别:WARN
描述:重新连接Socket服务
-----------------------------------------------------------------------
时间:2015-09-23 10:18:06,515
级别:WARN
描述:重新连接Socket服务
-----------------------------------------------------------------------
时间:2015-09-23 10:18:28,706
级别:ERROR
描述:Socket错误：由于目标计算机积极拒绝，无法连接。 127.0.0.1:11235
-----------------------------------------------------------------------
时间:2015-09-23 10:19:06,530
级别:WARN
描述:重新连接Socket服务
-----------------------------------------------------------------------
时间:2015-09-23 10:20:06,543
级别:WARN
描述:重新连接Socket服务
-----------------------------------------------------------------------
时间:2015-09-23 10:21:06,559
级别:WARN
描述:重新连接Socket服务
-----------------------------------------------------------------------
时间:2015-09-23 10:22:06,570
级别:WARN
描述:重新连接Socket服务
-----------------------------------------------------------------------
时间:2015-09-23 10:23:06,583
级别:WARN
描述:重新连接Socket服务
-----------------------------------------------------------------------
时间:2015-09-23 10:26:35,064
级别:WARN
描述:重新连接Socket服务
-----------------------------------------------------------------------
时间:2015-09-23 10:29:33,446
级别:FATAL
描述:列“NuoFangSensorControl1.PM2.5”不属于表 table。
System.ArgumentException: 列“NuoFangSensorControl1.PM2.5”不属于表 table。
   在 System.Data.DataRow.GetDataColumn(String columnName)
   在 System.Data.DataRow.get_Item(String columnName)
   在 BW.MMS.Web.Controllers.YoyChartController.getSeries() 位置 H:\SVNData\BW.MMS\BW.MMS\BW.MMS.Web\Controllers\YoyChartController.cs:行号 131
   在 lambda_method(Closure , ControllerBase , Object[] )
   在 System.Web.Mvc.ActionMethodDispatcher.Execute(ControllerBase controller, Object[] parameters)
   在 System.Web.Mvc.ReflectedActionDescriptor.Execute(ControllerContext controllerContext, IDictionary`2 parameters)
   在 System.Web.Mvc.ControllerActionInvoker.InvokeActionMethod(ControllerContext controllerContext, ActionDescriptor actionDescriptor, IDictionary`2 parameters)
   在 System.Web.Mvc.Async.AsyncControllerActionInvoker.InvokeSynchronousActionMethod(ControllerContext controllerContext, ActionDescriptor actionDescriptor, IDictionary`2 parameters)
   在 System.Web.Mvc.Async.AsyncControllerActionInvoker.<>c__DisplayClass42.<BeginInvokeSynchronousActionMethod>b__41()
   在 System.Web.Mvc.Async.AsyncResultWrapper.<>c__DisplayClass8`1.<BeginSynchronous>b__7(IAsyncResult _)
   在 System.Web.Mvc.Async.AsyncResultWrapper.WrappedAsyncResult`1.End()
   在 System.Web.Mvc.Async.AsyncResultWrapper.End[TResult](IAsyncResult asyncResult, Object tag)
   在 System.Web.Mvc.Async.AsyncControllerActionInvoker.EndInvokeActionMethod(IAsyncResult asyncResult)
   在 System.Web.Mvc.Async.AsyncControllerActionInvoker.<>c__DisplayClass37.<>c__DisplayClass39.<BeginInvokeActionMethodWithFilters>b__33()
   在 System.Web.Mvc.Async.AsyncControllerActionInvoker.<>c__DisplayClass4f.<InvokeActionMethodFilterAsynchronously>b__49()
   在 System.Web.Mvc.Async.AsyncControllerActionInvoker.<>c__DisplayClass37.<BeginInvokeActionMethodWithFilters>b__36(IAsyncResult asyncResult)
   在 System.Web.Mvc.Async.AsyncResultWrapper.WrappedAsyncResult`1.End()
   在 System.Web.Mvc.Async.AsyncResultWrapper.End[TResult](IAsyncResult asyncResult, Object tag)
   在 System.Web.Mvc.Async.AsyncControllerActionInvoker.EndInvokeActionMethodWithFilters(IAsyncResult asyncResult)
   在 System.Web.Mvc.Async.AsyncControllerActionInvoker.<>c__DisplayClass25.<>c__DisplayClass2a.<BeginInvokeAction>b__20()
   在 System.Web.Mvc.Async.AsyncControllerActionInvoker.<>c__DisplayClass25.<BeginInvokeAction>b__22(IAsyncResult asyncResult)
-----------------------------------------------------------------------
时间:2015-09-23 10:34:33,503
级别:WARN
描述:重新连接Socket服务
-----------------------------------------------------------------------
时间:2015-09-23 10:35:09,571
级别:ERROR
描述:Socket错误：由于目标计算机积极拒绝，无法连接。 127.0.0.1:11235
-----------------------------------------------------------------------
时间:2015-09-23 10:35:33,516
级别:WARN
描述:重新连接Socket服务
-----------------------------------------------------------------------
时间:2015-09-23 10:36:33,531
级别:WARN
描述:重新连接Socket服务
-----------------------------------------------------------------------
时间:2015-09-23 10:37:33,543
级别:WARN
描述:重新连接Socket服务
-----------------------------------------------------------------------
时间:2015-09-23 10:38:33,557
级别:WARN
描述:重新连接Socket服务
-----------------------------------------------------------------------
时间:2015-09-23 10:39:33,572
级别:WARN
描述:重新连接Socket服务
-----------------------------------------------------------------------
时间:2015-09-23 10:40:33,584
级别:WARN
描述:重新连接Socket服务
-----------------------------------------------------------------------
时间:2015-09-23 10:41:33,598
级别:WARN
描述:重新连接Socket服务
-----------------------------------------------------------------------
时间:2015-09-23 10:42:33,613
级别:WARN
描述:重新连接Socket服务
-----------------------------------------------------------------------
时间:2015-09-23 10:43:33,625
级别:WARN
描述:重新连接Socket服务
-----------------------------------------------------------------------
时间:2015-09-23 10:44:33,640
级别:WARN
描述:重新连接Socket服务
-----------------------------------------------------------------------
时间:2015-09-23 10:45:33,652
级别:WARN
描述:重新连接Socket服务
-----------------------------------------------------------------------
时间:2015-09-23 10:46:33,666
级别:WARN
描述:重新连接Socket服务
-----------------------------------------------------------------------
时间:2015-09-23 14:07:25,189
级别:WARN
描述:重新连接Socket服务
-----------------------------------------------------------------------
时间:2015-09-23 14:07:26,212
级别:ERROR
描述:Socket错误：由于目标计算机积极拒绝，无法连接。 127.0.0.1:11235
-----------------------------------------------------------------------
时间:2015-09-23 14:08:25,195
级别:WARN
描述:重新连接Socket服务
-----------------------------------------------------------------------
时间:2015-09-23 14:09:25,207
级别:WARN
描述:重新连接Socket服务
-----------------------------------------------------------------------
时间:2015-09-23 14:10:25,222
级别:WARN
描述:重新连接Socket服务
-----------------------------------------------------------------------
时间:2015-09-23 14:11:25,236
级别:WARN
描述:重新连接Socket服务
-----------------------------------------------------------------------
时间:2015-09-23 14:12:25,248
级别:WARN
描述:重新连接Socket服务
-----------------------------------------------------------------------
时间:2015-09-23 14:13:25,262
级别:WARN
描述:重新连接Socket服务
-----------------------------------------------------------------------
时间:2015-09-23 14:14:25,275
级别:WARN
描述:重新连接Socket服务
-----------------------------------------------------------------------
时间:2015-09-23 14:15:25,289
级别:WARN
描述:重新连接Socket服务
-----------------------------------------------------------------------
时间:2015-09-23 14:16:26,338
级别:WARN
描述:重新连接Socket服务
-----------------------------------------------------------------------
时间:2015-09-23 14:17:26,353
级别:WARN
描述:重新连接Socket服务
-----------------------------------------------------------------------
时间:2015-09-23 14:18:26,360
级别:WARN
描述:重新连接Socket服务
-----------------------------------------------------------------------
时间:2015-09-23 14:19:26,373
级别:WARN
描述:重新连接Socket服务
-----------------------------------------------------------------------
时间:2015-09-23 14:20:26,388
级别:WARN
描述:重新连接Socket服务
-----------------------------------------------------------------------
时间:2015-09-23 14:21:26,401
级别:WARN
描述:重新连接Socket服务
-----------------------------------------------------------------------
时间:2015-09-23 14:22:26,414
级别:WARN
描述:重新连接Socket服务
-----------------------------------------------------------------------
时间:2015-09-23 14:23:26,426
级别:WARN
描述:重新连接Socket服务
-----------------------------------------------------------------------
时间:2015-09-23 14:24:08,137
级别:ERROR
描述:Socket错误：由于目标计算机积极拒绝，无法连接。 127.0.0.1:11235
-----------------------------------------------------------------------
时间:2015-09-23 14:24:26,441
级别:WARN
描述:重新连接Socket服务
-----------------------------------------------------------------------
时间:2015-09-23 14:25:26,454
级别:WARN
描述:重新连接Socket服务
-----------------------------------------------------------------------
时间:2015-09-23 14:26:26,469
级别:WARN
描述:重新连接Socket服务
-----------------------------------------------------------------------
时间:2015-09-23 14:27:26,487
级别:WARN
描述:重新连接Socket服务
-----------------------------------------------------------------------
时间:2015-09-23 14:28:26,503
级别:WARN
描述:重新连接Socket服务
-----------------------------------------------------------------------
时间:2015-09-23 14:29:27,545
级别:WARN
描述:重新连接Socket服务
-----------------------------------------------------------------------
时间:2015-09-23 14:30:28,593
级别:WARN
描述:重新连接Socket服务
-----------------------------------------------------------------------
时间:2015-09-23 14:31:28,596
级别:WARN
描述:重新连接Socket服务
-----------------------------------------------------------------------
时间:2015-09-23 14:32:28,608
级别:WARN
描述:重新连接Socket服务
-----------------------------------------------------------------------
时间:2015-09-23 14:33:29,661
级别:WARN
描述:重新连接Socket服务
-----------------------------------------------------------------------
时间:2015-09-23 14:34:29,666
级别:WARN
描述:重新连接Socket服务
-----------------------------------------------------------------------
时间:2015-09-23 14:35:29,679
级别:WARN
描述:重新连接Socket服务
-----------------------------------------------------------------------
时间:2015-09-23 14:36:29,692
级别:WARN
描述:重新连接Socket服务
-----------------------------------------------------------------------
时间:2015-09-23 14:37:29,707
级别:WARN
描述:重新连接Socket服务
-----------------------------------------------------------------------
时间:2015-09-23 14:38:29,720
级别:WARN
描述:重新连接Socket服务
-----------------------------------------------------------------------
时间:2015-09-23 14:39:29,734
级别:WARN
描述:重新连接Socket服务
-----------------------------------------------------------------------
时间:2015-09-23 14:40:29,747
级别:WARN
描述:重新连接Socket服务
-----------------------------------------------------------------------
时间:2015-09-23 14:40:48,540
级别:ERROR
描述:Socket错误：由于目标计算机积极拒绝，无法连接。 127.0.0.1:11235
-----------------------------------------------------------------------
时间:2015-09-23 14:41:29,760
级别:WARN
描述:重新连接Socket服务
-----------------------------------------------------------------------
时间:2015-09-23 14:42:29,775
级别:WARN
描述:重新连接Socket服务
-----------------------------------------------------------------------
时间:2015-09-23 14:43:29,788
级别:WARN
描述:重新连接Socket服务
-----------------------------------------------------------------------
时间:2015-09-23 14:44:29,802
级别:WARN
描述:重新连接Socket服务
-----------------------------------------------------------------------
时间:2015-09-23 14:45:30,758
级别:WARN
描述:重新连接Socket服务
-----------------------------------------------------------------------
时间:2015-09-23 14:46:30,764
级别:WARN
描述:重新连接Socket服务
-----------------------------------------------------------------------
时间:2015-09-23 14:47:30,779
级别:WARN
描述:重新连接Socket服务
-----------------------------------------------------------------------
时间:2015-09-23 14:48:30,791
级别:WARN
描述:重新连接Socket服务
-----------------------------------------------------------------------
时间:2015-09-23 14:49:30,806
级别:WARN
描述:重新连接Socket服务
-----------------------------------------------------------------------
时间:2015-09-23 14:50:30,819
级别:WARN
描述:重新连接Socket服务
-----------------------------------------------------------------------
时间:2015-09-23 14:51:30,832
级别:WARN
描述:重新连接Socket服务
-----------------------------------------------------------------------
时间:2015-09-23 14:52:30,845
级别:WARN
描述:重新连接Socket服务
-----------------------------------------------------------------------
时间:2015-09-23 14:53:30,860
级别:WARN
描述:重新连接Socket服务
-----------------------------------------------------------------------
时间:2015-09-23 14:54:30,873
级别:WARN
描述:重新连接Socket服务
-----------------------------------------------------------------------
时间:2015-09-23 14:55:30,886
级别:WARN
描述:重新连接Socket服务
-----------------------------------------------------------------------
时间:2015-09-23 14:56:30,901
级别:WARN
描述:重新连接Socket服务
-----------------------------------------------------------------------
时间:2015-09-23 14:57:29,686
级别:ERROR
描述:Socket错误：由于目标计算机积极拒绝，无法连接。 127.0.0.1:11235
-----------------------------------------------------------------------
时间:2015-09-23 14:57:30,913
级别:WARN
描述:重新连接Socket服务
-----------------------------------------------------------------------
时间:2015-09-23 14:58:30,928
级别:WARN
描述:重新连接Socket服务
-----------------------------------------------------------------------
时间:2015-09-23 14:59:30,940
级别:WARN
描述:重新连接Socket服务
-----------------------------------------------------------------------
时间:2015-09-23 15:00:30,955
级别:WARN
描述:重新连接Socket服务
-----------------------------------------------------------------------
时间:2015-09-23 15:01:30,968
级别:WARN
描述:重新连接Socket服务
-----------------------------------------------------------------------
时间:2015-09-23 15:02:30,983
级别:WARN
描述:重新连接Socket服务
-----------------------------------------------------------------------
时间:2015-09-23 15:03:30,996
级别:WARN
描述:重新连接Socket服务
-----------------------------------------------------------------------
时间:2015-09-23 15:04:31,009
级别:WARN
描述:重新连接Socket服务
-----------------------------------------------------------------------
时间:2015-09-23 15:05:31,023
级别:WARN
描述:重新连接Socket服务
-----------------------------------------------------------------------
时间:2015-09-23 15:06:31,965
级别:WARN
描述:重新连接Socket服务
-----------------------------------------------------------------------
时间:2015-09-23 15:07:31,971
级别:WARN
描述:重新连接Socket服务
-----------------------------------------------------------------------
时间:2015-09-23 15:08:31,983
级别:WARN
描述:重新连接Socket服务
-----------------------------------------------------------------------
时间:2015-09-23 15:09:31,997
级别:WARN
描述:重新连接Socket服务
-----------------------------------------------------------------------
时间:2015-09-23 15:10:32,010
级别:WARN
描述:重新连接Socket服务
-----------------------------------------------------------------------
时间:2015-09-23 15:11:32,025
级别:WARN
描述:重新连接Socket服务
-----------------------------------------------------------------------
时间:2015-09-23 15:12:32,038
级别:WARN
描述:重新连接Socket服务
-----------------------------------------------------------------------
时间:2015-09-23 15:13:32,052
级别:WARN
描述:重新连接Socket服务
-----------------------------------------------------------------------
时间:2015-09-23 15:14:11,307
级别:ERROR
描述:Socket错误：由于目标计算机积极拒绝，无法连接。 127.0.0.1:11235
-----------------------------------------------------------------------
时间:2015-09-23 15:14:32,066
级别:WARN
描述:重新连接Socket服务
-----------------------------------------------------------------------
时间:2015-09-23 15:15:32,079
级别:WARN
描述:重新连接Socket服务
-----------------------------------------------------------------------
时间:2015-09-23 15:16:32,093
级别:WARN
描述:重新连接Socket服务
-----------------------------------------------------------------------
时间:2015-09-23 15:17:32,106
级别:WARN
描述:重新连接Socket服务
-----------------------------------------------------------------------
时间:2015-09-23 15:18:32,119
级别:WARN
描述:重新连接Socket服务
-----------------------------------------------------------------------
时间:2015-09-23 15:19:32,133
级别:WARN
描述:重新连接Socket服务
-----------------------------------------------------------------------
时间:2015-09-23 15:20:32,146
级别:WARN
描述:重新连接Socket服务
-----------------------------------------------------------------------
时间:2015-09-23 15:21:32,161
级别:WARN
描述:重新连接Socket服务
-----------------------------------------------------------------------
时间:2015-09-23 15:22:32,174
级别:WARN
描述:重新连接Socket服务
-----------------------------------------------------------------------
时间:2015-09-23 15:23:32,187
级别:WARN
描述:重新连接Socket服务
-----------------------------------------------------------------------
时间:2015-09-23 15:24:32,201
级别:WARN
描述:重新连接Socket服务
-----------------------------------------------------------------------
时间:2015-09-23 15:25:32,216
级别:WARN
描述:重新连接Socket服务
-----------------------------------------------------------------------
时间:2015-09-23 15:26:32,230
级别:WARN
描述:重新连接Socket服务
-----------------------------------------------------------------------
时间:2015-09-23 15:27:32,241
级别:WARN
描述:重新连接Socket服务
-----------------------------------------------------------------------
时间:2015-09-23 15:28:32,256
级别:WARN
描述:重新连接Socket服务
-----------------------------------------------------------------------
时间:2015-09-23 15:29:32,269
级别:WARN
描述:重新连接Socket服务
-----------------------------------------------------------------------
时间:2015-09-23 15:30:32,283
级别:WARN
描述:重新连接Socket服务
-----------------------------------------------------------------------
时间:2015-09-23 15:30:51,662
级别:ERROR
描述:Socket错误：由于目标计算机积极拒绝，无法连接。 127.0.0.1:11235
-----------------------------------------------------------------------
时间:2015-09-23 15:31:32,297
级别:WARN
描述:重新连接Socket服务
-----------------------------------------------------------------------
时间:2015-09-23 15:32:32,310
级别:WARN
描述:重新连接Socket服务
-----------------------------------------------------------------------
时间:2015-09-23 15:33:32,324
级别:WARN
描述:重新连接Socket服务
-----------------------------------------------------------------------
时间:2015-09-23 15:34:32,337
级别:WARN
描述:重新连接Socket服务
-----------------------------------------------------------------------
时间:2015-09-23 15:35:32,351
级别:WARN
描述:重新连接Socket服务
-----------------------------------------------------------------------
时间:2015-09-23 15:36:32,364
级别:WARN
描述:重新连接Socket服务
-----------------------------------------------------------------------
时间:2015-09-23 15:37:32,379
级别:WARN
描述:重新连接Socket服务
-----------------------------------------------------------------------
时间:2015-09-23 15:38:32,392
级别:WARN
描述:重新连接Socket服务
-----------------------------------------------------------------------
时间:2015-09-23 15:39:32,405
级别:WARN
描述:重新连接Socket服务
-----------------------------------------------------------------------
时间:2015-09-23 15:40:32,419
级别:WARN
描述:重新连接Socket服务
-----------------------------------------------------------------------
时间:2015-09-23 15:41:32,431
级别:WARN
描述:重新连接Socket服务
-----------------------------------------------------------------------
时间:2015-09-23 15:42:32,446
级别:WARN
描述:重新连接Socket服务
-----------------------------------------------------------------------
时间:2015-09-23 15:43:32,459
级别:WARN
描述:重新连接Socket服务
-----------------------------------------------------------------------
时间:2015-09-23 15:44:32,474
级别:WARN
描述:重新连接Socket服务
-----------------------------------------------------------------------
时间:2015-09-23 15:45:32,486
级别:WARN
描述:重新连接Socket服务
-----------------------------------------------------------------------
时间:2015-09-23 15:46:32,500
级别:WARN
描述:重新连接Socket服务
-----------------------------------------------------------------------
时间:2015-09-23 15:47:32,513
级别:WARN
描述:重新连接Socket服务
-----------------------------------------------------------------------
时间:2015-09-23 15:47:32,850
级别:ERROR
描述:Socket错误：由于目标计算机积极拒绝，无法连接。 127.0.0.1:11235
-----------------------------------------------------------------------
时间:2015-09-23 15:48:32,526
级别:WARN
描述:重新连接Socket服务
-----------------------------------------------------------------------
时间:2015-09-23 15:49:32,540
级别:WARN
描述:重新连接Socket服务
-----------------------------------------------------------------------
时间:2015-09-23 15:50:32,554
级别:WARN
描述:重新连接Socket服务
-----------------------------------------------------------------------
时间:2015-09-23 15:51:32,568
级别:WARN
描述:重新连接Socket服务
-----------------------------------------------------------------------
时间:2015-09-23 15:52:32,582
级别:WARN
描述:重新连接Socket服务
-----------------------------------------------------------------------
时间:2015-09-23 15:53:32,595
级别:WARN
描述:重新连接Socket服务
-----------------------------------------------------------------------
时间:2015-09-23 15:54:32,609
级别:WARN
描述:重新连接Socket服务
-----------------------------------------------------------------------
时间:2015-09-23 15:55:32,621
级别:WARN
描述:重新连接Socket服务
-----------------------------------------------------------------------
时间:2015-09-23 15:56:32,636
级别:WARN
描述:重新连接Socket服务
-----------------------------------------------------------------------
时间:2015-09-23 15:57:32,649
级别:WARN
描述:重新连接Socket服务
-----------------------------------------------------------------------
时间:2015-09-23 15:58:32,664
级别:WARN
描述:重新连接Socket服务
-----------------------------------------------------------------------
时间:2015-09-23 15:59:32,677
级别:WARN
描述:重新连接Socket服务
-----------------------------------------------------------------------
时间:2015-09-23 16:00:32,691
级别:WARN
描述:重新连接Socket服务
-----------------------------------------------------------------------
时间:2015-09-23 16:01:32,703
级别:WARN
描述:重新连接Socket服务
-----------------------------------------------------------------------
时间:2015-09-23 16:02:32,718
级别:WARN
描述:重新连接Socket服务
-----------------------------------------------------------------------
时间:2015-09-23 16:03:32,731
级别:WARN
描述:重新连接Socket服务
-----------------------------------------------------------------------
时间:2015-09-23 16:04:14,870
级别:ERROR
描述:Socket错误：由于目标计算机积极拒绝，无法连接。 127.0.0.1:11235
-----------------------------------------------------------------------
时间:2015-09-23 16:04:32,744
级别:WARN
描述:重新连接Socket服务
-----------------------------------------------------------------------
时间:2015-09-23 16:05:32,758
级别:WARN
描述:重新连接Socket服务
-----------------------------------------------------------------------
时间:2015-09-23 16:06:32,771
级别:WARN
描述:重新连接Socket服务
-----------------------------------------------------------------------
时间:2015-09-23 16:07:32,785
级别:WARN
描述:重新连接Socket服务
-----------------------------------------------------------------------
时间:2015-09-23 16:08:32,798
级别:WARN
描述:重新连接Socket服务
-----------------------------------------------------------------------
时间:2015-09-23 16:09:32,812
级别:WARN
描述:重新连接Socket服务
-----------------------------------------------------------------------
时间:2015-09-23 16:10:32,826
级别:WARN
描述:重新连接Socket服务
-----------------------------------------------------------------------
时间:2015-09-23 16:11:32,839
级别:WARN
描述:重新连接Socket服务
-----------------------------------------------------------------------
时间:2015-09-23 16:12:32,853
级别:WARN
描述:重新连接Socket服务
-----------------------------------------------------------------------
时间:2015-09-23 16:13:32,866
级别:WARN
描述:重新连接Socket服务
-----------------------------------------------------------------------
时间:2015-09-23 16:14:32,880
级别:WARN
描述:重新连接Socket服务
-----------------------------------------------------------------------
时间:2015-09-23 16:15:32,893
级别:WARN
描述:重新连接Socket服务
-----------------------------------------------------------------------
时间:2015-09-23 16:16:32,907
级别:WARN
描述:重新连接Socket服务
-----------------------------------------------------------------------
时间:2015-09-23 16:17:32,922
级别:WARN
描述:重新连接Socket服务
-----------------------------------------------------------------------
时间:2015-09-23 16:18:32,935
级别:WARN
描述:重新连接Socket服务
-----------------------------------------------------------------------
时间:2015-09-23 16:19:32,949
级别:WARN
描述:重新连接Socket服务
-----------------------------------------------------------------------
时间:2015-09-23 16:20:32,961
级别:WARN
描述:重新连接Socket服务
-----------------------------------------------------------------------
时间:2015-09-23 16:20:55,368
级别:ERROR
描述:Socket错误：由于目标计算机积极拒绝，无法连接。 127.0.0.1:11235
-----------------------------------------------------------------------
时间:2015-09-23 16:21:32,976
级别:WARN
描述:重新连接Socket服务
-----------------------------------------------------------------------
时间:2015-09-23 16:22:32,988
级别:WARN
描述:重新连接Socket服务
-----------------------------------------------------------------------
时间:2015-09-23 16:23:33,004
级别:WARN
描述:重新连接Socket服务
-----------------------------------------------------------------------
时间:2015-09-23 16:24:33,016
级别:WARN
描述:重新连接Socket服务
-----------------------------------------------------------------------
时间:2015-09-23 16:25:33,029
级别:WARN
描述:重新连接Socket服务
-----------------------------------------------------------------------
时间:2015-09-23 16:26:33,044
级别:WARN
描述:重新连接Socket服务
-----------------------------------------------------------------------
时间:2015-09-23 16:27:33,056
级别:WARN
描述:重新连接Socket服务
-----------------------------------------------------------------------
时间:2015-09-23 16:28:33,071
级别:WARN
描述:重新连接Socket服务
-----------------------------------------------------------------------
时间:2015-09-23 16:29:33,084
级别:WARN
描述:重新连接Socket服务
-----------------------------------------------------------------------
时间:2015-09-23 16:30:33,098
级别:WARN
描述:重新连接Socket服务
-----------------------------------------------------------------------
时间:2015-09-23 16:31:33,113
级别:WARN
描述:重新连接Socket服务
-----------------------------------------------------------------------
时间:2015-09-23 16:32:33,124
级别:WARN
描述:重新连接Socket服务
-----------------------------------------------------------------------
时间:2015-09-23 16:33:33,139
级别:WARN
描述:重新连接Socket服务
-----------------------------------------------------------------------
时间:2015-09-23 16:34:33,152
级别:WARN
描述:重新连接Socket服务
-----------------------------------------------------------------------
时间:2015-09-23 16:35:33,166
级别:WARN
描述:重新连接Socket服务
-----------------------------------------------------------------------
时间:2015-09-23 16:36:33,179
级别:WARN
描述:重新连接Socket服务
-----------------------------------------------------------------------
时间:2015-09-23 16:37:33,193
级别:WARN
描述:重新连接Socket服务
-----------------------------------------------------------------------
时间:2015-09-23 16:37:36,491
级别:ERROR
描述:Socket错误：由于目标计算机积极拒绝，无法连接。 127.0.0.1:11235
-----------------------------------------------------------------------
时间:2015-09-23 16:38:33,206
级别:WARN
描述:重新连接Socket服务
-----------------------------------------------------------------------
时间:2015-09-23 16:39:33,221
级别:WARN
描述:重新连接Socket服务
-----------------------------------------------------------------------
时间:2015-09-23 16:40:33,235
级别:WARN
描述:重新连接Socket服务
-----------------------------------------------------------------------
时间:2015-09-23 16:41:33,247
级别:WARN
描述:重新连接Socket服务
-----------------------------------------------------------------------
时间:2015-09-23 16:42:33,260
级别:WARN
描述:重新连接Socket服务
-----------------------------------------------------------------------
时间:2015-09-23 16:43:33,274
级别:WARN
描述:重新连接Socket服务
-----------------------------------------------------------------------
时间:2015-09-23 16:44:33,289
级别:WARN
描述:重新连接Socket服务
-----------------------------------------------------------------------
时间:2015-09-23 16:45:33,303
级别:WARN
描述:重新连接Socket服务
-----------------------------------------------------------------------
时间:2015-09-23 16:46:33,316
级别:WARN
描述:重新连接Socket服务
-----------------------------------------------------------------------
时间:2015-09-23 16:47:33,328
级别:WARN
描述:重新连接Socket服务
-----------------------------------------------------------------------
时间:2015-09-23 16:48:33,341
级别:WARN
描述:重新连接Socket服务
-----------------------------------------------------------------------
时间:2015-09-23 16:49:33,356
级别:WARN
描述:重新连接Socket服务
-----------------------------------------------------------------------
时间:2015-09-23 16:50:33,370
级别:WARN
描述:重新连接Socket服务
-----------------------------------------------------------------------
时间:2015-09-23 16:51:33,383
级别:WARN
描述:重新连接Socket服务
-----------------------------------------------------------------------
时间:2015-09-23 16:52:33,397
级别:WARN
描述:重新连接Socket服务
-----------------------------------------------------------------------
时间:2015-09-23 16:53:33,410
级别:WARN
描述:重新连接Socket服务
-----------------------------------------------------------------------
时间:2015-09-23 16:54:16,509
级别:ERROR
描述:Socket错误：由于目标计算机积极拒绝，无法连接。 127.0.0.1:11235
-----------------------------------------------------------------------
时间:2015-09-23 16:54:33,423
级别:WARN
描述:重新连接Socket服务
-----------------------------------------------------------------------
时间:2015-09-23 16:55:33,437
级别:WARN
描述:重新连接Socket服务
-----------------------------------------------------------------------
时间:2015-09-23 16:56:33,452
级别:WARN
描述:重新连接Socket服务
-----------------------------------------------------------------------
时间:2015-09-23 16:57:33,465
级别:WARN
描述:重新连接Socket服务
-----------------------------------------------------------------------
时间:2015-09-23 16:58:33,478
级别:WARN
描述:重新连接Socket服务
-----------------------------------------------------------------------
时间:2015-09-23 16:59:33,491
级别:WARN
描述:重新连接Socket服务
-----------------------------------------------------------------------
时间:2015-09-23 17:00:33,506
级别:WARN
描述:重新连接Socket服务
-----------------------------------------------------------------------
时间:2015-09-23 17:01:33,519
级别:WARN
描述:重新连接Socket服务
-----------------------------------------------------------------------
时间:2015-09-23 17:02:33,531
级别:WARN
描述:重新连接Socket服务
-----------------------------------------------------------------------
时间:2015-09-23 17:03:33,547
级别:WARN
描述:重新连接Socket服务
-----------------------------------------------------------------------
时间:2015-09-23 17:04:33,559
级别:WARN
描述:重新连接Socket服务
-----------------------------------------------------------------------
时间:2015-09-23 17:10:56,524
级别:WARN
描述:重新连接Socket服务
-----------------------------------------------------------------------
时间:2015-09-23 17:10:57,551
级别:ERROR
描述:Socket错误：由于目标计算机积极拒绝，无法连接。 127.0.0.1:11235
-----------------------------------------------------------------------
时间:2015-09-23 17:27:38,527
级别:WARN
描述:重新连接Socket服务
-----------------------------------------------------------------------
时间:2015-09-23 17:27:39,561
级别:ERROR
描述:Socket错误：由于目标计算机积极拒绝，无法连接。 127.0.0.1:11235
-----------------------------------------------------------------------
时间:2015-09-23 17:44:19,554
级别:WARN
描述:重新连接Socket服务
-----------------------------------------------------------------------
时间:2015-09-23 17:44:20,584
级别:ERROR
描述:Socket错误：由于目标计算机积极拒绝，无法连接。 127.0.0.1:11235
-----------------------------------------------------------------------
时间:2015-09-23 18:01:00,348
级别:WARN
描述:重新连接Socket服务
-----------------------------------------------------------------------
时间:2015-09-23 18:01:01,375
级别:ERROR
描述:Socket错误：由于目标计算机积极拒绝，无法连接。 127.0.0.1:11235
-----------------------------------------------------------------------
时间:2015-09-23 18:02:40,492
级别:WARN
描述:重新连接Socket服务
