-----------------------------------------------------------------------
时间:2015-09-05 15:12:42,073
级别:WARN
描述:重新连接Socket服务
-----------------------------------------------------------------------
时间:2015-09-05 15:13:42,083
级别:WARN
描述:重新连接Socket服务
-----------------------------------------------------------------------
时间:2015-09-05 15:14:42,097
级别:WARN
描述:重新连接Socket服务
-----------------------------------------------------------------------
时间:2015-09-05 15:15:42,111
级别:WARN
描述:重新连接Socket服务
-----------------------------------------------------------------------
时间:2015-09-05 15:16:42,123
级别:WARN
描述:重新连接Socket服务
-----------------------------------------------------------------------
时间:2015-09-05 15:17:42,137
级别:WARN
描述:重新连接Socket服务
-----------------------------------------------------------------------
时间:2015-09-05 15:19:42,164
级别:WARN
描述:重新连接Socket服务
-----------------------------------------------------------------------
时间:2015-09-05 15:20:42,179
级别:WARN
描述:重新连接Socket服务
-----------------------------------------------------------------------
时间:2015-09-05 15:21:42,191
级别:WARN
描述:重新连接Socket服务
-----------------------------------------------------------------------
时间:2015-09-05 15:22:42,205
级别:WARN
描述:重新连接Socket服务
-----------------------------------------------------------------------
时间:2015-09-05 15:23:42,219
级别:WARN
描述:重新连接Socket服务
-----------------------------------------------------------------------
时间:2015-09-05 15:24:42,249
级别:WARN
描述:重新连接Socket服务
-----------------------------------------------------------------------
时间:2015-09-05 15:25:42,247
级别:WARN
描述:重新连接Socket服务
-----------------------------------------------------------------------
时间:2015-09-05 15:28:34,272
级别:ERROR
描述:Socket错误：由于目标计算机积极拒绝，无法连接。 127.0.0.1:11235
-----------------------------------------------------------------------
时间:2015-09-05 15:33:41,404
级别:WARN
描述:重新连接Socket服务
-----------------------------------------------------------------------
时间:2015-09-05 19:52:41,665
级别:WARN
描述:重新连接Socket服务
-----------------------------------------------------------------------
时间:2015-09-05 19:55:41,703
级别:WARN
描述:重新连接Socket服务
