-----------------------------------------------------------------------
时间:2015-09-23 09:15:33,863
级别:ERROR
描述:Socket错误：由于目标计算机积极拒绝，无法连接。 127.0.0.1:11235
-----------------------------------------------------------------------
时间:2015-09-23 10:10:06,408
级别:WARN
描述:重新连接Socket服务
-----------------------------------------------------------------------
时间:2015-09-23 10:11:06,420
级别:WARN
描述:重新连接Socket服务
-----------------------------------------------------------------------
时间:2015-09-23 10:12:06,435
级别:WARN
描述:重新连接Socket服务
-----------------------------------------------------------------------
时间:2015-09-23 10:13:06,448
级别:WARN
描述:重新连接Socket服务
