-----------------------------------------------------------------------
时间:2015-09-24 17:31:29,974
级别:WARN
描述:重新连接Socket服务
-----------------------------------------------------------------------
时间:2015-09-24 17:32:29,864
级别:WARN
描述:重新连接Socket服务
-----------------------------------------------------------------------
时间:2015-09-24 17:33:29,878
级别:WARN
描述:重新连接Socket服务
-----------------------------------------------------------------------
时间:2015-09-24 17:34:29,892
级别:WARN
描述:重新连接Socket服务
-----------------------------------------------------------------------
时间:2015-09-24 17:35:29,907
级别:WARN
描述:重新连接Socket服务
-----------------------------------------------------------------------
时间:2015-09-24 17:36:29,920
级别:WARN
描述:重新连接Socket服务
-----------------------------------------------------------------------
时间:2015-09-24 17:37:29,934
级别:WARN
描述:重新连接Socket服务
-----------------------------------------------------------------------
时间:2015-09-24 17:38:29,946
级别:WARN
描述:重新连接Socket服务
-----------------------------------------------------------------------
时间:2015-09-24 17:39:29,960
级别:WARN
描述:重新连接Socket服务
-----------------------------------------------------------------------
时间:2015-09-24 17:40:29,973
级别:WARN
描述:重新连接Socket服务
-----------------------------------------------------------------------
时间:2015-09-24 17:41:29,986
级别:WARN
描述:重新连接Socket服务
-----------------------------------------------------------------------
时间:2015-09-24 17:42:30,002
级别:WARN
描述:重新连接Socket服务
-----------------------------------------------------------------------
时间:2015-09-24 17:43:30,015
级别:WARN
描述:重新连接Socket服务
-----------------------------------------------------------------------
时间:2015-09-24 17:44:30,028
级别:WARN
描述:重新连接Socket服务
-----------------------------------------------------------------------
时间:2015-09-24 17:45:30,049
级别:WARN
描述:重新连接Socket服务
-----------------------------------------------------------------------
时间:2015-09-24 17:46:30,054
级别:WARN
描述:重新连接Socket服务
-----------------------------------------------------------------------
时间:2015-09-24 17:59:41,128
级别:WARN
描述:重新连接Socket服务
-----------------------------------------------------------------------
时间:2015-09-24 17:59:41,131
级别:ERROR
描述:Socket错误：由于目标计算机积极拒绝，无法连接。 127.0.0.1:11235
