-----------------------------------------------------------------------
时间:2015-09-10 10:54:03,243
级别:ERROR
描述:Socket错误：由于目标计算机积极拒绝，无法连接。 127.0.0.1:11235
-----------------------------------------------------------------------
时间:2015-09-10 10:58:13,104
级别:ERROR
描述:Socket错误：由于目标计算机积极拒绝，无法连接。 127.0.0.1:11235
-----------------------------------------------------------------------
时间:2015-09-10 11:15:53,727
级别:WARN
描述:重新连接Socket服务
-----------------------------------------------------------------------
时间:2015-09-10 11:15:54,734
级别:ERROR
描述:Socket错误：由于目标计算机积极拒绝，无法连接。 127.0.0.1:11235
-----------------------------------------------------------------------
时间:2015-09-10 11:16:53,739
级别:WARN
描述:重新连接Socket服务
-----------------------------------------------------------------------
时间:2015-09-10 11:17:53,752
级别:WARN
描述:重新连接Socket服务
-----------------------------------------------------------------------
时间:2015-09-10 11:18:53,766
级别:WARN
描述:重新连接Socket服务
-----------------------------------------------------------------------
时间:2015-09-10 11:19:53,780
级别:WARN
描述:重新连接Socket服务
-----------------------------------------------------------------------
时间:2015-09-10 11:20:53,794
级别:WARN
描述:重新连接Socket服务
-----------------------------------------------------------------------
时间:2015-09-10 11:21:53,806
级别:WARN
描述:重新连接Socket服务
-----------------------------------------------------------------------
时间:2015-09-10 11:22:53,822
级别:WARN
描述:重新连接Socket服务
-----------------------------------------------------------------------
时间:2015-09-10 11:23:53,833
级别:WARN
描述:重新连接Socket服务
-----------------------------------------------------------------------
时间:2015-09-10 11:24:53,847
级别:WARN
描述:重新连接Socket服务
-----------------------------------------------------------------------
时间:2015-09-10 11:25:53,860
级别:WARN
描述:重新连接Socket服务
-----------------------------------------------------------------------
时间:2015-09-10 11:26:53,876
级别:WARN
描述:重新连接Socket服务
-----------------------------------------------------------------------
时间:2015-09-10 11:27:53,888
级别:WARN
描述:重新连接Socket服务
-----------------------------------------------------------------------
时间:2015-09-10 11:28:53,902
级别:WARN
描述:重新连接Socket服务
-----------------------------------------------------------------------
时间:2015-09-10 11:29:53,914
级别:WARN
描述:重新连接Socket服务
-----------------------------------------------------------------------
时间:2015-09-10 11:30:53,929
级别:WARN
描述:重新连接Socket服务
-----------------------------------------------------------------------
时间:2015-09-10 11:31:53,942
级别:WARN
描述:重新连接Socket服务
-----------------------------------------------------------------------
时间:2015-09-10 11:32:35,152
级别:ERROR
描述:Socket错误：由于目标计算机积极拒绝，无法连接。 127.0.0.1:11235
-----------------------------------------------------------------------
时间:2015-09-10 11:32:53,957
级别:WARN
描述:重新连接Socket服务
-----------------------------------------------------------------------
时间:2015-09-10 11:33:53,969
级别:WARN
描述:重新连接Socket服务
-----------------------------------------------------------------------
时间:2015-09-10 11:34:53,984
级别:WARN
描述:重新连接Socket服务
-----------------------------------------------------------------------
时间:2015-09-10 11:35:53,996
级别:WARN
描述:重新连接Socket服务
-----------------------------------------------------------------------
时间:2015-09-10 11:36:54,010
级别:WARN
描述:重新连接Socket服务
-----------------------------------------------------------------------
时间:2015-09-10 11:37:54,024
级别:WARN
描述:重新连接Socket服务
-----------------------------------------------------------------------
时间:2015-09-10 11:38:54,037
级别:WARN
描述:重新连接Socket服务
-----------------------------------------------------------------------
时间:2015-09-10 11:39:54,051
级别:WARN
描述:重新连接Socket服务
-----------------------------------------------------------------------
时间:2015-09-10 11:40:54,367
级别:WARN
描述:重新连接Socket服务
-----------------------------------------------------------------------
时间:2015-09-10 11:41:54,375
级别:WARN
描述:重新连接Socket服务
-----------------------------------------------------------------------
时间:2015-09-10 11:42:54,388
级别:WARN
描述:重新连接Socket服务
-----------------------------------------------------------------------
时间:2015-09-10 11:43:54,402
级别:WARN
描述:重新连接Socket服务
-----------------------------------------------------------------------
时间:2015-09-10 11:44:54,415
级别:WARN
描述:重新连接Socket服务
-----------------------------------------------------------------------
时间:2015-09-10 11:45:54,429
级别:WARN
描述:重新连接Socket服务
-----------------------------------------------------------------------
时间:2015-09-10 11:46:54,442
级别:WARN
描述:重新连接Socket服务
-----------------------------------------------------------------------
时间:2015-09-10 11:47:54,456
级别:WARN
描述:重新连接Socket服务
-----------------------------------------------------------------------
时间:2015-09-10 11:48:54,469
级别:WARN
描述:重新连接Socket服务
-----------------------------------------------------------------------
时间:2015-09-10 11:49:15,930
级别:ERROR
描述:Socket错误：由于目标计算机积极拒绝，无法连接。 127.0.0.1:11235
-----------------------------------------------------------------------
时间:2015-09-10 11:49:54,484
级别:WARN
描述:重新连接Socket服务
-----------------------------------------------------------------------
时间:2015-09-10 11:50:54,496
级别:WARN
描述:重新连接Socket服务
-----------------------------------------------------------------------
时间:2015-09-10 11:51:54,510
级别:WARN
描述:重新连接Socket服务
-----------------------------------------------------------------------
时间:2015-09-10 11:52:54,527
级别:WARN
描述:重新连接Socket服务
-----------------------------------------------------------------------
时间:2015-09-10 11:53:54,538
级别:WARN
描述:重新连接Socket服务
-----------------------------------------------------------------------
时间:2015-09-10 11:54:54,551
级别:WARN
描述:重新连接Socket服务
-----------------------------------------------------------------------
时间:2015-09-10 11:55:54,567
级别:WARN
描述:重新连接Socket服务
-----------------------------------------------------------------------
时间:2015-09-10 11:56:54,578
级别:WARN
描述:重新连接Socket服务
-----------------------------------------------------------------------
时间:2015-09-10 11:57:54,592
级别:WARN
描述:重新连接Socket服务
-----------------------------------------------------------------------
时间:2015-09-10 11:58:54,606
级别:WARN
描述:重新连接Socket服务
-----------------------------------------------------------------------
时间:2015-09-10 11:59:54,619
级别:WARN
描述:重新连接Socket服务
-----------------------------------------------------------------------
时间:2015-09-10 12:00:54,632
级别:WARN
描述:重新连接Socket服务
-----------------------------------------------------------------------
时间:2015-09-10 12:01:54,646
级别:WARN
描述:重新连接Socket服务
-----------------------------------------------------------------------
时间:2015-09-10 12:02:54,661
级别:WARN
描述:重新连接Socket服务
-----------------------------------------------------------------------
时间:2015-09-10 12:03:54,673
级别:WARN
描述:重新连接Socket服务
-----------------------------------------------------------------------
时间:2015-09-10 12:04:54,687
级别:WARN
描述:重新连接Socket服务
-----------------------------------------------------------------------
时间:2015-09-10 12:05:54,700
级别:WARN
描述:重新连接Socket服务
-----------------------------------------------------------------------
时间:2015-09-10 12:05:56,533
级别:ERROR
描述:Socket错误：由于目标计算机积极拒绝，无法连接。 127.0.0.1:11235
-----------------------------------------------------------------------
时间:2015-09-10 12:06:54,713
级别:WARN
描述:重新连接Socket服务
-----------------------------------------------------------------------
时间:2015-09-10 12:07:54,728
级别:WARN
描述:重新连接Socket服务
-----------------------------------------------------------------------
时间:2015-09-10 12:08:54,742
级别:WARN
描述:重新连接Socket服务
-----------------------------------------------------------------------
时间:2015-09-10 12:09:54,755
级别:WARN
描述:重新连接Socket服务
-----------------------------------------------------------------------
时间:2015-09-10 12:10:54,768
级别:WARN
描述:重新连接Socket服务
-----------------------------------------------------------------------
时间:2015-09-10 12:11:54,783
级别:WARN
描述:重新连接Socket服务
-----------------------------------------------------------------------
时间:2015-09-10 12:12:54,796
级别:WARN
描述:重新连接Socket服务
-----------------------------------------------------------------------
时间:2015-09-10 12:13:54,809
级别:WARN
描述:重新连接Socket服务
-----------------------------------------------------------------------
时间:2015-09-10 12:14:54,822
级别:WARN
描述:重新连接Socket服务
-----------------------------------------------------------------------
时间:2015-09-10 12:15:54,837
级别:WARN
描述:重新连接Socket服务
-----------------------------------------------------------------------
时间:2015-09-10 12:16:54,850
级别:WARN
描述:重新连接Socket服务
-----------------------------------------------------------------------
时间:2015-09-10 12:17:54,864
级别:WARN
描述:重新连接Socket服务
-----------------------------------------------------------------------
时间:2015-09-10 12:18:54,877
级别:WARN
描述:重新连接Socket服务
-----------------------------------------------------------------------
时间:2015-09-10 12:19:54,891
级别:WARN
描述:重新连接Socket服务
-----------------------------------------------------------------------
时间:2015-09-10 12:20:54,904
级别:WARN
描述:重新连接Socket服务
-----------------------------------------------------------------------
时间:2015-09-10 12:21:54,917
级别:WARN
描述:重新连接Socket服务
-----------------------------------------------------------------------
时间:2015-09-10 12:22:36,873
级别:ERROR
描述:Socket错误：由于目标计算机积极拒绝，无法连接。 127.0.0.1:11235
-----------------------------------------------------------------------
时间:2015-09-10 12:22:54,932
级别:WARN
描述:重新连接Socket服务
-----------------------------------------------------------------------
时间:2015-09-10 12:23:54,946
级别:WARN
描述:重新连接Socket服务
-----------------------------------------------------------------------
时间:2015-09-10 12:59:18,043
级别:WARN
描述:重新连接Socket服务
-----------------------------------------------------------------------
时间:2015-09-10 12:59:19,667
级别:ERROR
描述:Socket错误：由于目标计算机积极拒绝，无法连接。 127.0.0.1:11235
-----------------------------------------------------------------------
时间:2015-09-10 13:00:18,054
级别:WARN
描述:重新连接Socket服务
-----------------------------------------------------------------------
时间:2015-09-10 13:01:18,068
级别:WARN
描述:重新连接Socket服务
-----------------------------------------------------------------------
时间:2015-09-10 13:02:18,081
级别:WARN
描述:重新连接Socket服务
-----------------------------------------------------------------------
时间:2015-09-10 13:03:18,095
级别:WARN
描述:重新连接Socket服务
-----------------------------------------------------------------------
时间:2015-09-10 13:04:18,108
级别:WARN
描述:重新连接Socket服务
-----------------------------------------------------------------------
时间:2015-09-10 13:05:18,121
级别:WARN
描述:重新连接Socket服务
-----------------------------------------------------------------------
时间:2015-09-10 13:06:18,137
级别:WARN
描述:重新连接Socket服务
-----------------------------------------------------------------------
时间:2015-09-10 13:07:18,149
级别:WARN
描述:重新连接Socket服务
-----------------------------------------------------------------------
时间:2015-09-10 13:08:18,162
级别:WARN
描述:重新连接Socket服务
-----------------------------------------------------------------------
时间:2015-09-10 13:09:18,177
级别:WARN
描述:重新连接Socket服务
-----------------------------------------------------------------------
时间:2015-09-10 13:10:18,189
级别:WARN
描述:重新连接Socket服务
-----------------------------------------------------------------------
时间:2015-09-10 13:11:18,204
级别:WARN
描述:重新连接Socket服务
-----------------------------------------------------------------------
时间:2015-09-10 13:12:18,217
级别:WARN
描述:重新连接Socket服务
-----------------------------------------------------------------------
时间:2015-09-10 13:13:18,232
级别:WARN
描述:重新连接Socket服务
-----------------------------------------------------------------------
时间:2015-09-10 13:14:18,244
级别:WARN
描述:重新连接Socket服务
-----------------------------------------------------------------------
时间:2015-09-10 13:15:18,259
级别:WARN
描述:重新连接Socket服务
-----------------------------------------------------------------------
时间:2015-09-10 13:16:00,308
级别:ERROR
描述:Socket错误：由于目标计算机积极拒绝，无法连接。 127.0.0.1:11235
-----------------------------------------------------------------------
时间:2015-09-10 13:16:18,271
级别:WARN
描述:重新连接Socket服务
-----------------------------------------------------------------------
时间:2015-09-10 13:17:18,286
级别:WARN
描述:重新连接Socket服务
-----------------------------------------------------------------------
时间:2015-09-10 13:18:18,298
级别:WARN
描述:重新连接Socket服务
-----------------------------------------------------------------------
时间:2015-09-10 13:19:18,313
级别:WARN
描述:重新连接Socket服务
-----------------------------------------------------------------------
时间:2015-09-10 13:20:18,326
级别:WARN
描述:重新连接Socket服务
-----------------------------------------------------------------------
时间:2015-09-10 13:21:18,342
级别:WARN
描述:重新连接Socket服务
-----------------------------------------------------------------------
时间:2015-09-10 13:22:18,353
级别:WARN
描述:重新连接Socket服务
-----------------------------------------------------------------------
时间:2015-09-10 13:23:18,366
级别:WARN
描述:重新连接Socket服务
-----------------------------------------------------------------------
时间:2015-09-10 13:24:18,379
级别:WARN
描述:重新连接Socket服务
-----------------------------------------------------------------------
时间:2015-09-10 13:25:18,394
级别:WARN
描述:重新连接Socket服务
-----------------------------------------------------------------------
时间:2015-09-10 13:26:18,408
级别:WARN
描述:重新连接Socket服务
-----------------------------------------------------------------------
时间:2015-09-10 13:27:18,422
级别:WARN
描述:重新连接Socket服务
-----------------------------------------------------------------------
时间:2015-09-10 13:28:18,434
级别:WARN
描述:重新连接Socket服务
-----------------------------------------------------------------------
时间:2015-09-10 13:29:18,448
级别:WARN
描述:重新连接Socket服务
-----------------------------------------------------------------------
时间:2015-09-10 13:30:18,461
级别:WARN
描述:重新连接Socket服务
-----------------------------------------------------------------------
时间:2015-09-10 13:31:18,475
级别:WARN
描述:重新连接Socket服务
-----------------------------------------------------------------------
时间:2015-09-10 13:32:18,489
级别:WARN
描述:重新连接Socket服务
-----------------------------------------------------------------------
时间:2015-09-10 13:32:41,020
级别:ERROR
描述:Socket错误：由于目标计算机积极拒绝，无法连接。 127.0.0.1:11235
-----------------------------------------------------------------------
时间:2015-09-10 13:33:18,503
级别:WARN
描述:重新连接Socket服务
-----------------------------------------------------------------------
时间:2015-09-10 13:34:18,516
级别:WARN
描述:重新连接Socket服务
-----------------------------------------------------------------------
时间:2015-09-10 13:35:18,529
级别:WARN
描述:重新连接Socket服务
-----------------------------------------------------------------------
时间:2015-09-10 13:36:18,543
级别:WARN
描述:重新连接Socket服务
-----------------------------------------------------------------------
时间:2015-09-10 13:37:18,557
级别:WARN
描述:重新连接Socket服务
-----------------------------------------------------------------------
时间:2015-09-10 13:38:18,569
级别:WARN
描述:重新连接Socket服务
-----------------------------------------------------------------------
时间:2015-09-10 13:39:18,584
级别:WARN
描述:重新连接Socket服务
-----------------------------------------------------------------------
时间:2015-09-10 13:40:18,597
级别:WARN
描述:重新连接Socket服务
-----------------------------------------------------------------------
时间:2015-09-10 13:41:18,611
级别:WARN
描述:重新连接Socket服务
-----------------------------------------------------------------------
时间:2015-09-10 13:42:18,625
级别:WARN
描述:重新连接Socket服务
-----------------------------------------------------------------------
时间:2015-09-10 13:43:18,639
级别:WARN
描述:重新连接Socket服务
-----------------------------------------------------------------------
时间:2015-09-10 13:44:18,651
级别:WARN
描述:重新连接Socket服务
-----------------------------------------------------------------------
时间:2015-09-10 13:45:18,666
级别:WARN
描述:重新连接Socket服务
-----------------------------------------------------------------------
时间:2015-09-10 13:46:18,679
级别:WARN
描述:重新连接Socket服务
-----------------------------------------------------------------------
时间:2015-09-10 13:47:18,693
级别:WARN
描述:重新连接Socket服务
-----------------------------------------------------------------------
时间:2015-09-10 13:48:18,707
级别:WARN
描述:重新连接Socket服务
-----------------------------------------------------------------------
时间:2015-09-10 13:49:18,719
级别:WARN
描述:重新连接Socket服务
-----------------------------------------------------------------------
时间:2015-09-10 13:49:21,634
级别:ERROR
描述:Socket错误：由于目标计算机积极拒绝，无法连接。 127.0.0.1:11235
-----------------------------------------------------------------------
时间:2015-09-10 13:50:18,733
级别:WARN
描述:重新连接Socket服务
-----------------------------------------------------------------------
时间:2015-09-10 13:51:18,747
级别:WARN
描述:重新连接Socket服务
-----------------------------------------------------------------------
时间:2015-09-10 13:52:18,761
级别:WARN
描述:重新连接Socket服务
-----------------------------------------------------------------------
时间:2015-09-10 13:53:18,775
级别:WARN
描述:重新连接Socket服务
-----------------------------------------------------------------------
时间:2015-09-10 13:54:18,788
级别:WARN
描述:重新连接Socket服务
-----------------------------------------------------------------------
时间:2015-09-10 13:55:18,801
级别:WARN
描述:重新连接Socket服务
-----------------------------------------------------------------------
时间:2015-09-10 13:56:18,815
级别:WARN
描述:重新连接Socket服务
-----------------------------------------------------------------------
时间:2015-09-10 13:57:18,828
级别:WARN
描述:重新连接Socket服务
-----------------------------------------------------------------------
时间:2015-09-10 13:58:18,841
级别:WARN
描述:重新连接Socket服务
-----------------------------------------------------------------------
时间:2015-09-10 13:59:18,856
级别:WARN
描述:重新连接Socket服务
-----------------------------------------------------------------------
时间:2015-09-10 14:00:18,869
级别:WARN
描述:重新连接Socket服务
-----------------------------------------------------------------------
时间:2015-09-10 14:01:18,883
级别:WARN
描述:重新连接Socket服务
-----------------------------------------------------------------------
时间:2015-09-10 14:02:18,896
级别:WARN
描述:重新连接Socket服务
-----------------------------------------------------------------------
时间:2015-09-10 14:03:18,910
级别:WARN
描述:重新连接Socket服务
-----------------------------------------------------------------------
时间:2015-09-10 14:04:18,924
级别:WARN
描述:重新连接Socket服务
-----------------------------------------------------------------------
时间:2015-09-10 14:05:18,937
级别:WARN
描述:重新连接Socket服务
-----------------------------------------------------------------------
时间:2015-09-10 14:06:02,300
级别:ERROR
描述:Socket错误：由于目标计算机积极拒绝，无法连接。 127.0.0.1:11235
-----------------------------------------------------------------------
时间:2015-09-10 14:06:18,952
级别:WARN
描述:重新连接Socket服务
-----------------------------------------------------------------------
时间:2015-09-10 14:07:18,964
级别:WARN
描述:重新连接Socket服务
-----------------------------------------------------------------------
时间:2015-09-10 14:08:18,978
级别:WARN
描述:重新连接Socket服务
-----------------------------------------------------------------------
时间:2015-09-10 14:09:18,991
级别:WARN
描述:重新连接Socket服务
-----------------------------------------------------------------------
时间:2015-09-10 14:10:19,005
级别:WARN
描述:重新连接Socket服务
-----------------------------------------------------------------------
时间:2015-09-10 14:11:19,019
级别:WARN
描述:重新连接Socket服务
-----------------------------------------------------------------------
时间:2015-09-10 14:12:19,032
级别:WARN
描述:重新连接Socket服务
-----------------------------------------------------------------------
时间:2015-09-10 14:13:19,047
级别:WARN
描述:重新连接Socket服务
-----------------------------------------------------------------------
时间:2015-09-10 14:14:19,059
级别:WARN
描述:重新连接Socket服务
-----------------------------------------------------------------------
时间:2015-09-10 14:15:19,072
级别:WARN
描述:重新连接Socket服务
-----------------------------------------------------------------------
时间:2015-09-10 14:16:19,086
级别:WARN
描述:重新连接Socket服务
-----------------------------------------------------------------------
时间:2015-09-10 14:17:19,099
级别:WARN
描述:重新连接Socket服务
