-----------------------------------------------------------------------
时间:2015-09-08 16:06:43,341
级别:ERROR
描述:Socket错误：由于目标计算机积极拒绝，无法连接。 127.0.0.1:11235
-----------------------------------------------------------------------
时间:2015-09-08 16:10:08,034
级别:ERROR
描述:Socket错误：由于目标计算机积极拒绝，无法连接。 127.0.0.1:11235
-----------------------------------------------------------------------
时间:2015-09-08 16:12:57,314
级别:ERROR
描述:Socket错误：由于目标计算机积极拒绝，无法连接。 127.0.0.1:11235
-----------------------------------------------------------------------
时间:2015-09-08 16:13:46,536
级别:ERROR
描述:Socket错误：由于目标计算机积极拒绝，无法连接。 127.0.0.1:11235
-----------------------------------------------------------------------
时间:2015-09-08 16:31:26,706
级别:WARN
描述:重新连接Socket服务
-----------------------------------------------------------------------
时间:2015-09-08 16:31:27,706
级别:ERROR
描述:Socket错误：由于目标计算机积极拒绝，无法连接。 127.0.0.1:11235
-----------------------------------------------------------------------
时间:2015-09-08 16:32:26,719
级别:WARN
描述:重新连接Socket服务
-----------------------------------------------------------------------
时间:2015-09-08 16:33:26,733
级别:WARN
描述:重新连接Socket服务
-----------------------------------------------------------------------
时间:2015-09-08 16:34:26,748
级别:WARN
描述:重新连接Socket服务
-----------------------------------------------------------------------
时间:2015-09-08 16:35:26,760
级别:WARN
描述:重新连接Socket服务
-----------------------------------------------------------------------
时间:2015-09-08 16:36:26,775
级别:WARN
描述:重新连接Socket服务
-----------------------------------------------------------------------
时间:2015-09-08 16:37:26,787
级别:WARN
描述:重新连接Socket服务
-----------------------------------------------------------------------
时间:2015-09-08 16:38:26,800
级别:WARN
描述:重新连接Socket服务
-----------------------------------------------------------------------
时间:2015-09-08 16:39:26,816
级别:WARN
描述:重新连接Socket服务
-----------------------------------------------------------------------
时间:2015-09-08 16:40:26,827
级别:WARN
描述:重新连接Socket服务
-----------------------------------------------------------------------
时间:2015-09-08 16:41:26,843
级别:WARN
描述:重新连接Socket服务
-----------------------------------------------------------------------
时间:2015-09-08 16:42:26,855
级别:WARN
描述:重新连接Socket服务
-----------------------------------------------------------------------
时间:2015-09-08 16:43:26,869
级别:WARN
描述:重新连接Socket服务
-----------------------------------------------------------------------
时间:2015-09-08 16:44:26,883
级别:WARN
描述:重新连接Socket服务
-----------------------------------------------------------------------
时间:2015-09-08 16:45:26,895
级别:WARN
描述:重新连接Socket服务
-----------------------------------------------------------------------
时间:2015-09-08 16:46:26,909
级别:WARN
描述:重新连接Socket服务
-----------------------------------------------------------------------
时间:2015-09-08 16:47:26,925
级别:WARN
描述:重新连接Socket服务
-----------------------------------------------------------------------
时间:2015-09-08 16:48:08,723
级别:ERROR
描述:Socket错误：由于目标计算机积极拒绝，无法连接。 127.0.0.1:11235
-----------------------------------------------------------------------
时间:2015-09-08 16:48:26,937
级别:WARN
描述:重新连接Socket服务
-----------------------------------------------------------------------
时间:2015-09-08 16:49:26,950
级别:WARN
描述:重新连接Socket服务
-----------------------------------------------------------------------
时间:2015-09-08 16:50:26,964
级别:WARN
描述:重新连接Socket服务
-----------------------------------------------------------------------
时间:2015-09-08 16:51:26,978
级别:WARN
描述:重新连接Socket服务
-----------------------------------------------------------------------
时间:2015-09-08 16:52:26,990
级别:WARN
描述:重新连接Socket服务
-----------------------------------------------------------------------
时间:2015-09-08 16:53:27,005
级别:WARN
描述:重新连接Socket服务
-----------------------------------------------------------------------
时间:2015-09-08 16:54:27,018
级别:WARN
描述:重新连接Socket服务
-----------------------------------------------------------------------
时间:2015-09-08 16:55:27,033
级别:WARN
描述:重新连接Socket服务
-----------------------------------------------------------------------
时间:2015-09-08 16:56:27,045
级别:WARN
描述:重新连接Socket服务
-----------------------------------------------------------------------
时间:2015-09-08 16:57:27,060
级别:WARN
描述:重新连接Socket服务
-----------------------------------------------------------------------
时间:2015-09-08 16:58:27,072
级别:WARN
描述:重新连接Socket服务
-----------------------------------------------------------------------
时间:2015-09-08 16:59:27,086
级别:WARN
描述:重新连接Socket服务
-----------------------------------------------------------------------
时间:2015-09-08 17:00:27,100
级别:WARN
描述:重新连接Socket服务
-----------------------------------------------------------------------
时间:2015-09-08 17:01:27,114
级别:WARN
描述:重新连接Socket服务
-----------------------------------------------------------------------
时间:2015-09-08 17:02:27,127
级别:WARN
描述:重新连接Socket服务
-----------------------------------------------------------------------
时间:2015-09-08 17:03:27,140
级别:WARN
描述:重新连接Socket服务
-----------------------------------------------------------------------
时间:2015-09-08 17:04:27,154
级别:WARN
描述:重新连接Socket服务
-----------------------------------------------------------------------
时间:2015-09-08 17:04:49,421
级别:ERROR
描述:Socket错误：由于目标计算机积极拒绝，无法连接。 127.0.0.1:11235
-----------------------------------------------------------------------
时间:2015-09-08 17:05:27,167
级别:WARN
描述:重新连接Socket服务
-----------------------------------------------------------------------
时间:2015-09-08 17:06:27,181
级别:WARN
描述:重新连接Socket服务
-----------------------------------------------------------------------
时间:2015-09-08 17:07:27,195
级别:WARN
描述:重新连接Socket服务
-----------------------------------------------------------------------
时间:2015-09-08 17:08:27,208
级别:WARN
描述:重新连接Socket服务
-----------------------------------------------------------------------
时间:2015-09-08 17:09:27,223
级别:WARN
描述:重新连接Socket服务
-----------------------------------------------------------------------
时间:2015-09-08 17:10:27,235
级别:WARN
描述:重新连接Socket服务
-----------------------------------------------------------------------
时间:2015-09-08 17:11:27,249
级别:WARN
描述:重新连接Socket服务
-----------------------------------------------------------------------
时间:2015-09-08 17:12:27,262
级别:WARN
描述:重新连接Socket服务
-----------------------------------------------------------------------
时间:2015-09-08 17:13:27,276
级别:WARN
描述:重新连接Socket服务
-----------------------------------------------------------------------
时间:2015-09-08 17:14:27,291
级别:WARN
描述:重新连接Socket服务
-----------------------------------------------------------------------
时间:2015-09-08 17:15:27,304
级别:WARN
描述:重新连接Socket服务
-----------------------------------------------------------------------
时间:2015-09-08 17:16:27,318
级别:WARN
描述:重新连接Socket服务
-----------------------------------------------------------------------
时间:2015-09-08 17:17:27,330
级别:WARN
描述:重新连接Socket服务
-----------------------------------------------------------------------
时间:2015-09-08 17:18:27,344
级别:WARN
描述:重新连接Socket服务
-----------------------------------------------------------------------
时间:2015-09-08 17:19:27,358
级别:WARN
描述:重新连接Socket服务
-----------------------------------------------------------------------
时间:2015-09-08 17:20:27,373
级别:WARN
描述:重新连接Socket服务
-----------------------------------------------------------------------
时间:2015-09-08 17:21:27,385
级别:WARN
描述:重新连接Socket服务
-----------------------------------------------------------------------
时间:2015-09-08 17:21:30,160
级别:ERROR
描述:Socket错误：由于目标计算机积极拒绝，无法连接。 127.0.0.1:11235
-----------------------------------------------------------------------
时间:2015-09-08 17:22:27,399
级别:WARN
描述:重新连接Socket服务
-----------------------------------------------------------------------
时间:2015-09-08 17:23:27,412
级别:WARN
描述:重新连接Socket服务
-----------------------------------------------------------------------
时间:2015-09-08 17:24:27,427
级别:WARN
描述:重新连接Socket服务
-----------------------------------------------------------------------
时间:2015-09-08 17:25:27,439
级别:WARN
描述:重新连接Socket服务
-----------------------------------------------------------------------
时间:2015-09-08 17:26:27,452
级别:WARN
描述:重新连接Socket服务
-----------------------------------------------------------------------
时间:2015-09-08 17:27:27,469
级别:WARN
描述:重新连接Socket服务
-----------------------------------------------------------------------
时间:2015-09-08 17:28:27,480
级别:WARN
描述:重新连接Socket服务
-----------------------------------------------------------------------
时间:2015-09-08 17:29:27,493
级别:WARN
描述:重新连接Socket服务
-----------------------------------------------------------------------
时间:2015-09-08 17:30:27,507
级别:WARN
描述:重新连接Socket服务
-----------------------------------------------------------------------
时间:2015-09-08 17:31:27,521
级别:WARN
描述:重新连接Socket服务
-----------------------------------------------------------------------
时间:2015-09-08 17:32:27,534
级别:WARN
描述:重新连接Socket服务
-----------------------------------------------------------------------
时间:2015-09-08 17:33:27,549
级别:WARN
描述:重新连接Socket服务
-----------------------------------------------------------------------
时间:2015-09-08 17:34:27,566
级别:WARN
描述:重新连接Socket服务
-----------------------------------------------------------------------
时间:2015-09-08 17:35:27,575
级别:WARN
描述:重新连接Socket服务
-----------------------------------------------------------------------
时间:2015-09-08 17:36:27,590
级别:WARN
描述:重新连接Socket服务
-----------------------------------------------------------------------
时间:2015-09-08 17:37:27,602
级别:WARN
描述:重新连接Socket服务
-----------------------------------------------------------------------
时间:2015-09-08 17:38:10,904
级别:ERROR
描述:Socket错误：由于目标计算机积极拒绝，无法连接。 127.0.0.1:11235
-----------------------------------------------------------------------
时间:2015-09-08 17:38:27,616
级别:WARN
描述:重新连接Socket服务
-----------------------------------------------------------------------
时间:2015-09-08 17:39:27,630
级别:WARN
描述:重新连接Socket服务
-----------------------------------------------------------------------
时间:2015-09-08 17:40:27,643
级别:WARN
描述:重新连接Socket服务
-----------------------------------------------------------------------
时间:2015-09-08 17:41:27,658
级别:WARN
描述:重新连接Socket服务
-----------------------------------------------------------------------
时间:2015-09-08 17:42:27,670
级别:WARN
描述:重新连接Socket服务
-----------------------------------------------------------------------
时间:2015-09-08 17:43:27,685
级别:WARN
描述:重新连接Socket服务
-----------------------------------------------------------------------
时间:2015-09-08 17:44:27,697
级别:WARN
描述:重新连接Socket服务
-----------------------------------------------------------------------
时间:2015-09-08 17:45:27,711
级别:WARN
描述:重新连接Socket服务
-----------------------------------------------------------------------
时间:2015-09-08 17:46:27,725
级别:WARN
描述:重新连接Socket服务
-----------------------------------------------------------------------
时间:2015-09-08 17:47:27,739
级别:WARN
描述:重新连接Socket服务
-----------------------------------------------------------------------
时间:2015-09-08 17:48:27,753
级别:WARN
描述:重新连接Socket服务
-----------------------------------------------------------------------
时间:2015-09-08 17:49:27,766
级别:WARN
描述:重新连接Socket服务
-----------------------------------------------------------------------
时间:2015-09-08 17:50:27,780
级别:WARN
描述:重新连接Socket服务
-----------------------------------------------------------------------
时间:2015-09-08 17:51:27,792
级别:WARN
描述:重新连接Socket服务
-----------------------------------------------------------------------
时间:2015-09-08 17:52:27,806
级别:WARN
描述:重新连接Socket服务
-----------------------------------------------------------------------
时间:2015-09-08 17:53:27,821
级别:WARN
描述:重新连接Socket服务
-----------------------------------------------------------------------
时间:2015-09-08 17:54:27,833
级别:WARN
描述:重新连接Socket服务
-----------------------------------------------------------------------
时间:2015-09-08 17:54:51,103
级别:ERROR
描述:Socket错误：由于目标计算机积极拒绝，无法连接。 127.0.0.1:11235
-----------------------------------------------------------------------
时间:2015-09-08 17:55:27,847
级别:WARN
描述:重新连接Socket服务
-----------------------------------------------------------------------
时间:2015-09-08 17:56:27,922
级别:WARN
描述:重新连接Socket服务
-----------------------------------------------------------------------
时间:2015-09-08 17:57:27,937
级别:WARN
描述:重新连接Socket服务
-----------------------------------------------------------------------
时间:2015-09-08 17:58:27,950
级别:WARN
描述:重新连接Socket服务
-----------------------------------------------------------------------
时间:2015-09-08 17:59:27,963
级别:WARN
描述:重新连接Socket服务
-----------------------------------------------------------------------
时间:2015-09-08 18:00:27,977
级别:WARN
描述:重新连接Socket服务
