-----------------------------------------------------------------------
时间:2015-09-29 11:16:55,971
级别:ERROR
描述:Socket错误：由于目标计算机积极拒绝，无法连接。 127.0.0.1:11235
-----------------------------------------------------------------------
时间:2015-09-29 11:34:36,446
级别:WARN
描述:重新连接Socket服务
-----------------------------------------------------------------------
时间:2015-09-29 11:34:37,463
级别:ERROR
描述:Socket错误：由于目标计算机积极拒绝，无法连接。 127.0.0.1:11235
-----------------------------------------------------------------------
时间:2015-09-29 11:35:36,459
级别:WARN
描述:重新连接Socket服务
-----------------------------------------------------------------------
时间:2015-09-29 11:36:36,473
级别:WARN
描述:重新连接Socket服务
-----------------------------------------------------------------------
时间:2015-09-29 11:37:36,486
级别:WARN
描述:重新连接Socket服务
-----------------------------------------------------------------------
时间:2015-09-29 11:38:36,500
级别:WARN
描述:重新连接Socket服务
-----------------------------------------------------------------------
时间:2015-09-29 11:39:36,514
级别:WARN
描述:重新连接Socket服务
-----------------------------------------------------------------------
时间:2015-09-29 11:40:36,527
级别:WARN
描述:重新连接Socket服务
-----------------------------------------------------------------------
时间:2015-09-29 11:41:36,540
级别:WARN
描述:重新连接Socket服务
-----------------------------------------------------------------------
时间:2015-09-29 11:42:36,554
级别:WARN
描述:重新连接Socket服务
-----------------------------------------------------------------------
时间:2015-09-29 11:43:36,568
级别:WARN
描述:重新连接Socket服务
-----------------------------------------------------------------------
时间:2015-09-29 11:44:36,582
级别:WARN
描述:重新连接Socket服务
-----------------------------------------------------------------------
时间:2015-09-29 11:45:36,594
级别:WARN
描述:重新连接Socket服务
-----------------------------------------------------------------------
时间:2015-09-29 11:46:36,609
级别:WARN
描述:重新连接Socket服务
-----------------------------------------------------------------------
时间:2015-09-29 11:47:36,622
级别:WARN
描述:重新连接Socket服务
-----------------------------------------------------------------------
时间:2015-09-29 11:48:36,635
级别:WARN
描述:重新连接Socket服务
-----------------------------------------------------------------------
时间:2015-09-29 11:49:36,650
级别:WARN
描述:重新连接Socket服务
-----------------------------------------------------------------------
时间:2015-09-29 11:50:36,663
级别:WARN
描述:重新连接Socket服务
-----------------------------------------------------------------------
时间:2015-09-29 11:51:18,496
级别:ERROR
描述:Socket错误：由于目标计算机积极拒绝，无法连接。 127.0.0.1:11235
-----------------------------------------------------------------------
时间:2015-09-29 11:51:36,676
级别:WARN
描述:重新连接Socket服务
-----------------------------------------------------------------------
时间:2015-09-29 11:52:36,690
级别:WARN
描述:重新连接Socket服务
-----------------------------------------------------------------------
时间:2015-09-29 11:53:36,704
级别:WARN
描述:重新连接Socket服务
-----------------------------------------------------------------------
时间:2015-09-29 11:54:36,717
级别:WARN
描述:重新连接Socket服务
-----------------------------------------------------------------------
时间:2015-09-29 11:55:36,731
级别:WARN
描述:重新连接Socket服务
-----------------------------------------------------------------------
时间:2015-09-29 11:56:36,744
级别:WARN
描述:重新连接Socket服务
-----------------------------------------------------------------------
时间:2015-09-29 11:57:36,757
级别:WARN
描述:重新连接Socket服务
-----------------------------------------------------------------------
时间:2015-09-29 11:58:36,772
级别:WARN
描述:重新连接Socket服务
-----------------------------------------------------------------------
时间:2015-09-29 11:59:36,785
级别:WARN
描述:重新连接Socket服务
-----------------------------------------------------------------------
时间:2015-09-29 12:00:36,799
级别:WARN
描述:重新连接Socket服务
-----------------------------------------------------------------------
时间:2015-09-29 12:01:36,813
级别:WARN
描述:重新连接Socket服务
-----------------------------------------------------------------------
时间:2015-09-29 12:02:36,827
级别:WARN
描述:重新连接Socket服务
-----------------------------------------------------------------------
时间:2015-09-29 12:03:36,839
级别:WARN
描述:重新连接Socket服务
-----------------------------------------------------------------------
时间:2015-09-29 12:04:36,852
级别:WARN
描述:重新连接Socket服务
-----------------------------------------------------------------------
时间:2015-09-29 12:05:36,867
级别:WARN
描述:重新连接Socket服务
-----------------------------------------------------------------------
时间:2015-09-29 12:06:36,880
级别:WARN
描述:重新连接Socket服务
-----------------------------------------------------------------------
时间:2015-09-29 12:07:36,895
级别:WARN
描述:重新连接Socket服务
-----------------------------------------------------------------------
时间:2015-09-29 12:07:59,682
级别:ERROR
描述:Socket错误：由于目标计算机积极拒绝，无法连接。 127.0.0.1:11235
-----------------------------------------------------------------------
时间:2015-09-29 12:08:36,907
级别:WARN
描述:重新连接Socket服务
-----------------------------------------------------------------------
时间:2015-09-29 12:09:36,921
级别:WARN
描述:重新连接Socket服务
-----------------------------------------------------------------------
时间:2015-09-29 12:10:36,935
级别:WARN
描述:重新连接Socket服务
-----------------------------------------------------------------------
时间:2015-09-29 12:11:36,948
级别:WARN
描述:重新连接Socket服务
-----------------------------------------------------------------------
时间:2015-09-29 12:12:36,962
级别:WARN
描述:重新连接Socket服务
-----------------------------------------------------------------------
时间:2015-09-29 12:13:36,976
级别:WARN
描述:重新连接Socket服务
-----------------------------------------------------------------------
时间:2015-09-29 12:14:36,989
级别:WARN
描述:重新连接Socket服务
-----------------------------------------------------------------------
时间:2015-09-29 12:15:37,004
级别:WARN
描述:重新连接Socket服务
-----------------------------------------------------------------------
时间:2015-09-29 12:16:37,017
级别:WARN
描述:重新连接Socket服务
-----------------------------------------------------------------------
时间:2015-09-29 12:17:37,030
级别:WARN
描述:重新连接Socket服务
-----------------------------------------------------------------------
时间:2015-09-29 12:18:37,042
级别:WARN
描述:重新连接Socket服务
-----------------------------------------------------------------------
时间:2015-09-29 12:19:37,056
级别:WARN
描述:重新连接Socket服务
-----------------------------------------------------------------------
时间:2015-09-29 12:20:37,070
级别:WARN
描述:重新连接Socket服务
-----------------------------------------------------------------------
时间:2015-09-29 12:21:37,085
级别:WARN
描述:重新连接Socket服务
-----------------------------------------------------------------------
时间:2015-09-29 12:22:37,097
级别:WARN
描述:重新连接Socket服务
-----------------------------------------------------------------------
时间:2015-09-29 12:23:37,111
级别:WARN
描述:重新连接Socket服务
-----------------------------------------------------------------------
时间:2015-09-29 12:24:37,125
级别:WARN
描述:重新连接Socket服务
-----------------------------------------------------------------------
时间:2015-09-29 12:24:41,364
级别:ERROR
描述:Socket错误：由于目标计算机积极拒绝，无法连接。 127.0.0.1:11235
-----------------------------------------------------------------------
时间:2015-09-29 12:25:37,138
级别:WARN
描述:重新连接Socket服务
-----------------------------------------------------------------------
时间:2015-09-29 12:26:37,152
级别:WARN
描述:重新连接Socket服务
-----------------------------------------------------------------------
时间:2015-09-29 12:27:37,165
级别:WARN
描述:重新连接Socket服务
-----------------------------------------------------------------------
时间:2015-09-29 12:28:37,179
级别:WARN
描述:重新连接Socket服务
-----------------------------------------------------------------------
时间:2015-09-29 12:29:37,193
级别:WARN
描述:重新连接Socket服务
-----------------------------------------------------------------------
时间:2015-09-29 12:30:37,206
级别:WARN
描述:重新连接Socket服务
-----------------------------------------------------------------------
时间:2015-09-29 12:31:37,220
级别:WARN
描述:重新连接Socket服务
-----------------------------------------------------------------------
时间:2015-09-29 12:32:37,233
级别:WARN
描述:重新连接Socket服务
-----------------------------------------------------------------------
时间:2015-09-29 12:33:37,247
级别:WARN
描述:重新连接Socket服务
-----------------------------------------------------------------------
时间:2015-09-29 12:34:37,260
级别:WARN
描述:重新连接Socket服务
-----------------------------------------------------------------------
时间:2015-09-29 12:35:37,274
级别:WARN
描述:重新连接Socket服务
-----------------------------------------------------------------------
时间:2015-09-29 12:36:37,288
级别:WARN
描述:重新连接Socket服务
-----------------------------------------------------------------------
时间:2015-09-29 12:37:37,302
级别:WARN
描述:重新连接Socket服务
-----------------------------------------------------------------------
时间:2015-09-29 12:38:37,314
级别:WARN
描述:重新连接Socket服务
-----------------------------------------------------------------------
时间:2015-09-29 12:39:37,329
级别:WARN
描述:重新连接Socket服务
-----------------------------------------------------------------------
时间:2015-09-29 12:40:37,342
级别:WARN
描述:重新连接Socket服务
-----------------------------------------------------------------------
时间:2015-09-29 12:41:21,376
级别:ERROR
描述:Socket错误：由于目标计算机积极拒绝，无法连接。 127.0.0.1:11235
-----------------------------------------------------------------------
时间:2015-09-29 12:41:37,356
级别:WARN
描述:重新连接Socket服务
-----------------------------------------------------------------------
时间:2015-09-29 12:42:37,369
级别:WARN
描述:重新连接Socket服务
-----------------------------------------------------------------------
时间:2015-09-29 12:43:37,383
级别:WARN
描述:重新连接Socket服务
-----------------------------------------------------------------------
时间:2015-09-29 12:44:37,396
级别:WARN
描述:重新连接Socket服务
-----------------------------------------------------------------------
时间:2015-09-29 12:45:37,410
级别:WARN
描述:重新连接Socket服务
-----------------------------------------------------------------------
时间:2015-09-29 12:46:37,424
级别:WARN
描述:重新连接Socket服务
-----------------------------------------------------------------------
时间:2015-09-29 12:47:37,437
级别:WARN
描述:重新连接Socket服务
-----------------------------------------------------------------------
时间:2015-09-29 12:48:37,451
级别:WARN
描述:重新连接Socket服务
-----------------------------------------------------------------------
时间:2015-09-29 12:49:37,464
级别:WARN
描述:重新连接Socket服务
-----------------------------------------------------------------------
时间:2015-09-29 12:50:37,477
级别:WARN
描述:重新连接Socket服务
-----------------------------------------------------------------------
时间:2015-09-29 12:51:37,492
级别:WARN
描述:重新连接Socket服务
-----------------------------------------------------------------------
时间:2015-09-29 12:52:37,505
级别:WARN
描述:重新连接Socket服务
-----------------------------------------------------------------------
时间:2015-09-29 12:53:37,520
级别:WARN
描述:重新连接Socket服务
-----------------------------------------------------------------------
时间:2015-09-29 12:54:37,532
级别:WARN
描述:重新连接Socket服务
-----------------------------------------------------------------------
时间:2015-09-29 12:55:37,545
级别:WARN
描述:重新连接Socket服务
-----------------------------------------------------------------------
时间:2015-09-29 12:56:37,559
级别:WARN
描述:重新连接Socket服务
-----------------------------------------------------------------------
时间:2015-09-29 12:57:37,573
级别:WARN
描述:重新连接Socket服务
-----------------------------------------------------------------------
时间:2015-09-29 12:58:01,754
级别:ERROR
描述:Socket错误：由于目标计算机积极拒绝，无法连接。 127.0.0.1:11235
-----------------------------------------------------------------------
时间:2015-09-29 12:58:37,586
级别:WARN
描述:重新连接Socket服务
-----------------------------------------------------------------------
时间:2015-09-29 12:59:37,600
级别:WARN
描述:重新连接Socket服务
-----------------------------------------------------------------------
时间:2015-09-29 13:00:37,614
级别:WARN
描述:重新连接Socket服务
-----------------------------------------------------------------------
时间:2015-09-29 13:01:37,628
级别:WARN
描述:重新连接Socket服务
-----------------------------------------------------------------------
时间:2015-09-29 13:02:37,641
级别:WARN
描述:重新连接Socket服务
-----------------------------------------------------------------------
时间:2015-09-29 13:03:37,654
级别:WARN
描述:重新连接Socket服务
-----------------------------------------------------------------------
时间:2015-09-29 13:04:37,668
级别:WARN
描述:重新连接Socket服务
-----------------------------------------------------------------------
时间:2015-09-29 13:05:37,681
级别:WARN
描述:重新连接Socket服务
-----------------------------------------------------------------------
时间:2015-09-29 13:06:37,695
级别:WARN
描述:重新连接Socket服务
-----------------------------------------------------------------------
时间:2015-09-29 13:07:37,710
级别:WARN
描述:重新连接Socket服务
-----------------------------------------------------------------------
时间:2015-09-29 13:08:37,722
级别:WARN
描述:重新连接Socket服务
-----------------------------------------------------------------------
时间:2015-09-29 13:09:37,736
级别:WARN
描述:重新连接Socket服务
-----------------------------------------------------------------------
时间:2015-09-29 13:10:37,749
级别:WARN
描述:重新连接Socket服务
-----------------------------------------------------------------------
时间:2015-09-29 13:11:37,762
级别:WARN
描述:重新连接Socket服务
-----------------------------------------------------------------------
时间:2015-09-29 13:12:37,777
级别:WARN
描述:重新连接Socket服务
-----------------------------------------------------------------------
时间:2015-09-29 13:13:37,790
级别:WARN
描述:重新连接Socket服务
-----------------------------------------------------------------------
时间:2015-09-29 13:14:37,805
级别:WARN
描述:重新连接Socket服务
-----------------------------------------------------------------------
时间:2015-09-29 13:14:42,496
级别:ERROR
描述:Socket错误：由于目标计算机积极拒绝，无法连接。 127.0.0.1:11235
-----------------------------------------------------------------------
时间:2015-09-29 13:15:37,817
级别:WARN
描述:重新连接Socket服务
