-----------------------------------------------------------------------
时间:2015-09-18 17:32:24,148
级别:WARN
描述:重新连接Socket服务
-----------------------------------------------------------------------
时间:2015-09-18 17:33:24,162
级别:WARN
描述:重新连接Socket服务
-----------------------------------------------------------------------
时间:2015-09-18 17:34:24,175
级别:WARN
描述:重新连接Socket服务
-----------------------------------------------------------------------
时间:2015-09-18 17:35:24,189
级别:WARN
描述:重新连接Socket服务
-----------------------------------------------------------------------
时间:2015-09-18 17:36:24,202
级别:WARN
描述:重新连接Socket服务
-----------------------------------------------------------------------
时间:2015-09-18 17:37:24,216
级别:WARN
描述:重新连接Socket服务
-----------------------------------------------------------------------
时间:2015-09-18 17:38:24,230
级别:WARN
描述:重新连接Socket服务
-----------------------------------------------------------------------
时间:2015-09-18 17:39:24,244
级别:WARN
描述:重新连接Socket服务
-----------------------------------------------------------------------
时间:2015-09-18 17:40:24,257
级别:WARN
描述:重新连接Socket服务
-----------------------------------------------------------------------
时间:2015-09-18 17:41:24,271
级别:WARN
描述:重新连接Socket服务
-----------------------------------------------------------------------
时间:2015-09-18 17:42:24,285
级别:WARN
描述:重新连接Socket服务
-----------------------------------------------------------------------
时间:2015-09-18 17:43:24,299
级别:WARN
描述:重新连接Socket服务
-----------------------------------------------------------------------
时间:2015-09-18 17:44:24,312
级别:WARN
描述:重新连接Socket服务
-----------------------------------------------------------------------
时间:2015-09-18 17:45:24,325
级别:WARN
描述:重新连接Socket服务
-----------------------------------------------------------------------
时间:2015-09-18 17:46:24,339
级别:WARN
描述:重新连接Socket服务
-----------------------------------------------------------------------
时间:2015-09-18 17:48:33,737
级别:ERROR
描述:Socket错误：由于目标计算机积极拒绝，无法连接。 127.0.0.1:11235
-----------------------------------------------------------------------
时间:2015-09-18 17:48:33,908
级别:WARN
描述:重新连接Socket服务
