-----------------------------------------------------------------------
时间:2015-09-09 17:39:37,154
级别:ERROR
描述:Socket错误：由于目标计算机积极拒绝，无法连接。 127.0.0.1:11235
-----------------------------------------------------------------------
时间:2015-09-09 17:57:16,052
级别:WARN
描述:重新连接Socket服务
-----------------------------------------------------------------------
时间:2015-09-09 17:57:17,097
级别:ERROR
描述:Socket错误：由于目标计算机积极拒绝，无法连接。 127.0.0.1:11235
-----------------------------------------------------------------------
时间:2015-09-09 17:58:16,045
级别:WARN
描述:重新连接Socket服务
-----------------------------------------------------------------------
时间:2015-09-09 17:59:16,058
级别:WARN
描述:重新连接Socket服务
-----------------------------------------------------------------------
时间:2015-09-09 18:00:16,072
级别:WARN
描述:重新连接Socket服务
-----------------------------------------------------------------------
时间:2015-09-09 18:01:16,087
级别:WARN
描述:重新连接Socket服务
-----------------------------------------------------------------------
时间:2015-09-09 18:02:16,100
级别:WARN
描述:重新连接Socket服务
