-----------------------------------------------------------------------
时间:2015-09-16 16:51:35,599
级别:ERROR
描述:Socket错误：由于目标计算机积极拒绝，无法连接。 127.0.0.1:11235
-----------------------------------------------------------------------
时间:2015-09-16 16:59:13,965
级别:FATAL
描述:找不到存储过程 'MonthReport'。
System.Data.SqlClient.SqlException (0x80131904): 找不到存储过程 'MonthReport'。
   在 BW.MMS.DBUtility.DbHelperSQL.RunProcedure(String storedProcName, IDataParameter[] parameters, String tableName, Int32 Times) 位置 C:\Users\Administrator\Desktop\源代码\BW.MMS\BW.MMS.DBUtility\DbHelperSQL.cs:行号 963
   在 BW.MMS.DAL.HistoryRecord.GetMonthReport(String startDate, String endDate) 位置 C:\Users\Administrator\Desktop\源代码\BW.MMS\BW.MMS.DAL\HistoryRecord.cs:行号 433
   在 BW.MMS.BLL.HistoryRecord.GetMonthReport(String startDate, String endDate) 位置 C:\Users\Administrator\Desktop\源代码\BW.MMS\BW.MMS.BLL\HistoryRecord.cs:行号 161
   在 BW.MMS.Web.Controllers.MonthReportController.GetGridList() 位置 C:\Users\Administrator\Desktop\源代码\BW.MMS\BW.MMS.Web\Controllers\MonthReportController.cs:行号 66
   在 lambda_method(Closure , ControllerBase , Object[] )
   在 System.Web.Mvc.ActionMethodDispatcher.Execute(ControllerBase controller, Object[] parameters)
   在 System.Web.Mvc.ReflectedActionDescriptor.Execute(ControllerContext controllerContext, IDictionary`2 parameters)
   在 System.Web.Mvc.ControllerActionInvoker.InvokeActionMethod(ControllerContext controllerContext, ActionDescriptor actionDescriptor, IDictionary`2 parameters)
   在 System.Web.Mvc.Async.AsyncControllerActionInvoker.<>c__DisplayClass42.<BeginInvokeSynchronousActionMethod>b__41()
   在 System.Web.Mvc.Async.AsyncResultWrapper.<>c__DisplayClass8`1.<BeginSynchronous>b__7(IAsyncResult _)
   在 System.Web.Mvc.Async.AsyncResultWrapper.WrappedAsyncResult`1.End()
   在 System.Web.Mvc.Async.AsyncControllerActionInvoker.EndInvokeActionMethod(IAsyncResult asyncResult)
   在 System.Web.Mvc.Async.AsyncControllerActionInvoker.<>c__DisplayClass37.<>c__DisplayClass39.<BeginInvokeActionMethodWithFilters>b__33()
   在 System.Web.Mvc.Async.AsyncControllerActionInvoker.<>c__DisplayClass4f.<InvokeActionMethodFilterAsynchronously>b__49()
   在 System.Web.Mvc.Async.AsyncControllerActionInvoker.<>c__DisplayClass37.<BeginInvokeActionMethodWithFilters>b__36(IAsyncResult asyncResult)
   在 System.Web.Mvc.Async.AsyncResultWrapper.WrappedAsyncResult`1.End()
   在 System.Web.Mvc.Async.AsyncControllerActionInvoker.EndInvokeActionMethodWithFilters(IAsyncResult asyncResult)
   在 System.Web.Mvc.Async.AsyncControllerActionInvoker.<>c__DisplayClass25.<>c__DisplayClass2a.<BeginInvokeAction>b__20()
   在 System.Web.Mvc.Async.AsyncControllerActionInvoker.<>c__DisplayClass25.<BeginInvokeAction>b__22(IAsyncResult asyncResult)
-----------------------------------------------------------------------
时间:2015-09-16 17:08:16,819
级别:ERROR
描述:Socket错误：由于目标计算机积极拒绝，无法连接。 127.0.0.1:11235
-----------------------------------------------------------------------
时间:2015-09-16 17:09:15,802
级别:WARN
描述:重新连接Socket服务
-----------------------------------------------------------------------
时间:2015-09-16 17:10:15,814
级别:WARN
描述:重新连接Socket服务
-----------------------------------------------------------------------
时间:2015-09-16 17:11:32,315
级别:WARN
描述:重新连接Socket服务
-----------------------------------------------------------------------
时间:2015-09-16 17:12:15,843
级别:WARN
描述:重新连接Socket服务
-----------------------------------------------------------------------
时间:2015-09-16 17:19:15,937
级别:WARN
描述:重新连接Socket服务
-----------------------------------------------------------------------
时间:2015-09-16 17:20:15,952
级别:WARN
描述:重新连接Socket服务
-----------------------------------------------------------------------
时间:2015-09-16 17:21:15,964
级别:WARN
描述:重新连接Socket服务
-----------------------------------------------------------------------
时间:2015-09-16 17:22:15,979
级别:WARN
描述:重新连接Socket服务
-----------------------------------------------------------------------
时间:2015-09-16 17:23:15,991
级别:WARN
描述:重新连接Socket服务
-----------------------------------------------------------------------
时间:2015-09-16 17:24:16,005
级别:WARN
描述:重新连接Socket服务
-----------------------------------------------------------------------
时间:2015-09-16 17:24:58,930
级别:ERROR
描述:Socket错误：由于目标计算机积极拒绝，无法连接。 127.0.0.1:11235
