2014-12-29 11:01:18：心跳返回true
2014-12-29 11:03:13：连接成功
2014-12-29 11:03:28：连接成功
2014-12-29 11:03:52：Main:创建窗口句柄时出错。   在 System.Windows.Forms.NativeWindow.CreateHandle(CreateParams cp)
   在 System.Windows.Forms.Control.CreateHandle()
   在 System.Windows.Forms.Form.CreateHandle()
   在 System.Windows.Forms.Control.get_Handle()
   在 System.Windows.Forms.Control.get_ShowKeyboardCues()
   在 System.Windows.Forms.ControlPaint.CreateTextFormatFlags(Control ctl, ContentAlignment textAlign, Boolean showEllipsis, Boolean useMnemonic)
   在 System.Windows.Forms.Label.CreateTextFormatFlags(Size constrainingSize)
   在 System.Windows.Forms.Label.GetPreferredSizeCore(Size proposedConstraints)
   在 System.Windows.Forms.Control.GetPreferredSize(Size proposedSize)
   在 System.Windows.Forms.Label.GetPreferredSize(Size proposedSize)
   在 System.Windows.Forms.Layout.FlowLayout.ElementProxy.GetPreferredSize(Size proposedSize)
   在 System.Windows.Forms.Layout.FlowLayout.xLayoutRow(ContainerProxy containerProxy, ElementProxy elementProxy, Int32 startIndex, Int32 endIndex, Rectangle rowBounds, Int32& breakIndex, Boolean measureOnly)
   在 System.Windows.Forms.Layout.FlowLayout.xLayout(IArrangedElement container, Rectangle displayRect, Boolean measureOnly)
   在 System.Windows.Forms.Layout.FlowLayout.LayoutCore(IArrangedElement container, LayoutEventArgs args)
   在 System.Windows.Forms.Layout.LayoutEngine.Layout(Object container, LayoutEventArgs layoutEventArgs)
   在 System.Windows.Forms.Control.OnLayout(LayoutEventArgs levent)
   在 System.Windows.Forms.ScrollableControl.OnLayout(LayoutEventArgs levent)
   在 System.Windows.Forms.Control.PerformLayout(LayoutEventArgs args)
   在 System.Windows.Forms.Control.System.Windows.Forms.Layout.IArrangedElement.PerformLayout(IArrangedElement affectedElement, String affectedProperty)
   在 System.Windows.Forms.ScrollableControl.OnVisibleChanged(EventArgs e)
   在 System.Windows.Forms.Control.OnParentVisibleChanged(EventArgs e)
   在 System.Windows.Forms.Control.OnVisibleChanged(EventArgs e)
   在 System.Windows.Forms.ScrollableControl.OnVisibleChanged(EventArgs e)
   在 System.Windows.Forms.Control.OnParentVisibleChanged(EventArgs e)
   在 System.Windows.Forms.Control.OnVisibleChanged(EventArgs e)
   在 System.Windows.Forms.ScrollableControl.OnVisibleChanged(EventArgs e)
   在 System.Windows.Forms.Control.OnParentVisibleChanged(EventArgs e)
   在 System.Windows.Forms.Control.OnVisibleChanged(EventArgs e)
   在 System.Windows.Forms.ScrollableControl.OnVisibleChanged(EventArgs e)
   在 System.Windows.Forms.Form.OnVisibleChanged(EventArgs e)
   在 System.Windows.Forms.Control.SetVisibleCore(Boolean value)
   在 System.Windows.Forms.Form.SetVisibleCore(Boolean value)
   在 System.Windows.Forms.Control.Show()
   在 VehicleTransportClient.FormMain.LoadControl(Form frm) 位置 D:\Work Folder\KJ915机车运输管理系统\主版本\3.开发源代码\客户端\PC客户端\VehicleTransportClient\VehicleTransportClient\FormMain.cs:行号 415
   在 VehicleTransportClient.FormMain.labmsg_Click(Object sender, EventArgs e) 位置 D:\Work Folder\KJ915机车运输管理系统\主版本\3.开发源代码\客户端\PC客户端\VehicleTransportClient\VehicleTransportClient\FormMain.cs:行号 1040
   在 System.Windows.Forms.Control.OnClick(EventArgs e)
   在 DevComponents.DotNetBar.BaseItemControl.OnClick(EventArgs e)
   在 System.Windows.Forms.Control.WmMouseUp(Message& m, MouseButtons button, Int32 clicks)
   在 System.Windows.Forms.Control.WndProc(Message& m)
   在 System.Windows.Forms.Control.ControlNativeWindow.OnMessage(Message& m)
   在 System.Windows.Forms.Control.ControlNativeWindow.WndProc(Message& m)
   在 System.Windows.Forms.NativeWindow.DebuggableCallback(IntPtr hWnd, Int32 msg, IntPtr wparam, IntPtr lparam)
   在 System.Windows.Forms.UnsafeNativeMethods.DispatchMessageW(MSG& msg)
   在 System.Windows.Forms.Application.ComponentManager.System.Windows.Forms.UnsafeNativeMethods.IMsoComponentManager.FPushMessageLoop(IntPtr dwComponentID, Int32 reason, Int32 pvLoopData)
   在 System.Windows.Forms.Application.ThreadContext.RunMessageLoopInner(Int32 reason, ApplicationContext context)
   在 System.Windows.Forms.Application.ThreadContext.RunMessageLoop(Int32 reason, ApplicationContext context)
   在 System.Windows.Forms.Application.Run(Form mainForm)
   在 VehicleTransportClient.Program.Main() 位置 D:\Work Folder\KJ915机车运输管理系统\主版本\3.开发源代码\客户端\PC客户端\VehicleTransportClient\VehicleTransportClient\Program.cs:行号 117
2014-12-29 11:28:28：连接成功
2014-12-29 14:17:08：连接成功
